#
# There is insufficient memory for the Java Runtime Environment to continue.
# Native memory allocation (malloc) failed to allocate 2307200 bytes. Error detail: Chunk::new
# Possible reasons:
#   The system is out of physical RAM or swap space
#   This process is running with CompressedOops enabled, and the Java Heap may be blocking the growth of the native heap
# Possible solutions:
#   Reduce memory load on the system
#   Increase physical memory or swap space
#   Check if swap backing store is full
#   Decrease Java heap size (-Xmx/-Xms)
#   Decrease number of Java threads
#   Decrease Java thread stack sizes (-Xss)
#   Set larger code cache with -XX:ReservedCodeCacheSize=
#   JVM is running with Unscaled Compressed Oops mode in which the Java heap is
#     placed in the first 4GB address space. The Java Heap base address is the
#     maximum limit for the native heap growth. Please use -XX:HeapBaseMinAddress
#     to set the Java Heap base and to place the Java Heap above 4GB virtual address.
# This output file may be truncated or incomplete.
#
#  Out of Memory Error (arena.cpp:168), pid=12524, tid=6072
#
# JRE version: OpenJDK Runtime Environment Temurin-21.0.7+6 (21.0.7+6) (build 21.0.7+6-LTS)
# Java VM: OpenJDK 64-Bit Server VM Temurin-21.0.7+6 (21.0.7+6-LTS, mixed mode, sharing, tiered, compressed oops, compressed class ptrs, parallel gc, windows-amd64)
# No core dump will be written. Minidumps are not enabled by default on client versions of Windows
#

---------------  S U M M A R Y ------------

Command Line: --add-modules=ALL-SYSTEM --add-opens=java.base/java.util=ALL-UNNAMED --add-opens=java.base/java.lang=ALL-UNNAMED --add-opens=java.base/sun.nio.fs=ALL-UNNAMED -Declipse.application=org.eclipse.jdt.ls.core.id1 -Dosgi.bundles.defaultStartLevel=4 -Declipse.product=org.eclipse.jdt.ls.core.product -Djava.import.generatesMetadataFilesAtProjectRoot=false -DDetectVMInstallationsJob.disabled=true -Dfile.encoding=utf8 -XX:+UseParallelGC -XX:GCTimeRatio=4 -XX:AdaptiveSizePolicyWeight=90 -Dsun.zip.disableMemoryMapping=true -Xmx1G -Xms100m -Xlog:disable -javaagent:c:\Users\Armero\.vscode\extensions\redhat.java-1.42.0-win32-x64\lombok\lombok-1.18.36.jar c:\Users\Armero\.vscode\extensions\redhat.java-1.42.0-win32-x64\server\plugins\org.eclipse.equinox.launcher_1.7.0.v20250424-1814.jar -configuration c:\Users\Armero\AppData\Roaming\Code\User\globalStorage\redhat.java\1.42.0\config_ss_win -data c:\Users\Armero\AppData\Roaming\Code\User\workspaceStorage\0c7202c679faa2371a9ff1abec9e5f78\redhat.java\ss_ws --pipe=\\.\pipe\lsp-daf718d08e7e2a71f6e185a181b4d24a-sock

Host: Intel(R) Core(TM) i3-2120 CPU @ 3.30GHz, 4 cores, 3G,  Windows 10 , 64 bit Build 19041 (10.0.19041.5794)
Time: Sun Jun  8 20:58:42 2025 Hora est. Pacífico, Sudamérica elapsed time: 48.800784 seconds (0d 0h 0m 48s)

---------------  T H R E A D  ---------------

Current thread (0x0000029428c221c0):  JavaThread "C2 CompilerThread0" daemon [_thread_in_native, id=6072, stack(0x000000facdd00000,0x000000facde00000) (1024K)]


Current CompileTask:
C2:48800 2734       4       org.lombokweb.asm.ClassReader::readMethod (1070 bytes)

Stack: [0x000000facdd00000,0x000000facde00000]
Native frames: (J=compiled Java code, j=interpreted, Vv=VM code, C=native code)
V  [jvm.dll+0x6ce119]
V  [jvm.dll+0x8a84a1]
V  [jvm.dll+0x8aa9ce]
V  [jvm.dll+0x8ab0b3]
V  [jvm.dll+0x27f8a6]
V  [jvm.dll+0xc507d]
V  [jvm.dll+0xc55b3]
V  [jvm.dll+0x3b692c]
V  [jvm.dll+0x1e0029]
V  [jvm.dll+0x247c42]
V  [jvm.dll+0x2470cf]
V  [jvm.dll+0x1c760e]
V  [jvm.dll+0x25695a]
V  [jvm.dll+0x254efa]
V  [jvm.dll+0x3f03f6]
V  [jvm.dll+0x851f6b]
V  [jvm.dll+0x6cc7dd]
C  [ucrtbase.dll+0x21bb2]
C  [KERNEL32.DLL+0x17374]
C  [ntdll.dll+0x4cc91]


---------------  P R O C E S S  ---------------

Threads class SMR info:
_java_thread_list=0x000002946fe9c090, length=19, elements={
0x00000294148ef930, 0x0000029428c19650, 0x0000029428c1af50, 0x0000029428c1be60,
0x0000029428c1cd70, 0x0000029428c20940, 0x0000029428c21390, 0x0000029428c221c0,
0x0000029428c970b0, 0x000002946aaecc00, 0x000002946ad2a570, 0x000002946f1a32d0,
0x000002946f4d97e0, 0x000002946f4d9e40, 0x000002946f1f6a80, 0x000002946f1b7df0,
0x000002946f7fe4f0, 0x000002946f7faa10, 0x0000029428cdc540
}

Java Threads: ( => current thread )
  0x00000294148ef930 JavaThread "main"                              [_thread_blocked, id=12472, stack(0x000000facd300000,0x000000facd400000) (1024K)]
  0x0000029428c19650 JavaThread "Reference Handler"          daemon [_thread_blocked, id=3416, stack(0x000000facd700000,0x000000facd800000) (1024K)]
  0x0000029428c1af50 JavaThread "Finalizer"                  daemon [_thread_blocked, id=8556, stack(0x000000facd800000,0x000000facd900000) (1024K)]
  0x0000029428c1be60 JavaThread "Signal Dispatcher"          daemon [_thread_blocked, id=9816, stack(0x000000facd900000,0x000000facda00000) (1024K)]
  0x0000029428c1cd70 JavaThread "Attach Listener"            daemon [_thread_blocked, id=6052, stack(0x000000facda00000,0x000000facdb00000) (1024K)]
  0x0000029428c20940 JavaThread "Service Thread"             daemon [_thread_blocked, id=6772, stack(0x000000facdb00000,0x000000facdc00000) (1024K)]
  0x0000029428c21390 JavaThread "Monitor Deflation Thread"   daemon [_thread_blocked, id=5608, stack(0x000000facdc00000,0x000000facdd00000) (1024K)]
=>0x0000029428c221c0 JavaThread "C2 CompilerThread0"         daemon [_thread_in_native, id=6072, stack(0x000000facdd00000,0x000000facde00000) (1024K)]
  0x0000029428c970b0 JavaThread "C1 CompilerThread0"         daemon [_thread_in_vm, id=644, stack(0x000000facde00000,0x000000facdf00000) (1024K)]
  0x000002946aaecc00 JavaThread "Common-Cleaner"             daemon [_thread_blocked, id=9804, stack(0x000000facdf00000,0x000000face000000) (1024K)]
  0x000002946ad2a570 JavaThread "Notification Thread"        daemon [_thread_blocked, id=11708, stack(0x000000face000000,0x000000face100000) (1024K)]
  0x000002946f1a32d0 JavaThread "Active Thread: Equinox Container: 2c11071e-9868-43d8-8240-121d75c0b63d"        [_thread_blocked, id=6696, stack(0x000000face400000,0x000000face500000) (1024K)]
  0x000002946f4d97e0 JavaThread "Framework Event Dispatcher: Equinox Container: 2c11071e-9868-43d8-8240-121d75c0b63d" daemon [_thread_blocked, id=5828, stack(0x000000face500000,0x000000face600000) (1024K)]
  0x000002946f4d9e40 JavaThread "Start Level: Equinox Container: 2c11071e-9868-43d8-8240-121d75c0b63d" daemon [_thread_in_vm, id=6688, stack(0x000000face600000,0x000000face700000) (1024K)]
  0x000002946f1f6a80 JavaThread "SCR Component Actor"        daemon [_thread_blocked, id=1460, stack(0x000000face700000,0x000000face800000) (1024K)]
  0x000002946f1b7df0 JavaThread "Worker-JM"                         [_thread_blocked, id=11044, stack(0x000000face900000,0x000000facea00000) (1024K)]
  0x000002946f7fe4f0 JavaThread "JNA Cleaner"                daemon [_thread_blocked, id=5464, stack(0x000000face800000,0x000000face900000) (1024K)]
  0x000002946f7faa10 JavaThread "Worker-0"                          [_thread_blocked, id=8284, stack(0x000000facea00000,0x000000faceb00000) (1024K)]
  0x0000029428cdc540 JavaThread "Worker-1"                          [_thread_blocked, id=2736, stack(0x000000faceb00000,0x000000facec00000) (1024K)]
Total: 19

Other Threads:
  0x0000029428bfc960 VMThread "VM Thread"                           [id=5528, stack(0x000000facd600000,0x000000facd700000) (1024K)]
  0x0000029428b713b0 WatcherThread "VM Periodic Task Thread"        [id=10796, stack(0x000000facd500000,0x000000facd600000) (1024K)]
  0x000002941490d870 WorkerThread "GC Thread#0"                     [id=9332, stack(0x000000facd400000,0x000000facd500000) (1024K)]
  0x000002946ad80530 WorkerThread "GC Thread#1"                     [id=10524, stack(0x000000face100000,0x000000face200000) (1024K)]
  0x000002946addb9c0 WorkerThread "GC Thread#2"                     [id=6104, stack(0x000000face200000,0x000000face300000) (1024K)]
  0x000002946addbd60 WorkerThread "GC Thread#3"                     [id=9768, stack(0x000000face300000,0x000000face400000) (1024K)]
Total: 6

Threads with active compile tasks:
C2 CompilerThread0  51759 2734       4       org.lombokweb.asm.ClassReader::readMethod (1070 bytes)
C1 CompilerThread0  51759 2758   !   3       org.eclipse.equinox.launcher.JNIBridge::updateSplash (25 bytes)
Total: 2

VM state: not at safepoint (normal execution)

VM Mutex/Monitor currently owned by a thread:  ([mutex/lock_event])
[0x00007ffcf542c308] Metaspace_lock - owner thread: 0x000002946f4d9e40

Heap address: 0x00000000c0000000, size: 1024 MB, Compressed Oops mode: 32-bit

CDS archive(s) mapped at: [0x0000029429000000-0x0000029429ba0000-0x0000029429ba0000), size 12189696, SharedBaseAddress: 0x0000029429000000, ArchiveRelocationMode: 1.
Compressed class space mapped at: 0x000002942a000000-0x000002946a000000, reserved size: 1073741824
Narrow klass base: 0x0000029429000000, Narrow klass shift: 0, Narrow klass range: 0x100000000

GC Precious Log:
 CardTable entry size: 512
 CPUs: 4 total, 4 available
 Memory: 4008M
 Large Page Support: Disabled
 NUMA Support: Disabled
 Compressed Oops: Enabled (32-bit)
 Alignments: Space 512K, Generation 512K, Heap 2M
 Heap Min Capacity: 100M
 Heap Initial Capacity: 100M
 Heap Max Capacity: 1G
 Pre-touch: Disabled
 Parallel Workers: 4

Heap:
 PSYoungGen      total 29184K, used 10122K [0x00000000eab00000, 0x00000000ecd80000, 0x0000000100000000)
  eden space 25088K, 24% used [0x00000000eab00000,0x00000000eb0e6008,0x00000000ec380000)
  from space 4096K, 99% used [0x00000000ec400000,0x00000000ec7fcb98,0x00000000ec800000)
  to   space 5120K, 0% used [0x00000000ec880000,0x00000000ec880000,0x00000000ecd80000)
 ParOldGen       total 68608K, used 4536K [0x00000000c0000000, 0x00000000c4300000, 0x00000000eab00000)
  object space 68608K, 6% used [0x00000000c0000000,0x00000000c046e320,0x00000000c4300000)
 Metaspace       used 20677K, committed 21376K, reserved 1114112K
  class space    used 1994K, committed 2304K, reserved 1048576K

Card table byte_map: [0x00000294142c0000,0x00000294144d0000] _byte_map_base: 0x0000029413cc0000

Marking Bits: (ParMarkBitMap*) 0x00007ffcf54331f0
 Begin Bits: [0x0000029426af0000, 0x0000029427af0000)
 End Bits:   [0x0000029427af0000, 0x0000029428af0000)

Polling page: 0x0000029412610000

Metaspace:

Usage:
  Non-class:     18.25 MB used.
      Class:      1.95 MB used.
       Both:     20.19 MB used.

Virtual space:
  Non-class space:       64.00 MB reserved,      18.62 MB ( 29%) committed,  1 nodes.
      Class space:        1.00 GB reserved,       2.25 MB ( <1%) committed,  1 nodes.
             Both:        1.06 GB reserved,      20.88 MB (  2%) committed. 

Chunk freelists:
   Non-Class:  12.91 MB
       Class:  13.77 MB
        Both:  26.67 MB

MaxMetaspaceSize: unlimited
CompressedClassSpaceSize: 1.00 GB
Initial GC threshold: 21.00 MB
Current GC threshold: 21.00 MB
CDS: on
 - commit_granule_bytes: 65536.
 - commit_granule_words: 8192.
 - virtual_space_node_default_size: 8388608.
 - enlarge_chunks_in_place: 1.
 - use_allocation_guard: 0.


Internal statistics:

num_allocs_failed_limit: 0.
num_arena_births: 526.
num_arena_deaths: 0.
num_vsnodes_births: 2.
num_vsnodes_deaths: 0.
num_space_committed: 334.
num_space_uncommitted: 0.
num_chunks_returned_to_freelist: 0.
num_chunks_taken_from_freelist: 1285.
num_chunk_merges: 0.
num_chunk_splits: 853.
num_chunks_enlarged: 549.
num_inconsistent_stats: 0.

CodeHeap 'non-profiled nmethods': size=120000Kb used=1205Kb max_used=1205Kb free=118794Kb
 bounds [0x000002941f5c0000, 0x000002941f830000, 0x0000029426af0000]
CodeHeap 'profiled nmethods': size=120000Kb used=5384Kb max_used=5384Kb free=114615Kb
 bounds [0x0000029417af0000, 0x0000029418040000, 0x000002941f020000]
CodeHeap 'non-nmethods': size=5760Kb used=1311Kb max_used=1317Kb free=4449Kb
 bounds [0x000002941f020000, 0x000002941f290000, 0x000002941f5c0000]
 total_blobs=3339 nmethods=2744 adapters=501
 compilation: enabled
              stopped_count=0, restarted_count=0
 full_count=0

Compilation events (20 events):
Event: 47.536 Thread 0x0000029428c221c0 nmethod 2732 0x000002941f6ec910 code [0x000002941f6ecac0, 0x000002941f6ecf20]
Event: 47.536 Thread 0x0000029428c221c0 2734       4       org.lombokweb.asm.ClassReader::readMethod (1070 bytes)
Event: 47.813 Thread 0x0000029428c970b0 2736       3       org.osgi.util.tracker.ServiceTracker::getService (33 bytes)
Event: 47.814 Thread 0x0000029428c970b0 nmethod 2736 0x0000029418025b10 code [0x0000029418025d00, 0x0000029418026398]
Event: 48.019 Thread 0x0000029428c970b0 2737       3       org.lombokweb.asm.SymbolTable::<init> (536 bytes)
Event: 48.023 Thread 0x0000029428c970b0 nmethod 2737 0x0000029418026610 code [0x0000029418026bc0, 0x0000029418029400]
Event: 48.023 Thread 0x0000029428c970b0 2740       3       org.lombokweb.asm.MethodWriter::visitLabel (332 bytes)
Event: 48.024 Thread 0x0000029428c970b0 nmethod 2740 0x000002941802a510 code [0x000002941802a760, 0x000002941802b058]
Event: 48.024 Thread 0x0000029428c970b0 2738       3       java.util.regex.Pattern$BranchConn::match (11 bytes)
Event: 48.024 Thread 0x0000029428c970b0 nmethod 2738 0x000002941802b290 code [0x000002941802b440, 0x000002941802b618]
Event: 48.024 Thread 0x0000029428c970b0 2739       3       org.lombokweb.asm.ByteVector::put11 (52 bytes)
Event: 48.024 Thread 0x0000029428c970b0 nmethod 2739 0x000002941802b710 code [0x000002941802b8c0, 0x000002941802bac8]
Event: 48.024 Thread 0x0000029428c970b0 2742       1       lombok.patcher.MethodLogistics::getReturnOpcode (5 bytes)
Event: 48.025 Thread 0x0000029428c970b0 nmethod 2742 0x000002941f6ed210 code [0x000002941f6ed3a0, 0x000002941f6ed468]
Event: 48.025 Thread 0x0000029428c970b0 2741       3       java.util.ArrayList$SubList::toArray (79 bytes)
Event: 48.025 Thread 0x0000029428c970b0 nmethod 2741 0x000002941802bc10 code [0x000002941802be20, 0x000002941802c4e0]
Event: 48.025 Thread 0x0000029428c970b0 2743       3       org.lombokweb.asm.MethodVisitor::visitMethodInsn (80 bytes)
Event: 48.026 Thread 0x0000029428c970b0 nmethod 2743 0x000002941802c710 code [0x000002941802c900, 0x000002941802cda8]
Event: 48.026 Thread 0x0000029428c970b0 2744       3       org.lombokweb.asm.MethodWriter::visitJumpInsn (495 bytes)
Event: 48.033 Thread 0x0000029428c970b0 nmethod 2744 0x000002941802cf10 code [0x000002941802d260, 0x000002941802e268]

GC Heap History (10 events):
Event: 9.267 GC heap before
{Heap before GC invocations=1 (full 0):
 PSYoungGen      total 29696K, used 25600K [0x00000000eab00000, 0x00000000ecc00000, 0x0000000100000000)
  eden space 25600K, 100% used [0x00000000eab00000,0x00000000ec400000,0x00000000ec400000)
  from space 4096K, 0% used [0x00000000ec800000,0x00000000ec800000,0x00000000ecc00000)
  to   space 4096K, 0% used [0x00000000ec400000,0x00000000ec400000,0x00000000ec800000)
 ParOldGen       total 68608K, used 0K [0x00000000c0000000, 0x00000000c4300000, 0x00000000eab00000)
  object space 68608K, 0% used [0x00000000c0000000,0x00000000c0000000,0x00000000c4300000)
 Metaspace       used 4370K, committed 4736K, reserved 1114112K
  class space    used 461K, committed 640K, reserved 1048576K
}
Event: 9.419 GC heap after
{Heap after GC invocations=1 (full 0):
 PSYoungGen      total 29696K, used 3270K [0x00000000eab00000, 0x00000000ecc00000, 0x0000000100000000)
  eden space 25600K, 0% used [0x00000000eab00000,0x00000000eab00000,0x00000000ec400000)
  from space 4096K, 79% used [0x00000000ec400000,0x00000000ec731870,0x00000000ec800000)
  to   space 4096K, 0% used [0x00000000ec800000,0x00000000ec800000,0x00000000ecc00000)
 ParOldGen       total 68608K, used 0K [0x00000000c0000000, 0x00000000c4300000, 0x00000000eab00000)
  object space 68608K, 0% used [0x00000000c0000000,0x00000000c0000000,0x00000000c4300000)
 Metaspace       used 4370K, committed 4736K, reserved 1114112K
  class space    used 461K, committed 640K, reserved 1048576K
}
Event: 17.774 GC heap before
{Heap before GC invocations=2 (full 0):
 PSYoungGen      total 29696K, used 28870K [0x00000000eab00000, 0x00000000ecc00000, 0x0000000100000000)
  eden space 25600K, 100% used [0x00000000eab00000,0x00000000ec400000,0x00000000ec400000)
  from space 4096K, 79% used [0x00000000ec400000,0x00000000ec731870,0x00000000ec800000)
  to   space 4096K, 0% used [0x00000000ec800000,0x00000000ec800000,0x00000000ecc00000)
 ParOldGen       total 68608K, used 0K [0x00000000c0000000, 0x00000000c4300000, 0x00000000eab00000)
  object space 68608K, 0% used [0x00000000c0000000,0x00000000c0000000,0x00000000c4300000)
 Metaspace       used 8214K, committed 8512K, reserved 1114112K
  class space    used 843K, committed 1024K, reserved 1048576K
}
Event: 17.781 GC heap after
{Heap after GC invocations=2 (full 0):
 PSYoungGen      total 29696K, used 4068K [0x00000000eab00000, 0x00000000ecc00000, 0x0000000100000000)
  eden space 25600K, 0% used [0x00000000eab00000,0x00000000eab00000,0x00000000ec400000)
  from space 4096K, 99% used [0x00000000ec800000,0x00000000ecbf91d8,0x00000000ecc00000)
  to   space 4096K, 0% used [0x00000000ec400000,0x00000000ec400000,0x00000000ec800000)
 ParOldGen       total 68608K, used 895K [0x00000000c0000000, 0x00000000c4300000, 0x00000000eab00000)
  object space 68608K, 1% used [0x00000000c0000000,0x00000000c00dfea8,0x00000000c4300000)
 Metaspace       used 8214K, committed 8512K, reserved 1114112K
  class space    used 843K, committed 1024K, reserved 1048576K
}
Event: 25.318 GC heap before
{Heap before GC invocations=3 (full 0):
 PSYoungGen      total 29696K, used 29668K [0x00000000eab00000, 0x00000000ecc00000, 0x0000000100000000)
  eden space 25600K, 100% used [0x00000000eab00000,0x00000000ec400000,0x00000000ec400000)
  from space 4096K, 99% used [0x00000000ec800000,0x00000000ecbf91d8,0x00000000ecc00000)
  to   space 4096K, 0% used [0x00000000ec400000,0x00000000ec400000,0x00000000ec800000)
 ParOldGen       total 68608K, used 895K [0x00000000c0000000, 0x00000000c4300000, 0x00000000eab00000)
  object space 68608K, 1% used [0x00000000c0000000,0x00000000c00dfea8,0x00000000c4300000)
 Metaspace       used 13037K, committed 13568K, reserved 1114112K
  class space    used 1333K, committed 1600K, reserved 1048576K
}
Event: 25.332 GC heap after
{Heap after GC invocations=3 (full 0):
 PSYoungGen      total 29696K, used 4086K [0x00000000eab00000, 0x00000000ecc00000, 0x0000000100000000)
  eden space 25600K, 0% used [0x00000000eab00000,0x00000000eab00000,0x00000000ec400000)
  from space 4096K, 99% used [0x00000000ec400000,0x00000000ec7fdb90,0x00000000ec800000)
  to   space 4096K, 0% used [0x00000000ec800000,0x00000000ec800000,0x00000000ecc00000)
 ParOldGen       total 68608K, used 2732K [0x00000000c0000000, 0x00000000c4300000, 0x00000000eab00000)
  object space 68608K, 3% used [0x00000000c0000000,0x00000000c02ab280,0x00000000c4300000)
 Metaspace       used 13037K, committed 13568K, reserved 1114112K
  class space    used 1333K, committed 1600K, reserved 1048576K
}
Event: 44.016 GC heap before
{Heap before GC invocations=4 (full 0):
 PSYoungGen      total 29696K, used 29686K [0x00000000eab00000, 0x00000000ecc00000, 0x0000000100000000)
  eden space 25600K, 100% used [0x00000000eab00000,0x00000000ec400000,0x00000000ec400000)
  from space 4096K, 99% used [0x00000000ec400000,0x00000000ec7fdb90,0x00000000ec800000)
  to   space 4096K, 0% used [0x00000000ec800000,0x00000000ec800000,0x00000000ecc00000)
 ParOldGen       total 68608K, used 2732K [0x00000000c0000000, 0x00000000c4300000, 0x00000000eab00000)
  object space 68608K, 3% used [0x00000000c0000000,0x00000000c02ab280,0x00000000c4300000)
 Metaspace       used 17168K, committed 17856K, reserved 1114112K
  class space    used 1747K, committed 2048K, reserved 1048576K
}
Event: 44.023 GC heap after
{Heap after GC invocations=4 (full 0):
 PSYoungGen      total 29696K, used 4090K [0x00000000eab00000, 0x00000000ecc00000, 0x0000000100000000)
  eden space 25600K, 0% used [0x00000000eab00000,0x00000000eab00000,0x00000000ec400000)
  from space 4096K, 99% used [0x00000000ec800000,0x00000000ecbfea08,0x00000000ecc00000)
  to   space 4096K, 0% used [0x00000000ec400000,0x00000000ec400000,0x00000000ec800000)
 ParOldGen       total 68608K, used 4400K [0x00000000c0000000, 0x00000000c4300000, 0x00000000eab00000)
  object space 68608K, 6% used [0x00000000c0000000,0x00000000c044c320,0x00000000c4300000)
 Metaspace       used 17168K, committed 17856K, reserved 1114112K
  class space    used 1747K, committed 2048K, reserved 1048576K
}
Event: 48.027 GC heap before
{Heap before GC invocations=5 (full 0):
 PSYoungGen      total 29696K, used 29690K [0x00000000eab00000, 0x00000000ecc00000, 0x0000000100000000)
  eden space 25600K, 100% used [0x00000000eab00000,0x00000000ec400000,0x00000000ec400000)
  from space 4096K, 99% used [0x00000000ec800000,0x00000000ecbfea08,0x00000000ecc00000)
  to   space 4096K, 0% used [0x00000000ec400000,0x00000000ec400000,0x00000000ec800000)
 ParOldGen       total 68608K, used 4400K [0x00000000c0000000, 0x00000000c4300000, 0x00000000eab00000)
  object space 68608K, 6% used [0x00000000c0000000,0x00000000c044c320,0x00000000c4300000)
 Metaspace       used 20387K, committed 21120K, reserved 1114112K
  class space    used 1957K, committed 2304K, reserved 1048576K
}
Event: 48.032 GC heap after
{Heap after GC invocations=5 (full 0):
 PSYoungGen      total 29184K, used 4082K [0x00000000eab00000, 0x00000000ecd80000, 0x0000000100000000)
  eden space 25088K, 0% used [0x00000000eab00000,0x00000000eab00000,0x00000000ec380000)
  from space 4096K, 99% used [0x00000000ec400000,0x00000000ec7fcb98,0x00000000ec800000)
  to   space 5120K, 0% used [0x00000000ec880000,0x00000000ec880000,0x00000000ecd80000)
 ParOldGen       total 68608K, used 4536K [0x00000000c0000000, 0x00000000c4300000, 0x00000000eab00000)
  object space 68608K, 6% used [0x00000000c0000000,0x00000000c046e320,0x00000000c4300000)
 Metaspace       used 20387K, committed 21120K, reserved 1114112K
  class space    used 1957K, committed 2304K, reserved 1048576K
}

Dll operation events (10 events):
Event: 0.028 Loaded shared library c:\Users\Armero\.vscode\extensions\redhat.java-1.42.0-win32-x64\jre\21.0.7-win32-x86_64\bin\java.dll
Event: 0.691 Loaded shared library c:\Users\Armero\.vscode\extensions\redhat.java-1.42.0-win32-x64\jre\21.0.7-win32-x86_64\bin\zip.dll
Event: 0.878 Loaded shared library C:\Users\Armero\.vscode\extensions\redhat.java-1.42.0-win32-x64\jre\21.0.7-win32-x86_64\bin\instrument.dll
Event: 0.896 Loaded shared library C:\Users\Armero\.vscode\extensions\redhat.java-1.42.0-win32-x64\jre\21.0.7-win32-x86_64\bin\net.dll
Event: 0.899 Loaded shared library C:\Users\Armero\.vscode\extensions\redhat.java-1.42.0-win32-x64\jre\21.0.7-win32-x86_64\bin\nio.dll
Event: 0.911 Loaded shared library C:\Users\Armero\.vscode\extensions\redhat.java-1.42.0-win32-x64\jre\21.0.7-win32-x86_64\bin\zip.dll
Event: 1.368 Loaded shared library C:\Users\Armero\.vscode\extensions\redhat.java-1.42.0-win32-x64\jre\21.0.7-win32-x86_64\bin\jimage.dll
Event: 1.847 Loaded shared library c:\Users\Armero\.vscode\extensions\redhat.java-1.42.0-win32-x64\jre\21.0.7-win32-x86_64\bin\verify.dll
Event: 17.617 Loaded shared library C:\Users\Armero\AppData\Roaming\Code\User\globalStorage\redhat.java\1.42.0\config_ss_win\org.eclipse.equinox.launcher\org.eclipse.equinox.launcher.win32.win32.x86_64_1.2.1300.v20250331-1702\eclipse_11911.dll
Event: 41.574 Loaded shared library C:\Users\Armero\AppData\Local\Temp\jna-1969524134\jna6583981619833654997.dll

Deoptimization events (20 events):
Event: 43.688 Thread 0x000002946f4d9e40 Uncommon trap: trap_request=0xffffffde fr.pc=0x000002941f6b6a94 relative=0x00000000000003b4
Event: 43.688 Thread 0x000002946f4d9e40 Uncommon trap: reason=class_check action=maybe_recompile pc=0x000002941f6b6a94 method=java.util.regex.Pattern$BmpCharPropertyGreedy.match(Ljava/util/regex/Matcher;ILjava/lang/CharSequence;)Z @ 70 c2
Event: 43.688 Thread 0x000002946f4d9e40 DEOPT PACKING pc=0x000002941f6b6a94 sp=0x000000face6ef440
Event: 43.688 Thread 0x000002946f4d9e40 DEOPT UNPACKING pc=0x000002941f073aa2 sp=0x000000face6ef3e8 mode 2
Event: 44.025 Thread 0x000002946aaecc00 Uncommon trap: trap_request=0xffffff45 fr.pc=0x000002941f68e48c relative=0x00000000000000ec
Event: 44.025 Thread 0x000002946aaecc00 Uncommon trap: reason=unstable_if action=reinterpret pc=0x000002941f68e48c method=java.util.concurrent.locks.ReentrantLock$NonfairSync.initialTryLock()Z @ 25 c2
Event: 44.025 Thread 0x000002946aaecc00 DEOPT PACKING pc=0x000002941f68e48c sp=0x000000facdfff150
Event: 44.025 Thread 0x000002946aaecc00 DEOPT UNPACKING pc=0x000002941f073aa2 sp=0x000000facdfff018 mode 2
Event: 44.049 Thread 0x000002946f4d9e40 Uncommon trap: trap_request=0xffffff45 fr.pc=0x000002941f6e0120 relative=0x00000000000007a0
Event: 44.049 Thread 0x000002946f4d9e40 Uncommon trap: reason=unstable_if action=reinterpret pc=0x000002941f6e0120 method=org.lombokweb.asm.ClassReader.readUTF8(I[C)Ljava/lang/String; @ 11 c2
Event: 44.049 Thread 0x000002946f4d9e40 DEOPT PACKING pc=0x000002941f6e0120 sp=0x000000face6ef580
Event: 44.049 Thread 0x000002946f4d9e40 DEOPT UNPACKING pc=0x000002941f073aa2 sp=0x000000face6ef568 mode 2
Event: 48.020 Thread 0x000002946f4d9e40 Uncommon trap: trap_request=0xffffff45 fr.pc=0x000002941f6ec75c relative=0x000000000000013c
Event: 48.020 Thread 0x000002946f4d9e40 Uncommon trap: reason=unstable_if action=reinterpret pc=0x000002941f6ec75c method=org.lombokweb.asm.ByteVector.putByteArray([BII)Lorg/lombokweb/asm/ByteVector; @ 20 c2
Event: 48.020 Thread 0x000002946f4d9e40 DEOPT PACKING pc=0x000002941f6ec75c sp=0x000000face6f2790
Event: 48.020 Thread 0x000002946f4d9e40 DEOPT UNPACKING pc=0x000002941f073aa2 sp=0x000000face6f2760 mode 2
Event: 48.020 Thread 0x000002946f4d9e40 Uncommon trap: trap_request=0xffffff45 fr.pc=0x000002941f6ece24 relative=0x0000000000000364
Event: 48.020 Thread 0x000002946f4d9e40 Uncommon trap: reason=unstable_if action=reinterpret pc=0x000002941f6ece24 method=org.lombokweb.asm.Label.resolve([BLorg/lombokweb/asm/ByteVector;I)Z @ 81 c2
Event: 48.020 Thread 0x000002946f4d9e40 DEOPT PACKING pc=0x000002941f6ece24 sp=0x000000face6f2820
Event: 48.020 Thread 0x000002946f4d9e40 DEOPT UNPACKING pc=0x000002941f073aa2 sp=0x000000face6f2728 mode 2

Classes loaded (20 events):
Event: 43.795 Loading class java/io/StringReader
Event: 43.795 Loading class java/io/StringReader done
Event: 43.801 Loading class java/util/zip/GZIPInputStream
Event: 43.801 Loading class java/util/zip/GZIPInputStream done
Event: 43.807 Loading class java/net/SocketTimeoutException
Event: 43.807 Loading class java/io/InterruptedIOException
Event: 43.808 Loading class java/io/InterruptedIOException done
Event: 43.808 Loading class java/net/SocketTimeoutException done
Event: 43.808 Loading class java/net/SocketException
Event: 43.808 Loading class java/net/SocketException done
Event: 43.808 Loading class java/net/UnknownHostException
Event: 43.808 Loading class java/net/UnknownHostException done
Event: 43.808 Loading class java/net/ProtocolException
Event: 43.808 Loading class java/net/ProtocolException done
Event: 44.015 Loading class java/lang/ThreadLocal$SuppliedThreadLocal
Event: 44.015 Loading class java/lang/ThreadLocal$SuppliedThreadLocal done
Event: 44.037 Loading class java/io/FileWriter
Event: 44.038 Loading class java/io/FileWriter done
Event: 44.390 Loading class java/lang/NegativeArraySizeException
Event: 44.390 Loading class java/lang/NegativeArraySizeException done

Classes unloaded (0 events):
No events

Classes redefined (0 events):
No events

Internal exceptions (20 events):
Event: 29.418 Thread 0x000002946f4d9e40 Exception <a 'java/lang/NoSuchMethodError'{0x00000000eb6a21a8}: 'java.lang.Object java.lang.invoke.DirectMethodHandle$Holder.invokeStaticInit(java.lang.Object, int, int, int, int)'> (0x00000000eb6a21a8) 
thrown [s\src\hotspot\share\interpreter\linkResolver.cpp, line 773]
Event: 29.685 Thread 0x000002946f4d9e40 Exception <a 'java/lang/NoSuchMethodError'{0x00000000eb7f6c48}: 'java.lang.Object java.lang.invoke.DirectMethodHandle$Holder.invokeStaticInit(java.lang.Object, java.lang.Object, int, int, int, int)'> (0x00000000eb7f6c48) 
thrown [s\src\hotspot\share\interpreter\linkResolver.cpp, line 773]
Event: 41.896 Thread 0x000002946f4d9e40 Exception <a 'java/lang/NoSuchMethodError'{0x00000000eb8f9278}: 'void java.lang.invoke.DirectMethodHandle$Holder.invokeSpecial(java.lang.Object, java.lang.Object, java.lang.Object, int)'> (0x00000000eb8f9278) 
thrown [s\src\hotspot\share\interpreter\linkResolver.cpp, line 773]
Event: 41.959 Thread 0x000002946f4d9e40 Exception <a 'java/lang/NoSuchMethodError'{0x00000000eb8fcc08}: 'void java.lang.invoke.DelegatingMethodHandle$Holder.reinvoke_L(java.lang.Object, java.lang.Object, int)'> (0x00000000eb8fcc08) 
thrown [s\src\hotspot\share\interpreter\linkResolver.cpp, line 773]
Event: 41.962 Thread 0x000002946f4d9e40 Exception <a 'java/lang/NoSuchMethodError'{0x00000000eb9040d8}: 'int java.lang.invoke.Invokers$Holder.invokeExact_MT(java.lang.Object, java.lang.Object, java.lang.Object)'> (0x00000000eb9040d8) 
thrown [s\src\hotspot\share\interpreter\linkResolver.cpp, line 773]
Event: 42.108 Thread 0x000002946f4d9e40 Exception <a 'java/lang/NoSuchMethodError'{0x00000000eb9f94a8}: 'void java.lang.invoke.Invokers$Holder.invokeExact_MT(java.lang.Object, java.lang.Object, int, java.lang.Object)'> (0x00000000eb9f94a8) 
thrown [s\src\hotspot\share\interpreter\linkResolver.cpp, line 773]
Event: 42.515 Thread 0x000002946f4d9e40 Exception <a 'java/lang/NoSuchMethodError'{0x00000000ebb12890}: 'java.lang.Object java.lang.invoke.DirectMethodHandle$Holder.invokeSpecial(java.lang.Object, java.lang.Object, java.lang.Object, long, java.lang.Object)'> (0x00000000ebb12890) 
thrown [s\src\hotspot\share\interpreter\linkResolver.cpp, line 773]
Event: 42.516 Thread 0x000002946f4d9e40 Exception <a 'java/lang/NoSuchMethodError'{0x00000000ebb1a450}: 'java.lang.Object java.lang.invoke.DirectMethodHandle$Holder.newInvokeSpecial(java.lang.Object, java.lang.Object, java.lang.Object, long)'> (0x00000000ebb1a450) 
thrown [s\src\hotspot\share\interpreter\linkResolver.cpp, line 773]
Event: 42.516 Thread 0x000002946f4d9e40 Exception <a 'java/lang/NoSuchMethodError'{0x00000000ebb1e2b0}: 'java.lang.Object java.lang.invoke.Invokers$Holder.linkToTargetMethod(java.lang.Object, java.lang.Object, long, java.lang.Object)'> (0x00000000ebb1e2b0) 
thrown [s\src\hotspot\share\interpreter\linkResolver.cpp, line 773]
Event: 42.709 Thread 0x000002946f4d9e40 Exception <a 'java/lang/NoSuchMethodError'{0x00000000ebb75c28}: 'int java.lang.invoke.DirectMethodHandle$Holder.invokeStaticInit(java.lang.Object, java.lang.Object, java.lang.Object)'> (0x00000000ebb75c28) 
thrown [s\src\hotspot\share\interpreter\linkResolver.cpp, line 773]
Event: 42.845 Thread 0x000002946f4d9e40 Exception <a 'java/lang/IncompatibleClassChangeError'{0x00000000ebc10d38}: Found class java.lang.Object, but interface was expected> (0x00000000ebc10d38) 
thrown [s\src\hotspot\share\interpreter\linkResolver.cpp, line 840]
Event: 42.863 Thread 0x000002946f4d9e40 Exception <a 'java/lang/NoSuchMethodError'{0x00000000ebc23810}: 'java.lang.Object java.lang.invoke.DirectMethodHandle$Holder.invokeSpecial(java.lang.Object, java.lang.Object, java.lang.Object, int, java.lang.Object, java.lang.Object)'> (0x00000000ebc23810) 
thrown [s\src\hotspot\share\interpreter\linkResolver.cpp, line 773]
Event: 42.864 Thread 0x000002946f4d9e40 Exception <a 'java/lang/NoSuchMethodError'{0x00000000ebc2b0a8}: 'java.lang.Object java.lang.invoke.DirectMethodHandle$Holder.newInvokeSpecial(java.lang.Object, java.lang.Object, java.lang.Object, int, java.lang.Object)'> (0x00000000ebc2b0a8) 
thrown [s\src\hotspot\share\interpreter\linkResolver.cpp, line 773]
Event: 42.865 Thread 0x000002946f4d9e40 Exception <a 'java/lang/NoSuchMethodError'{0x00000000ebc2eb98}: 'java.lang.Object java.lang.invoke.Invokers$Holder.linkToTargetMethod(java.lang.Object, java.lang.Object, int, java.lang.Object, java.lang.Object)'> (0x00000000ebc2eb98) 
thrown [s\src\hotspot\share\interpreter\linkResolver.cpp, line 773]
Event: 42.866 Thread 0x000002946f7faa10 Exception <a 'java/lang/NoSuchMethodError'{0x00000000ebb92018}: 'java.lang.Object java.lang.invoke.DirectMethodHandle$Holder.invokeSpecial(java.lang.Object, java.lang.Object, int, java.lang.Object, java.lang.Object)'> (0x00000000ebb92018) 
thrown [s\src\hotspot\share\interpreter\linkResolver.cpp, line 773]
Event: 42.868 Thread 0x000002946f7faa10 Exception <a 'java/lang/NoSuchMethodError'{0x00000000ebb98d50}: 'java.lang.Object java.lang.invoke.DirectMethodHandle$Holder.newInvokeSpecial(java.lang.Object, java.lang.Object, int, java.lang.Object)'> (0x00000000ebb98d50) 
thrown [s\src\hotspot\share\interpreter\linkResolver.cpp, line 773]
Event: 43.083 Thread 0x000002946f4d9e40 Exception <a 'java/lang/NoSuchMethodError'{0x00000000ebd34008}: 'void java.lang.invoke.DirectMethodHandle$Holder.invokeSpecial(java.lang.Object, java.lang.Object, java.lang.Object, java.lang.Object, java.lang.Object)'> (0x00000000ebd34008) 
thrown [s\src\hotspot\share\interpreter\linkResolver.cpp, line 773]
Event: 43.536 Thread 0x000002946f4d9e40 Exception <a 'java/lang/NoSuchMethodError'{0x00000000ec01dfc8}: 'double java.lang.invoke.DirectMethodHandle$Holder.invokeStatic(java.lang.Object, java.lang.Object)'> (0x00000000ec01dfc8) 
thrown [s\src\hotspot\share\interpreter\linkResolver.cpp, line 773]
Event: 43.546 Thread 0x000002946f4d9e40 Exception <a 'java/lang/NoSuchMethodError'{0x00000000ec021688}: 'double java.lang.invoke.DirectMethodHandle$Holder.invokeStaticInit(java.lang.Object, java.lang.Object)'> (0x00000000ec021688) 
thrown [s\src\hotspot\share\interpreter\linkResolver.cpp, line 773]
Event: 48.020 Thread 0x000002946f4d9e40 Implicit null exception at 0x000002941f6ec675 to 0x000002941f6ec744

ZGC Phase Switch (0 events):
No events

VM Operations (20 events):
Event: 29.062 Executing VM operation: Cleanup
Event: 29.141 Executing VM operation: Cleanup done
Event: 29.620 Executing VM operation: HandshakeAllThreads (Deoptimize)
Event: 29.620 Executing VM operation: HandshakeAllThreads (Deoptimize) done
Event: 30.622 Executing VM operation: Cleanup
Event: 30.622 Executing VM operation: Cleanup done
Event: 41.848 Executing VM operation: HandshakeAllThreads (Deoptimize)
Event: 41.848 Executing VM operation: HandshakeAllThreads (Deoptimize) done
Event: 42.854 Executing VM operation: Cleanup
Event: 42.854 Executing VM operation: Cleanup done
Event: 43.866 Executing VM operation: Cleanup
Event: 44.000 Executing VM operation: Cleanup done
Event: 44.016 Executing VM operation: ParallelGCFailedAllocation (Allocation Failure)
Event: 44.023 Executing VM operation: ParallelGCFailedAllocation (Allocation Failure) done
Event: 46.024 Executing VM operation: Cleanup
Event: 46.024 Executing VM operation: Cleanup done
Event: 47.024 Executing VM operation: Cleanup
Event: 47.044 Executing VM operation: Cleanup done
Event: 48.027 Executing VM operation: ParallelGCFailedAllocation (Allocation Failure)
Event: 48.033 Executing VM operation: ParallelGCFailedAllocation (Allocation Failure) done

Memory protections (0 events):
No events

Nmethod flushes (0 events):
No events

Events (20 events):
Event: 0.311 Thread 0x00000294148ef930 Thread added: 0x0000029428c1be60
Event: 0.311 Thread 0x00000294148ef930 Thread added: 0x0000029428c1cd70
Event: 0.311 Thread 0x00000294148ef930 Thread added: 0x0000029428c20940
Event: 0.311 Thread 0x00000294148ef930 Thread added: 0x0000029428c21390
Event: 0.311 Thread 0x00000294148ef930 Thread added: 0x0000029428c221c0
Event: 0.369 Thread 0x00000294148ef930 Thread added: 0x0000029428c970b0
Event: 0.534 Thread 0x00000294148ef930 Thread added: 0x000002946aaecc00
Event: 2.926 Thread 0x00000294148ef930 Thread added: 0x000002946ad2a570
Event: 16.102 Thread 0x00000294148ef930 Thread added: 0x000002946f1a32d0
Event: 17.558 Thread 0x00000294148ef930 Thread added: 0x000002946f4d97e0
Event: 17.565 Thread 0x00000294148ef930 Thread added: 0x000002946f4d9e40
Event: 17.979 Thread 0x000002946f4d9e40 Thread added: 0x000002946f1f6a80
Event: 18.996 Thread 0x000002946f4d9e40 Thread added: 0x000002946f2a8090
Event: 23.314 Thread 0x000002946f4d9e40 Thread added: 0x000002946f1b7df0
Event: 26.260 Thread 0x000002946f2a8090 Thread exited: 0x000002946f2a8090
Event: 42.071 Thread 0x000002946f4d9e40 Thread added: 0x000002946f7fe4f0
Event: 42.545 Thread 0x000002946f4d9e40 Thread added: 0x000002946f7faa10
Event: 42.875 Thread 0x000002946f4d9e40 Thread added: 0x0000029428cdc540
Event: 42.968 Thread 0x000002946f4d9e40 Thread added: 0x000002946f7321f0
Event: 48.093 Thread 0x000002946f7321f0 Thread exited: 0x000002946f7321f0


Dynamic libraries:
0x00007ff777240000 - 0x00007ff77724e000 	c:\Users\Armero\.vscode\extensions\redhat.java-1.42.0-win32-x64\jre\21.0.7-win32-x86_64\bin\java.exe
0x00007ffd23410000 - 0x00007ffd23608000 	C:\Windows\SYSTEM32\ntdll.dll
0x00007ffd21ac0000 - 0x00007ffd21b82000 	C:\Windows\System32\KERNEL32.DLL
0x00007ffd20d30000 - 0x00007ffd21026000 	C:\Windows\System32\KERNELBASE.dll
0x00007ffd21340000 - 0x00007ffd21440000 	C:\Windows\System32\ucrtbase.dll
0x00007ffd09f20000 - 0x00007ffd09f38000 	c:\Users\Armero\.vscode\extensions\redhat.java-1.42.0-win32-x64\jre\21.0.7-win32-x86_64\bin\jli.dll
0x00007ffd215a0000 - 0x00007ffd2173d000 	C:\Windows\System32\USER32.dll
0x00007ffd21220000 - 0x00007ffd21242000 	C:\Windows\System32\win32u.dll
0x00007ffd22b40000 - 0x00007ffd22b6b000 	C:\Windows\System32\GDI32.dll
0x00007ffd20ab0000 - 0x00007ffd20bca000 	C:\Windows\System32\gdi32full.dll
0x00007ffd21250000 - 0x00007ffd212ed000 	C:\Windows\System32\msvcp_win.dll
0x00007ffd09430000 - 0x00007ffd0944e000 	c:\Users\Armero\.vscode\extensions\redhat.java-1.42.0-win32-x64\jre\21.0.7-win32-x86_64\bin\VCRUNTIME140.dll
0x00007ffd13050000 - 0x00007ffd132ea000 	C:\Windows\WinSxS\amd64_microsoft.windows.common-controls_6595b64144ccf1df_6.0.19041.5794_none_60bcd33171f2783c\COMCTL32.dll
0x00007ffd22df0000 - 0x00007ffd22e8e000 	C:\Windows\System32\msvcrt.dll
0x00007ffd22b00000 - 0x00007ffd22b2f000 	C:\Windows\System32\IMM32.DLL
0x00007ffd19160000 - 0x00007ffd1916c000 	c:\Users\Armero\.vscode\extensions\redhat.java-1.42.0-win32-x64\jre\21.0.7-win32-x86_64\bin\vcruntime140_1.dll
0x00007ffd04eb0000 - 0x00007ffd04f3d000 	c:\Users\Armero\.vscode\extensions\redhat.java-1.42.0-win32-x64\jre\21.0.7-win32-x86_64\bin\msvcp140.dll
0x00007ffcf4780000 - 0x00007ffcf5510000 	c:\Users\Armero\.vscode\extensions\redhat.java-1.42.0-win32-x64\jre\21.0.7-win32-x86_64\bin\server\jvm.dll
0x00007ffd22cb0000 - 0x00007ffd22d5f000 	C:\Windows\System32\ADVAPI32.dll
0x00007ffd21500000 - 0x00007ffd2159f000 	C:\Windows\System32\sechost.dll
0x00007ffd22150000 - 0x00007ffd22273000 	C:\Windows\System32\RPCRT4.dll
0x00007ffd20bd0000 - 0x00007ffd20bf7000 	C:\Windows\System32\bcrypt.dll
0x00007ffd23300000 - 0x00007ffd2336b000 	C:\Windows\System32\WS2_32.dll
0x00007ffd20910000 - 0x00007ffd2095b000 	C:\Windows\SYSTEM32\POWRPROF.dll
0x00007ffd0ac10000 - 0x00007ffd0ac37000 	C:\Windows\SYSTEM32\WINMM.dll
0x00007ffd14250000 - 0x00007ffd1425a000 	C:\Windows\SYSTEM32\VERSION.dll
0x00007ffd208f0000 - 0x00007ffd20902000 	C:\Windows\SYSTEM32\UMPDC.dll
0x00007ffd1e950000 - 0x00007ffd1e962000 	C:\Windows\SYSTEM32\kernel.appcore.dll
0x00007ffd19120000 - 0x00007ffd1912a000 	c:\Users\Armero\.vscode\extensions\redhat.java-1.42.0-win32-x64\jre\21.0.7-win32-x86_64\bin\jimage.dll
0x00007ffd13520000 - 0x00007ffd13721000 	C:\Windows\SYSTEM32\DBGHELP.DLL
0x00007ffd0ee20000 - 0x00007ffd0ee54000 	C:\Windows\SYSTEM32\dbgcore.DLL
0x00007ffd21190000 - 0x00007ffd21212000 	C:\Windows\System32\bcryptPrimitives.dll
0x00007ffd17e50000 - 0x00007ffd17e5f000 	c:\Users\Armero\.vscode\extensions\redhat.java-1.42.0-win32-x64\jre\21.0.7-win32-x86_64\bin\instrument.dll
0x00007ffd091a0000 - 0x00007ffd091bf000 	c:\Users\Armero\.vscode\extensions\redhat.java-1.42.0-win32-x64\jre\21.0.7-win32-x86_64\bin\java.dll
0x00007ffd22280000 - 0x00007ffd229ee000 	C:\Windows\System32\SHELL32.dll
0x00007ffd1eb50000 - 0x00007ffd1f2f3000 	C:\Windows\SYSTEM32\windows.storage.dll
0x00007ffd21c70000 - 0x00007ffd21fc3000 	C:\Windows\System32\combase.dll
0x00007ffd20410000 - 0x00007ffd2043b000 	C:\Windows\SYSTEM32\Wldp.dll
0x00007ffd22080000 - 0x00007ffd2214d000 	C:\Windows\System32\OLEAUT32.dll
0x00007ffd229f0000 - 0x00007ffd22a9d000 	C:\Windows\System32\SHCORE.dll
0x00007ffd22aa0000 - 0x00007ffd22af5000 	C:\Windows\System32\shlwapi.dll
0x00007ffd209e0000 - 0x00007ffd20a05000 	C:\Windows\SYSTEM32\profapi.dll
0x00007ffd090c0000 - 0x00007ffd090d8000 	c:\Users\Armero\.vscode\extensions\redhat.java-1.42.0-win32-x64\jre\21.0.7-win32-x86_64\bin\zip.dll
0x00007ffd0ad10000 - 0x00007ffd0ad20000 	C:\Users\Armero\.vscode\extensions\redhat.java-1.42.0-win32-x64\jre\21.0.7-win32-x86_64\bin\net.dll
0x00007ffd19b40000 - 0x00007ffd19c4a000 	C:\Windows\SYSTEM32\WINHTTP.dll
0x00007ffd20170000 - 0x00007ffd201dc000 	C:\Windows\system32\mswsock.dll
0x00007ffd090a0000 - 0x00007ffd090b6000 	C:\Users\Armero\.vscode\extensions\redhat.java-1.42.0-win32-x64\jre\21.0.7-win32-x86_64\bin\nio.dll
0x00007ffd0ac40000 - 0x00007ffd0ac50000 	c:\Users\Armero\.vscode\extensions\redhat.java-1.42.0-win32-x64\jre\21.0.7-win32-x86_64\bin\verify.dll
0x00007ffd036e0000 - 0x00007ffd03725000 	C:\Users\Armero\AppData\Roaming\Code\User\globalStorage\redhat.java\1.42.0\config_ss_win\org.eclipse.equinox.launcher\org.eclipse.equinox.launcher.win32.win32.x86_64_1.2.1300.v20250331-1702\eclipse_11911.dll
0x00007ffd22b80000 - 0x00007ffd22cab000 	C:\Windows\System32\ole32.dll
0x00007ffd20370000 - 0x00007ffd20388000 	C:\Windows\SYSTEM32\CRYPTSP.dll
0x00007ffd1fa90000 - 0x00007ffd1fac8000 	C:\Windows\system32\rsaenh.dll
0x00007ffd209a0000 - 0x00007ffd209ce000 	C:\Windows\SYSTEM32\USERENV.dll
0x00007ffd20360000 - 0x00007ffd2036c000 	C:\Windows\SYSTEM32\CRYPTBASE.dll
0x00007ffd1fe50000 - 0x00007ffd1fe8b000 	C:\Windows\SYSTEM32\IPHLPAPI.DLL
0x00007ffd22b70000 - 0x00007ffd22b78000 	C:\Windows\System32\NSI.dll
0x00007ffd0f380000 - 0x00007ffd0f3c9000 	C:\Users\Armero\AppData\Local\Temp\jna-1969524134\jna6583981619833654997.dll
0x00007ffd21990000 - 0x00007ffd21998000 	C:\Windows\System32\PSAPI.DLL

dbghelp: loaded successfully - version: 4.0.5 - missing functions: none
symbol engine: initialized successfully - sym options: 0x614 - pdb path: .;c:\Users\Armero\.vscode\extensions\redhat.java-1.42.0-win32-x64\jre\21.0.7-win32-x86_64\bin;C:\Windows\SYSTEM32;C:\Windows\WinSxS\amd64_microsoft.windows.common-controls_6595b64144ccf1df_6.0.19041.5794_none_60bcd33171f2783c;c:\Users\Armero\.vscode\extensions\redhat.java-1.42.0-win32-x64\jre\21.0.7-win32-x86_64\bin\server;C:\Users\Armero\AppData\Roaming\Code\User\globalStorage\redhat.java\1.42.0\config_ss_win\org.eclipse.equinox.launcher\org.eclipse.equinox.launcher.win32.win32.x86_64_1.2.1300.v20250331-1702;C:\Users\Armero\AppData\Local\Temp\jna-1969524134

VM Arguments:
jvm_args: --add-modules=ALL-SYSTEM --add-opens=java.base/java.util=ALL-UNNAMED --add-opens=java.base/java.lang=ALL-UNNAMED --add-opens=java.base/sun.nio.fs=ALL-UNNAMED -Declipse.application=org.eclipse.jdt.ls.core.id1 -Dosgi.bundles.defaultStartLevel=4 -Declipse.product=org.eclipse.jdt.ls.core.product -Djava.import.generatesMetadataFilesAtProjectRoot=false -DDetectVMInstallationsJob.disabled=true -Dfile.encoding=utf8 -XX:+UseParallelGC -XX:GCTimeRatio=4 -XX:AdaptiveSizePolicyWeight=90 -Dsun.zip.disableMemoryMapping=true -Xmx1G -Xms100m -Xlog:disable -javaagent:c:\Users\Armero\.vscode\extensions\redhat.java-1.42.0-win32-x64\lombok\lombok-1.18.36.jar 
java_command: c:\Users\Armero\.vscode\extensions\redhat.java-1.42.0-win32-x64\server\plugins\org.eclipse.equinox.launcher_1.7.0.v20250424-1814.jar -configuration c:\Users\Armero\AppData\Roaming\Code\User\globalStorage\redhat.java\1.42.0\config_ss_win -data c:\Users\Armero\AppData\Roaming\Code\User\workspaceStorage\0c7202c679faa2371a9ff1abec9e5f78\redhat.java\ss_ws --pipe=\\.\pipe\lsp-daf718d08e7e2a71f6e185a181b4d24a-sock
java_class_path (initial): c:\Users\Armero\.vscode\extensions\redhat.java-1.42.0-win32-x64\server\plugins\org.eclipse.equinox.launcher_1.7.0.v20250424-1814.jar
Launcher Type: SUN_STANDARD

[Global flags]
    uintx AdaptiveSizePolicyWeight                 = 90                                        {product} {command line}
     intx CICompilerCount                          = 3                                         {product} {ergonomic}
    uintx GCTimeRatio                              = 4                                         {product} {command line}
   size_t InitialHeapSize                          = 104857600                                 {product} {command line}
   size_t MaxHeapSize                              = 1073741824                                {product} {command line}
   size_t MaxNewSize                               = 357564416                                 {product} {ergonomic}
   size_t MinHeapDeltaBytes                        = 524288                                    {product} {ergonomic}
   size_t MinHeapSize                              = 104857600                                 {product} {command line}
   size_t NewSize                                  = 34603008                                  {product} {ergonomic}
    uintx NonNMethodCodeHeapSize                   = 5832780                                {pd product} {ergonomic}
    uintx NonProfiledCodeHeapSize                  = 122912730                              {pd product} {ergonomic}
   size_t OldSize                                  = 70254592                                  {product} {ergonomic}
    uintx ProfiledCodeHeapSize                     = 122912730                              {pd product} {ergonomic}
    uintx ReservedCodeCacheSize                    = 251658240                              {pd product} {ergonomic}
     bool SegmentedCodeCache                       = true                                      {product} {ergonomic}
   size_t SoftMaxHeapSize                          = 1073741824                             {manageable} {ergonomic}
     bool UseCompressedOops                        = true                           {product lp64_product} {ergonomic}
     bool UseLargePagesIndividualAllocation        = false                                  {pd product} {ergonomic}
     bool UseParallelGC                            = true                                      {product} {command line}

Logging:
Log output configuration:
 #0: stdout all=off uptime,level,tags foldmultilines=false
 #1: stderr all=off uptime,level,tags foldmultilines=false

Environment Variables:
JAVA_HOME=C:\Program Files\BellSoft\LibericaJDK-17\
PATH=C:\Program Files (x86)\VMware\VMware Workstation\bin\;C:\Program Files\BellSoft\LibericaJDK-17\bin\;C:\msys64\mingw64\bin;C:\Program Files\Common Files\Oracle\Java\javapath;C:\Windows\system32;C:\Windows;C:\Windows\System32\Wbem;C:\Windows\System32\WindowsPowerShell\v1.0\;C:\Windows\System32\OpenSSH\;C:\Program Files\Git\cmd;C:\Program Files\Microsoft SQL Server\150\Tools\Binn\;C:\Program Files\Microsoft SQL Server\Client SDK\ODBC\170\Tools\Binn\;C:\Program Files\dotnet\;C:\Program Files (x86)\Windows Kits\10\Windows Performance Toolkit\;C:\maven\bin;C:\Users\Armero\AppData\Local\Microsoft\WindowsApps;C:\Users\Armero\AppData\Local\Programs\Microsoft VS Code\bin;C:\Users\Armero\.dotnet\tools;C:\Program Files\JetBrains\IntelliJ IDEA 2024.2.1\bin;
USERNAME=Armero
OS=Windows_NT
PROCESSOR_IDENTIFIER=Intel64 Family 6 Model 42 Stepping 7, GenuineIntel
TMP=C:\Users\Armero\AppData\Local\Temp
TEMP=C:\Users\Armero\AppData\Local\Temp




Periodic native trim disabled

---------------  S Y S T E M  ---------------

OS:
 Windows 10 , 64 bit Build 19041 (10.0.19041.5794)
OS uptime: 0 days 2:08 hours

CPU: total 4 (initial active 4) (2 cores per cpu, 2 threads per core) family 6 model 42 stepping 7 microcode 0x2f, cx8, cmov, fxsr, ht, mmx, sse, sse2, sse3, ssse3, sse4.1, sse4.2, popcnt, tsc, tscinvbit, avx, clmul, vzeroupper, clflush, rdtscp
Processor Information for the first 4 processors :
  Max Mhz: 3300, Current Mhz: 3300, Mhz Limit: 3300

Memory: 4k page, system-wide physical 4008M (85M free)
TotalPageFile size 12200M (AvailPageFile size 0M)
current process WorkingSet (physical memory assigned to process): 138M, peak: 140M
current process commit charge ("private bytes"): 236M, peak: 237M

vm_info: OpenJDK 64-Bit Server VM (21.0.7+6-LTS) for windows-amd64 JRE (21.0.7+6-LTS), built on 2025-04-15T00:00:00Z by "admin" with MS VC++ 17.7 (VS2022)

END.
