#
# There is insufficient memory for the Java Runtime Environment to continue.
# Native memory allocation (mmap) failed to map 65536 bytes. Error detail: Failed to commit metaspace.
# Possible reasons:
#   The system is out of physical RAM or swap space
#   This process is running with CompressedOops enabled, and the Java Heap may be blocking the growth of the native heap
# Possible solutions:
#   Reduce memory load on the system
#   Increase physical memory or swap space
#   Check if swap backing store is full
#   Decrease Java heap size (-Xmx/-Xms)
#   Decrease number of Java threads
#   Decrease Java thread stack sizes (-Xss)
#   Set larger code cache with -XX:ReservedCodeCacheSize=
#   JVM is running with Unscaled Compressed Oops mode in which the Java heap is
#     placed in the first 4GB address space. The Java Heap base address is the
#     maximum limit for the native heap growth. Please use -XX:HeapBaseMinAddress
#     to set the Java Heap base and to place the Java Heap above 4GB virtual address.
# This output file may be truncated or incomplete.
#
#  Out of Memory Error (virtualSpaceNode.cpp:113), pid=4892, tid=9976
#
# JRE version: OpenJDK Runtime Environment Temurin-21.0.7+6 (21.0.7+6) (build 21.0.7+6-LTS)
# Java VM: OpenJDK 64-Bit Server VM Temurin-21.0.7+6 (21.0.7+6-LTS, mixed mode, emulated-client, sharing, tiered, compressed oops, compressed class ptrs, g1 gc, windows-amd64)
# No core dump will be written. Minidumps are not enabled by default on client versions of Windows
#

---------------  S U M M A R Y ------------

Command Line: -Dstdout.encoding=UTF-8 -Dstderr.encoding=UTF-8 -XX:TieredStopAtLevel=1 co.edu.unicauca.laboratorio_service.LaboratorioServiceApplication

Host: Intel(R) Core(TM) i3-2120 CPU @ 3.30GHz, 4 cores, 3G,  Windows 10 , 64 bit Build 19041 (10.0.19041.5794)
Time: Sun Jun  8 23:07:25 2025 Hora est. Pacífico, Sudamérica elapsed time: 1.194941 seconds (0d 0h 0m 1s)

---------------  T H R E A D  ---------------

Current thread (0x0000013a73cb1240):  JavaThread "main"             [_thread_in_vm, id=9976, stack(0x00000039e9500000,0x00000039e9600000) (1024K)]

Stack: [0x00000039e9500000,0x00000039e9600000]
Native frames: (J=compiled Java code, j=interpreted, Vv=VM code, C=native code)
V  [jvm.dll+0x6ce119]
V  [jvm.dll+0x8a84a1]
V  [jvm.dll+0x8aa9ce]
V  [jvm.dll+0x8ab0b3]
V  [jvm.dll+0x27f8a6]
V  [jvm.dll+0x8a41ee]
V  [jvm.dll+0x670575]
V  [jvm.dll+0x6705da]
V  [jvm.dll+0x672dc2]
V  [jvm.dll+0x672c92]
V  [jvm.dll+0x670f4e]
V  [jvm.dll+0x681f99]
V  [jvm.dll+0x67b3ce]
V  [jvm.dll+0x3d51b1]
C  0x0000013a0000b764

The last pc belongs to method entry point (kind = zerolocals) (printed below).
Java frames: (J=compiled Java code, j=interpreted, Vv=VM code)
j  java.lang.StackTraceElement.dropModuleVersion()Z+0 java.base@21.0.7
j  java.lang.StackTraceElement.toString()Ljava/lang/String;+145 java.base@21.0.7
j  java.lang.String.valueOf(Ljava/lang/Object;)Ljava/lang/String;+11 java.base@21.0.7
j  java.lang.StringBuilder.append(Ljava/lang/Object;)Ljava/lang/StringBuilder;+2 java.base@21.0.7
j  java.lang.Throwable.lockedPrintStackTrace(Ljava/lang/Throwable$PrintStreamOrWriter;)V+69 java.base@21.0.7
j  java.lang.Throwable.printStackTrace(Ljava/lang/Throwable$PrintStreamOrWriter;)V+23 java.base@21.0.7
j  java.lang.Throwable.printStackTrace(Ljava/io/PrintStream;)V+9 java.base@21.0.7
j  java.lang.ThreadGroup.uncaughtException(Ljava/lang/Thread;Ljava/lang/Throwable;)V+75 java.base@21.0.7
j  java.lang.ThreadGroup.uncaughtException(Ljava/lang/Thread;Ljava/lang/Throwable;)V+13 java.base@21.0.7
j  java.lang.Thread.dispatchUncaughtException(Ljava/lang/Throwable;)V+6 java.base@21.0.7
v  ~StubRoutines::call_stub 0x0000013a0000100d
method entry point (kind = zerolocals)  [0x0000013a0000b660, 0x0000013a0000b950]  752 bytes
[MachCode]
  0x0000013a0000b660: 488b 5308 | 0fb7 4a2e | 0fb7 522c | 2bd1 81fa | f501 0000 | 0f86 2500 | 0000 488b | c248 c1e0 
  0x0000013a0000b680: 0348 83c0 | 5849 0387 | c804 0000 | 483b e00f | 870a 0000 | 0058 498b | e550 e9e1 | afff ff58 
  0x0000013a0000b6a0: 4c8d 74cc | f885 d20f | 8e09 0000 | 0068 0000 | 0000 ffca | 7ff7 5055 | 488b ec41 | 5568 0000 
  0x0000013a0000b6c0: 0000 4c8b | 6b08 4d8d | 6d38 5348 | 8b53 0848 | 8b52 0848 | 8b52 1848 | 8b52 7048 | 8b12 5268 
  0x0000013a0000b6e0: 0000 0000 | 488b 5308 | 488b 5208 | 488b 5210 | 5249 8bc6 | 482b c548 | c1e8 0350 | 4155 6800 
  0x0000013a0000b700: 0000 0048 | 8924 2441 | c687 7104 | 0000 0148 | 8b43 1848 | 85c0 0f85 | b000 0000 | e805 0000 
  0x0000013a0000b720: 00e9 9900 | 0000 488b | d348 8d44 | 2408 4c89 | 6dc0 498b | cfc5 f877 | 4989 afa8 | 0300 0049 
  0x0000013a0000b740: 8987 9803 | 0000 4883 | ec20 40f6 | c40f 0f84 | 1900 0000 | 4883 ec08 | 48b8 9051 | f0f3 fc7f 
  0x0000013a0000b760: 0000 ffd0 | 4883 c408 | e90c 0000 | 0048 b890 | 51f0 f3fc | 7f00 00ff | d048 83c4 | 2049 c787 
  0x0000013a0000b780: 9803 0000 | 0000 0000 | 49c7 87a8 | 0300 0000 | 0000 0049 | c787 a003 | 0000 0000 | 0000 c5f8 
  0x0000013a0000b7a0: 7749 837f | 0800 0f84 | 0500 0000 | e94f 57ff | ff4c 8b6d | c04c 8b75 | c84e 8d74 | f500 c348 
  0x0000013a0000b7c0: 8b43 1848 | 85c0 0f84 | 1200 0000 | 8b48 0883 | c102 8948 | 0823 481c | 0f84 c200 | 0000 493b 
  0x0000013a0000b7e0: a7e0 0400 | 000f 8748 | 0000 0089 | 8424 00f0 | ffff 8984 | 2400 e0ff | ff89 8424 | 00d0 ffff 
  0x0000013a0000b800: 8984 2400 | c0ff ff89 | 8424 00b0 | ffff 8984 | 2400 a0ff | ff89 8424 | 0090 ffff | 8984 2400 
  0x0000013a0000b820: 80ff ff49 | 3ba7 d804 | 0000 7607 | 4989 a7e0 | 0400 0041 | c687 7104 | 0000 0049 | ba3d 5b7c 
  0x0000013a0000b840: f4fc 7f00 | 0041 803a | 000f 843e | 0000 0048 | 8b55 e849 | 8bcf 4883 | ec20 40f6 | c40f 0f84 
  0x0000013a0000b860: 1900 0000 | 4883 ec08 | 48b8 504b | 26f4 fc7f | 0000 ffd0 | 4883 c408 | e90c 0000 | 0048 b850 
  0x0000013a0000b880: 4b26 f4fc | 7f00 00ff | d048 83c4 | 2041 0fb6 | 5d00 49ba | b028 7ff4 | fc7f 0000 | 41ff 24da 
  0x0000013a0000b8a0: ba00 0000 | 00e8 0500 | 0000 e996 | 0000 0048 | 8d44 2408 | 4c89 6dc0 | 498b cfc5 | f877 4989 
  0x0000013a0000b8c0: afa8 0300 | 0049 8987 | 9803 0000 | 4883 ec20 | 40f6 c40f | 0f84 1900 | 0000 4883 | ec08 48b8 
  0x0000013a0000b8e0: 505c f0f3 | fc7f 0000 | ffd0 4883 | c408 e90c | 0000 0048 | b850 5cf0 | f3fc 7f00 | 00ff d048 
  0x0000013a0000b900: 83c4 2049 | c787 9803 | 0000 0000 | 0000 49c7 | 87a8 0300 | 0000 0000 | 0049 c787 | a003 0000 
  0x0000013a0000b920: 0000 0000 | c5f8 7749 | 837f 0800 | 0f84 0500 | 0000 e9c9 | 55ff ff4c | 8b6d c04c | 8b75 c84e 
  0x0000013a0000b940: 8d74 f500 | c348 8b5d | e8e9 90fe | ffff 6690 
[/MachCode]

---------------  P R O C E S S  ---------------

Threads class SMR info:
_java_thread_list=0x0000013a4a02cd60, length=10, elements={
0x0000013a73cb1240, 0x0000013a7fb80750, 0x0000013a7fb81610, 0x0000013a7fb824d0,
0x0000013a7fb84f40, 0x0000013a7fb879a0, 0x0000013a7fb8a400, 0x0000013a7fb8ae50,
0x0000013a4a0599b0, 0x0000013a4a0601f0
}

Java Threads: ( => current thread )
=>0x0000013a73cb1240 JavaThread "main"                              [_thread_in_vm, id=9976, stack(0x00000039e9500000,0x00000039e9600000) (1024K)]
  0x0000013a7fb80750 JavaThread "Reference Handler"          daemon [_thread_blocked, id=9252, stack(0x00000039e9e00000,0x00000039e9f00000) (1024K)]
  0x0000013a7fb81610 JavaThread "Finalizer"                  daemon [_thread_blocked, id=11516, stack(0x00000039e9f00000,0x00000039ea000000) (1024K)]
  0x0000013a7fb824d0 JavaThread "Signal Dispatcher"          daemon [_thread_blocked, id=11784, stack(0x00000039ea000000,0x00000039ea100000) (1024K)]
  0x0000013a7fb84f40 JavaThread "Attach Listener"            daemon [_thread_blocked, id=11736, stack(0x00000039ea100000,0x00000039ea200000) (1024K)]
  0x0000013a7fb879a0 JavaThread "Service Thread"             daemon [_thread_blocked, id=12412, stack(0x00000039ea200000,0x00000039ea300000) (1024K)]
  0x0000013a7fb8a400 JavaThread "Monitor Deflation Thread"   daemon [_thread_blocked, id=10372, stack(0x00000039ea300000,0x00000039ea400000) (1024K)]
  0x0000013a7fb8ae50 JavaThread "C1 CompilerThread0"         daemon [_thread_blocked, id=10100, stack(0x00000039ea400000,0x00000039ea500000) (1024K)]
  0x0000013a4a0599b0 JavaThread "Notification Thread"        daemon [_thread_blocked, id=6488, stack(0x00000039ea500000,0x00000039ea600000) (1024K)]
  0x0000013a4a0601f0 JavaThread "Common-Cleaner"             daemon [_thread_blocked, id=8492, stack(0x00000039ea600000,0x00000039ea700000) (1024K)]
Total: 10

Other Threads:
  0x0000013a75f3baf0 VMThread "VM Thread"                           [id=8312, stack(0x00000039e9d00000,0x00000039e9e00000) (1024K)] _threads_hazard_ptr=0x0000013a4a02cd60
  0x0000013a75f2dc30 WatcherThread "VM Periodic Task Thread"        [id=10676, stack(0x00000039e9c00000,0x00000039e9d00000) (1024K)]
  0x0000013a75eb1c10 WorkerThread "GC Thread#0"                     [id=7376, stack(0x00000039e9700000,0x00000039e9800000) (1024K)]
  0x0000013a75eba970 ConcurrentGCThread "G1 Main Marker"            [id=2272, stack(0x00000039e9800000,0x00000039e9900000) (1024K)]
  0x0000013a75ebb470 WorkerThread "G1 Conc#0"                       [id=1708, stack(0x00000039e9900000,0x00000039e9a00000) (1024K)]
  0x0000013a75f14770 ConcurrentGCThread "G1 Refine#0"               [id=10880, stack(0x00000039e9a00000,0x00000039e9b00000) (1024K)]
  0x0000013a75f16780 ConcurrentGCThread "G1 Service"                [id=13284, stack(0x00000039e9b00000,0x00000039e9c00000) (1024K)]
Total: 7

Threads with active compile tasks:
Total: 0

VM state: synchronizing (normal execution)

VM Mutex/Monitor currently owned by a thread:  ([mutex/lock_event])
[0x00007ffcf47dc308] Metaspace_lock - owner thread: 0x0000013a73cb1240
[0x00007ffcf47de308] Threads_lock - owner thread: 0x0000013a75f3baf0

OutOfMemory and StackOverflow Exception counts:
OutOfMemoryError java_heap_errors=1

Heap address: 0x00000000c1400000, size: 1004 MB, Compressed Oops mode: 32-bit

CDS archive(s) mapped at: [0x0000013a05000000-0x0000013a05c80000-0x0000013a05c80000), size 13107200, SharedBaseAddress: 0x0000013a05000000, ArchiveRelocationMode: 1.
Compressed class space mapped at: 0x0000013a06000000-0x0000013a46000000, reserved size: 1073741824
Narrow klass base: 0x0000013a05000000, Narrow klass shift: 0, Narrow klass range: 0x100000000

GC Precious Log:
 CardTable entry size: 512
 Card Set container configuration: InlinePtr #cards 5 size 8 Array Of Cards #cards 12 size 40 Howl #buckets 4 coarsen threshold 1843 Howl Bitmap #cards 512 size 80 coarsen threshold 460 Card regions per heap region 1 cards per card region 2048
 CPUs: 4 total, 4 available
 Memory: 4008M
 Large Page Support: Disabled
 NUMA Support: Disabled
 Compressed Oops: Enabled (32-bit)
 Heap Region Size: 1M
 Heap Min Capacity: 8M
 Heap Initial Capacity: 64M
 Heap Max Capacity: 1004M
 Pre-touch: Disabled
 Parallel Workers: 4
 Concurrent Workers: 1
 Concurrent Refinement Workers: 4
 Periodic GC: Disabled

Heap:
 garbage-first heap   total 65536K, used 1024K [0x00000000c1400000, 0x0000000100000000)
  region size 1024K, 2 young (2048K), 0 survivors (0K)
 Metaspace       used 141K, committed 320K, reserved 1114112K
  class space    used 12K, committed 128K, reserved 1048576K

Heap Regions: E=young(eden), S=young(survivor), O=old, HS=humongous(starts), HC=humongous(continues), CS=collection set, F=free, TAMS=top-at-mark-start, PB=parsable bottom
|   0|0x00000000c1400000, 0x00000000c1400000, 0x00000000c1500000|  0%| F|  |TAMS 0x00000000c1400000| PB 0x00000000c1400000| Untracked 
|   1|0x00000000c1500000, 0x00000000c1500000, 0x00000000c1600000|  0%| F|  |TAMS 0x00000000c1500000| PB 0x00000000c1500000| Untracked 
|   2|0x00000000c1600000, 0x00000000c1600000, 0x00000000c1700000|  0%| F|  |TAMS 0x00000000c1600000| PB 0x00000000c1600000| Untracked 
|   3|0x00000000c1700000, 0x00000000c1700000, 0x00000000c1800000|  0%| F|  |TAMS 0x00000000c1700000| PB 0x00000000c1700000| Untracked 
|   4|0x00000000c1800000, 0x00000000c1800000, 0x00000000c1900000|  0%| F|  |TAMS 0x00000000c1800000| PB 0x00000000c1800000| Untracked 
|   5|0x00000000c1900000, 0x00000000c1900000, 0x00000000c1a00000|  0%| F|  |TAMS 0x00000000c1900000| PB 0x00000000c1900000| Untracked 
|   6|0x00000000c1a00000, 0x00000000c1a00000, 0x00000000c1b00000|  0%| F|  |TAMS 0x00000000c1a00000| PB 0x00000000c1a00000| Untracked 
|   7|0x00000000c1b00000, 0x00000000c1b00000, 0x00000000c1c00000|  0%| F|  |TAMS 0x00000000c1b00000| PB 0x00000000c1b00000| Untracked 
|   8|0x00000000c1c00000, 0x00000000c1c00000, 0x00000000c1d00000|  0%| F|  |TAMS 0x00000000c1c00000| PB 0x00000000c1c00000| Untracked 
|   9|0x00000000c1d00000, 0x00000000c1d00000, 0x00000000c1e00000|  0%| F|  |TAMS 0x00000000c1d00000| PB 0x00000000c1d00000| Untracked 
|  10|0x00000000c1e00000, 0x00000000c1e00000, 0x00000000c1f00000|  0%| F|  |TAMS 0x00000000c1e00000| PB 0x00000000c1e00000| Untracked 
|  11|0x00000000c1f00000, 0x00000000c1f00000, 0x00000000c2000000|  0%| F|  |TAMS 0x00000000c1f00000| PB 0x00000000c1f00000| Untracked 
|  12|0x00000000c2000000, 0x00000000c2000000, 0x00000000c2100000|  0%| F|  |TAMS 0x00000000c2000000| PB 0x00000000c2000000| Untracked 
|  13|0x00000000c2100000, 0x00000000c2100000, 0x00000000c2200000|  0%| F|  |TAMS 0x00000000c2100000| PB 0x00000000c2100000| Untracked 
|  14|0x00000000c2200000, 0x00000000c2200000, 0x00000000c2300000|  0%| F|  |TAMS 0x00000000c2200000| PB 0x00000000c2200000| Untracked 
|  15|0x00000000c2300000, 0x00000000c2300000, 0x00000000c2400000|  0%| F|  |TAMS 0x00000000c2300000| PB 0x00000000c2300000| Untracked 
|  16|0x00000000c2400000, 0x00000000c2400000, 0x00000000c2500000|  0%| F|  |TAMS 0x00000000c2400000| PB 0x00000000c2400000| Untracked 
|  17|0x00000000c2500000, 0x00000000c2500000, 0x00000000c2600000|  0%| F|  |TAMS 0x00000000c2500000| PB 0x00000000c2500000| Untracked 
|  18|0x00000000c2600000, 0x00000000c2600000, 0x00000000c2700000|  0%| F|  |TAMS 0x00000000c2600000| PB 0x00000000c2600000| Untracked 
|  19|0x00000000c2700000, 0x00000000c2700000, 0x00000000c2800000|  0%| F|  |TAMS 0x00000000c2700000| PB 0x00000000c2700000| Untracked 
|  20|0x00000000c2800000, 0x00000000c2800000, 0x00000000c2900000|  0%| F|  |TAMS 0x00000000c2800000| PB 0x00000000c2800000| Untracked 
|  21|0x00000000c2900000, 0x00000000c2900000, 0x00000000c2a00000|  0%| F|  |TAMS 0x00000000c2900000| PB 0x00000000c2900000| Untracked 
|  22|0x00000000c2a00000, 0x00000000c2a00000, 0x00000000c2b00000|  0%| F|  |TAMS 0x00000000c2a00000| PB 0x00000000c2a00000| Untracked 
|  23|0x00000000c2b00000, 0x00000000c2b00000, 0x00000000c2c00000|  0%| F|  |TAMS 0x00000000c2b00000| PB 0x00000000c2b00000| Untracked 
|  24|0x00000000c2c00000, 0x00000000c2c00000, 0x00000000c2d00000|  0%| F|  |TAMS 0x00000000c2c00000| PB 0x00000000c2c00000| Untracked 
|  25|0x00000000c2d00000, 0x00000000c2d00000, 0x00000000c2e00000|  0%| F|  |TAMS 0x00000000c2d00000| PB 0x00000000c2d00000| Untracked 
|  26|0x00000000c2e00000, 0x00000000c2e00000, 0x00000000c2f00000|  0%| F|  |TAMS 0x00000000c2e00000| PB 0x00000000c2e00000| Untracked 
|  27|0x00000000c2f00000, 0x00000000c2f00000, 0x00000000c3000000|  0%| F|  |TAMS 0x00000000c2f00000| PB 0x00000000c2f00000| Untracked 
|  28|0x00000000c3000000, 0x00000000c3000000, 0x00000000c3100000|  0%| F|  |TAMS 0x00000000c3000000| PB 0x00000000c3000000| Untracked 
|  29|0x00000000c3100000, 0x00000000c3100000, 0x00000000c3200000|  0%| F|  |TAMS 0x00000000c3100000| PB 0x00000000c3100000| Untracked 
|  30|0x00000000c3200000, 0x00000000c3200000, 0x00000000c3300000|  0%| F|  |TAMS 0x00000000c3200000| PB 0x00000000c3200000| Untracked 
|  31|0x00000000c3300000, 0x00000000c3300000, 0x00000000c3400000|  0%| F|  |TAMS 0x00000000c3300000| PB 0x00000000c3300000| Untracked 
|  32|0x00000000c3400000, 0x00000000c3400000, 0x00000000c3500000|  0%| F|  |TAMS 0x00000000c3400000| PB 0x00000000c3400000| Untracked 
|  33|0x00000000c3500000, 0x00000000c3500000, 0x00000000c3600000|  0%| F|  |TAMS 0x00000000c3500000| PB 0x00000000c3500000| Untracked 
|  34|0x00000000c3600000, 0x00000000c3600000, 0x00000000c3700000|  0%| F|  |TAMS 0x00000000c3600000| PB 0x00000000c3600000| Untracked 
|  35|0x00000000c3700000, 0x00000000c3700000, 0x00000000c3800000|  0%| F|  |TAMS 0x00000000c3700000| PB 0x00000000c3700000| Untracked 
|  36|0x00000000c3800000, 0x00000000c3800000, 0x00000000c3900000|  0%| F|  |TAMS 0x00000000c3800000| PB 0x00000000c3800000| Untracked 
|  37|0x00000000c3900000, 0x00000000c3900000, 0x00000000c3a00000|  0%| F|  |TAMS 0x00000000c3900000| PB 0x00000000c3900000| Untracked 
|  38|0x00000000c3a00000, 0x00000000c3a00000, 0x00000000c3b00000|  0%| F|  |TAMS 0x00000000c3a00000| PB 0x00000000c3a00000| Untracked 
|  39|0x00000000c3b00000, 0x00000000c3b00000, 0x00000000c3c00000|  0%| F|  |TAMS 0x00000000c3b00000| PB 0x00000000c3b00000| Untracked 
|  40|0x00000000c3c00000, 0x00000000c3c00000, 0x00000000c3d00000|  0%| F|  |TAMS 0x00000000c3c00000| PB 0x00000000c3c00000| Untracked 
|  41|0x00000000c3d00000, 0x00000000c3d00000, 0x00000000c3e00000|  0%| F|  |TAMS 0x00000000c3d00000| PB 0x00000000c3d00000| Untracked 
|  42|0x00000000c3e00000, 0x00000000c3e00000, 0x00000000c3f00000|  0%| F|  |TAMS 0x00000000c3e00000| PB 0x00000000c3e00000| Untracked 
|  43|0x00000000c3f00000, 0x00000000c3f00000, 0x00000000c4000000|  0%| F|  |TAMS 0x00000000c3f00000| PB 0x00000000c3f00000| Untracked 
|  44|0x00000000c4000000, 0x00000000c4000000, 0x00000000c4100000|  0%| F|  |TAMS 0x00000000c4000000| PB 0x00000000c4000000| Untracked 
|  45|0x00000000c4100000, 0x00000000c4100000, 0x00000000c4200000|  0%| F|  |TAMS 0x00000000c4100000| PB 0x00000000c4100000| Untracked 
|  46|0x00000000c4200000, 0x00000000c4200000, 0x00000000c4300000|  0%| F|  |TAMS 0x00000000c4200000| PB 0x00000000c4200000| Untracked 
|  47|0x00000000c4300000, 0x00000000c4300000, 0x00000000c4400000|  0%| F|  |TAMS 0x00000000c4300000| PB 0x00000000c4300000| Untracked 
|  48|0x00000000c4400000, 0x00000000c4400000, 0x00000000c4500000|  0%| F|  |TAMS 0x00000000c4400000| PB 0x00000000c4400000| Untracked 
|  49|0x00000000c4500000, 0x00000000c4500000, 0x00000000c4600000|  0%| F|  |TAMS 0x00000000c4500000| PB 0x00000000c4500000| Untracked 
|  50|0x00000000c4600000, 0x00000000c4600000, 0x00000000c4700000|  0%| F|  |TAMS 0x00000000c4600000| PB 0x00000000c4600000| Untracked 
|  51|0x00000000c4700000, 0x00000000c4700000, 0x00000000c4800000|  0%| F|  |TAMS 0x00000000c4700000| PB 0x00000000c4700000| Untracked 
|  52|0x00000000c4800000, 0x00000000c4800000, 0x00000000c4900000|  0%| F|  |TAMS 0x00000000c4800000| PB 0x00000000c4800000| Untracked 
|  53|0x00000000c4900000, 0x00000000c4900000, 0x00000000c4a00000|  0%| F|  |TAMS 0x00000000c4900000| PB 0x00000000c4900000| Untracked 
|  54|0x00000000c4a00000, 0x00000000c4a00000, 0x00000000c4b00000|  0%| F|  |TAMS 0x00000000c4a00000| PB 0x00000000c4a00000| Untracked 
|  55|0x00000000c4b00000, 0x00000000c4b00000, 0x00000000c4c00000|  0%| F|  |TAMS 0x00000000c4b00000| PB 0x00000000c4b00000| Untracked 
|  56|0x00000000c4c00000, 0x00000000c4c00000, 0x00000000c4d00000|  0%| F|  |TAMS 0x00000000c4c00000| PB 0x00000000c4c00000| Untracked 
|  57|0x00000000c4d00000, 0x00000000c4d00000, 0x00000000c4e00000|  0%| F|  |TAMS 0x00000000c4d00000| PB 0x00000000c4d00000| Untracked 
|  58|0x00000000c4e00000, 0x00000000c4e00000, 0x00000000c4f00000|  0%| F|  |TAMS 0x00000000c4e00000| PB 0x00000000c4e00000| Untracked 
|  59|0x00000000c4f00000, 0x00000000c4f00000, 0x00000000c5000000|  0%| F|  |TAMS 0x00000000c4f00000| PB 0x00000000c4f00000| Untracked 
|  60|0x00000000c5000000, 0x00000000c5000000, 0x00000000c5100000|  0%| F|  |TAMS 0x00000000c5000000| PB 0x00000000c5000000| Untracked 
|  61|0x00000000c5100000, 0x00000000c5100000, 0x00000000c5200000|  0%| F|  |TAMS 0x00000000c5100000| PB 0x00000000c5100000| Untracked 
|  62|0x00000000c5200000, 0x00000000c52c7bf0, 0x00000000c5300000| 78%| E|  |TAMS 0x00000000c5200000| PB 0x00000000c5200000| Complete 
|  63|0x00000000c5300000, 0x00000000c5400000, 0x00000000c5400000|100%| E|CS|TAMS 0x00000000c5300000| PB 0x00000000c5300000| Complete 

Card table byte_map: [0x0000013a7e570000,0x0000013a7e770000] _byte_map_base: 0x0000013a7df66000

Marking Bits: (CMBitMap*) 0x0000013a75eb2310
 Bits: [0x0000013a7e770000, 0x0000013a7f720000)

Polling page: 0x0000013a73c00000

Metaspace:

Usage:
  Non-class:    128.94 KB used.
      Class:     12.70 KB used.
       Both:    141.63 KB used.

Virtual space:
  Non-class space:       64.00 MB reserved,     192.00 KB ( <1%) committed,  1 nodes.
      Class space:        1.00 GB reserved,     128.00 KB ( <1%) committed,  1 nodes.
             Both:        1.06 GB reserved,     320.00 KB ( <1%) committed. 

Chunk freelists:
   Non-Class:  12.00 MB
       Class:  15.75 MB
        Both:  27.74 MB

MaxMetaspaceSize: unlimited
CompressedClassSpaceSize: 1.00 GB
Initial GC threshold: 21.00 MB
Current GC threshold: 21.00 MB
CDS: on
 - commit_granule_bytes: 65536.
 - commit_granule_words: 8192.
 - virtual_space_node_default_size: 8388608.
 - enlarge_chunks_in_place: 1.
 - use_allocation_guard: 0.


Internal statistics:

num_allocs_failed_limit: 0.
num_arena_births: 4.
num_arena_deaths: 0.
num_vsnodes_births: 2.
num_vsnodes_deaths: 0.
num_space_committed: 5.
num_space_uncommitted: 0.
num_chunks_returned_to_freelist: 0.
num_chunks_taken_from_freelist: 5.
num_chunk_merges: 0.
num_chunk_splits: 3.
num_chunks_enlarged: 0.
num_inconsistent_stats: 0.

CodeCache: size=49152Kb used=1267Kb max_used=1267Kb free=47884Kb
 bounds [0x0000013a00000000, 0x0000013a00270000, 0x0000013a03000000]
 total_blobs=437 nmethods=122 adapters=240
 compilation: enabled
              stopped_count=0, restarted_count=0
 full_count=0

Compilation events (20 events):
Event: 0.983 Thread 0x0000013a7fb8ae50  113       1       java.util.Arrays::copyOfRange (25 bytes)
Event: 0.983 Thread 0x0000013a7fb8ae50 nmethod 113 0x0000013a00138a90 code [0x0000013a00138cc0, 0x0000013a001391e8]
Event: 0.984 Thread 0x0000013a7fb8ae50  114       1       sun.nio.fs.WindowsPathParser::isSlash (18 bytes)
Event: 0.984 Thread 0x0000013a7fb8ae50 nmethod 114 0x0000013a00139490 code [0x0000013a00139620, 0x0000013a001396e8]
Event: 0.984 Thread 0x0000013a7fb8ae50  115       1       sun.nio.fs.WindowsPathParser::isInvalidPathChar (22 bytes)
Event: 0.984 Thread 0x0000013a7fb8ae50 nmethod 115 0x0000013a00139790 code [0x0000013a00139940, 0x0000013a00139a30]
Event: 0.984 Thread 0x0000013a7fb8ae50  116       1       java.lang.CharacterDataLatin1::toLowerCase (44 bytes)
Event: 0.984 Thread 0x0000013a7fb8ae50 nmethod 116 0x0000013a00139b10 code [0x0000013a00139cc0, 0x0000013a00139e20]
Event: 1.006 Thread 0x0000013a7fb8ae50  117       1       java.util.zip.ZipUtils::LG (22 bytes)
Event: 1.007 Thread 0x0000013a7fb8ae50 nmethod 117 0x0000013a00139e90 code [0x0000013a0013a020, 0x0000013a0013a158]
Event: 1.007 Thread 0x0000013a7fb8ae50  118       1       java.util.zip.ZipUtils::CENNAM (9 bytes)
Event: 1.007 Thread 0x0000013a7fb8ae50 nmethod 118 0x0000013a0013a210 code [0x0000013a0013a3a0, 0x0000013a0013a4a8]
Event: 1.007 Thread 0x0000013a7fb8ae50  119       1       java.util.zip.ZipFile$Source::zipCoderForPos (39 bytes)
Event: 1.007 Thread 0x0000013a7fb8ae50 nmethod 119 0x0000013a0013a590 code [0x0000013a0013a740, 0x0000013a0013a940]
Event: 1.007 Thread 0x0000013a7fb8ae50  120       1       java.util.zip.ZipUtils::CENHOW (9 bytes)
Event: 1.007 Thread 0x0000013a7fb8ae50 nmethod 120 0x0000013a0013aa90 code [0x0000013a0013ac20, 0x0000013a0013ad28]
Event: 1.007 Thread 0x0000013a7fb8ae50  121       1       java.util.zip.ZipUtils::CENFLG (9 bytes)
Event: 1.007 Thread 0x0000013a7fb8ae50 nmethod 121 0x0000013a0013ae10 code [0x0000013a0013afa0, 0x0000013a0013b0a8]
Event: 1.007 Thread 0x0000013a7fb8ae50  122   !   1       java.util.zip.ZipFile$Source::checkAndAddEntry (295 bytes)
Event: 1.009 Thread 0x0000013a7fb8ae50 nmethod 122 0x0000013a0013b190 code [0x0000013a0013b460, 0x0000013a0013bed0]

GC Heap History (0 events):
No events

Dll operation events (4 events):
Event: 0.075 Loaded shared library C:\Users\Armero\AppData\Roaming\Code\User\globalStorage\pleiades.java-extension-pack-jdk\java\21\bin\java.dll
Event: 0.930 Loaded shared library C:\Users\Armero\AppData\Roaming\Code\User\globalStorage\pleiades.java-extension-pack-jdk\java\21\bin\net.dll
Event: 0.971 Loaded shared library C:\Users\Armero\AppData\Roaming\Code\User\globalStorage\pleiades.java-extension-pack-jdk\java\21\bin\nio.dll
Event: 0.980 Loaded shared library C:\Users\Armero\AppData\Roaming\Code\User\globalStorage\pleiades.java-extension-pack-jdk\java\21\bin\zip.dll

Deoptimization events (0 events):
No events

Classes loaded (20 events):
Event: 0.462 Loading class sun/nio/cs/UTF_8$Encoder
Event: 0.462 Loading class sun/nio/cs/UTF_8$Encoder done
Event: 0.912 Loading class jdk/internal/vm/PostVMInitHook
Event: 0.912 Loading class jdk/internal/vm/PostVMInitHook done
Event: 0.913 Loading class jdk/internal/loader/URLClassPath$FileLoader
Event: 0.913 Loading class jdk/internal/loader/URLClassPath$FileLoader done
Event: 0.915 Loading class jdk/internal/loader/URLClassPath$FileLoader$1
Event: 0.915 Loading class jdk/internal/loader/URLClassPath$FileLoader$1 done
Event: 1.007 Loading class java/util/zip/DataFormatException
Event: 1.085 Loading class java/util/zip/DataFormatException done
Event: 1.085 Loading class java/io/IOException
Event: 1.085 Loading class java/io/IOException done
Event: 1.085 Loading class java/lang/SecurityException
Event: 1.085 Loading class java/lang/SecurityException done
Event: 1.086 Loading class java/lang/Throwable$WrappedPrintStream
Event: 1.179 Loading class java/lang/Throwable$PrintStreamOrWriter
Event: 1.179 Loading class java/lang/Throwable$PrintStreamOrWriter done
Event: 1.179 Loading class java/lang/Throwable$WrappedPrintStream done
Event: 1.180 Loading class java/lang/StackTraceElement$HashedModules
Event: 1.180 Loading class java/lang/StackTraceElement$HashedModules done

Classes unloaded (0 events):
No events

Classes redefined (0 events):
No events

Internal exceptions (1 events):
Event: 1.007 Thread 0x0000013a73cb1240 Exception <a 'java/lang/OutOfMemoryError'{0x00000000c5280b18}> (0x00000000c5280b18) 
thrown [s\src\hotspot\share\prims\jni.cpp, line 539]

ZGC Phase Switch (0 events):
No events

VM Operations (0 events):
No events

Memory protections (0 events):
No events

Nmethod flushes (0 events):
No events

Events (10 events):
Event: 0.142 Thread 0x0000013a73cb1240 Thread added: 0x0000013a73cb1240
Event: 0.465 Thread 0x0000013a73cb1240 Thread added: 0x0000013a7fb80750
Event: 0.465 Thread 0x0000013a73cb1240 Thread added: 0x0000013a7fb81610
Event: 0.466 Thread 0x0000013a73cb1240 Thread added: 0x0000013a7fb824d0
Event: 0.466 Thread 0x0000013a73cb1240 Thread added: 0x0000013a7fb84f40
Event: 0.478 Thread 0x0000013a73cb1240 Thread added: 0x0000013a7fb879a0
Event: 0.478 Thread 0x0000013a73cb1240 Thread added: 0x0000013a7fb8a400
Event: 0.478 Thread 0x0000013a73cb1240 Thread added: 0x0000013a7fb8ae50
Event: 0.911 Thread 0x0000013a73cb1240 Thread added: 0x0000013a4a0599b0
Event: 0.917 Thread 0x0000013a73cb1240 Thread added: 0x0000013a4a0601f0


Dynamic libraries:
0x00007ff630b50000 - 0x00007ff630b5e000 	C:\Users\Armero\AppData\Roaming\Code\User\globalStorage\pleiades.java-extension-pack-jdk\java\21\bin\java.exe
0x00007ffd23410000 - 0x00007ffd23608000 	C:\Windows\SYSTEM32\ntdll.dll
0x00007ffd21ac0000 - 0x00007ffd21b82000 	C:\Windows\System32\KERNEL32.DLL
0x00007ffd20d30000 - 0x00007ffd21026000 	C:\Windows\System32\KERNELBASE.dll
0x00007ffd21340000 - 0x00007ffd21440000 	C:\Windows\System32\ucrtbase.dll
0x00007ffd1a2a0000 - 0x00007ffd1a2b8000 	C:\Users\Armero\AppData\Roaming\Code\User\globalStorage\pleiades.java-extension-pack-jdk\java\21\bin\jli.dll
0x00007ffd215a0000 - 0x00007ffd2173d000 	C:\Windows\System32\USER32.dll
0x00007ffd21220000 - 0x00007ffd21242000 	C:\Windows\System32\win32u.dll
0x00007ffd22b40000 - 0x00007ffd22b6b000 	C:\Windows\System32\GDI32.dll
0x00007ffd20ab0000 - 0x00007ffd20bca000 	C:\Windows\System32\gdi32full.dll
0x00007ffd21250000 - 0x00007ffd212ed000 	C:\Windows\System32\msvcp_win.dll
0x00007ffd19890000 - 0x00007ffd198ae000 	C:\Users\Armero\AppData\Roaming\Code\User\globalStorage\pleiades.java-extension-pack-jdk\java\21\bin\VCRUNTIME140.dll
0x00007ffd13050000 - 0x00007ffd132ea000 	C:\Windows\WinSxS\amd64_microsoft.windows.common-controls_6595b64144ccf1df_6.0.19041.5794_none_60bcd33171f2783c\COMCTL32.dll
0x00007ffd22df0000 - 0x00007ffd22e8e000 	C:\Windows\System32\msvcrt.dll
0x00007ffd22b00000 - 0x00007ffd22b2f000 	C:\Windows\System32\IMM32.DLL
0x00007ffd1d7b0000 - 0x00007ffd1d7bc000 	C:\Users\Armero\AppData\Roaming\Code\User\globalStorage\pleiades.java-extension-pack-jdk\java\21\bin\vcruntime140_1.dll
0x00007ffd05250000 - 0x00007ffd052dd000 	C:\Users\Armero\AppData\Roaming\Code\User\globalStorage\pleiades.java-extension-pack-jdk\java\21\bin\msvcp140.dll
0x00007ffcf3b30000 - 0x00007ffcf48c0000 	C:\Users\Armero\AppData\Roaming\Code\User\globalStorage\pleiades.java-extension-pack-jdk\java\21\bin\server\jvm.dll
0x00007ffd22cb0000 - 0x00007ffd22d5f000 	C:\Windows\System32\ADVAPI32.dll
0x00007ffd21500000 - 0x00007ffd2159f000 	C:\Windows\System32\sechost.dll
0x00007ffd22150000 - 0x00007ffd22273000 	C:\Windows\System32\RPCRT4.dll
0x00007ffd20bd0000 - 0x00007ffd20bf7000 	C:\Windows\System32\bcrypt.dll
0x00007ffd23300000 - 0x00007ffd2336b000 	C:\Windows\System32\WS2_32.dll
0x00007ffd20910000 - 0x00007ffd2095b000 	C:\Windows\SYSTEM32\POWRPROF.dll
0x00007ffd0ac10000 - 0x00007ffd0ac37000 	C:\Windows\SYSTEM32\WINMM.dll
0x00007ffd14250000 - 0x00007ffd1425a000 	C:\Windows\SYSTEM32\VERSION.dll
0x00007ffd208f0000 - 0x00007ffd20902000 	C:\Windows\SYSTEM32\UMPDC.dll
0x00007ffd1e950000 - 0x00007ffd1e962000 	C:\Windows\SYSTEM32\kernel.appcore.dll
0x00007ffd19880000 - 0x00007ffd1988a000 	C:\Users\Armero\AppData\Roaming\Code\User\globalStorage\pleiades.java-extension-pack-jdk\java\21\bin\jimage.dll
0x00007ffd13520000 - 0x00007ffd13721000 	C:\Windows\SYSTEM32\DBGHELP.DLL
0x00007ffd0ee20000 - 0x00007ffd0ee54000 	C:\Windows\SYSTEM32\dbgcore.DLL
0x00007ffd21190000 - 0x00007ffd21212000 	C:\Windows\System32\bcryptPrimitives.dll
0x00007ffd196a0000 - 0x00007ffd196bf000 	C:\Users\Armero\AppData\Roaming\Code\User\globalStorage\pleiades.java-extension-pack-jdk\java\21\bin\java.dll
0x00007ffd22280000 - 0x00007ffd229ee000 	C:\Windows\System32\SHELL32.dll
0x00007ffd1eb50000 - 0x00007ffd1f2f3000 	C:\Windows\SYSTEM32\windows.storage.dll
0x00007ffd21c70000 - 0x00007ffd21fc3000 	C:\Windows\System32\combase.dll
0x00007ffd20410000 - 0x00007ffd2043b000 	C:\Windows\SYSTEM32\Wldp.dll
0x00007ffd22080000 - 0x00007ffd2214d000 	C:\Windows\System32\OLEAUT32.dll
0x00007ffd229f0000 - 0x00007ffd22a9d000 	C:\Windows\System32\SHCORE.dll
0x00007ffd22aa0000 - 0x00007ffd22af5000 	C:\Windows\System32\shlwapi.dll
0x00007ffd209e0000 - 0x00007ffd20a05000 	C:\Windows\SYSTEM32\profapi.dll
0x00007ffd19690000 - 0x00007ffd196a0000 	C:\Users\Armero\AppData\Roaming\Code\User\globalStorage\pleiades.java-extension-pack-jdk\java\21\bin\net.dll
0x00007ffd19b40000 - 0x00007ffd19c4a000 	C:\Windows\SYSTEM32\WINHTTP.dll
0x00007ffd20170000 - 0x00007ffd201dc000 	C:\Windows\system32\mswsock.dll
0x00007ffd19630000 - 0x00007ffd19646000 	C:\Users\Armero\AppData\Roaming\Code\User\globalStorage\pleiades.java-extension-pack-jdk\java\21\bin\nio.dll
0x00007ffd19220000 - 0x00007ffd19238000 	C:\Users\Armero\AppData\Roaming\Code\User\globalStorage\pleiades.java-extension-pack-jdk\java\21\bin\zip.dll

dbghelp: loaded successfully - version: 4.0.5 - missing functions: none
symbol engine: initialized successfully - sym options: 0x614 - pdb path: .;C:\Users\Armero\AppData\Roaming\Code\User\globalStorage\pleiades.java-extension-pack-jdk\java\21\bin;C:\Windows\SYSTEM32;C:\Windows\WinSxS\amd64_microsoft.windows.common-controls_6595b64144ccf1df_6.0.19041.5794_none_60bcd33171f2783c;C:\Users\Armero\AppData\Roaming\Code\User\globalStorage\pleiades.java-extension-pack-jdk\java\21\bin\server

VM Arguments:
jvm_args: -Dstdout.encoding=UTF-8 -Dstderr.encoding=UTF-8 -XX:TieredStopAtLevel=1 
java_command: co.edu.unicauca.laboratorio_service.LaboratorioServiceApplication
java_class_path (initial): C:\Users\Armero\Documents\FinalDistribuidos\laboratorio_service\target\classes;C:\Users\Armero\.m2\repository\org\springframework\data\spring-data-rest-webmvc\4.3.13-SNAPSHOT\spring-data-rest-webmvc-4.3.13-SNAPSHOT.jar;C:\Users\Armero\.m2\repository\org\springframework\data\spring-data-rest-core\4.3.13-SNAPSHOT\spring-data-rest-core-4.3.13-SNAPSHOT.jar;C:\Users\Armero\.m2\repository\org\springframework\spring-tx\6.1.21-SNAPSHOT\spring-tx-6.1.21-SNAPSHOT.jar;C:\Users\Armero\.m2\repository\org\springframework\hateoas\spring-hateoas\2.3.4\spring-hateoas-2.3.4.jar;C:\Users\Armero\.m2\repository\org\springframework\data\spring-data-commons\3.3.13-SNAPSHOT\spring-data-commons-3.3.13-SNAPSHOT.jar;C:\Users\Armero\.m2\repository\org\springframework\plugin\spring-plugin-core\3.0.0\spring-plugin-core-3.0.0.jar;C:\Users\Armero\.m2\repository\org\atteo\evo-inflector\1.3\evo-inflector-1.3.jar;C:\Users\Armero\.m2\repository\com\fasterxml\jackson\core\jackson-databind\2.17.3\jackson-databind-2.17.3.jar;C:\Users\Armero\.m2\repository\com\fasterxml\jackson\core\jackson-core\2.17.3\jackson-core-2.17.3.jar;C:\Users\Armero\.m2\repository\com\fasterxml\jackson\core\jackson-annotations\2.17.3\jackson-annotations-2.17.3.jar;C:\Users\Armero\.m2\repository\org\slf4j\slf4j-api\2.0.17\slf4j-api-2.0.17.jar;C:\Users\Armero\.m2\repository\org\springframework\boot\spring-boot\3.3.13-SNAPSHOT\spring-boot-3.3.13-SNAPSHOT.jar;C:\Users\Armero\.m2\repository\org\springframework\boot\spring-boot-autoconfigure\3.3.13-SNAPSHOT\spring-boot-autoconfigure-3.3.13-SNAPSHOT.jar;C:\Users\Armero\.m2\repository\ch\qos\logback\logback-classic\1.5.18\logback-classic-1.5.18.jar;C:\Users\Armero\.m2\repository\ch\qos\logback\logback-core\1.5.18\logback-core-1.5.18.jar;C:\Users\Armero\.m2\repository\org\apache\logging\log4j\log4j-to-slf4j\2.23.1\log4j-to-slf4j-2.23.1.jar;C:\Users\Armero\.m2\repository\org\apache\logging\log4j\log4j-api\2.23.1\log4j-api-2.23.1.jar;C:\Users\Armero\.m2\repository\org\slf4j\jul-to-slf4j\2.0.17\jul-to-slf4j-2.0.17.jar;C:\Users\Armero\.m2\repository\jakarta\annotation\jakarta.annotation-api\2.1.1\jakarta.annotation-api-2.1.1.jar;C:\Users\Armero\.m2\repository\org\yaml\snakeyaml\2.2\snakeyaml-2.2.jar;C:\Users\Armero\.m2\repository\com\fasterxml\jackson\datatype\jackson-datatype-jdk8\2.17.3\jackson-datatype-jdk8-2.17.3.jar;C:\Users\Armero\.m2\repository\com\fasterxml\jackson\datatype\jackson-datatype-jsr310\2.17.3\jackson-datatype-jsr310-2.17.3.jar;C:\Users\Armero\.m2\repository\com\fasterxml\jackson\module\jackson-module-parameter-names\2.17.3\jackson-module-parameter-names-2.17.3.jar;C:\Users\Armero\.m2\repository\org\apache\tomcat\embed\tomcat-embed-core\10.1.41\tomcat-embed-core-10.1.41.jar;C:\Users\Armero\.m2\repository\org\apache\tomcat\embed\tomcat-embed-el\10.1.41\tomcat-embed-el-10.1.41.jar;C:\Users\Armero\.m2\repository\org\apache\tomcat\embed\tomcat-embed-websocket\10.1.41\tomcat-embed-websocket-10.1.41.jar;C:\Users\Armero\.m2\repository\org\springframework\spring-web\6.1.21-SNAPSHOT\spring-web-6.1.21-SNAPSHOT.jar;C:\Users\Armero\.m2\repository\org\springframework\spring-beans\6.1.21-SNAPSHOT\spring-beans-6.1.21-SNAPSHOT.jar;C:\Users\Armero\.m2\repository\io\micrometer\micrometer-observation\1.13.15-SNAPSHOT\micrometer-observation-1.13.15-SNAPSHOT.jar;C:\Users\Armero\.m2\repository\io\micrometer\micrometer-commons\1.13.15-SNAPSHOT\micrometer-commons-1.13.15-SNAPSHOT.jar;C:\Users\Armero\.m2\repository\org\springframework\spring-webmvc\6.1.21-SNAPSHOT\spring-webmvc-6.1.21-SNAPSHOT.jar;C:\Users\Armero\.m2\repository\org\springframework\spring-aop\6.1.21-SNAPSHOT\spring-aop-6.1.21-SNAPSHOT.jar;C:\Users\Armero\.m2\repository\org\springframework\spring-context\6.1.21-SNAPSHOT\spring-context-6.1.21-SNAPSHOT.jar;C:\Users\Armero\.m2\repository\org\springframework\spring-expression\6.1.21-SNAPSHOT\spring-expression-6.1.21-SNAPSHOT.jar;C:\Users\Armero\.m2\repository\com\sun\xml\messaging\saaj\saaj-impl\3.0.4\saaj-impl-3.0.4.jar;C:\Users\Armero\.m2\repository\jakarta\xml\soap\jakarta.xml.soap-api\3.0.2\jakarta.xml.soap-api-3.0.2.jar;C:\Users\Armero\.m2\repository\org\jvnet\staxex\stax-ex\2.1.0\stax-ex-2.1.0.jar;C:\Users\Armero\.m2\repository\jakarta\activation\jakarta.activation-api\2.1.3\jakarta.activation-api-2.1.3.jar;C:\Users\Armero\.m2\repository\org\eclipse\angus\angus-activation\2.0.2\angus-activation-2.0.2.jar;C:\Users\Armero\.m2\repository\jakarta\xml\ws\jakarta.xml.ws-api\4.0.2\jakarta.xml.ws-api-4.0.2.jar;C:\Users\Armero\.m2\repository\org\springframework\spring-oxm\6.1.21-SNAPSHOT\spring-oxm-6.1.21-SNAPSHOT.jar;C:\Users\Armero\.m2\repository\org\springframework\ws\spring-ws-core\4.0.15-SNAPSHOT\spring-ws-core-4.0.15-SNAPSHOT.jar;C:\Users\Armero\.m2\repository\org\springframework\ws\spring-xml\4.0.15-SNAPSHOT\spring-xml-4.0.15-SNAPSHOT.jar;C:\Users\Armero\.m2\repository\org\glassfish\jaxb\jaxb-runtime\4.0.5\jaxb-runtime-4.0.5.jar;C:\Users\Armero\.m2\repository\org\glassfish\jaxb\jaxb-core\4.0.5\jaxb-core-4.0.5.jar;C:\Users\Armero\.m2\repository\org\glassfish\jaxb\txw2\4.0.5\txw2-4.0.5.jar;C:\Users\Armero\.m2\repository\com\sun\istack\istack-commons-runtime\4.1.2\istack-commons-runtime-4.1.2.jar;C:\Users\Armero\.m2\repository\org\springframework\spring-messaging\6.1.21-SNAPSHOT\spring-messaging-6.1.21-SNAPSHOT.jar;C:\Users\Armero\.m2\repository\org\springframework\spring-websocket\6.1.21-SNAPSHOT\spring-websocket-6.1.21-SNAPSHOT.jar;C:\Users\Armero\.m2\repository\com\jayway\jsonpath\json-path\2.9.0\json-path-2.9.0.jar;C:\Users\Armero\.m2\repository\jakarta\xml\bind\jakarta.xml.bind-api\4.0.2\jakarta.xml.bind-api-4.0.2.jar;C:\Users\Armero\.m2\repository\net\minidev\json-smart\2.5.2\json-smart-2.5.2.jar;C:\Users\Armero\.m2\repository\net\minidev\accessors-smart\2.5.2\accessors-smart-2.5.2.jar;C:\Users\Armero\.m2\repository\org\ow2\asm\asm\9.7.1\asm-9.7.1.jar;C:\Users\Armero\.m2\repository\org\springframework\spring-core\6.1.21-SNAPSHOT\spring-core-6.1.21-SNAPSHOT.jar;C:\Users\Armero\.m2\repository\org\springframework\spring-jcl\6.1.21-SNAPSHOT\spring-jcl-6.1.21-SNAPSHOT.jar
Launcher Type: SUN_STANDARD

[Global flags]
     intx CICompilerCount                          = 3                                         {product} {ergonomic}
     uint ConcGCThreads                            = 1                                         {product} {ergonomic}
     uint G1ConcRefinementThreads                  = 4                                         {product} {ergonomic}
   size_t G1HeapRegionSize                         = 1048576                                   {product} {ergonomic}
    uintx GCDrainStackTargetSize                   = 64                                        {product} {ergonomic}
   size_t InitialHeapSize                          = 67108864                                  {product} {ergonomic}
   size_t MarkStackSize                            = 4194304                                   {product} {ergonomic}
   size_t MaxHeapSize                              = 1052770304                                {product} {ergonomic}
   size_t MaxNewSize                               = 631242752                                 {product} {ergonomic}
   size_t MinHeapDeltaBytes                        = 1048576                                   {product} {ergonomic}
   size_t MinHeapSize                              = 8388608                                   {product} {ergonomic}
    uintx NonNMethodCodeHeapSize                   = 4096                                   {pd product} {ergonomic}
    uintx NonProfiledCodeHeapSize                  = 0                                      {pd product} {ergonomic}
     bool ProfileInterpreter                       = false                                  {pd product} {command line}
    uintx ProfiledCodeHeapSize                     = 0                                      {pd product} {ergonomic}
   size_t SoftMaxHeapSize                          = 1052770304                             {manageable} {ergonomic}
     intx TieredStopAtLevel                        = 1                                         {product} {command line}
     bool UseCompressedOops                        = true                           {product lp64_product} {ergonomic}
     bool UseG1GC                                  = true                                      {product} {ergonomic}
     bool UseLargePagesIndividualAllocation        = false                                  {pd product} {ergonomic}

Logging:
Log output configuration:
 #0: stdout all=warning uptime,level,tags foldmultilines=false
 #1: stderr all=off uptime,level,tags foldmultilines=false

Environment Variables:
JAVA_HOME=C:\Users\Armero\AppData\Roaming\Code\User\globalStorage\pleiades.java-extension-pack-jdk\java\21
JAVA_TOOL_OPTIONS=-Dstdout.encoding=UTF-8 -Dstderr.encoding=UTF-8
PATH=C:\Users\Armero\AppData\Roaming\Code\User\globalStorage\pleiades.java-extension-pack-jdk\gradle\latest\bin;C:\Users\Armero\AppData\Roaming\Code\User\globalStorage\pleiades.java-extension-pack-jdk\maven\latest\bin;C:\Users\Armero\AppData\Roaming\Code\User\globalStorage\pleiades.java-extension-pack-jdk\java\21\bin;C:\Program Files (x86)\VMware\VMware Workstation\bin\;C:\Program Files\BellSoft\LibericaJDK-17\bin\;C:\msys64\mingw64\bin;C:\Program Files\Common Files\Oracle\Java\javapath;C:\Windows\system32;C:\Windows;C:\Windows\System32\Wbem;C:\Windows\System32\WindowsPowerShell\v1.0\;C:\Windows\System32\OpenSSH\;C:\Program Files\Git\cmd;C:\Program Files\Microsoft SQL Server\150\Tools\Binn\;C:\Program Files\Microsoft SQL Server\Client SDK\ODBC\170\Tools\Binn\;C:\Program Files\dotnet\;C:\Program Files (x86)\Windows Kits\10\Windows Performance Toolkit\;C:\maven\bin;C:\Users\Armero\AppData\Local\Microsoft\WindowsApps;C:\Users\Armero\AppData\Local\Programs\Microsoft VS Code\bin;C:\Users\Armero\.dotnet\tools;C:\Program Files\JetBrains\IntelliJ IDEA 2024.2.1\bin;
USERNAME=Armero
LANG=en_US.UTF-8
OS=Windows_NT
PROCESSOR_IDENTIFIER=Intel64 Family 6 Model 42 Stepping 7, GenuineIntel
TMP=C:\Users\Armero\AppData\Local\Temp
TEMP=C:\Users\Armero\AppData\Local\Temp




Periodic native trim disabled

---------------  S Y S T E M  ---------------

OS:
 Windows 10 , 64 bit Build 19041 (10.0.19041.5794)
OS uptime: 0 days 4:17 hours

CPU: total 4 (initial active 4) (2 cores per cpu, 2 threads per core) family 6 model 42 stepping 7 microcode 0x2f, cx8, cmov, fxsr, ht, mmx, sse, sse2, sse3, ssse3, sse4.1, sse4.2, popcnt, tsc, tscinvbit, avx, clmul, vzeroupper, clflush, rdtscp
Processor Information for the first 4 processors :
  Max Mhz: 3300, Current Mhz: 1600, Mhz Limit: 3300

Memory: 4k page, system-wide physical 4008M (404M free)
TotalPageFile size 12200M (AvailPageFile size 2M)
current process WorkingSet (physical memory assigned to process): 31M, peak: 31M
current process commit charge ("private bytes"): 129M, peak: 129M

vm_info: OpenJDK 64-Bit Server VM (21.0.7+6-LTS) for windows-amd64 JRE (21.0.7+6-LTS), built on 2025-04-15T00:00:00Z by "admin" with MS VC++ 17.7 (VS2022)

END.
