#
# There is insufficient memory for the Java Runtime Environment to continue.
# Native memory allocation (malloc) failed to allocate 448656 bytes. Error detail: Chunk::new
# Possible reasons:
#   The system is out of physical RAM or swap space
#   This process is running with CompressedOops enabled, and the Java Heap may be blocking the growth of the native heap
# Possible solutions:
#   Reduce memory load on the system
#   Increase physical memory or swap space
#   Check if swap backing store is full
#   Decrease Java heap size (-Xmx/-Xms)
#   Decrease number of Java threads
#   Decrease Java thread stack sizes (-Xss)
#   Set larger code cache with -XX:ReservedCodeCacheSize=
#   JVM is running with Unscaled Compressed Oops mode in which the Java heap is
#     placed in the first 4GB address space. The Java Heap base address is the
#     maximum limit for the native heap growth. Please use -XX:HeapBaseMinAddress
#     to set the Java Heap base and to place the Java Heap above 4GB virtual address.
# This output file may be truncated or incomplete.
#
#  Out of Memory Error (arena.cpp:168), pid=13016, tid=13128
#
# JRE version: OpenJDK Runtime Environment Temurin-21.0.7+6 (21.0.7+6) (build 21.0.7+6-LTS)
# Java VM: OpenJDK 64-Bit Server VM Temurin-21.0.7+6 (21.0.7+6-LTS, mixed mode, sharing, tiered, compressed oops, compressed class ptrs, g1 gc, windows-amd64)
# No core dump will be written. Minidumps are not enabled by default on client versions of Windows
#

---------------  S U M M A R Y ------------

Command Line: -Dstdout.encoding=UTF-8 -Dstderr.encoding=UTF-8 --enable-native-access=ALL-UNNAMED -Dclassworlds.conf=C:\Users\Armero\AppData\Roaming\Code\User\globalStorage\pleiades.java-extension-pack-jdk\maven\latest\bin\m2.conf -Dmaven.home=C:\Users\Armero\AppData\Roaming\Code\User\globalStorage\pleiades.java-extension-pack-jdk\maven\latest -Dlibrary.jansi.path=C:\Users\Armero\AppData\Roaming\Code\User\globalStorage\pleiades.java-extension-pack-jdk\maven\latest\lib\jansi-native -Dmaven.multiModuleProjectDirectory=C:\Users\Armero\Documents\FinalDistribuidos\laboratorio_service org.codehaus.plexus.classworlds.launcher.Launcher spring-boot:run

Host: Intel(R) Core(TM) i3-2120 CPU @ 3.30GHz, 4 cores, 3G,  Windows 10 , 64 bit Build 19041 (10.0.19041.5794)
Time: Sun Jun  8 20:53:49 2025 Hora est. Pacífico, Sudamérica elapsed time: 418.858245 seconds (0d 0h 6m 58s)

---------------  T H R E A D  ---------------

Current thread (0x000001c1e18f12a0):  JavaThread "C2 CompilerThread0" daemon [_thread_in_native, id=13128, stack(0x00000083a4d00000,0x00000083a4e00000) (1024K)]


Current CompileTask:
C2:418872 5346 %     4       java.util.zip.ZipFile$Source::initCEN @ 261 (612 bytes)

Stack: [0x00000083a4d00000,0x00000083a4e00000]
Native frames: (J=compiled Java code, j=interpreted, Vv=VM code, C=native code)
V  [jvm.dll+0x6ce119]
V  [jvm.dll+0x8a84a1]
V  [jvm.dll+0x8aa9ce]
V  [jvm.dll+0x8ab0b3]
V  [jvm.dll+0x27f8a6]
V  [jvm.dll+0xc507d]
V  [jvm.dll+0xc55b3]
V  [jvm.dll+0x3b68f2]
V  [jvm.dll+0x382aa5]
V  [jvm.dll+0x381f0a]
V  [jvm.dll+0x247af0]
V  [jvm.dll+0x2470cf]
V  [jvm.dll+0x1c760e]
V  [jvm.dll+0x25695a]
V  [jvm.dll+0x254efa]
V  [jvm.dll+0x3f03f6]
V  [jvm.dll+0x851f6b]
V  [jvm.dll+0x6cc7dd]
C  [ucrtbase.dll+0x21bb2]
C  [KERNEL32.DLL+0x17374]
C  [ntdll.dll+0x4cc91]


---------------  P R O C E S S  ---------------

Threads class SMR info:
_java_thread_list=0x000001c1e641f2f0, length=12, elements={
0x000001c1c4793640, 0x000001c1e18e6b80, 0x000001c1e18e7a40, 0x000001c1e18eb610,
0x000001c1e18ed070, 0x000001c1e18efad0, 0x000001c1e18f0520, 0x000001c1e18f12a0,
0x000001c1e18f75d0, 0x000001c1e1a4e990, 0x000001c1e1a54420, 0x000001c1e6aaaf50
}

Java Threads: ( => current thread )
  0x000001c1c4793640 JavaThread "main"                              [_thread_in_vm, id=13040, stack(0x00000083a3f00000,0x00000083a4000000) (1024K)]
  0x000001c1e18e6b80 JavaThread "Reference Handler"          daemon [_thread_blocked, id=13104, stack(0x00000083a4700000,0x00000083a4800000) (1024K)]
  0x000001c1e18e7a40 JavaThread "Finalizer"                  daemon [_thread_blocked, id=13108, stack(0x00000083a4800000,0x00000083a4900000) (1024K)]
  0x000001c1e18eb610 JavaThread "Signal Dispatcher"          daemon [_thread_blocked, id=13112, stack(0x00000083a4900000,0x00000083a4a00000) (1024K)]
  0x000001c1e18ed070 JavaThread "Attach Listener"            daemon [_thread_blocked, id=13116, stack(0x00000083a4a00000,0x00000083a4b00000) (1024K)]
  0x000001c1e18efad0 JavaThread "Service Thread"             daemon [_thread_blocked, id=13120, stack(0x00000083a4b00000,0x00000083a4c00000) (1024K)]
  0x000001c1e18f0520 JavaThread "Monitor Deflation Thread"   daemon [_thread_blocked, id=13124, stack(0x00000083a4c00000,0x00000083a4d00000) (1024K)]
=>0x000001c1e18f12a0 JavaThread "C2 CompilerThread0"         daemon [_thread_in_native, id=13128, stack(0x00000083a4d00000,0x00000083a4e00000) (1024K)]
  0x000001c1e18f75d0 JavaThread "C1 CompilerThread0"         daemon [_thread_in_native, id=13132, stack(0x00000083a4e00000,0x00000083a4f00000) (1024K)]
  0x000001c1e1a4e990 JavaThread "Notification Thread"        daemon [_thread_blocked, id=13144, stack(0x00000083a4f00000,0x00000083a5000000) (1024K)]
  0x000001c1e1a54420 JavaThread "Common-Cleaner"             daemon [_thread_blocked, id=13148, stack(0x00000083a5000000,0x00000083a5100000) (1024K)]
  0x000001c1e6aaaf50 JavaThread "Thread-1"                   daemon [_thread_blocked, id=2900, stack(0x00000083a3d00000,0x00000083a3e00000) (1024K)]
Total: 12

Other Threads:
  0x000001c1c4a42660 VMThread "VM Thread"                           [id=13076, stack(0x00000083a4600000,0x00000083a4700000) (1024K)] _threads_hazard_ptr=0x000001c1e641f2f0
  0x000001c1c4a31110 WatcherThread "VM Periodic Task Thread"        [id=13072, stack(0x00000083a4500000,0x00000083a4600000) (1024K)]
  0x000001c1c49b91a0 WorkerThread "GC Thread#0"                     [id=13052, stack(0x00000083a4000000,0x00000083a4100000) (1024K)]
  0x000001c1e66e01f0 WorkerThread "GC Thread#1"                     [id=12488, stack(0x00000083a5100000,0x00000083a5200000) (1024K)]
  0x000001c1e65db010 WorkerThread "GC Thread#2"                     [id=12736, stack(0x00000083a5200000,0x00000083a5300000) (1024K)]
  0x000001c1e65db3b0 WorkerThread "GC Thread#3"                     [id=12732, stack(0x00000083a5300000,0x00000083a5400000) (1024K)]
  0x000001c1c49c24d0 ConcurrentGCThread "G1 Main Marker"            [id=13056, stack(0x00000083a4100000,0x00000083a4200000) (1024K)]
  0x000001c1c49c65a0 WorkerThread "G1 Conc#0"                       [id=13060, stack(0x00000083a4200000,0x00000083a4300000) (1024K)]
  0x000001c1c4a1f630 ConcurrentGCThread "G1 Refine#0"               [id=13064, stack(0x00000083a4300000,0x00000083a4400000) (1024K)]
  0x000001c1c4a1ffb0 ConcurrentGCThread "G1 Service"                [id=13068, stack(0x00000083a4400000,0x00000083a4500000) (1024K)]
Total: 10

Threads with active compile tasks:
C2 CompilerThread0  419992 5346 %     4       java.util.zip.ZipFile$Source::initCEN @ 261 (612 bytes)
C1 CompilerThread0  419992 5353       3       sun.nio.fs.WindowsPathParser::normalize (233 bytes)
Total: 2

VM state: synchronizing (normal execution)

VM Mutex/Monitor currently owned by a thread:  ([mutex/lock_event])
[0x00007ffcf3e9e308] Threads_lock - owner thread: 0x000001c1c4a42660

Heap address: 0x00000000c1400000, size: 1004 MB, Compressed Oops mode: 32-bit

CDS archive(s) mapped at: [0x000001c180000000-0x000001c180c80000-0x000001c180c80000), size 13107200, SharedBaseAddress: 0x000001c180000000, ArchiveRelocationMode: 1.
Compressed class space mapped at: 0x000001c181000000-0x000001c1c1000000, reserved size: 1073741824
Narrow klass base: 0x000001c180000000, Narrow klass shift: 0, Narrow klass range: 0x100000000

GC Precious Log:
 CardTable entry size: 512
 Card Set container configuration: InlinePtr #cards 5 size 8 Array Of Cards #cards 12 size 40 Howl #buckets 4 coarsen threshold 1843 Howl Bitmap #cards 512 size 80 coarsen threshold 460 Card regions per heap region 1 cards per card region 2048
 CPUs: 4 total, 4 available
 Memory: 4008M
 Large Page Support: Disabled
 NUMA Support: Disabled
 Compressed Oops: Enabled (32-bit)
 Heap Region Size: 1M
 Heap Min Capacity: 8M
 Heap Initial Capacity: 64M
 Heap Max Capacity: 1004M
 Pre-touch: Disabled
 Parallel Workers: 4
 Concurrent Workers: 1
 Concurrent Refinement Workers: 4
 Periodic GC: Disabled

Heap:
 garbage-first heap   total 88064K, used 23672K [0x00000000c1400000, 0x0000000100000000)
  region size 1024K, 10 young (10240K), 3 survivors (3072K)
 Metaspace       used 19589K, committed 19904K, reserved 1114112K
  class space    used 2151K, committed 2304K, reserved 1048576K

Heap Regions: E=young(eden), S=young(survivor), O=old, HS=humongous(starts), HC=humongous(continues), CS=collection set, F=free, TAMS=top-at-mark-start, PB=parsable bottom
|   0|0x00000000c1400000, 0x00000000c1500000, 0x00000000c1500000|100%| O|  |TAMS 0x00000000c1400000| PB 0x00000000c1400000| Untracked 
|   1|0x00000000c1500000, 0x00000000c1600000, 0x00000000c1600000|100%| O|  |TAMS 0x00000000c1500000| PB 0x00000000c1500000| Untracked 
|   2|0x00000000c1600000, 0x00000000c1700000, 0x00000000c1700000|100%| O|  |TAMS 0x00000000c1600000| PB 0x00000000c1600000| Untracked 
|   3|0x00000000c1700000, 0x00000000c1800000, 0x00000000c1800000|100%| O|  |TAMS 0x00000000c1700000| PB 0x00000000c1700000| Untracked 
|   4|0x00000000c1800000, 0x00000000c1900000, 0x00000000c1900000|100%| O|  |TAMS 0x00000000c1800000| PB 0x00000000c1800000| Untracked 
|   5|0x00000000c1900000, 0x00000000c1a00000, 0x00000000c1a00000|100%| O|  |TAMS 0x00000000c1900000| PB 0x00000000c1900000| Untracked 
|   6|0x00000000c1a00000, 0x00000000c1b00000, 0x00000000c1b00000|100%| O|  |TAMS 0x00000000c1a00000| PB 0x00000000c1a00000| Untracked 
|   7|0x00000000c1b00000, 0x00000000c1c00000, 0x00000000c1c00000|100%| O|  |TAMS 0x00000000c1b00000| PB 0x00000000c1b00000| Untracked 
|   8|0x00000000c1c00000, 0x00000000c1d00000, 0x00000000c1d00000|100%| O|  |TAMS 0x00000000c1c00000| PB 0x00000000c1c00000| Untracked 
|   9|0x00000000c1d00000, 0x00000000c1e00000, 0x00000000c1e00000|100%| O|  |TAMS 0x00000000c1d00000| PB 0x00000000c1d00000| Untracked 
|  10|0x00000000c1e00000, 0x00000000c1f00000, 0x00000000c1f00000|100%| O|  |TAMS 0x00000000c1e00000| PB 0x00000000c1e00000| Untracked 
|  11|0x00000000c1f00000, 0x00000000c2000000, 0x00000000c2000000|100%| O|  |TAMS 0x00000000c1f00000| PB 0x00000000c1f00000| Untracked 
|  12|0x00000000c2000000, 0x00000000c2100000, 0x00000000c2100000|100%| O|  |TAMS 0x00000000c2000000| PB 0x00000000c2000000| Untracked 
|  13|0x00000000c2100000, 0x00000000c219d8b0, 0x00000000c2200000| 61%| O|  |TAMS 0x00000000c2100000| PB 0x00000000c2100000| Untracked 
|  14|0x00000000c2200000, 0x00000000c2200000, 0x00000000c2300000|  0%| F|  |TAMS 0x00000000c2200000| PB 0x00000000c2200000| Untracked 
|  15|0x00000000c2300000, 0x00000000c2300000, 0x00000000c2400000|  0%| F|  |TAMS 0x00000000c2300000| PB 0x00000000c2300000| Untracked 
|  16|0x00000000c2400000, 0x00000000c2400000, 0x00000000c2500000|  0%| F|  |TAMS 0x00000000c2400000| PB 0x00000000c2400000| Untracked 
|  17|0x00000000c2500000, 0x00000000c2500000, 0x00000000c2600000|  0%| F|  |TAMS 0x00000000c2500000| PB 0x00000000c2500000| Untracked 
|  18|0x00000000c2600000, 0x00000000c2600000, 0x00000000c2700000|  0%| F|  |TAMS 0x00000000c2600000| PB 0x00000000c2600000| Untracked 
|  19|0x00000000c2700000, 0x00000000c2700000, 0x00000000c2800000|  0%| F|  |TAMS 0x00000000c2700000| PB 0x00000000c2700000| Untracked 
|  20|0x00000000c2800000, 0x00000000c2800000, 0x00000000c2900000|  0%| F|  |TAMS 0x00000000c2800000| PB 0x00000000c2800000| Untracked 
|  21|0x00000000c2900000, 0x00000000c2900000, 0x00000000c2a00000|  0%| F|  |TAMS 0x00000000c2900000| PB 0x00000000c2900000| Untracked 
|  22|0x00000000c2a00000, 0x00000000c2a00000, 0x00000000c2b00000|  0%| F|  |TAMS 0x00000000c2a00000| PB 0x00000000c2a00000| Untracked 
|  23|0x00000000c2b00000, 0x00000000c2b00000, 0x00000000c2c00000|  0%| F|  |TAMS 0x00000000c2b00000| PB 0x00000000c2b00000| Untracked 
|  24|0x00000000c2c00000, 0x00000000c2c00000, 0x00000000c2d00000|  0%| F|  |TAMS 0x00000000c2c00000| PB 0x00000000c2c00000| Untracked 
|  25|0x00000000c2d00000, 0x00000000c2d00000, 0x00000000c2e00000|  0%| F|  |TAMS 0x00000000c2d00000| PB 0x00000000c2d00000| Untracked 
|  26|0x00000000c2e00000, 0x00000000c2e00000, 0x00000000c2f00000|  0%| F|  |TAMS 0x00000000c2e00000| PB 0x00000000c2e00000| Untracked 
|  27|0x00000000c2f00000, 0x00000000c2f00000, 0x00000000c3000000|  0%| F|  |TAMS 0x00000000c2f00000| PB 0x00000000c2f00000| Untracked 
|  28|0x00000000c3000000, 0x00000000c3000000, 0x00000000c3100000|  0%| F|  |TAMS 0x00000000c3000000| PB 0x00000000c3000000| Untracked 
|  29|0x00000000c3100000, 0x00000000c3100000, 0x00000000c3200000|  0%| F|  |TAMS 0x00000000c3100000| PB 0x00000000c3100000| Untracked 
|  30|0x00000000c3200000, 0x00000000c3200000, 0x00000000c3300000|  0%| F|  |TAMS 0x00000000c3200000| PB 0x00000000c3200000| Untracked 
|  31|0x00000000c3300000, 0x00000000c3300000, 0x00000000c3400000|  0%| F|  |TAMS 0x00000000c3300000| PB 0x00000000c3300000| Untracked 
|  32|0x00000000c3400000, 0x00000000c3400000, 0x00000000c3500000|  0%| F|  |TAMS 0x00000000c3400000| PB 0x00000000c3400000| Untracked 
|  33|0x00000000c3500000, 0x00000000c3500000, 0x00000000c3600000|  0%| F|  |TAMS 0x00000000c3500000| PB 0x00000000c3500000| Untracked 
|  34|0x00000000c3600000, 0x00000000c3600000, 0x00000000c3700000|  0%| F|  |TAMS 0x00000000c3600000| PB 0x00000000c3600000| Untracked 
|  35|0x00000000c3700000, 0x00000000c3700000, 0x00000000c3800000|  0%| F|  |TAMS 0x00000000c3700000| PB 0x00000000c3700000| Untracked 
|  36|0x00000000c3800000, 0x00000000c3800000, 0x00000000c3900000|  0%| F|  |TAMS 0x00000000c3800000| PB 0x00000000c3800000| Untracked 
|  37|0x00000000c3900000, 0x00000000c3900000, 0x00000000c3a00000|  0%| F|  |TAMS 0x00000000c3900000| PB 0x00000000c3900000| Untracked 
|  38|0x00000000c3a00000, 0x00000000c3a00000, 0x00000000c3b00000|  0%| F|  |TAMS 0x00000000c3a00000| PB 0x00000000c3a00000| Untracked 
|  39|0x00000000c3b00000, 0x00000000c3b00000, 0x00000000c3c00000|  0%| F|  |TAMS 0x00000000c3b00000| PB 0x00000000c3b00000| Untracked 
|  40|0x00000000c3c00000, 0x00000000c3c00000, 0x00000000c3d00000|  0%| F|  |TAMS 0x00000000c3c00000| PB 0x00000000c3c00000| Untracked 
|  41|0x00000000c3d00000, 0x00000000c3d00000, 0x00000000c3e00000|  0%| F|  |TAMS 0x00000000c3d00000| PB 0x00000000c3d00000| Untracked 
|  42|0x00000000c3e00000, 0x00000000c3e00000, 0x00000000c3f00000|  0%| F|  |TAMS 0x00000000c3e00000| PB 0x00000000c3e00000| Untracked 
|  43|0x00000000c3f00000, 0x00000000c3f00000, 0x00000000c4000000|  0%| F|  |TAMS 0x00000000c3f00000| PB 0x00000000c3f00000| Untracked 
|  44|0x00000000c4000000, 0x00000000c4000000, 0x00000000c4100000|  0%| F|  |TAMS 0x00000000c4000000| PB 0x00000000c4000000| Untracked 
|  45|0x00000000c4100000, 0x00000000c4200000, 0x00000000c4200000|100%| O|  |TAMS 0x00000000c4100000| PB 0x00000000c4100000| Untracked 
|  46|0x00000000c4200000, 0x00000000c4300000, 0x00000000c4300000|100%| O|  |TAMS 0x00000000c4200000| PB 0x00000000c4200000| Untracked 
|  47|0x00000000c4300000, 0x00000000c4300000, 0x00000000c4400000|  0%| F|  |TAMS 0x00000000c4300000| PB 0x00000000c4300000| Untracked 
|  48|0x00000000c4400000, 0x00000000c4400000, 0x00000000c4500000|  0%| F|  |TAMS 0x00000000c4400000| PB 0x00000000c4400000| Untracked 
|  49|0x00000000c4500000, 0x00000000c4500000, 0x00000000c4600000|  0%| F|  |TAMS 0x00000000c4500000| PB 0x00000000c4500000| Untracked 
|  50|0x00000000c4600000, 0x00000000c4600000, 0x00000000c4700000|  0%| F|  |TAMS 0x00000000c4600000| PB 0x00000000c4600000| Untracked 
|  51|0x00000000c4700000, 0x00000000c4700000, 0x00000000c4800000|  0%| F|  |TAMS 0x00000000c4700000| PB 0x00000000c4700000| Untracked 
|  52|0x00000000c4800000, 0x00000000c4800000, 0x00000000c4900000|  0%| F|  |TAMS 0x00000000c4800000| PB 0x00000000c4800000| Untracked 
|  53|0x00000000c4900000, 0x00000000c4900000, 0x00000000c4a00000|  0%| F|  |TAMS 0x00000000c4900000| PB 0x00000000c4900000| Untracked 
|  54|0x00000000c4a00000, 0x00000000c4a00000, 0x00000000c4b00000|  0%| F|  |TAMS 0x00000000c4a00000| PB 0x00000000c4a00000| Untracked 
|  55|0x00000000c4b00000, 0x00000000c4b00000, 0x00000000c4c00000|  0%| F|  |TAMS 0x00000000c4b00000| PB 0x00000000c4b00000| Untracked 
|  56|0x00000000c4c00000, 0x00000000c4c00000, 0x00000000c4d00000|  0%| F|  |TAMS 0x00000000c4c00000| PB 0x00000000c4c00000| Untracked 
|  57|0x00000000c4d00000, 0x00000000c4d00000, 0x00000000c4e00000|  0%| F|  |TAMS 0x00000000c4d00000| PB 0x00000000c4d00000| Untracked 
|  58|0x00000000c4e00000, 0x00000000c4e00000, 0x00000000c4f00000|  0%| F|  |TAMS 0x00000000c4e00000| PB 0x00000000c4e00000| Untracked 
|  59|0x00000000c4f00000, 0x00000000c4f00000, 0x00000000c5000000|  0%| F|  |TAMS 0x00000000c4f00000| PB 0x00000000c4f00000| Untracked 
|  60|0x00000000c5000000, 0x00000000c5000000, 0x00000000c5100000|  0%| F|  |TAMS 0x00000000c5000000| PB 0x00000000c5000000| Untracked 
|  61|0x00000000c5100000, 0x00000000c5100000, 0x00000000c5200000|  0%| F|  |TAMS 0x00000000c5100000| PB 0x00000000c5100000| Untracked 
|  62|0x00000000c5200000, 0x00000000c5200000, 0x00000000c5300000|  0%| F|  |TAMS 0x00000000c5200000| PB 0x00000000c5200000| Untracked 
|  63|0x00000000c5300000, 0x00000000c5300000, 0x00000000c5400000|  0%| F|  |TAMS 0x00000000c5300000| PB 0x00000000c5300000| Untracked 
|  64|0x00000000c5400000, 0x00000000c5400000, 0x00000000c5500000|  0%| F|  |TAMS 0x00000000c5400000| PB 0x00000000c5400000| Untracked 
|  65|0x00000000c5500000, 0x00000000c5500000, 0x00000000c5600000|  0%| F|  |TAMS 0x00000000c5500000| PB 0x00000000c5500000| Untracked 
|  66|0x00000000c5600000, 0x00000000c5680b20, 0x00000000c5700000| 50%| S|CS|TAMS 0x00000000c5600000| PB 0x00000000c5600000| Complete 
|  67|0x00000000c5700000, 0x00000000c5800000, 0x00000000c5800000|100%| S|CS|TAMS 0x00000000c5700000| PB 0x00000000c5700000| Complete 
|  68|0x00000000c5800000, 0x00000000c5800000, 0x00000000c5900000|  0%| F|  |TAMS 0x00000000c5800000| PB 0x00000000c5800000| Untracked 
|  69|0x00000000c5900000, 0x00000000c5900000, 0x00000000c5a00000|  0%| F|  |TAMS 0x00000000c5900000| PB 0x00000000c5900000| Untracked 
|  70|0x00000000c5a00000, 0x00000000c5b00000, 0x00000000c5b00000|100%| S|CS|TAMS 0x00000000c5a00000| PB 0x00000000c5a00000| Complete 
|  71|0x00000000c5b00000, 0x00000000c5b00000, 0x00000000c5c00000|  0%| F|  |TAMS 0x00000000c5b00000| PB 0x00000000c5b00000| Untracked 
|  72|0x00000000c5c00000, 0x00000000c5c00000, 0x00000000c5d00000|  0%| F|  |TAMS 0x00000000c5c00000| PB 0x00000000c5c00000| Untracked 
|  73|0x00000000c5d00000, 0x00000000c5d00000, 0x00000000c5e00000|  0%| F|  |TAMS 0x00000000c5d00000| PB 0x00000000c5d00000| Untracked 
|  74|0x00000000c5e00000, 0x00000000c5e00000, 0x00000000c5f00000|  0%| F|  |TAMS 0x00000000c5e00000| PB 0x00000000c5e00000| Untracked 
|  75|0x00000000c5f00000, 0x00000000c5f00000, 0x00000000c6000000|  0%| F|  |TAMS 0x00000000c5f00000| PB 0x00000000c5f00000| Untracked 
|  76|0x00000000c6000000, 0x00000000c6000000, 0x00000000c6100000|  0%| F|  |TAMS 0x00000000c6000000| PB 0x00000000c6000000| Untracked 
|  77|0x00000000c6100000, 0x00000000c6100000, 0x00000000c6200000|  0%| F|  |TAMS 0x00000000c6100000| PB 0x00000000c6100000| Untracked 
|  78|0x00000000c6200000, 0x00000000c6200000, 0x00000000c6300000|  0%| F|  |TAMS 0x00000000c6200000| PB 0x00000000c6200000| Untracked 
|  79|0x00000000c6300000, 0x00000000c63474f8, 0x00000000c6400000| 27%| E|  |TAMS 0x00000000c6300000| PB 0x00000000c6300000| Complete 
|  80|0x00000000c6400000, 0x00000000c6500000, 0x00000000c6500000|100%| E|CS|TAMS 0x00000000c6400000| PB 0x00000000c6400000| Complete 
|  81|0x00000000c6500000, 0x00000000c6600000, 0x00000000c6600000|100%| E|CS|TAMS 0x00000000c6500000| PB 0x00000000c6500000| Complete 
|  82|0x00000000c6600000, 0x00000000c6700000, 0x00000000c6700000|100%| E|CS|TAMS 0x00000000c6600000| PB 0x00000000c6600000| Complete 
|  83|0x00000000c6700000, 0x00000000c6800000, 0x00000000c6800000|100%| E|  |TAMS 0x00000000c6700000| PB 0x00000000c6700000| Complete 
|  84|0x00000000c6800000, 0x00000000c6900000, 0x00000000c6900000|100%| E|CS|TAMS 0x00000000c6800000| PB 0x00000000c6800000| Complete 
|  85|0x00000000c6900000, 0x00000000c6a00000, 0x00000000c6a00000|100%| E|CS|TAMS 0x00000000c6900000| PB 0x00000000c6900000| Complete 

Card table byte_map: [0x000001c1de1a0000,0x000001c1de3a0000] _byte_map_base: 0x000001c1ddb96000

Marking Bits: (CMBitMap*) 0x000001c1c49b96b0
 Bits: [0x000001c1de3a0000, 0x000001c1df350000)

Polling page: 0x000001c1c4a50000

Metaspace:

Usage:
  Non-class:     17.03 MB used.
      Class:      2.10 MB used.
       Both:     19.13 MB used.

Virtual space:
  Non-class space:       64.00 MB reserved,      17.19 MB ( 27%) committed,  1 nodes.
      Class space:        1.00 GB reserved,       2.25 MB ( <1%) committed,  1 nodes.
             Both:        1.06 GB reserved,      19.44 MB (  2%) committed. 

Chunk freelists:
   Non-Class:  14.66 MB
       Class:  13.64 MB
        Both:  28.30 MB

MaxMetaspaceSize: unlimited
CompressedClassSpaceSize: 1.00 GB
Initial GC threshold: 21.00 MB
Current GC threshold: 21.00 MB
CDS: on
 - commit_granule_bytes: 65536.
 - commit_granule_words: 8192.
 - virtual_space_node_default_size: 8388608.
 - enlarge_chunks_in_place: 1.
 - use_allocation_guard: 0.


Internal statistics:

num_allocs_failed_limit: 0.
num_arena_births: 200.
num_arena_deaths: 0.
num_vsnodes_births: 2.
num_vsnodes_deaths: 0.
num_space_committed: 311.
num_space_uncommitted: 0.
num_chunks_returned_to_freelist: 0.
num_chunks_taken_from_freelist: 848.
num_chunk_merges: 0.
num_chunk_splits: 611.
num_chunks_enlarged: 501.
num_inconsistent_stats: 0.

CodeHeap 'non-profiled nmethods': size=120000Kb used=2869Kb max_used=2869Kb free=117130Kb
 bounds [0x000001c1d6440000, 0x000001c1d6710000, 0x000001c1dd970000]
CodeHeap 'profiled nmethods': size=120000Kb used=11311Kb max_used=11311Kb free=108688Kb
 bounds [0x000001c1ce970000, 0x000001c1cf480000, 0x000001c1d5ea0000]
CodeHeap 'non-nmethods': size=5760Kb used=1423Kb max_used=1451Kb free=4336Kb
 bounds [0x000001c1d5ea0000, 0x000001c1d6110000, 0x000001c1d6440000]
 total_blobs=5826 nmethods=5311 adapters=419
 compilation: enabled
              stopped_count=0, restarted_count=0
 full_count=0

Compilation events (20 events):
Event: 418.392 Thread 0x000001c1e18f75d0 nmethod 5336 0x000001c1cf472490 code [0x000001c1cf472660, 0x000001c1cf4728a8]
Event: 418.404 Thread 0x000001c1e18f75d0 5337       3       java.io.OutputStream::flush (1 bytes)
Event: 418.404 Thread 0x000001c1e18f75d0 nmethod 5337 0x000001c1cf472990 code [0x000001c1cf472b20, 0x000001c1cf472c28]
Event: 418.499 Thread 0x000001c1e18f75d0 5338       3       org.apache.maven.artifact.resolver.filter.CumulativeScopeArtifactFilter::include (6 bytes)
Event: 418.499 Thread 0x000001c1e18f75d0 nmethod 5338 0x000001c1cf472c90 code [0x000001c1cf472e40, 0x000001c1cf472f80]
Event: 418.499 Thread 0x000001c1e18f75d0 5339       3       org.apache.maven.artifact.resolver.filter.AbstractScopeArtifactFilter::include (97 bytes)
Event: 418.500 Thread 0x000001c1e18f75d0 nmethod 5339 0x000001c1cf473010 code [0x000001c1cf473260, 0x000001c1cf473888]
Event: 418.529 Thread 0x000001c1e18f12a0 5340       4       java.util.jar.Attributes$Name::hash (148 bytes)
Event: 418.534 Thread 0x000001c1e18f75d0 5341       3       java.io.ByteArrayOutputStream::<init> (43 bytes)
Event: 418.534 Thread 0x000001c1e18f12a0 nmethod 5340 0x000001c1d670cb90 code [0x000001c1d670cd40, 0x000001c1d670d038]
Event: 418.535 Thread 0x000001c1e18f75d0 nmethod 5341 0x000001c1cf473a90 code [0x000001c1cf473ce0, 0x000001c1cf474468]
Event: 418.536 Thread 0x000001c1e18f75d0 5342   !   3       java.util.zip.ZipFile$Source::findEND (669 bytes)
Event: 418.540 Thread 0x000001c1e18f12a0 5343       4       java.util.jar.Manifest$FastInputStream::peek (38 bytes)
Event: 418.541 Thread 0x000001c1e18f12a0 nmethod 5343 0x000001c1d670d310 code [0x000001c1d670d4a0, 0x000001c1d670d5b8]
Event: 418.552 Thread 0x000001c1e18f12a0 5346 %     4       java.util.zip.ZipFile$Source::initCEN @ 261 (612 bytes)
Event: 418.554 Thread 0x000001c1e18f75d0 nmethod 5342 0x000001c1cf474710 code [0x000001c1cf474ca0, 0x000001c1cf477f98]
Event: 418.554 Thread 0x000001c1e18f75d0 5344       3       java.util.jar.Attributes::get (11 bytes)
Event: 418.554 Thread 0x000001c1e18f75d0 nmethod 5344 0x000001c1cf479810 code [0x000001c1cf4799c0, 0x000001c1cf479b98]
Event: 418.554 Thread 0x000001c1e18f75d0 5345  s    3       java.io.ByteArrayOutputStream::toString (18 bytes)
Event: 418.554 Thread 0x000001c1e18f75d0 nmethod 5345 0x000001c1cf479c90 code [0x000001c1cf479e40, 0x000001c1cf47a0b8]

GC Heap History (20 events):
Event: 238.117 GC heap before
{Heap before GC invocations=5 (full 0):
 garbage-first heap   total 65536K, used 13841K [0x00000000c1400000, 0x0000000100000000)
  region size 1024K, 6 young (6144K), 5 survivors (5120K)
 Metaspace       used 16017K, committed 16192K, reserved 1114112K
  class space    used 1854K, committed 1920K, reserved 1048576K
}
Event: 238.174 GC heap after
{Heap after GC invocations=6 (full 0):
 garbage-first heap   total 65536K, used 13239K [0x00000000c1400000, 0x0000000100000000)
  region size 1024K, 1 young (1024K), 1 survivors (1024K)
 Metaspace       used 16017K, committed 16192K, reserved 1114112K
  class space    used 1854K, committed 1920K, reserved 1048576K
}
Event: 239.480 GC heap before
{Heap before GC invocations=6 (full 0):
 garbage-first heap   total 65536K, used 15287K [0x00000000c1400000, 0x0000000100000000)
  region size 1024K, 3 young (3072K), 1 survivors (1024K)
 Metaspace       used 16042K, committed 16256K, reserved 1114112K
  class space    used 1854K, committed 1920K, reserved 1048576K
}
Event: 239.558 GC heap after
{Heap after GC invocations=7 (full 0):
 garbage-first heap   total 65536K, used 13022K [0x00000000c1400000, 0x0000000100000000)
  region size 1024K, 1 young (1024K), 1 survivors (1024K)
 Metaspace       used 16042K, committed 16256K, reserved 1114112K
  class space    used 1854K, committed 1920K, reserved 1048576K
}
Event: 241.858 GC heap before
{Heap before GC invocations=7 (full 0):
 garbage-first heap   total 65536K, used 15070K [0x00000000c1400000, 0x0000000100000000)
  region size 1024K, 3 young (3072K), 1 survivors (1024K)
 Metaspace       used 16067K, committed 16320K, reserved 1114112K
  class space    used 1854K, committed 1920K, reserved 1048576K
}
Event: 242.011 GC heap after
{Heap after GC invocations=8 (full 0):
 garbage-first heap   total 88064K, used 12948K [0x00000000c1400000, 0x0000000100000000)
  region size 1024K, 1 young (1024K), 1 survivors (1024K)
 Metaspace       used 16067K, committed 16320K, reserved 1114112K
  class space    used 1854K, committed 1920K, reserved 1048576K
}
Event: 246.974 GC heap before
{Heap before GC invocations=8 (full 0):
 garbage-first heap   total 88064K, used 19092K [0x00000000c1400000, 0x0000000100000000)
  region size 1024K, 7 young (7168K), 1 survivors (1024K)
 Metaspace       used 16159K, committed 16448K, reserved 1114112K
  class space    used 1855K, committed 1984K, reserved 1048576K
}
Event: 246.982 GC heap after
{Heap after GC invocations=9 (full 0):
 garbage-first heap   total 88064K, used 13510K [0x00000000c1400000, 0x0000000100000000)
  region size 1024K, 1 young (1024K), 1 survivors (1024K)
 Metaspace       used 16159K, committed 16448K, reserved 1114112K
  class space    used 1855K, committed 1984K, reserved 1048576K
}
Event: 274.580 GC heap before
{Heap before GC invocations=9 (full 0):
 garbage-first heap   total 88064K, used 29894K [0x00000000c1400000, 0x0000000100000000)
  region size 1024K, 18 young (18432K), 1 survivors (1024K)
 Metaspace       used 16335K, committed 16640K, reserved 1114112K
  class space    used 1857K, committed 1984K, reserved 1048576K
}
Event: 274.620 GC heap after
{Heap after GC invocations=10 (full 0):
 garbage-first heap   total 88064K, used 13879K [0x00000000c1400000, 0x0000000100000000)
  region size 1024K, 2 young (2048K), 2 survivors (2048K)
 Metaspace       used 16335K, committed 16640K, reserved 1114112K
  class space    used 1857K, committed 1984K, reserved 1048576K
}
Event: 315.051 GC heap before
{Heap before GC invocations=10 (full 0):
 garbage-first heap   total 88064K, used 65079K [0x00000000c1400000, 0x0000000100000000)
  region size 1024K, 34 young (34816K), 2 survivors (2048K)
 Metaspace       used 17743K, committed 18048K, reserved 1114112K
  class space    used 1991K, committed 2176K, reserved 1048576K
}
Event: 315.431 GC heap after
{Heap after GC invocations=11 (full 0):
 garbage-first heap   total 88064K, used 36156K [0x00000000c1400000, 0x0000000100000000)
  region size 1024K, 3 young (3072K), 3 survivors (3072K)
 Metaspace       used 17743K, committed 18048K, reserved 1114112K
  class space    used 1991K, committed 2176K, reserved 1048576K
}
Event: 319.200 GC heap before
{Heap before GC invocations=11 (full 0):
 garbage-first heap   total 88064K, used 49468K [0x00000000c1400000, 0x0000000100000000)
  region size 1024K, 4 young (4096K), 3 survivors (3072K)
 Metaspace       used 17772K, committed 18112K, reserved 1114112K
  class space    used 1994K, committed 2176K, reserved 1048576K
}
Event: 319.554 GC heap after
{Heap after GC invocations=12 (full 0):
 garbage-first heap   total 88064K, used 15800K [0x00000000c1400000, 0x0000000100000000)
  region size 1024K, 1 young (1024K), 1 survivors (1024K)
 Metaspace       used 17772K, committed 18112K, reserved 1114112K
  class space    used 1994K, committed 2176K, reserved 1048576K
}
Event: 365.553 GC heap before
{Heap before GC invocations=12 (full 0):
 garbage-first heap   total 88064K, used 26040K [0x00000000c1400000, 0x0000000100000000)
  region size 1024K, 11 young (11264K), 1 survivors (1024K)
 Metaspace       used 18176K, committed 18496K, reserved 1114112K
  class space    used 2028K, committed 2176K, reserved 1048576K
}
Event: 365.719 GC heap after
{Heap after GC invocations=13 (full 0):
 garbage-first heap   total 88064K, used 16014K [0x00000000c1400000, 0x0000000100000000)
  region size 1024K, 1 young (1024K), 1 survivors (1024K)
 Metaspace       used 18176K, committed 18496K, reserved 1114112K
  class space    used 2028K, committed 2176K, reserved 1048576K
}
Event: 387.894 GC heap before
{Heap before GC invocations=13 (full 0):
 garbage-first heap   total 88064K, used 31374K [0x00000000c1400000, 0x0000000100000000)
  region size 1024K, 16 young (16384K), 1 survivors (1024K)
 Metaspace       used 18803K, committed 19136K, reserved 1114112K
  class space    used 2077K, committed 2240K, reserved 1048576K
}
Event: 387.901 GC heap after
{Heap after GC invocations=14 (full 0):
 garbage-first heap   total 88064K, used 17085K [0x00000000c1400000, 0x0000000100000000)
  region size 1024K, 2 young (2048K), 2 survivors (2048K)
 Metaspace       used 18803K, committed 19136K, reserved 1114112K
  class space    used 2077K, committed 2240K, reserved 1048576K
}
Event: 412.453 GC heap before
{Heap before GC invocations=14 (full 0):
 garbage-first heap   total 88064K, used 31421K [0x00000000c1400000, 0x0000000100000000)
  region size 1024K, 17 young (17408K), 2 survivors (2048K)
 Metaspace       used 19093K, committed 19392K, reserved 1114112K
  class space    used 2104K, committed 2240K, reserved 1048576K
}
Event: 412.515 GC heap after
{Heap after GC invocations=15 (full 0):
 garbage-first heap   total 88064K, used 18552K [0x00000000c1400000, 0x0000000100000000)
  region size 1024K, 3 young (3072K), 3 survivors (3072K)
 Metaspace       used 19093K, committed 19392K, reserved 1114112K
  class space    used 2104K, committed 2240K, reserved 1048576K
}

Dll operation events (8 events):
Event: 0.119 Loaded shared library C:\Users\Armero\AppData\Roaming\Code\User\globalStorage\pleiades.java-extension-pack-jdk\java\21\bin\java.dll
Event: 0.960 Loaded shared library C:\Users\Armero\AppData\Roaming\Code\User\globalStorage\pleiades.java-extension-pack-jdk\java\21\bin\jsvml.dll
Event: 1.242 Loaded shared library C:\Users\Armero\AppData\Roaming\Code\User\globalStorage\pleiades.java-extension-pack-jdk\java\21\bin\net.dll
Event: 1.711 Loaded shared library C:\Users\Armero\AppData\Roaming\Code\User\globalStorage\pleiades.java-extension-pack-jdk\java\21\bin\nio.dll
Event: 1.827 Loaded shared library C:\Users\Armero\AppData\Roaming\Code\User\globalStorage\pleiades.java-extension-pack-jdk\java\21\bin\zip.dll
Event: 8.210 Loaded shared library C:\Users\Armero\AppData\Roaming\Code\User\globalStorage\pleiades.java-extension-pack-jdk\java\21\bin\jimage.dll
Event: 8.627 Loaded shared library C:\Users\Armero\AppData\Roaming\Code\User\globalStorage\pleiades.java-extension-pack-jdk\maven\latest\lib\jansi-native\Windows\x86_64\jansi.dll
Event: 9.234 Loaded shared library C:\Users\Armero\AppData\Roaming\Code\User\globalStorage\pleiades.java-extension-pack-jdk\java\21\bin\verify.dll

Deoptimization events (20 events):
Event: 417.827 Thread 0x000001c1c4793640 Uncommon trap: trap_request=0xffffff45 fr.pc=0x000001c1d6540b14 relative=0x0000000000000ad4
Event: 417.827 Thread 0x000001c1c4793640 Uncommon trap: reason=unstable_if action=reinterpret pc=0x000001c1d6540b14 method=com.google.inject.internal.MoreTypes.canonicalize(Ljava/lang/reflect/Type;)Ljava/lang/reflect/Type; @ 16 c2
Event: 417.827 Thread 0x000001c1c4793640 DEOPT PACKING pc=0x000001c1d6540b14 sp=0x00000083a3ffe260
Event: 417.827 Thread 0x000001c1c4793640 DEOPT UNPACKING pc=0x000001c1d5ef46a2 sp=0x00000083a3ffe230 mode 2
Event: 417.827 Thread 0x000001c1c4793640 Uncommon trap: trap_request=0xffffffde fr.pc=0x000001c1d653e0c0 relative=0x00000000000004a0
Event: 417.827 Thread 0x000001c1c4793640 Uncommon trap: reason=class_check action=maybe_recompile pc=0x000001c1d653e0c0 method=com.google.inject.internal.MoreTypes.getRawType(Ljava/lang/reflect/Type;)Ljava/lang/Class; @ 13 c2
Event: 417.827 Thread 0x000001c1c4793640 DEOPT PACKING pc=0x000001c1d653e0c0 sp=0x00000083a3ffe2d0
Event: 417.830 Thread 0x000001c1c4793640 DEOPT UNPACKING pc=0x000001c1d5ef46a2 sp=0x00000083a3ffe218 mode 2
Event: 417.830 Thread 0x000001c1c4793640 Uncommon trap: trap_request=0xffffffde fr.pc=0x000001c1d653e0c0 relative=0x00000000000004a0
Event: 417.830 Thread 0x000001c1c4793640 Uncommon trap: reason=class_check action=maybe_recompile pc=0x000001c1d653e0c0 method=com.google.inject.internal.MoreTypes.getRawType(Ljava/lang/reflect/Type;)Ljava/lang/Class; @ 13 c2
Event: 417.830 Thread 0x000001c1c4793640 DEOPT PACKING pc=0x000001c1d653e0c0 sp=0x00000083a3ffe2d0
Event: 417.830 Thread 0x000001c1c4793640 DEOPT UNPACKING pc=0x000001c1d5ef46a2 sp=0x00000083a3ffe218 mode 2
Event: 417.833 Thread 0x000001c1c4793640 Uncommon trap: trap_request=0xffffffde fr.pc=0x000001c1d653e0c0 relative=0x00000000000004a0
Event: 417.833 Thread 0x000001c1c4793640 Uncommon trap: reason=class_check action=maybe_recompile pc=0x000001c1d653e0c0 method=com.google.inject.internal.MoreTypes.getRawType(Ljava/lang/reflect/Type;)Ljava/lang/Class; @ 13 c2
Event: 417.833 Thread 0x000001c1c4793640 DEOPT PACKING pc=0x000001c1d653e0c0 sp=0x00000083a3ffe2d0
Event: 417.833 Thread 0x000001c1c4793640 DEOPT UNPACKING pc=0x000001c1d5ef46a2 sp=0x00000083a3ffe218 mode 2
Event: 417.836 Thread 0x000001c1c4793640 Uncommon trap: trap_request=0xffffffde fr.pc=0x000001c1d653e0c0 relative=0x00000000000004a0
Event: 417.836 Thread 0x000001c1c4793640 Uncommon trap: reason=class_check action=maybe_recompile pc=0x000001c1d653e0c0 method=com.google.inject.internal.MoreTypes.getRawType(Ljava/lang/reflect/Type;)Ljava/lang/Class; @ 13 c2
Event: 417.836 Thread 0x000001c1c4793640 DEOPT PACKING pc=0x000001c1d653e0c0 sp=0x00000083a3ffe2d0
Event: 417.836 Thread 0x000001c1c4793640 DEOPT UNPACKING pc=0x000001c1d5ef46a2 sp=0x00000083a3ffe218 mode 2

Classes loaded (20 events):
Event: 411.824 Loading class javax/management/JMException done
Event: 411.824 Loading class javax/management/ReflectionException done
Event: 412.002 Loading class javax/management/MBeanServerConnection
Event: 412.044 Loading class javax/management/MBeanServerConnection done
Event: 414.788 Loading class javax/management/InstanceNotFoundException
Event: 414.854 Loading class javax/management/OperationsException
Event: 414.969 Loading class javax/management/OperationsException done
Event: 414.969 Loading class javax/management/InstanceNotFoundException done
Event: 415.132 Loading class java/io/PushbackInputStream
Event: 415.397 Loading class java/io/PushbackInputStream done
Event: 415.397 Loading class java/util/jar/JarOutputStream
Event: 415.595 Loading class java/util/zip/ZipOutputStream
Event: 415.685 Loading class java/util/zip/DeflaterOutputStream
Event: 415.778 Loading class java/util/zip/DeflaterOutputStream done
Event: 415.778 Loading class java/util/zip/ZipOutputStream done
Event: 415.778 Loading class java/util/jar/JarOutputStream done
Event: 416.057 Loading class java/util/zip/ZipException
Event: 416.177 Loading class java/util/zip/ZipException done
Event: 417.965 Loading class java/io/FileFilter
Event: 417.988 Loading class java/io/FileFilter done

Classes unloaded (0 events):
No events

Classes redefined (0 events):
No events

Internal exceptions (20 events):
Event: 58.606 Thread 0x000001c1c4793640 Exception <a 'java/lang/NoSuchMethodError'{0x00000000c3f4ce90}: 'java.lang.Object java.lang.invoke.Invokers$Holder.invokeExact_MT(java.lang.Object, int, java.lang.Object)'> (0x00000000c3f4ce90) 
thrown [s\src\hotspot\share\interpreter\linkResolver.cpp, line 773]
Event: 61.961 Thread 0x000001c1c4793640 Exception <a 'java/lang/NoSuchMethodError'{0x00000000c37540d8}: 'void java.lang.invoke.Invokers$Holder.invokeExact_MT(java.lang.Object, java.lang.Object, java.lang.Object, java.lang.Object)'> (0x00000000c37540d8) 
thrown [s\src\hotspot\share\interpreter\linkResolver.cpp, line 773]
Event: 62.192 Thread 0x000001c1c4793640 Exception <a 'java/lang/NoClassDefFoundError'{0x00000000c37ebdd8}: com/google/inject/servlet/ServletModuleTargetVisitor> (0x00000000c37ebdd8) 
thrown [s\src\hotspot\share\classfile\systemDictionary.cpp, line 301]
Event: 63.422 Thread 0x000001c1c4793640 Exception <a 'java/lang/NoSuchMethodError'{0x00000000c35b0e50}: 'void java.lang.invoke.DirectMethodHandle$Holder.invokeVirtual(java.lang.Object, java.lang.Object)'> (0x00000000c35b0e50) 
thrown [s\src\hotspot\share\interpreter\linkResolver.cpp, line 773]
Event: 66.444 Thread 0x000001c1c4793640 Exception <a 'java/lang/NoSuchMethodError'{0x00000000c3431558}: 'java.lang.Object java.lang.invoke.DirectMethodHandle$Holder.invokeStaticInit(java.lang.Object, int, int, int, int)'> (0x00000000c3431558) 
thrown [s\src\hotspot\share\interpreter\linkResolver.cpp, line 773]
Event: 74.923 Thread 0x000001c1c4793640 Implicit null exception at 0x000001c1d64bf7a4 to 0x000001c1d64bfdd4
Event: 74.923 Thread 0x000001c1c4793640 Implicit null exception at 0x000001c1d6472b20 to 0x000001c1d6473144
Event: 75.610 Thread 0x000001c1c4793640 Implicit null exception at 0x000001c1d64eec09 to 0x000001c1d64ef454
Event: 81.697 Thread 0x000001c1c4793640 Exception <a 'java/lang/NoSuchMethodError'{0x00000000c2e5bb48}: 'void java.lang.invoke.DirectMethodHandle$Holder.invokeSpecial(java.lang.Object, java.lang.Object, java.lang.Object, java.lang.Object, java.lang.Object)'> (0x00000000c2e5bb48) 
thrown [s\src\hotspot\share\interpreter\linkResolver.cpp, line 773]
Event: 81.724 Thread 0x000001c1c4793640 Exception <a 'java/lang/NoSuchMethodError'{0x00000000c2e76670}: 'void java.lang.invoke.DirectMethodHandle$Holder.invokeSpecial(java.lang.Object, java.lang.Object, java.lang.Object, java.lang.Object, java.lang.Object, java.lang.Object)'> (0x00000000c2e76670) 
thrown [s\src\hotspot\share\interpreter\linkResolver.cpp, line 773]
Event: 87.212 Thread 0x000001c1c4793640 Exception <a 'java/lang/NoSuchMethodError'{0x00000000c53a6160}: 'java.lang.Object java.lang.invoke.DirectMethodHandle$Holder.invokeVirtual(java.lang.Object, java.lang.Object, java.lang.Object)'> (0x00000000c53a6160) 
thrown [s\src\hotspot\share\interpreter\linkResolver.cpp, line 773]
Event: 88.296 Thread 0x000001c1c4793640 Exception <a 'java/lang/NoSuchMethodError'{0x00000000c513f7b8}: 'void java.lang.invoke.DirectMethodHandle$Holder.invokeVirtual(java.lang.Object, java.lang.Object, int)'> (0x00000000c513f7b8) 
thrown [s\src\hotspot\share\interpreter\linkResolver.cpp, line 773]
Event: 88.298 Thread 0x000001c1c4793640 Exception <a 'java/lang/NoSuchMethodError'{0x00000000c51435c8}: 'void java.lang.invoke.DirectMethodHandle$Holder.invokeSpecial(java.lang.Object, java.lang.Object, java.lang.Object, int)'> (0x00000000c51435c8) 
thrown [s\src\hotspot\share\interpreter\linkResolver.cpp, line 773]
Event: 88.348 Thread 0x000001c1c4793640 Exception <a 'java/lang/NoSuchMethodError'{0x00000000c5146ca8}: 'void java.lang.invoke.DelegatingMethodHandle$Holder.reinvoke_L(java.lang.Object, java.lang.Object, int)'> (0x00000000c5146ca8) 
thrown [s\src\hotspot\share\interpreter\linkResolver.cpp, line 773]
Event: 229.239 Thread 0x000001c1c4793640 Implicit null exception at 0x000001c1d650e418 to 0x000001c1d650e604
Event: 300.240 Thread 0x000001c1c4793640 Implicit null exception at 0x000001c1d6488d3d to 0x000001c1d6488dc1
Event: 304.348 Thread 0x000001c1c4793640 Exception <a 'java/lang/NoSuchMethodError'{0x00000000c5581bd8}: 'java.lang.Object java.lang.invoke.DirectMethodHandle$Holder.newInvokeSpecial(java.lang.Object, java.lang.Object, java.lang.Object, java.lang.Object, java.lang.Object, java.lang.Object, java.lang.Object)'> (0x00000000c5581bd8) 
thrown [s\src\hotspot\share\interpreter\linkResolver.cpp, line 773]
Event: 309.636 Thread 0x000001c1c4793640 Implicit null exception at 0x000001c1d666125f to 0x000001c1d6661a14
Event: 309.998 Thread 0x000001c1c4793640 Exception <a 'java/lang/NoSuchMethodError'{0x00000000c4b78d98}: 'int java.lang.invoke.DirectMethodHandle$Holder.invokeVirtual(java.lang.Object, java.lang.Object)'> (0x00000000c4b78d98) 
thrown [s\src\hotspot\share\interpreter\linkResolver.cpp, line 773]
Event: 310.731 Thread 0x000001c1c4793640 Exception <a 'java/lang/NoSuchMethodError'{0x00000000c4aa2990}: 'void java.lang.invoke.Invokers$Holder.invokeExact_MT(java.lang.Object, java.lang.Object, int, java.lang.Object)'> (0x00000000c4aa2990) 
thrown [s\src\hotspot\share\interpreter\linkResolver.cpp, line 773]

ZGC Phase Switch (0 events):
No events

VM Operations (20 events):
Event: 390.915 Executing VM operation: Cleanup
Event: 390.915 Executing VM operation: Cleanup done
Event: 391.916 Executing VM operation: Cleanup
Event: 391.917 Executing VM operation: Cleanup done
Event: 404.008 Executing VM operation: Cleanup
Event: 404.008 Executing VM operation: Cleanup done
Event: 409.033 Executing VM operation: Cleanup
Event: 409.130 Executing VM operation: Cleanup done
Event: 410.133 Executing VM operation: Cleanup
Event: 410.165 Executing VM operation: Cleanup done
Event: 411.178 Executing VM operation: Cleanup
Event: 411.178 Executing VM operation: Cleanup done
Event: 412.182 Executing VM operation: Cleanup
Event: 412.182 Executing VM operation: Cleanup done
Event: 412.453 Executing VM operation: G1CollectForAllocation (G1 Evacuation Pause)
Event: 412.515 Executing VM operation: G1CollectForAllocation (G1 Evacuation Pause) done
Event: 415.538 Executing VM operation: Cleanup
Event: 415.789 Executing VM operation: Cleanup done
Event: 417.791 Executing VM operation: Cleanup
Event: 417.807 Executing VM operation: Cleanup done

Memory protections (0 events):
No events

Nmethod flushes (0 events):
No events

Events (14 events):
Event: 0.156 Thread 0x000001c1c4793640 Thread added: 0x000001c1c4793640
Event: 0.742 Thread 0x000001c1c4793640 Thread added: 0x000001c1e18e6b80
Event: 0.742 Thread 0x000001c1c4793640 Thread added: 0x000001c1e18e7a40
Event: 0.743 Thread 0x000001c1c4793640 Thread added: 0x000001c1e18eb610
Event: 0.743 Thread 0x000001c1c4793640 Thread added: 0x000001c1e18ed070
Event: 0.743 Thread 0x000001c1c4793640 Thread added: 0x000001c1e18efad0
Event: 0.743 Thread 0x000001c1c4793640 Thread added: 0x000001c1e18f0520
Event: 0.744 Thread 0x000001c1c4793640 Thread added: 0x000001c1e18f12a0
Event: 0.796 Thread 0x000001c1c4793640 Thread added: 0x000001c1e18f75d0
Event: 0.997 Thread 0x000001c1c4793640 Thread added: 0x000001c1e1a4e990
Event: 1.009 Thread 0x000001c1c4793640 Thread added: 0x000001c1e1a54420
Event: 8.198 Thread 0x000001c1c4793640 Thread added: 0x000001c1e1c29290
Event: 8.323 Thread 0x000001c1e1c29290 Thread exited: 0x000001c1e1c29290
Event: 70.057 Thread 0x000001c1c4793640 Thread added: 0x000001c1e6aaaf50


Dynamic libraries:
0x00007ff777730000 - 0x00007ff77773e000 	C:\Users\Armero\AppData\Roaming\Code\User\globalStorage\pleiades.java-extension-pack-jdk\java\21\bin\java.exe
0x00007ffd23410000 - 0x00007ffd23608000 	C:\Windows\SYSTEM32\ntdll.dll
0x00007ffd21ac0000 - 0x00007ffd21b82000 	C:\Windows\System32\KERNEL32.DLL
0x00007ffd20d30000 - 0x00007ffd21026000 	C:\Windows\System32\KERNELBASE.dll
0x00007ffd21340000 - 0x00007ffd21440000 	C:\Windows\System32\ucrtbase.dll
0x00007ffd1ddb0000 - 0x00007ffd1ddc8000 	C:\Users\Armero\AppData\Roaming\Code\User\globalStorage\pleiades.java-extension-pack-jdk\java\21\bin\jli.dll
0x00007ffd215a0000 - 0x00007ffd2173d000 	C:\Windows\System32\USER32.dll
0x00007ffd21220000 - 0x00007ffd21242000 	C:\Windows\System32\win32u.dll
0x00007ffd22b40000 - 0x00007ffd22b6b000 	C:\Windows\System32\GDI32.dll
0x00007ffd20ab0000 - 0x00007ffd20bca000 	C:\Windows\System32\gdi32full.dll
0x00007ffd21250000 - 0x00007ffd212ed000 	C:\Windows\System32\msvcp_win.dll
0x00007ffd1a350000 - 0x00007ffd1a36e000 	C:\Users\Armero\AppData\Roaming\Code\User\globalStorage\pleiades.java-extension-pack-jdk\java\21\bin\VCRUNTIME140.dll
0x00007ffd13050000 - 0x00007ffd132ea000 	C:\Windows\WinSxS\amd64_microsoft.windows.common-controls_6595b64144ccf1df_6.0.19041.5794_none_60bcd33171f2783c\COMCTL32.dll
0x00007ffd22df0000 - 0x00007ffd22e8e000 	C:\Windows\System32\msvcrt.dll
0x00007ffd22b00000 - 0x00007ffd22b2f000 	C:\Windows\System32\IMM32.DLL
0x00007ffd1d3b0000 - 0x00007ffd1d3bc000 	C:\Users\Armero\AppData\Roaming\Code\User\globalStorage\pleiades.java-extension-pack-jdk\java\21\bin\vcruntime140_1.dll
0x00007ffd0f1e0000 - 0x00007ffd0f26d000 	C:\Users\Armero\AppData\Roaming\Code\User\globalStorage\pleiades.java-extension-pack-jdk\java\21\bin\msvcp140.dll
0x00007ffcf31f0000 - 0x00007ffcf3f80000 	C:\Users\Armero\AppData\Roaming\Code\User\globalStorage\pleiades.java-extension-pack-jdk\java\21\bin\server\jvm.dll
0x00007ffd22cb0000 - 0x00007ffd22d5f000 	C:\Windows\System32\ADVAPI32.dll
0x00007ffd21500000 - 0x00007ffd2159f000 	C:\Windows\System32\sechost.dll
0x00007ffd22150000 - 0x00007ffd22273000 	C:\Windows\System32\RPCRT4.dll
0x00007ffd20bd0000 - 0x00007ffd20bf7000 	C:\Windows\System32\bcrypt.dll
0x00007ffd23300000 - 0x00007ffd2336b000 	C:\Windows\System32\WS2_32.dll
0x00007ffd20910000 - 0x00007ffd2095b000 	C:\Windows\SYSTEM32\POWRPROF.dll
0x00007ffd0ac10000 - 0x00007ffd0ac37000 	C:\Windows\SYSTEM32\WINMM.dll
0x00007ffd14250000 - 0x00007ffd1425a000 	C:\Windows\SYSTEM32\VERSION.dll
0x00007ffd208f0000 - 0x00007ffd20902000 	C:\Windows\SYSTEM32\UMPDC.dll
0x00007ffd1e950000 - 0x00007ffd1e962000 	C:\Windows\SYSTEM32\kernel.appcore.dll
0x00007ffd1a340000 - 0x00007ffd1a34a000 	C:\Users\Armero\AppData\Roaming\Code\User\globalStorage\pleiades.java-extension-pack-jdk\java\21\bin\jimage.dll
0x00007ffd13520000 - 0x00007ffd13721000 	C:\Windows\SYSTEM32\DBGHELP.DLL
0x00007ffd0ee20000 - 0x00007ffd0ee54000 	C:\Windows\SYSTEM32\dbgcore.DLL
0x00007ffd21190000 - 0x00007ffd21212000 	C:\Windows\System32\bcryptPrimitives.dll
0x00007ffd1a320000 - 0x00007ffd1a33f000 	C:\Users\Armero\AppData\Roaming\Code\User\globalStorage\pleiades.java-extension-pack-jdk\java\21\bin\java.dll
0x00007ffd22280000 - 0x00007ffd229ee000 	C:\Windows\System32\SHELL32.dll
0x00007ffd1eb50000 - 0x00007ffd1f2f3000 	C:\Windows\SYSTEM32\windows.storage.dll
0x00007ffd21c70000 - 0x00007ffd21fc3000 	C:\Windows\System32\combase.dll
0x00007ffd20410000 - 0x00007ffd2043b000 	C:\Windows\SYSTEM32\Wldp.dll
0x00007ffd22080000 - 0x00007ffd2214d000 	C:\Windows\System32\OLEAUT32.dll
0x00007ffd229f0000 - 0x00007ffd22a9d000 	C:\Windows\System32\SHCORE.dll
0x00007ffd22aa0000 - 0x00007ffd22af5000 	C:\Windows\System32\shlwapi.dll
0x00007ffd209e0000 - 0x00007ffd20a05000 	C:\Windows\SYSTEM32\profapi.dll
0x00007ffcf98d0000 - 0x00007ffcf99a7000 	C:\Users\Armero\AppData\Roaming\Code\User\globalStorage\pleiades.java-extension-pack-jdk\java\21\bin\jsvml.dll
0x00007ffd18060000 - 0x00007ffd18070000 	C:\Users\Armero\AppData\Roaming\Code\User\globalStorage\pleiades.java-extension-pack-jdk\java\21\bin\net.dll
0x00007ffd19b40000 - 0x00007ffd19c4a000 	C:\Windows\SYSTEM32\WINHTTP.dll
0x00007ffd20170000 - 0x00007ffd201dc000 	C:\Windows\system32\mswsock.dll
0x00007ffd18040000 - 0x00007ffd18056000 	C:\Users\Armero\AppData\Roaming\Code\User\globalStorage\pleiades.java-extension-pack-jdk\java\21\bin\nio.dll
0x00007ffd18020000 - 0x00007ffd18038000 	C:\Users\Armero\AppData\Roaming\Code\User\globalStorage\pleiades.java-extension-pack-jdk\java\21\bin\zip.dll
0x00007ffcf9580000 - 0x00007ffcf95a4000 	C:\Users\Armero\AppData\Roaming\Code\User\globalStorage\pleiades.java-extension-pack-jdk\maven\latest\lib\jansi-native\Windows\x86_64\jansi.dll
0x00007ffd051e0000 - 0x00007ffd051f0000 	C:\Users\Armero\AppData\Roaming\Code\User\globalStorage\pleiades.java-extension-pack-jdk\java\21\bin\verify.dll

dbghelp: loaded successfully - version: 4.0.5 - missing functions: none
symbol engine: initialized successfully - sym options: 0x614 - pdb path: .;C:\Users\Armero\AppData\Roaming\Code\User\globalStorage\pleiades.java-extension-pack-jdk\java\21\bin;C:\Windows\SYSTEM32;C:\Windows\WinSxS\amd64_microsoft.windows.common-controls_6595b64144ccf1df_6.0.19041.5794_none_60bcd33171f2783c;C:\Users\Armero\AppData\Roaming\Code\User\globalStorage\pleiades.java-extension-pack-jdk\java\21\bin\server;C:\Users\Armero\AppData\Roaming\Code\User\globalStorage\pleiades.java-extension-pack-jdk\maven\latest\lib\jansi-native\Windows\x86_64

VM Arguments:
jvm_args: -Dstdout.encoding=UTF-8 -Dstderr.encoding=UTF-8 --enable-native-access=ALL-UNNAMED -Dclassworlds.conf=C:\Users\Armero\AppData\Roaming\Code\User\globalStorage\pleiades.java-extension-pack-jdk\maven\latest\bin\m2.conf -Dmaven.home=C:\Users\Armero\AppData\Roaming\Code\User\globalStorage\pleiades.java-extension-pack-jdk\maven\latest -Dlibrary.jansi.path=C:\Users\Armero\AppData\Roaming\Code\User\globalStorage\pleiades.java-extension-pack-jdk\maven\latest\lib\jansi-native -Dmaven.multiModuleProjectDirectory=C:\Users\Armero\Documents\FinalDistribuidos\laboratorio_service 
java_command: org.codehaus.plexus.classworlds.launcher.Launcher spring-boot:run
java_class_path (initial): C:\Users\Armero\AppData\Roaming\Code\User\globalStorage\pleiades.java-extension-pack-jdk\maven\latest\boot\plexus-classworlds-2.9.0.jar
Launcher Type: SUN_STANDARD

[Global flags]
     intx CICompilerCount                          = 3                                         {product} {ergonomic}
     uint ConcGCThreads                            = 1                                         {product} {ergonomic}
     uint G1ConcRefinementThreads                  = 4                                         {product} {ergonomic}
   size_t G1HeapRegionSize                         = 1048576                                   {product} {ergonomic}
    uintx GCDrainStackTargetSize                   = 64                                        {product} {ergonomic}
   size_t InitialHeapSize                          = 67108864                                  {product} {ergonomic}
   size_t MarkStackSize                            = 4194304                                   {product} {ergonomic}
   size_t MaxHeapSize                              = 1052770304                                {product} {ergonomic}
   size_t MaxNewSize                               = 631242752                                 {product} {ergonomic}
   size_t MinHeapDeltaBytes                        = 1048576                                   {product} {ergonomic}
   size_t MinHeapSize                              = 8388608                                   {product} {ergonomic}
    uintx NonNMethodCodeHeapSize                   = 5832780                                {pd product} {ergonomic}
    uintx NonProfiledCodeHeapSize                  = 122912730                              {pd product} {ergonomic}
    uintx ProfiledCodeHeapSize                     = 122912730                              {pd product} {ergonomic}
    uintx ReservedCodeCacheSize                    = 251658240                              {pd product} {ergonomic}
     bool SegmentedCodeCache                       = true                                      {product} {ergonomic}
   size_t SoftMaxHeapSize                          = 1052770304                             {manageable} {ergonomic}
     bool UseCompressedOops                        = true                           {product lp64_product} {ergonomic}
     bool UseG1GC                                  = true                                      {product} {ergonomic}
     bool UseLargePagesIndividualAllocation        = false                                  {pd product} {ergonomic}

Logging:
Log output configuration:
 #0: stdout all=warning uptime,level,tags foldmultilines=false
 #1: stderr all=off uptime,level,tags foldmultilines=false

Environment Variables:
JAVA_HOME=C:\Users\Armero\AppData\Roaming\Code\User\globalStorage\pleiades.java-extension-pack-jdk\java\21
JAVA_TOOL_OPTIONS=-Dstdout.encoding=UTF-8 -Dstderr.encoding=UTF-8
PATH=C:\Users\Armero\AppData\Roaming\Code\User\globalStorage\pleiades.java-extension-pack-jdk\gradle\latest\bin;C:\Users\Armero\AppData\Roaming\Code\User\globalStorage\pleiades.java-extension-pack-jdk\maven\latest\bin;C:\Users\Armero\AppData\Roaming\Code\User\globalStorage\pleiades.java-extension-pack-jdk\java\21\bin;C:\Program Files (x86)\VMware\VMware Workstation\bin\;C:\Program Files\BellSoft\LibericaJDK-17\bin\;C:\msys64\mingw64\bin;C:\Program Files\Common Files\Oracle\Java\javapath;C:\Windows\system32;C:\Windows;C:\Windows\System32\Wbem;C:\Windows\System32\WindowsPowerShell\v1.0\;C:\Windows\System32\OpenSSH\;C:\Program Files\Git\cmd;C:\Program Files\Microsoft SQL Server\150\Tools\Binn\;C:\Program Files\Microsoft SQL Server\Client SDK\ODBC\170\Tools\Binn\;C:\Program Files\dotnet\;C:\Program Files (x86)\Windows Kits\10\Windows Performance Toolkit\;C:\maven\bin;C:\Users\Armero\AppData\Local\Microsoft\WindowsApps;C:\Users\Armero\AppData\Local\Programs\Microsoft VS Code\bin;C:\Users\Armero\.dotnet\tools;C:\Program Files\JetBrains\IntelliJ IDEA 2024.2.1\bin;
USERNAME=Armero
LANG=en_US.UTF-8
OS=Windows_NT
PROCESSOR_IDENTIFIER=Intel64 Family 6 Model 42 Stepping 7, GenuineIntel
TMP=C:\Users\Armero\AppData\Local\Temp
TEMP=C:\Users\Armero\AppData\Local\Temp




Periodic native trim disabled

---------------  S Y S T E M  ---------------

OS:
 Windows 10 , 64 bit Build 19041 (10.0.19041.5794)
OS uptime: 0 days 2:03 hours

CPU: total 4 (initial active 4) (2 cores per cpu, 2 threads per core) family 6 model 42 stepping 7 microcode 0x2f, cx8, cmov, fxsr, ht, mmx, sse, sse2, sse3, ssse3, sse4.1, sse4.2, popcnt, tsc, tscinvbit, avx, clmul, vzeroupper, clflush, rdtscp
Processor Information for the first 4 processors :
  Max Mhz: 3300, Current Mhz: 3300, Mhz Limit: 3300

Memory: 4k page, system-wide physical 4008M (264M free)
TotalPageFile size 12200M (AvailPageFile size 278M)
current process WorkingSet (physical memory assigned to process): 98M, peak: 119M
current process commit charge ("private bytes"): 203M, peak: 215M

vm_info: OpenJDK 64-Bit Server VM (21.0.7+6-LTS) for windows-amd64 JRE (21.0.7+6-LTS), built on 2025-04-15T00:00:00Z by "admin" with MS VC++ 17.7 (VS2022)

END.
