#
# There is insufficient memory for the Java Runtime Environment to continue.
# Native memory allocation (malloc) failed to allocate 474336 bytes. Error detail: Chunk::new
# Possible reasons:
#   The system is out of physical RAM or swap space
#   This process is running with CompressedOops enabled, and the Java Heap may be blocking the growth of the native heap
# Possible solutions:
#   Reduce memory load on the system
#   Increase physical memory or swap space
#   Check if swap backing store is full
#   Decrease Java heap size (-Xmx/-Xms)
#   Decrease number of Java threads
#   Decrease Java thread stack sizes (-Xss)
#   Set larger code cache with -XX:ReservedCodeCacheSize=
#   JVM is running with Unscaled Compressed Oops mode in which the Java heap is
#     placed in the first 4GB address space. The Java Heap base address is the
#     maximum limit for the native heap growth. Please use -XX:HeapBaseMinAddress
#     to set the Java Heap base and to place the Java Heap above 4GB virtual address.
# This output file may be truncated or incomplete.
#
#  Out of Memory Error (arena.cpp:168), pid=2368, tid=8688
#
# JRE version: OpenJDK Runtime Environment Temurin-21.0.7+6 (21.0.7+6) (build 21.0.7+6-LTS)
# Java VM: OpenJDK 64-Bit Server VM Temurin-21.0.7+6 (21.0.7+6-LTS, mixed mode, sharing, tiered, compressed oops, compressed class ptrs, g1 gc, windows-amd64)
# No core dump will be written. Minidumps are not enabled by default on client versions of Windows
#

---------------  S U M M A R Y ------------

Command Line: -Dstdout.encoding=UTF-8 -Dstderr.encoding=UTF-8 --enable-native-access=ALL-UNNAMED -Dclassworlds.conf=C:\Users\Armero\AppData\Roaming\Code\User\globalStorage\pleiades.java-extension-pack-jdk\maven\latest\bin\m2.conf -Dmaven.home=C:\Users\Armero\AppData\Roaming\Code\User\globalStorage\pleiades.java-extension-pack-jdk\maven\latest -Dlibrary.jansi.path=C:\Users\Armero\AppData\Roaming\Code\User\globalStorage\pleiades.java-extension-pack-jdk\maven\latest\lib\jansi-native -Dmaven.multiModuleProjectDirectory=C:\Users\Armero\Documents\FinalDistribuidos\laboratorio_service org.codehaus.plexus.classworlds.launcher.Launcher spring-boot:run

Host: Intel(R) Core(TM) i3-2120 CPU @ 3.30GHz, 4 cores, 3G,  Windows 10 , 64 bit Build 19041 (10.0.19041.5794)
Time: Sat Jun  7 23:34:42 2025 Hora est. Pacífico, Sudamérica elapsed time: 9.940964 seconds (0d 0h 0m 9s)

---------------  T H R E A D  ---------------

Current thread (0x000001e6383df920):  JavaThread "C2 CompilerThread0" daemon [_thread_in_native, id=8688, stack(0x0000003401200000,0x0000003401300000) (1024K)]


Current CompileTask:
C2:9941 4693 %     4       sun.nio.fs.WindowsPathParser::normalize @ 18 (233 bytes)

Stack: [0x0000003401200000,0x0000003401300000]
Native frames: (J=compiled Java code, j=interpreted, Vv=VM code, C=native code)
V  [jvm.dll+0x6ce119]
V  [jvm.dll+0x8a84a1]
V  [jvm.dll+0x8aa9ce]
V  [jvm.dll+0x8ab0b3]
V  [jvm.dll+0x27f8a6]
V  [jvm.dll+0xc507d]
V  [jvm.dll+0xc55b3]
V  [jvm.dll+0x3b692c]
V  [jvm.dll+0x382aa5]
V  [jvm.dll+0x381f0a]
V  [jvm.dll+0x247af0]
V  [jvm.dll+0x2470cf]
V  [jvm.dll+0x1c760e]
V  [jvm.dll+0x25695a]
V  [jvm.dll+0x254efa]
V  [jvm.dll+0x3f03f6]
V  [jvm.dll+0x851f6b]
V  [jvm.dll+0x6cc7dd]
C  [ucrtbase.dll+0x21bb2]
C  [KERNEL32.DLL+0x17374]
C  [ntdll.dll+0x4cc91]


---------------  P R O C E S S  ---------------

Threads class SMR info:
_java_thread_list=0x000001e67e5c27f0, length=12, elements={
0x000001e61b4a3700, 0x000001e6383d44f0, 0x000001e6383d53b0, 0x000001e6383da2f0,
0x000001e6383dbd50, 0x000001e6383de7b0, 0x000001e6383e15b0, 0x000001e6383df920,
0x000001e6383e0710, 0x000001e638535280, 0x000001e638541d50, 0x000001e63842b160
}

Java Threads: ( => current thread )
  0x000001e61b4a3700 JavaThread "main"                              [_thread_in_Java, id=13436, stack(0x0000003400400000,0x0000003400500000) (1024K)]
  0x000001e6383d44f0 JavaThread "Reference Handler"          daemon [_thread_blocked, id=12680, stack(0x0000003400c00000,0x0000003400d00000) (1024K)]
  0x000001e6383d53b0 JavaThread "Finalizer"                  daemon [_thread_blocked, id=13360, stack(0x0000003400d00000,0x0000003400e00000) (1024K)]
  0x000001e6383da2f0 JavaThread "Signal Dispatcher"          daemon [_thread_blocked, id=1156, stack(0x0000003400e00000,0x0000003400f00000) (1024K)]
  0x000001e6383dbd50 JavaThread "Attach Listener"            daemon [_thread_blocked, id=13920, stack(0x0000003400f00000,0x0000003401000000) (1024K)]
  0x000001e6383de7b0 JavaThread "Service Thread"             daemon [_thread_blocked, id=13504, stack(0x0000003401000000,0x0000003401100000) (1024K)]
  0x000001e6383e15b0 JavaThread "Monitor Deflation Thread"   daemon [_thread_blocked, id=13600, stack(0x0000003401100000,0x0000003401200000) (1024K)]
=>0x000001e6383df920 JavaThread "C2 CompilerThread0"         daemon [_thread_in_native, id=8688, stack(0x0000003401200000,0x0000003401300000) (1024K)]
  0x000001e6383e0710 JavaThread "C1 CompilerThread0"         daemon [_thread_blocked, id=12816, stack(0x0000003401300000,0x0000003401400000) (1024K)]
  0x000001e638535280 JavaThread "Notification Thread"        daemon [_thread_blocked, id=4328, stack(0x0000003401400000,0x0000003401500000) (1024K)]
  0x000001e638541d50 JavaThread "Common-Cleaner"             daemon [_thread_blocked, id=13196, stack(0x0000003401500000,0x0000003401600000) (1024K)]
  0x000001e63842b160 JavaThread "Thread-1"                   daemon [_thread_blocked, id=12140, stack(0x0000003401900000,0x0000003401a00000) (1024K)]
Total: 12

Other Threads:
  0x000001e61b55fbb0 VMThread "VM Thread"                           [id=11436, stack(0x0000003400b00000,0x0000003400c00000) (1024K)]
  0x000001e61b550640 WatcherThread "VM Periodic Task Thread"        [id=10776, stack(0x0000003400a00000,0x0000003400b00000) (1024K)]
  0x000001e61b4d80f0 WorkerThread "GC Thread#0"                     [id=7688, stack(0x0000003400500000,0x0000003400600000) (1024K)]
  0x000001e67e37cab0 WorkerThread "GC Thread#1"                     [id=10760, stack(0x0000003401600000,0x0000003401700000) (1024K)]
  0x000001e67e369280 WorkerThread "GC Thread#2"                     [id=5892, stack(0x0000003401700000,0x0000003401800000) (1024K)]
  0x000001e67e377020 WorkerThread "GC Thread#3"                     [id=1564, stack(0x0000003401800000,0x0000003401900000) (1024K)]
  0x000001e61b4e0e50 ConcurrentGCThread "G1 Main Marker"            [id=932, stack(0x0000003400600000,0x0000003400700000) (1024K)]
  0x000001e61b4e3860 WorkerThread "G1 Conc#0"                       [id=12632, stack(0x0000003400700000,0x0000003400800000) (1024K)]
  0x000001e61b53e380 ConcurrentGCThread "G1 Refine#0"               [id=2520, stack(0x0000003400800000,0x0000003400900000) (1024K)]
  0x000001e61b53edf0 ConcurrentGCThread "G1 Service"                [id=9976, stack(0x0000003400900000,0x0000003400a00000) (1024K)]
Total: 10

Threads with active compile tasks:
C2 CompilerThread0  10109 4693 %     4       sun.nio.fs.WindowsPathParser::normalize @ 18 (233 bytes)
Total: 1

VM state: not at safepoint (normal execution)

VM Mutex/Monitor currently owned by a thread: None

Heap address: 0x00000000c1400000, size: 1004 MB, Compressed Oops mode: 32-bit

CDS archive(s) mapped at: [0x000001e639000000-0x000001e639c80000-0x000001e639c80000), size 13107200, SharedBaseAddress: 0x000001e639000000, ArchiveRelocationMode: 1.
Compressed class space mapped at: 0x000001e63a000000-0x000001e67a000000, reserved size: 1073741824
Narrow klass base: 0x000001e639000000, Narrow klass shift: 0, Narrow klass range: 0x100000000

GC Precious Log:
 CardTable entry size: 512
 Card Set container configuration: InlinePtr #cards 5 size 8 Array Of Cards #cards 12 size 40 Howl #buckets 4 coarsen threshold 1843 Howl Bitmap #cards 512 size 80 coarsen threshold 460 Card regions per heap region 1 cards per card region 2048
 CPUs: 4 total, 4 available
 Memory: 4008M
 Large Page Support: Disabled
 NUMA Support: Disabled
 Compressed Oops: Enabled (32-bit)
 Heap Region Size: 1M
 Heap Min Capacity: 8M
 Heap Initial Capacity: 64M
 Heap Max Capacity: 1004M
 Pre-touch: Disabled
 Parallel Workers: 4
 Concurrent Workers: 1
 Concurrent Refinement Workers: 4
 Periodic GC: Disabled

Heap:
 garbage-first heap   total 65536K, used 15084K [0x00000000c1400000, 0x0000000100000000)
  region size 1024K, 3 young (3072K), 1 survivors (1024K)
 Metaspace       used 16796K, committed 17024K, reserved 1114112K
  class space    used 1877K, committed 1984K, reserved 1048576K

Heap Regions: E=young(eden), S=young(survivor), O=old, HS=humongous(starts), HC=humongous(continues), CS=collection set, F=free, TAMS=top-at-mark-start, PB=parsable bottom
|   0|0x00000000c1400000, 0x00000000c1500000, 0x00000000c1500000|100%| O|  |TAMS 0x00000000c1400000| PB 0x00000000c1400000| Untracked 
|   1|0x00000000c1500000, 0x00000000c1600000, 0x00000000c1600000|100%| O|  |TAMS 0x00000000c1500000| PB 0x00000000c1500000| Untracked 
|   2|0x00000000c1600000, 0x00000000c1700000, 0x00000000c1700000|100%| O|  |TAMS 0x00000000c1600000| PB 0x00000000c1600000| Untracked 
|   3|0x00000000c1700000, 0x00000000c1800000, 0x00000000c1800000|100%| O|  |TAMS 0x00000000c1700000| PB 0x00000000c1700000| Untracked 
|   4|0x00000000c1800000, 0x00000000c1900000, 0x00000000c1900000|100%| O|  |TAMS 0x00000000c1800000| PB 0x00000000c1800000| Untracked 
|   5|0x00000000c1900000, 0x00000000c1a00000, 0x00000000c1a00000|100%| O|  |TAMS 0x00000000c1900000| PB 0x00000000c1900000| Untracked 
|   6|0x00000000c1a00000, 0x00000000c1b00000, 0x00000000c1b00000|100%| O|  |TAMS 0x00000000c1a00000| PB 0x00000000c1a00000| Untracked 
|   7|0x00000000c1b00000, 0x00000000c1c00000, 0x00000000c1c00000|100%| O|  |TAMS 0x00000000c1b00000| PB 0x00000000c1b00000| Untracked 
|   8|0x00000000c1c00000, 0x00000000c1d00000, 0x00000000c1d00000|100%| O|  |TAMS 0x00000000c1c00000| PB 0x00000000c1c00000| Untracked 
|   9|0x00000000c1d00000, 0x00000000c1e00000, 0x00000000c1e00000|100%| O|  |TAMS 0x00000000c1d00000| PB 0x00000000c1d00000| Untracked 
|  10|0x00000000c1e00000, 0x00000000c1f00000, 0x00000000c1f00000|100%| O|  |TAMS 0x00000000c1e00000| PB 0x00000000c1e00000| Untracked 
|  11|0x00000000c1f00000, 0x00000000c2000000, 0x00000000c2000000|100%| O|  |TAMS 0x00000000c1f00000| PB 0x00000000c1f00000| Untracked 
|  12|0x00000000c2000000, 0x00000000c20bb2b0, 0x00000000c2100000| 73%| O|  |TAMS 0x00000000c2000000| PB 0x00000000c2000000| Untracked 
|  13|0x00000000c2100000, 0x00000000c2100000, 0x00000000c2200000|  0%| F|  |TAMS 0x00000000c2100000| PB 0x00000000c2100000| Untracked 
|  14|0x00000000c2200000, 0x00000000c2200000, 0x00000000c2300000|  0%| F|  |TAMS 0x00000000c2200000| PB 0x00000000c2200000| Untracked 
|  15|0x00000000c2300000, 0x00000000c2300000, 0x00000000c2400000|  0%| F|  |TAMS 0x00000000c2300000| PB 0x00000000c2300000| Untracked 
|  16|0x00000000c2400000, 0x00000000c2400000, 0x00000000c2500000|  0%| F|  |TAMS 0x00000000c2400000| PB 0x00000000c2400000| Untracked 
|  17|0x00000000c2500000, 0x00000000c2500000, 0x00000000c2600000|  0%| F|  |TAMS 0x00000000c2500000| PB 0x00000000c2500000| Untracked 
|  18|0x00000000c2600000, 0x00000000c2600000, 0x00000000c2700000|  0%| F|  |TAMS 0x00000000c2600000| PB 0x00000000c2600000| Untracked 
|  19|0x00000000c2700000, 0x00000000c2700000, 0x00000000c2800000|  0%| F|  |TAMS 0x00000000c2700000| PB 0x00000000c2700000| Untracked 
|  20|0x00000000c2800000, 0x00000000c2800000, 0x00000000c2900000|  0%| F|  |TAMS 0x00000000c2800000| PB 0x00000000c2800000| Untracked 
|  21|0x00000000c2900000, 0x00000000c2900000, 0x00000000c2a00000|  0%| F|  |TAMS 0x00000000c2900000| PB 0x00000000c2900000| Untracked 
|  22|0x00000000c2a00000, 0x00000000c2a00000, 0x00000000c2b00000|  0%| F|  |TAMS 0x00000000c2a00000| PB 0x00000000c2a00000| Untracked 
|  23|0x00000000c2b00000, 0x00000000c2b00000, 0x00000000c2c00000|  0%| F|  |TAMS 0x00000000c2b00000| PB 0x00000000c2b00000| Untracked 
|  24|0x00000000c2c00000, 0x00000000c2c00000, 0x00000000c2d00000|  0%| F|  |TAMS 0x00000000c2c00000| PB 0x00000000c2c00000| Untracked 
|  25|0x00000000c2d00000, 0x00000000c2d00000, 0x00000000c2e00000|  0%| F|  |TAMS 0x00000000c2d00000| PB 0x00000000c2d00000| Untracked 
|  26|0x00000000c2e00000, 0x00000000c2e00000, 0x00000000c2f00000|  0%| F|  |TAMS 0x00000000c2e00000| PB 0x00000000c2e00000| Untracked 
|  27|0x00000000c2f00000, 0x00000000c3000000, 0x00000000c3000000|100%| S|CS|TAMS 0x00000000c2f00000| PB 0x00000000c2f00000| Complete 
|  28|0x00000000c3000000, 0x00000000c3000000, 0x00000000c3100000|  0%| F|  |TAMS 0x00000000c3000000| PB 0x00000000c3000000| Untracked 
|  29|0x00000000c3100000, 0x00000000c3100000, 0x00000000c3200000|  0%| F|  |TAMS 0x00000000c3100000| PB 0x00000000c3100000| Untracked 
|  30|0x00000000c3200000, 0x00000000c3200000, 0x00000000c3300000|  0%| F|  |TAMS 0x00000000c3200000| PB 0x00000000c3200000| Untracked 
|  31|0x00000000c3300000, 0x00000000c3300000, 0x00000000c3400000|  0%| F|  |TAMS 0x00000000c3300000| PB 0x00000000c3300000| Untracked 
|  32|0x00000000c3400000, 0x00000000c3400000, 0x00000000c3500000|  0%| F|  |TAMS 0x00000000c3400000| PB 0x00000000c3400000| Untracked 
|  33|0x00000000c3500000, 0x00000000c3500000, 0x00000000c3600000|  0%| F|  |TAMS 0x00000000c3500000| PB 0x00000000c3500000| Untracked 
|  34|0x00000000c3600000, 0x00000000c3600000, 0x00000000c3700000|  0%| F|  |TAMS 0x00000000c3600000| PB 0x00000000c3600000| Untracked 
|  35|0x00000000c3700000, 0x00000000c3700000, 0x00000000c3800000|  0%| F|  |TAMS 0x00000000c3700000| PB 0x00000000c3700000| Untracked 
|  36|0x00000000c3800000, 0x00000000c3800000, 0x00000000c3900000|  0%| F|  |TAMS 0x00000000c3800000| PB 0x00000000c3800000| Untracked 
|  37|0x00000000c3900000, 0x00000000c3900000, 0x00000000c3a00000|  0%| F|  |TAMS 0x00000000c3900000| PB 0x00000000c3900000| Untracked 
|  38|0x00000000c3a00000, 0x00000000c3a00000, 0x00000000c3b00000|  0%| F|  |TAMS 0x00000000c3a00000| PB 0x00000000c3a00000| Untracked 
|  39|0x00000000c3b00000, 0x00000000c3b00000, 0x00000000c3c00000|  0%| F|  |TAMS 0x00000000c3b00000| PB 0x00000000c3b00000| Untracked 
|  40|0x00000000c3c00000, 0x00000000c3c00000, 0x00000000c3d00000|  0%| F|  |TAMS 0x00000000c3c00000| PB 0x00000000c3c00000| Untracked 
|  41|0x00000000c3d00000, 0x00000000c3d00000, 0x00000000c3e00000|  0%| F|  |TAMS 0x00000000c3d00000| PB 0x00000000c3d00000| Untracked 
|  42|0x00000000c3e00000, 0x00000000c3e00000, 0x00000000c3f00000|  0%| F|  |TAMS 0x00000000c3e00000| PB 0x00000000c3e00000| Untracked 
|  43|0x00000000c3f00000, 0x00000000c3f00000, 0x00000000c4000000|  0%| F|  |TAMS 0x00000000c3f00000| PB 0x00000000c3f00000| Untracked 
|  44|0x00000000c4000000, 0x00000000c4000000, 0x00000000c4100000|  0%| F|  |TAMS 0x00000000c4000000| PB 0x00000000c4000000| Untracked 
|  45|0x00000000c4100000, 0x00000000c4100000, 0x00000000c4200000|  0%| F|  |TAMS 0x00000000c4100000| PB 0x00000000c4100000| Untracked 
|  46|0x00000000c4200000, 0x00000000c4200000, 0x00000000c4300000|  0%| F|  |TAMS 0x00000000c4200000| PB 0x00000000c4200000| Untracked 
|  47|0x00000000c4300000, 0x00000000c4300000, 0x00000000c4400000|  0%| F|  |TAMS 0x00000000c4300000| PB 0x00000000c4300000| Untracked 
|  48|0x00000000c4400000, 0x00000000c4400000, 0x00000000c4500000|  0%| F|  |TAMS 0x00000000c4400000| PB 0x00000000c4400000| Untracked 
|  49|0x00000000c4500000, 0x00000000c4500000, 0x00000000c4600000|  0%| F|  |TAMS 0x00000000c4500000| PB 0x00000000c4500000| Untracked 
|  50|0x00000000c4600000, 0x00000000c4600000, 0x00000000c4700000|  0%| F|  |TAMS 0x00000000c4600000| PB 0x00000000c4600000| Untracked 
|  51|0x00000000c4700000, 0x00000000c4700000, 0x00000000c4800000|  0%| F|  |TAMS 0x00000000c4700000| PB 0x00000000c4700000| Untracked 
|  52|0x00000000c4800000, 0x00000000c4800000, 0x00000000c4900000|  0%| F|  |TAMS 0x00000000c4800000| PB 0x00000000c4800000| Untracked 
|  53|0x00000000c4900000, 0x00000000c4900000, 0x00000000c4a00000|  0%| F|  |TAMS 0x00000000c4900000| PB 0x00000000c4900000| Untracked 
|  54|0x00000000c4a00000, 0x00000000c4a00000, 0x00000000c4b00000|  0%| F|  |TAMS 0x00000000c4a00000| PB 0x00000000c4a00000| Untracked 
|  55|0x00000000c4b00000, 0x00000000c4b00000, 0x00000000c4c00000|  0%| F|  |TAMS 0x00000000c4b00000| PB 0x00000000c4b00000| Untracked 
|  56|0x00000000c4c00000, 0x00000000c4c00000, 0x00000000c4d00000|  0%| F|  |TAMS 0x00000000c4c00000| PB 0x00000000c4c00000| Untracked 
|  57|0x00000000c4d00000, 0x00000000c4d00000, 0x00000000c4e00000|  0%| F|  |TAMS 0x00000000c4d00000| PB 0x00000000c4d00000| Untracked 
|  58|0x00000000c4e00000, 0x00000000c4e00000, 0x00000000c4f00000|  0%| F|  |TAMS 0x00000000c4e00000| PB 0x00000000c4e00000| Untracked 
|  59|0x00000000c4f00000, 0x00000000c4f00000, 0x00000000c5000000|  0%| F|  |TAMS 0x00000000c4f00000| PB 0x00000000c4f00000| Untracked 
|  60|0x00000000c5000000, 0x00000000c5000000, 0x00000000c5100000|  0%| F|  |TAMS 0x00000000c5000000| PB 0x00000000c5000000| Untracked 
|  61|0x00000000c5100000, 0x00000000c5100000, 0x00000000c5200000|  0%| F|  |TAMS 0x00000000c5100000| PB 0x00000000c5100000| Untracked 
|  62|0x00000000c5200000, 0x00000000c5280000, 0x00000000c5300000| 50%| E|  |TAMS 0x00000000c5200000| PB 0x00000000c5200000| Complete 
|  63|0x00000000c5300000, 0x00000000c5400000, 0x00000000c5400000|100%| E|CS|TAMS 0x00000000c5300000| PB 0x00000000c5300000| Complete 

Card table byte_map: [0x000001e634c90000,0x000001e634e90000] _byte_map_base: 0x000001e634686000

Marking Bits: (CMBitMap*) 0x000001e61b4d87f0
 Bits: [0x000001e634e90000, 0x000001e635e40000)

Polling page: 0x000001e61b270000

Metaspace:

Usage:
  Non-class:     14.57 MB used.
      Class:      1.83 MB used.
       Both:     16.40 MB used.

Virtual space:
  Non-class space:       64.00 MB reserved,      14.69 MB ( 23%) committed,  1 nodes.
      Class space:        1.00 GB reserved,       1.94 MB ( <1%) committed,  1 nodes.
             Both:        1.06 GB reserved,      16.62 MB (  2%) committed. 

Chunk freelists:
   Non-Class:  1.20 MB
       Class:  13.89 MB
        Both:  15.09 MB

MaxMetaspaceSize: unlimited
CompressedClassSpaceSize: 1.00 GB
Initial GC threshold: 21.00 MB
Current GC threshold: 21.00 MB
CDS: on
 - commit_granule_bytes: 65536.
 - commit_granule_words: 8192.
 - virtual_space_node_default_size: 8388608.
 - enlarge_chunks_in_place: 1.
 - use_allocation_guard: 0.


Internal statistics:

num_allocs_failed_limit: 0.
num_arena_births: 180.
num_arena_deaths: 0.
num_vsnodes_births: 2.
num_vsnodes_deaths: 0.
num_space_committed: 266.
num_space_uncommitted: 0.
num_chunks_returned_to_freelist: 0.
num_chunks_taken_from_freelist: 715.
num_chunk_merges: 0.
num_chunk_splits: 514.
num_chunks_enlarged: 427.
num_inconsistent_stats: 0.

CodeHeap 'non-profiled nmethods': size=120000Kb used=2189Kb max_used=2189Kb free=117810Kb
 bounds [0x000001e62cf40000, 0x000001e62d1b0000, 0x000001e634470000]
CodeHeap 'profiled nmethods': size=120000Kb used=9772Kb max_used=9772Kb free=110227Kb
 bounds [0x000001e625470000, 0x000001e625e00000, 0x000001e62c9a0000]
CodeHeap 'non-nmethods': size=5760Kb used=1400Kb max_used=1450Kb free=4359Kb
 bounds [0x000001e62c9a0000, 0x000001e62cc10000, 0x000001e62cf40000]
 total_blobs=5219 nmethods=4726 adapters=397
 compilation: enabled
              stopped_count=0, restarted_count=0
 full_count=0

Compilation events (20 events):
Event: 9.860 Thread 0x000001e6383e0710 nmethod 4683 0x000001e625dc7190 code [0x000001e625dc7540, 0x000001e625dc8eb8]
Event: 9.860 Thread 0x000001e6383e0710 4687       3       java.io.FileDescriptor$1::setHandle (6 bytes)
Event: 9.860 Thread 0x000001e6383e0710 nmethod 4687 0x000001e625dc9610 code [0x000001e625dc97c0, 0x000001e625dc9aa8]
Event: 9.861 Thread 0x000001e6383e0710 4684       3       sun.nio.fs.WindowsChannelFactory$Flags::<init> (20 bytes)
Event: 9.861 Thread 0x000001e6383e0710 nmethod 4684 0x000001e625dc9c10 code [0x000001e625dc9dc0, 0x000001e625dc9f30]
Event: 9.861 Thread 0x000001e6383e0710 4685   !   3       sun.nio.fs.WindowsChannelFactory::open (457 bytes)
Event: 9.863 Thread 0x000001e6383e0710 nmethod 4685 0x000001e625dca010 code [0x000001e625dca2e0, 0x000001e625dcb238]
Event: 9.863 Thread 0x000001e6383e0710 4686   !   3       sun.nio.fs.WindowsNativeDispatcher::CreateFile (83 bytes)
Event: 9.863 Thread 0x000001e6383e0710 nmethod 4686 0x000001e625dcb890 code [0x000001e625dcbae0, 0x000001e625dcc080]
Event: 9.863 Thread 0x000001e6383e0710 4688   !   3       java.io.FileInputStream::getChannel (81 bytes)
Event: 9.864 Thread 0x000001e6383e0710 nmethod 4688 0x000001e625dcc490 code [0x000001e625dcc680, 0x000001e625dccb30]
Event: 9.864 Thread 0x000001e6383e0710 4689   !   3       sun.nio.ch.FileChannelImpl::lock (361 bytes)
Event: 9.867 Thread 0x000001e6383e0710 nmethod 4689 0x000001e625dccd90 code [0x000001e625dcd1c0, 0x000001e625dce870]
Event: 9.867 Thread 0x000001e6383e0710 4690       3       sun.nio.ch.FileLockImpl::<init> (11 bytes)
Event: 9.867 Thread 0x000001e6383e0710 nmethod 4690 0x000001e625dcf490 code [0x000001e625dcf640, 0x000001e625dcf778]
Event: 9.867 Thread 0x000001e6383e0710 4691       3       java.nio.channels.FileLock::<init> (86 bytes)
Event: 9.868 Thread 0x000001e6383e0710 nmethod 4691 0x000001e625dcf810 code [0x000001e625dcfa20, 0x000001e625dd0070]
Event: 9.881 Thread 0x000001e6383e0710 4692       3       org.apache.maven.repository.internal.DefaultVersionResolver$Key::<init> (336 bytes)
Event: 9.883 Thread 0x000001e6383e0710 nmethod 4692 0x000001e625dd0290 code [0x000001e625dd0620, 0x000001e625dd1c58]
Event: 9.902 Thread 0x000001e6383df920 4693 %     4       sun.nio.fs.WindowsPathParser::normalize @ 18 (233 bytes)

GC Heap History (10 events):
Event: 2.320 GC heap before
{Heap before GC invocations=0 (full 0):
 garbage-first heap   total 65536K, used 12288K [0x00000000c1400000, 0x0000000100000000)
  region size 1024K, 13 young (13312K), 0 survivors (0K)
 Metaspace       used 3637K, committed 3712K, reserved 1114112K
  class space    used 364K, committed 384K, reserved 1048576K
}
Event: 2.333 GC heap after
{Heap after GC invocations=1 (full 0):
 garbage-first heap   total 65536K, used 3168K [0x00000000c1400000, 0x0000000100000000)
  region size 1024K, 2 young (2048K), 2 survivors (2048K)
 Metaspace       used 3637K, committed 3712K, reserved 1114112K
  class space    used 364K, committed 384K, reserved 1048576K
}
Event: 3.317 GC heap before
{Heap before GC invocations=1 (full 0):
 garbage-first heap   total 65536K, used 19552K [0x00000000c1400000, 0x0000000100000000)
  region size 1024K, 18 young (18432K), 2 survivors (2048K)
 Metaspace       used 6153K, committed 6336K, reserved 1114112K
  class space    used 714K, committed 832K, reserved 1048576K
}
Event: 3.324 GC heap after
{Heap after GC invocations=2 (full 0):
 garbage-first heap   total 65536K, used 3876K [0x00000000c1400000, 0x0000000100000000)
  region size 1024K, 1 young (1024K), 1 survivors (1024K)
 Metaspace       used 6153K, committed 6336K, reserved 1114112K
  class space    used 714K, committed 832K, reserved 1048576K
}
Event: 5.157 GC heap before
{Heap before GC invocations=2 (full 0):
 garbage-first heap   total 65536K, used 40740K [0x00000000c1400000, 0x0000000100000000)
  region size 1024K, 38 young (38912K), 1 survivors (1024K)
 Metaspace       used 12137K, committed 12352K, reserved 1114112K
  class space    used 1452K, committed 1536K, reserved 1048576K
}
Event: 5.166 GC heap after
{Heap after GC invocations=3 (full 0):
 garbage-first heap   total 65536K, used 6432K [0x00000000c1400000, 0x0000000100000000)
  region size 1024K, 4 young (4096K), 4 survivors (4096K)
 Metaspace       used 12137K, committed 12352K, reserved 1114112K
  class space    used 1452K, committed 1536K, reserved 1048576K
}
Event: 6.659 GC heap before
{Heap before GC invocations=3 (full 0):
 garbage-first heap   total 65536K, used 41248K [0x00000000c1400000, 0x0000000100000000)
  region size 1024K, 38 young (38912K), 4 survivors (4096K)
 Metaspace       used 15631K, committed 15872K, reserved 1114112K
  class space    used 1805K, committed 1920K, reserved 1048576K
}
Event: 6.683 GC heap after
{Heap after GC invocations=4 (full 0):
 garbage-first heap   total 65536K, used 11106K [0x00000000c1400000, 0x0000000100000000)
  region size 1024K, 5 young (5120K), 5 survivors (5120K)
 Metaspace       used 15631K, committed 15872K, reserved 1114112K
  class space    used 1805K, committed 1920K, reserved 1048576K
}
Event: 8.283 GC heap before
{Heap before GC invocations=4 (full 0):
 garbage-first heap   total 65536K, used 44898K [0x00000000c1400000, 0x0000000100000000)
  region size 1024K, 38 young (38912K), 5 survivors (5120K)
 Metaspace       used 16258K, committed 16576K, reserved 1114112K
  class space    used 1858K, committed 1984K, reserved 1048576K
}
Event: 8.301 GC heap after
{Heap after GC invocations=5 (full 0):
 garbage-first heap   total 65536K, used 13791K [0x00000000c1400000, 0x0000000100000000)
  region size 1024K, 3 young (3072K), 3 survivors (3072K)
 Metaspace       used 16258K, committed 16576K, reserved 1114112K
  class space    used 1858K, committed 1984K, reserved 1048576K
}

Dll operation events (8 events):
Event: 0.041 Loaded shared library C:\Users\Armero\AppData\Roaming\Code\User\globalStorage\pleiades.java-extension-pack-jdk\java\21\bin\java.dll
Event: 0.182 Loaded shared library C:\Users\Armero\AppData\Roaming\Code\User\globalStorage\pleiades.java-extension-pack-jdk\java\21\bin\jsvml.dll
Event: 0.284 Loaded shared library C:\Users\Armero\AppData\Roaming\Code\User\globalStorage\pleiades.java-extension-pack-jdk\java\21\bin\net.dll
Event: 0.309 Loaded shared library C:\Users\Armero\AppData\Roaming\Code\User\globalStorage\pleiades.java-extension-pack-jdk\java\21\bin\nio.dll
Event: 0.392 Loaded shared library C:\Users\Armero\AppData\Roaming\Code\User\globalStorage\pleiades.java-extension-pack-jdk\java\21\bin\zip.dll
Event: 1.135 Loaded shared library C:\Users\Armero\AppData\Roaming\Code\User\globalStorage\pleiades.java-extension-pack-jdk\maven\latest\lib\jansi-native\Windows\x86_64\jansi.dll
Event: 1.243 Loaded shared library C:\Users\Armero\AppData\Roaming\Code\User\globalStorage\pleiades.java-extension-pack-jdk\java\21\bin\jimage.dll
Event: 1.327 Loaded shared library C:\Users\Armero\AppData\Roaming\Code\User\globalStorage\pleiades.java-extension-pack-jdk\java\21\bin\verify.dll

Deoptimization events (20 events):
Event: 9.432 Thread 0x000001e61b4a3700 Uncommon trap: trap_request=0xffffff76 fr.pc=0x000001e62cfb8ecc relative=0x00000000000002ec
Event: 9.432 Thread 0x000001e61b4a3700 Uncommon trap: reason=predicate action=maybe_recompile pc=0x000001e62cfb8ecc method=java.nio.charset.CharsetDecoder.decode(Ljava/nio/ByteBuffer;Ljava/nio/CharBuffer;Z)Ljava/nio/charset/CoderResult; @ 54 c2
Event: 9.432 Thread 0x000001e61b4a3700 DEOPT PACKING pc=0x000001e62cfb8ecc sp=0x00000034004fc1d0
Event: 9.432 Thread 0x000001e61b4a3700 DEOPT UNPACKING pc=0x000001e62c9f46a2 sp=0x00000034004fc160 mode 2
Event: 9.507 Thread 0x000001e61b4a3700 Uncommon trap: trap_request=0xffffff45 fr.pc=0x000001e62d0e1b28 relative=0x0000000000000268
Event: 9.507 Thread 0x000001e61b4a3700 Uncommon trap: reason=unstable_if action=reinterpret pc=0x000001e62d0e1b28 method=java.util.HashMap.getNode(Ljava/lang/Object;)Ljava/util/HashMap$Node; @ 57 c2
Event: 9.507 Thread 0x000001e61b4a3700 DEOPT PACKING pc=0x000001e62d0e1b28 sp=0x00000034004fd920
Event: 9.508 Thread 0x000001e61b4a3700 DEOPT UNPACKING pc=0x000001e62c9f46a2 sp=0x00000034004fd830 mode 2
Event: 9.508 Thread 0x000001e61b4a3700 Uncommon trap: trap_request=0xffffff45 fr.pc=0x000001e62d0de62c relative=0x000000000000026c
Event: 9.508 Thread 0x000001e61b4a3700 Uncommon trap: reason=unstable_if action=reinterpret pc=0x000001e62d0de62c method=java.util.HashMap.getNode(Ljava/lang/Object;)Ljava/util/HashMap$Node; @ 57 c2
Event: 9.508 Thread 0x000001e61b4a3700 DEOPT PACKING pc=0x000001e62d0de62c sp=0x00000034004fd8b0
Event: 9.508 Thread 0x000001e61b4a3700 DEOPT UNPACKING pc=0x000001e62c9f46a2 sp=0x00000034004fd830 mode 2
Event: 9.508 Thread 0x000001e61b4a3700 Uncommon trap: trap_request=0xffffff45 fr.pc=0x000001e62cfcf3d0 relative=0x00000000000000b0
Event: 9.508 Thread 0x000001e61b4a3700 Uncommon trap: reason=unstable_if action=reinterpret pc=0x000001e62cfcf3d0 method=java.util.HashMap.hash(Ljava/lang/Object;)I @ 1 c2
Event: 9.508 Thread 0x000001e61b4a3700 DEOPT PACKING pc=0x000001e62cfcf3d0 sp=0x00000034004fd820
Event: 9.508 Thread 0x000001e61b4a3700 DEOPT UNPACKING pc=0x000001e62c9f46a2 sp=0x00000034004fd7b8 mode 2
Event: 9.518 Thread 0x000001e61b4a3700 Uncommon trap: trap_request=0xffffff45 fr.pc=0x000001e62d14ef08 relative=0x00000000000001c8
Event: 9.518 Thread 0x000001e61b4a3700 Uncommon trap: reason=unstable_if action=reinterpret pc=0x000001e62d14ef08 method=java.util.IdentityHashMap.nextKeyIndex(II)I @ 4 c2
Event: 9.518 Thread 0x000001e61b4a3700 DEOPT PACKING pc=0x000001e62d14ef08 sp=0x00000034004fd770
Event: 9.518 Thread 0x000001e61b4a3700 DEOPT UNPACKING pc=0x000001e62c9f46a2 sp=0x00000034004fd678 mode 2

Classes loaded (20 events):
Event: 5.739 Loading class java/util/stream/IntPipeline$Head
Event: 5.740 Loading class java/util/stream/IntPipeline
Event: 5.740 Loading class java/util/stream/IntPipeline done
Event: 5.741 Loading class java/util/stream/IntPipeline$Head done
Event: 5.747 Loading class java/util/StringTokenizer
Event: 5.748 Loading class java/util/StringTokenizer done
Event: 5.836 Loading class java/util/stream/Streams$RangeIntSpliterator
Event: 5.837 Loading class java/util/stream/Streams$RangeIntSpliterator done
Event: 6.729 Loading class java/util/stream/MatchOps$MatchKind
Event: 6.730 Loading class java/util/stream/MatchOps$MatchKind done
Event: 6.730 Loading class java/util/stream/MatchOps
Event: 6.731 Loading class java/util/stream/MatchOps done
Event: 6.731 Loading class java/util/stream/MatchOps$MatchOp
Event: 6.731 Loading class java/util/stream/MatchOps$MatchOp done
Event: 6.732 Loading class java/util/stream/MatchOps$BooleanTerminalSink
Event: 6.736 Loading class java/util/stream/MatchOps$BooleanTerminalSink done
Event: 6.772 Loading class java/util/stream/MatchOps$1MatchSink
Event: 6.772 Loading class java/util/stream/MatchOps$1MatchSink done
Event: 9.431 Loading class sun/nio/cs/ISO_8859_1$Decoder
Event: 9.432 Loading class sun/nio/cs/ISO_8859_1$Decoder done

Classes unloaded (0 events):
No events

Classes redefined (0 events):
No events

Internal exceptions (20 events):
Event: 4.650 Thread 0x000001e61b4a3700 Exception <a 'java/lang/NoSuchMethodError'{0x00000000c352c730}: 'java.lang.Object java.lang.invoke.DirectMethodHandle$Holder.invokeSpecial(java.lang.Object, java.lang.Object, java.lang.Object, java.lang.Object, long)'> (0x00000000c352c730) 
thrown [s\src\hotspot\share\interpreter\linkResolver.cpp, line 773]
Event: 4.652 Thread 0x000001e61b4a3700 Exception <a 'java/lang/NoSuchMethodError'{0x00000000c3538530}: 'java.lang.Object java.lang.invoke.DirectMethodHandle$Holder.invokeSpecial(java.lang.Object, java.lang.Object, java.lang.Object, int, java.lang.Object)'> (0x00000000c3538530) 
thrown [s\src\hotspot\share\interpreter\linkResolver.cpp, line 773]
Event: 4.654 Thread 0x000001e61b4a3700 Exception <a 'java/lang/NoSuchMethodError'{0x00000000c3540880}: 'int java.lang.invoke.DirectMethodHandle$Holder.invokeSpecial(java.lang.Object, java.lang.Object, java.lang.Object, int)'> (0x00000000c3540880) 
thrown [s\src\hotspot\share\interpreter\linkResolver.cpp, line 773]
Event: 4.674 Thread 0x000001e61b4a3700 Implicit null exception at 0x000001e62cfc2a3d to 0x000001e62cfc2bd0
Event: 4.679 Thread 0x000001e61b4a3700 Exception <a 'java/lang/NoSuchMethodError'{0x00000000c3565b20}: 'java.lang.Object java.lang.invoke.Invokers$Holder.invokeExact_MT(java.lang.Object, int, java.lang.Object)'> (0x00000000c3565b20) 
thrown [s\src\hotspot\share\interpreter\linkResolver.cpp, line 773]
Event: 5.191 Thread 0x000001e61b4a3700 Exception <a 'java/lang/NoSuchMethodError'{0x00000000c53bcea8}: 'void java.lang.invoke.Invokers$Holder.invokeExact_MT(java.lang.Object, java.lang.Object, java.lang.Object, java.lang.Object)'> (0x00000000c53bcea8) 
thrown [s\src\hotspot\share\interpreter\linkResolver.cpp, line 773]
Event: 5.221 Thread 0x000001e61b4a3700 Exception <a 'java/lang/NoClassDefFoundError'{0x00000000c5254b08}: com/google/inject/servlet/ServletModuleTargetVisitor> (0x00000000c5254b08) 
thrown [s\src\hotspot\share\classfile\systemDictionary.cpp, line 301]
Event: 5.314 Thread 0x000001e61b4a3700 Exception <a 'java/lang/NoSuchMethodError'{0x00000000c50401a0}: 'void java.lang.invoke.DirectMethodHandle$Holder.invokeVirtual(java.lang.Object, java.lang.Object)'> (0x00000000c50401a0) 
thrown [s\src\hotspot\share\interpreter\linkResolver.cpp, line 773]
Event: 5.380 Thread 0x000001e61b4a3700 Exception <a 'java/lang/NoSuchMethodError'{0x00000000c50c0988}: 'java.lang.Object java.lang.invoke.DirectMethodHandle$Holder.invokeStaticInit(java.lang.Object, int, int, int, int)'> (0x00000000c50c0988) 
thrown [s\src\hotspot\share\interpreter\linkResolver.cpp, line 773]
Event: 5.556 Thread 0x000001e61b4a3700 Implicit null exception at 0x000001e62cf86ba4 to 0x000001e62cf871d4
Event: 5.556 Thread 0x000001e61b4a3700 Implicit null exception at 0x000001e62cf6f920 to 0x000001e62cf6ff44
Event: 5.603 Thread 0x000001e61b4a3700 Implicit null exception at 0x000001e62d02418d to 0x000001e62d0249b0
Event: 5.652 Thread 0x000001e61b4a3700 Exception <a 'java/lang/NoSuchMethodError'{0x00000000c4ad5340}: 'void java.lang.invoke.DirectMethodHandle$Holder.invokeSpecial(java.lang.Object, java.lang.Object, java.lang.Object, java.lang.Object, java.lang.Object)'> (0x00000000c4ad5340) 
thrown [s\src\hotspot\share\interpreter\linkResolver.cpp, line 773]
Event: 5.655 Thread 0x000001e61b4a3700 Exception <a 'java/lang/NoSuchMethodError'{0x00000000c4aefe68}: 'void java.lang.invoke.DirectMethodHandle$Holder.invokeSpecial(java.lang.Object, java.lang.Object, java.lang.Object, java.lang.Object, java.lang.Object, java.lang.Object)'> (0x00000000c4aefe68) 
thrown [s\src\hotspot\share\interpreter\linkResolver.cpp, line 773]
Event: 5.684 Thread 0x000001e61b4a3700 Exception <a 'java/lang/NoSuchMethodError'{0x00000000c4808e38}: 'java.lang.Object java.lang.invoke.DirectMethodHandle$Holder.invokeVirtual(java.lang.Object, java.lang.Object, java.lang.Object)'> (0x00000000c4808e38) 
thrown [s\src\hotspot\share\interpreter\linkResolver.cpp, line 773]
Event: 5.758 Thread 0x000001e61b4a3700 Exception <a 'java/lang/NoSuchMethodError'{0x00000000c4797820}: 'void java.lang.invoke.DirectMethodHandle$Holder.invokeVirtual(java.lang.Object, java.lang.Object, int)'> (0x00000000c4797820) 
thrown [s\src\hotspot\share\interpreter\linkResolver.cpp, line 773]
Event: 5.758 Thread 0x000001e61b4a3700 Exception <a 'java/lang/NoSuchMethodError'{0x00000000c479b630}: 'void java.lang.invoke.DirectMethodHandle$Holder.invokeSpecial(java.lang.Object, java.lang.Object, java.lang.Object, int)'> (0x00000000c479b630) 
thrown [s\src\hotspot\share\interpreter\linkResolver.cpp, line 773]
Event: 5.758 Thread 0x000001e61b4a3700 Exception <a 'java/lang/NoSuchMethodError'{0x00000000c479ed10}: 'void java.lang.invoke.DelegatingMethodHandle$Holder.reinvoke_L(java.lang.Object, java.lang.Object, int)'> (0x00000000c479ed10) 
thrown [s\src\hotspot\share\interpreter\linkResolver.cpp, line 773]
Event: 7.033 Thread 0x000001e61b4a3700 Implicit null exception at 0x000001e62d01f51a to 0x000001e62d01f724
Event: 9.508 Thread 0x000001e61b4a3700 Implicit null exception at 0x000001e62cfcf33d to 0x000001e62cfcf3c1

ZGC Phase Switch (0 events):
No events

VM Operations (20 events):
Event: 5.446 Executing VM operation: HandshakeAllThreads (Deoptimize)
Event: 5.446 Executing VM operation: HandshakeAllThreads (Deoptimize) done
Event: 5.508 Executing VM operation: HandshakeAllThreads (Deoptimize)
Event: 5.508 Executing VM operation: HandshakeAllThreads (Deoptimize) done
Event: 5.509 Executing VM operation: HandshakeAllThreads (Deoptimize)
Event: 5.509 Executing VM operation: HandshakeAllThreads (Deoptimize) done
Event: 5.610 Executing VM operation: ICBufferFull
Event: 5.611 Executing VM operation: ICBufferFull done
Event: 6.140 Executing VM operation: ICBufferFull
Event: 6.140 Executing VM operation: ICBufferFull done
Event: 6.659 Executing VM operation: G1CollectForAllocation (G1 Evacuation Pause)
Event: 6.683 Executing VM operation: G1CollectForAllocation (G1 Evacuation Pause) done
Event: 7.481 Executing VM operation: ICBufferFull
Event: 7.481 Executing VM operation: ICBufferFull done
Event: 8.236 Executing VM operation: ICBufferFull
Event: 8.236 Executing VM operation: ICBufferFull done
Event: 8.283 Executing VM operation: G1CollectForAllocation (G1 Evacuation Pause)
Event: 8.301 Executing VM operation: G1CollectForAllocation (G1 Evacuation Pause) done
Event: 9.315 Executing VM operation: Cleanup
Event: 9.315 Executing VM operation: Cleanup done

Memory protections (0 events):
No events

Nmethod flushes (0 events):
No events

Events (16 events):
Event: 0.151 Thread 0x000001e61b4a3700 Thread added: 0x000001e61b4a3700
Event: 0.175 Thread 0x000001e61b4a3700 Thread added: 0x000001e6383d44f0
Event: 0.175 Thread 0x000001e61b4a3700 Thread added: 0x000001e6383d53b0
Event: 0.175 Thread 0x000001e61b4a3700 Thread added: 0x000001e6383da2f0
Event: 0.175 Thread 0x000001e61b4a3700 Thread added: 0x000001e6383dbd50
Event: 0.175 Thread 0x000001e61b4a3700 Thread added: 0x000001e6383de7b0
Event: 0.176 Thread 0x000001e61b4a3700 Thread added: 0x000001e6383e15b0
Event: 0.176 Thread 0x000001e61b4a3700 Thread added: 0x000001e6383df920
Event: 0.176 Thread 0x000001e61b4a3700 Thread added: 0x000001e6383e0710
Event: 0.246 Thread 0x000001e61b4a3700 Thread added: 0x000001e638535280
Event: 0.258 Thread 0x000001e61b4a3700 Thread added: 0x000001e638541d50
Event: 1.119 Thread 0x000001e61b4a3700 Thread added: 0x000001e638889f40
Event: 1.493 Thread 0x000001e638889f40 Thread exited: 0x000001e638889f40
Event: 5.472 Thread 0x000001e61b4a3700 Thread added: 0x000001e63842b160
Event: 7.585 Thread 0x000001e6383e0710 Thread added: 0x000001e67e5c54e0
Event: 9.785 Thread 0x000001e67e5c54e0 Thread exited: 0x000001e67e5c54e0


Dynamic libraries:
0x00007ff6091b0000 - 0x00007ff6091be000 	C:\Users\Armero\AppData\Roaming\Code\User\globalStorage\pleiades.java-extension-pack-jdk\java\21\bin\java.exe
0x00007fff88d30000 - 0x00007fff88f28000 	C:\Windows\SYSTEM32\ntdll.dll
0x00007fff88a70000 - 0x00007fff88b32000 	C:\Windows\System32\KERNEL32.DLL
0x00007fff86500000 - 0x00007fff867f6000 	C:\Windows\System32\KERNELBASE.dll
0x00007fff86be0000 - 0x00007fff86ce0000 	C:\Windows\System32\ucrtbase.dll
0x00007fff74f40000 - 0x00007fff74f58000 	C:\Users\Armero\AppData\Roaming\Code\User\globalStorage\pleiades.java-extension-pack-jdk\java\21\bin\jli.dll
0x00007fff74ad0000 - 0x00007fff74aee000 	C:\Users\Armero\AppData\Roaming\Code\User\globalStorage\pleiades.java-extension-pack-jdk\java\21\bin\VCRUNTIME140.dll
0x00007fff86ea0000 - 0x00007fff8703d000 	C:\Windows\System32\USER32.dll
0x00007fff86bb0000 - 0x00007fff86bd2000 	C:\Windows\System32\win32u.dll
0x00007fff87c10000 - 0x00007fff87c3b000 	C:\Windows\System32\GDI32.dll
0x00007fff78ba0000 - 0x00007fff78e3a000 	C:\Windows\WinSxS\amd64_microsoft.windows.common-controls_6595b64144ccf1df_6.0.19041.5794_none_60bcd33171f2783c\COMCTL32.dll
0x00007fff869f0000 - 0x00007fff86b0a000 	C:\Windows\System32\gdi32full.dll
0x00007fff86b10000 - 0x00007fff86bad000 	C:\Windows\System32\msvcp_win.dll
0x00007fff88970000 - 0x00007fff88a0e000 	C:\Windows\System32\msvcrt.dll
0x00007fff87e00000 - 0x00007fff87e2f000 	C:\Windows\System32\IMM32.DLL
0x00007fff82700000 - 0x00007fff8270c000 	C:\Users\Armero\AppData\Roaming\Code\User\globalStorage\pleiades.java-extension-pack-jdk\java\21\bin\vcruntime140_1.dll
0x00007fff47550000 - 0x00007fff475dd000 	C:\Users\Armero\AppData\Roaming\Code\User\globalStorage\pleiades.java-extension-pack-jdk\java\21\bin\msvcp140.dll
0x00007fff3eb20000 - 0x00007fff3f8b0000 	C:\Users\Armero\AppData\Roaming\Code\User\globalStorage\pleiades.java-extension-pack-jdk\java\21\bin\server\jvm.dll
0x00007fff887f0000 - 0x00007fff8889f000 	C:\Windows\System32\ADVAPI32.dll
0x00007fff88110000 - 0x00007fff881af000 	C:\Windows\System32\sechost.dll
0x00007fff87f20000 - 0x00007fff88043000 	C:\Windows\System32\RPCRT4.dll
0x00007fff863d0000 - 0x00007fff863f7000 	C:\Windows\System32\bcrypt.dll
0x00007fff87e30000 - 0x00007fff87e9b000 	C:\Windows\System32\WS2_32.dll
0x00007fff86230000 - 0x00007fff8627b000 	C:\Windows\SYSTEM32\POWRPROF.dll
0x00007fff791a0000 - 0x00007fff791c7000 	C:\Windows\SYSTEM32\WINMM.dll
0x00007fff79ae0000 - 0x00007fff79aea000 	C:\Windows\SYSTEM32\VERSION.dll
0x00007fff86210000 - 0x00007fff86222000 	C:\Windows\SYSTEM32\UMPDC.dll
0x00007fff84270000 - 0x00007fff84282000 	C:\Windows\SYSTEM32\kernel.appcore.dll
0x00007fff7e6d0000 - 0x00007fff7e6da000 	C:\Users\Armero\AppData\Roaming\Code\User\globalStorage\pleiades.java-extension-pack-jdk\java\21\bin\jimage.dll
0x00007fff79200000 - 0x00007fff79401000 	C:\Windows\SYSTEM32\DBGHELP.DLL
0x00007fff73e90000 - 0x00007fff73ec4000 	C:\Windows\SYSTEM32\dbgcore.DLL
0x00007fff86960000 - 0x00007fff869e2000 	C:\Windows\System32\bcryptPrimitives.dll
0x00007fff71950000 - 0x00007fff7196f000 	C:\Users\Armero\AppData\Roaming\Code\User\globalStorage\pleiades.java-extension-pack-jdk\java\21\bin\java.dll
0x00007fff874a0000 - 0x00007fff87c0e000 	C:\Windows\System32\SHELL32.dll
0x00007fff84470000 - 0x00007fff84c13000 	C:\Windows\SYSTEM32\windows.storage.dll
0x00007fff87140000 - 0x00007fff87493000 	C:\Windows\System32\combase.dll
0x00007fff85d30000 - 0x00007fff85d5b000 	C:\Windows\SYSTEM32\Wldp.dll
0x00007fff888a0000 - 0x00007fff8896d000 	C:\Windows\System32\OLEAUT32.dll
0x00007fff882d0000 - 0x00007fff8837d000 	C:\Windows\System32\SHCORE.dll
0x00007fff86d60000 - 0x00007fff86db5000 	C:\Windows\System32\shlwapi.dll
0x00007fff86300000 - 0x00007fff86325000 	C:\Windows\SYSTEM32\profapi.dll
0x00007fff46770000 - 0x00007fff46847000 	C:\Users\Armero\AppData\Roaming\Code\User\globalStorage\pleiades.java-extension-pack-jdk\java\21\bin\jsvml.dll
0x00007fff737f0000 - 0x00007fff73800000 	C:\Users\Armero\AppData\Roaming\Code\User\globalStorage\pleiades.java-extension-pack-jdk\java\21\bin\net.dll
0x00007fff7e9e0000 - 0x00007fff7eaea000 	C:\Windows\SYSTEM32\WINHTTP.dll
0x00007fff85a90000 - 0x00007fff85afc000 	C:\Windows\system32\mswsock.dll
0x00007fff6f6f0000 - 0x00007fff6f706000 	C:\Users\Armero\AppData\Roaming\Code\User\globalStorage\pleiades.java-extension-pack-jdk\java\21\bin\nio.dll
0x00007fff6b0f0000 - 0x00007fff6b108000 	C:\Users\Armero\AppData\Roaming\Code\User\globalStorage\pleiades.java-extension-pack-jdk\java\21\bin\zip.dll
0x00007fff69ab0000 - 0x00007fff69ad4000 	C:\Users\Armero\AppData\Roaming\Code\User\globalStorage\pleiades.java-extension-pack-jdk\maven\latest\lib\jansi-native\Windows\x86_64\jansi.dll
0x00007fff71940000 - 0x00007fff71950000 	C:\Users\Armero\AppData\Roaming\Code\User\globalStorage\pleiades.java-extension-pack-jdk\java\21\bin\verify.dll

dbghelp: loaded successfully - version: 4.0.5 - missing functions: none
symbol engine: initialized successfully - sym options: 0x614 - pdb path: .;C:\Users\Armero\AppData\Roaming\Code\User\globalStorage\pleiades.java-extension-pack-jdk\java\21\bin;C:\Windows\SYSTEM32;C:\Windows\WinSxS\amd64_microsoft.windows.common-controls_6595b64144ccf1df_6.0.19041.5794_none_60bcd33171f2783c;C:\Users\Armero\AppData\Roaming\Code\User\globalStorage\pleiades.java-extension-pack-jdk\java\21\bin\server;C:\Users\Armero\AppData\Roaming\Code\User\globalStorage\pleiades.java-extension-pack-jdk\maven\latest\lib\jansi-native\Windows\x86_64

VM Arguments:
jvm_args: -Dstdout.encoding=UTF-8 -Dstderr.encoding=UTF-8 --enable-native-access=ALL-UNNAMED -Dclassworlds.conf=C:\Users\Armero\AppData\Roaming\Code\User\globalStorage\pleiades.java-extension-pack-jdk\maven\latest\bin\m2.conf -Dmaven.home=C:\Users\Armero\AppData\Roaming\Code\User\globalStorage\pleiades.java-extension-pack-jdk\maven\latest -Dlibrary.jansi.path=C:\Users\Armero\AppData\Roaming\Code\User\globalStorage\pleiades.java-extension-pack-jdk\maven\latest\lib\jansi-native -Dmaven.multiModuleProjectDirectory=C:\Users\Armero\Documents\FinalDistribuidos\laboratorio_service 
java_command: org.codehaus.plexus.classworlds.launcher.Launcher spring-boot:run
java_class_path (initial): C:\Users\Armero\AppData\Roaming\Code\User\globalStorage\pleiades.java-extension-pack-jdk\maven\latest\boot\plexus-classworlds-2.9.0.jar
Launcher Type: SUN_STANDARD

[Global flags]
     intx CICompilerCount                          = 3                                         {product} {ergonomic}
     uint ConcGCThreads                            = 1                                         {product} {ergonomic}
     uint G1ConcRefinementThreads                  = 4                                         {product} {ergonomic}
   size_t G1HeapRegionSize                         = 1048576                                   {product} {ergonomic}
    uintx GCDrainStackTargetSize                   = 64                                        {product} {ergonomic}
   size_t InitialHeapSize                          = 67108864                                  {product} {ergonomic}
   size_t MarkStackSize                            = 4194304                                   {product} {ergonomic}
   size_t MaxHeapSize                              = 1052770304                                {product} {ergonomic}
   size_t MaxNewSize                               = 631242752                                 {product} {ergonomic}
   size_t MinHeapDeltaBytes                        = 1048576                                   {product} {ergonomic}
   size_t MinHeapSize                              = 8388608                                   {product} {ergonomic}
    uintx NonNMethodCodeHeapSize                   = 5832780                                {pd product} {ergonomic}
    uintx NonProfiledCodeHeapSize                  = 122912730                              {pd product} {ergonomic}
    uintx ProfiledCodeHeapSize                     = 122912730                              {pd product} {ergonomic}
    uintx ReservedCodeCacheSize                    = 251658240                              {pd product} {ergonomic}
     bool SegmentedCodeCache                       = true                                      {product} {ergonomic}
   size_t SoftMaxHeapSize                          = 1052770304                             {manageable} {ergonomic}
     bool UseCompressedOops                        = true                           {product lp64_product} {ergonomic}
     bool UseG1GC                                  = true                                      {product} {ergonomic}
     bool UseLargePagesIndividualAllocation        = false                                  {pd product} {ergonomic}

Logging:
Log output configuration:
 #0: stdout all=warning uptime,level,tags foldmultilines=false
 #1: stderr all=off uptime,level,tags foldmultilines=false

Environment Variables:
JAVA_HOME=C:\Users\Armero\AppData\Roaming\Code\User\globalStorage\pleiades.java-extension-pack-jdk\java\21
JAVA_TOOL_OPTIONS=-Dstdout.encoding=UTF-8 -Dstderr.encoding=UTF-8
PATH=C:\Users\Armero\AppData\Roaming\Code\User\globalStorage\pleiades.java-extension-pack-jdk\gradle\latest\bin;C:\Users\Armero\AppData\Roaming\Code\User\globalStorage\pleiades.java-extension-pack-jdk\maven\latest\bin;C:\Users\Armero\AppData\Roaming\Code\User\globalStorage\pleiades.java-extension-pack-jdk\java\21\bin;C:\Program Files (x86)\VMware\VMware Workstation\bin\;C:\Program Files\BellSoft\LibericaJDK-17\bin\;C:\msys64\mingw64\bin;C:\Program Files\Common Files\Oracle\Java\javapath;C:\Windows\system32;C:\Windows;C:\Windows\System32\Wbem;C:\Windows\System32\WindowsPowerShell\v1.0\;C:\Windows\System32\OpenSSH\;C:\Program Files\Git\cmd;C:\Program Files\Microsoft SQL Server\150\Tools\Binn\;C:\Program Files\Microsoft SQL Server\Client SDK\ODBC\170\Tools\Binn\;C:\Program Files\dotnet\;C:\Program Files (x86)\Windows Kits\10\Windows Performance Toolkit\;C:\maven\bin;C:\Users\Armero\AppData\Local\Microsoft\WindowsApps;C:\Users\Armero\AppData\Local\Programs\Microsoft VS Code\bin;C:\Users\Armero\.dotnet\tools;C:\Program Files\JetBrains\IntelliJ IDEA 2024.2.1\bin;
USERNAME=Armero
LANG=en_US.UTF-8
OS=Windows_NT
PROCESSOR_IDENTIFIER=Intel64 Family 6 Model 42 Stepping 7, GenuineIntel
TMP=C:\Users\Armero\AppData\Local\Temp
TEMP=C:\Users\Armero\AppData\Local\Temp




Periodic native trim disabled

---------------  S Y S T E M  ---------------

OS:
 Windows 10 , 64 bit Build 19041 (10.0.19041.5794)
OS uptime: 0 days 0:42 hours

CPU: total 4 (initial active 4) (2 cores per cpu, 2 threads per core) family 6 model 42 stepping 7 microcode 0x2f, cx8, cmov, fxsr, ht, mmx, sse, sse2, sse3, ssse3, sse4.1, sse4.2, popcnt, tsc, tscinvbit, avx, clmul, vzeroupper, clflush, rdtscp
Processor Information for the first 4 processors :
  Max Mhz: 3300, Current Mhz: 3300, Mhz Limit: 3300

Memory: 4k page, system-wide physical 4008M (364M free)
TotalPageFile size 16296M (AvailPageFile size 0M)
current process WorkingSet (physical memory assigned to process): 147M, peak: 151M
current process commit charge ("private bytes"): 189M, peak: 195M

vm_info: OpenJDK 64-Bit Server VM (21.0.7+6-LTS) for windows-amd64 JRE (21.0.7+6-LTS), built on 2025-04-15T00:00:00Z by "admin" with MS VC++ 17.7 (VS2022)

END.
