#
# There is insufficient memory for the Java Runtime Environment to continue.
# Native memory allocation (malloc) failed to allocate 214208 bytes. Error detail: Chunk::new
# Possible reasons:
#   The system is out of physical RAM or swap space
#   This process is running with CompressedOops enabled, and the Java Heap may be blocking the growth of the native heap
# Possible solutions:
#   Reduce memory load on the system
#   Increase physical memory or swap space
#   Check if swap backing store is full
#   Decrease Java heap size (-Xmx/-Xms)
#   Decrease number of Java threads
#   Decrease Java thread stack sizes (-Xss)
#   Set larger code cache with -XX:ReservedCodeCacheSize=
#   JVM is running with Unscaled Compressed Oops mode in which the Java heap is
#     placed in the first 4GB address space. The Java Heap base address is the
#     maximum limit for the native heap growth. Please use -XX:HeapBaseMinAddress
#     to set the Java Heap base and to place the Java Heap above 4GB virtual address.
# This output file may be truncated or incomplete.
#
#  Out of Memory Error (arena.cpp:168), pid=4364, tid=11960
#
# JRE version: OpenJDK Runtime Environment Temurin-21.0.7+6 (21.0.7+6) (build 21.0.7+6-LTS)
# Java VM: OpenJDK 64-Bit Server VM Temurin-21.0.7+6 (21.0.7+6-LTS, mixed mode, sharing, tiered, compressed oops, compressed class ptrs, g1 gc, windows-amd64)
# No core dump will be written. Minidumps are not enabled by default on client versions of Windows
#

---------------  S U M M A R Y ------------

Command Line: -Dstdout.encoding=UTF-8 -Dstderr.encoding=UTF-8 --enable-native-access=ALL-UNNAMED -Dclassworlds.conf=C:\Users\Armero\AppData\Roaming\Code\User\globalStorage\pleiades.java-extension-pack-jdk\maven\latest\bin\m2.conf -Dmaven.home=C:\Users\Armero\AppData\Roaming\Code\User\globalStorage\pleiades.java-extension-pack-jdk\maven\latest -Dlibrary.jansi.path=C:\Users\Armero\AppData\Roaming\Code\User\globalStorage\pleiades.java-extension-pack-jdk\maven\latest\lib\jansi-native -Dmaven.multiModuleProjectDirectory=C:\Users\Armero\Documents\FinalDistribuidos\financiera_service org.codehaus.plexus.classworlds.launcher.Launcher spring-boot:run

Host: Intel(R) Core(TM) i3-2120 CPU @ 3.30GHz, 4 cores, 3G,  Windows 10 , 64 bit Build 19041 (10.0.19041.5794)
Time: Sun Jun  8 20:51:48 2025 Hora est. Pacífico, Sudamérica elapsed time: 397.290665 seconds (0d 0h 6m 37s)

---------------  T H R E A D  ---------------

Current thread (0x00000203f16b0900):  JavaThread "C2 CompilerThread0" daemon [_thread_in_native, id=11960, stack(0x0000002513b00000,0x0000002513c00000) (1024K)]


Current CompileTask:
C2:397292 4433       4       java.io.BufferedInputStream::implRead (112 bytes)

Stack: [0x0000002513b00000,0x0000002513c00000]
Native frames: (J=compiled Java code, j=interpreted, Vv=VM code, C=native code)
V  [jvm.dll+0x6ce119]
V  [jvm.dll+0x8a84a1]
V  [jvm.dll+0x8aa9ce]
V  [jvm.dll+0x8ab0b3]
V  [jvm.dll+0x27f8a6]
V  [jvm.dll+0xc507d]
V  [jvm.dll+0xc55b3]
V  [jvm.dll+0x3b692c]
V  [jvm.dll+0x382aa5]
V  [jvm.dll+0x381f0a]
V  [jvm.dll+0x247af0]
V  [jvm.dll+0x2470cf]
V  [jvm.dll+0x1c760e]
V  [jvm.dll+0x25695a]
V  [jvm.dll+0x254efa]
V  [jvm.dll+0x3f03f6]
V  [jvm.dll+0x851f6b]
V  [jvm.dll+0x6cc7dd]
C  [ucrtbase.dll+0x21bb2]
C  [KERNEL32.DLL+0x17374]
C  [ntdll.dll+0x4cc91]


---------------  P R O C E S S  ---------------

Threads class SMR info:
_java_thread_list=0x00000203f1b44940, length=12, elements={
0x00000203d45e3b10, 0x00000203f16a57d0, 0x00000203f16a62a0, 0x00000203f16a9c30,
0x00000203f16ab2a0, 0x00000203f16ab900, 0x00000203f16aff70, 0x00000203f16b0900,
0x00000203f16b4e20, 0x00000203f177d8f0, 0x00000203f177e520, 0x00000203f68200a0
}

Java Threads: ( => current thread )
  0x00000203d45e3b10 JavaThread "main"                              [_thread_in_Java, id=8588, stack(0x0000002512d00000,0x0000002512e00000) (1024K)]
  0x00000203f16a57d0 JavaThread "Reference Handler"          daemon [_thread_blocked, id=5512, stack(0x0000002513500000,0x0000002513600000) (1024K)]
  0x00000203f16a62a0 JavaThread "Finalizer"                  daemon [_thread_blocked, id=11496, stack(0x0000002513600000,0x0000002513700000) (1024K)]
  0x00000203f16a9c30 JavaThread "Signal Dispatcher"          daemon [_thread_blocked, id=12284, stack(0x0000002513700000,0x0000002513800000) (1024K)]
  0x00000203f16ab2a0 JavaThread "Attach Listener"            daemon [_thread_blocked, id=10980, stack(0x0000002513800000,0x0000002513900000) (1024K)]
  0x00000203f16ab900 JavaThread "Service Thread"             daemon [_thread_blocked, id=5312, stack(0x0000002513900000,0x0000002513a00000) (1024K)]
  0x00000203f16aff70 JavaThread "Monitor Deflation Thread"   daemon [_thread_blocked, id=2164, stack(0x0000002513a00000,0x0000002513b00000) (1024K)]
=>0x00000203f16b0900 JavaThread "C2 CompilerThread0"         daemon [_thread_in_native, id=11960, stack(0x0000002513b00000,0x0000002513c00000) (1024K)]
  0x00000203f16b4e20 JavaThread "C1 CompilerThread0"         daemon [_thread_blocked, id=9944, stack(0x0000002513c00000,0x0000002513d00000) (1024K)]
  0x00000203f177d8f0 JavaThread "Notification Thread"        daemon [_thread_blocked, id=1252, stack(0x0000002513d00000,0x0000002513e00000) (1024K)]
  0x00000203f177e520 JavaThread "Common-Cleaner"             daemon [_thread_blocked, id=5864, stack(0x0000002513e00000,0x0000002513f00000) (1024K)]
  0x00000203f68200a0 JavaThread "Thread-1"                   daemon [_thread_blocked, id=7508, stack(0x0000002514000000,0x0000002514100000) (1024K)]
Total: 12

Other Threads:
  0x00000203d6860f50 VMThread "VM Thread"                           [id=2676, stack(0x0000002513400000,0x0000002513500000) (1024K)]
  0x00000203d6851e20 WatcherThread "VM Periodic Task Thread"        [id=5416, stack(0x0000002513300000,0x0000002513400000) (1024K)]
  0x00000203d67d90a0 WorkerThread "GC Thread#0"                     [id=4356, stack(0x0000002512e00000,0x0000002512f00000) (1024K)]
  0x00000203f60daf10 WorkerThread "GC Thread#1"                     [id=12560, stack(0x0000002512b00000,0x0000002512c00000) (1024K)]
  0x00000203f1b7a630 WorkerThread "GC Thread#2"                     [id=12716, stack(0x0000002512c00000,0x0000002512d00000) (1024K)]
  0x00000203f610b8b0 WorkerThread "GC Thread#3"                     [id=10544, stack(0x0000002513f00000,0x0000002514000000) (1024K)]
  0x00000203d67e4570 ConcurrentGCThread "G1 Main Marker"            [id=428, stack(0x0000002512f00000,0x0000002513000000) (1024K)]
  0x00000203d67e4e80 WorkerThread "G1 Conc#0"                       [id=4040, stack(0x0000002513000000,0x0000002513100000) (1024K)]
  0x00000203d683efd0 ConcurrentGCThread "G1 Refine#0"               [id=10712, stack(0x0000002513100000,0x0000002513200000) (1024K)]
  0x00000203d6841570 ConcurrentGCThread "G1 Service"                [id=6756, stack(0x0000002513200000,0x0000002513300000) (1024K)]
Total: 10

Threads with active compile tasks:
C2 CompilerThread0  398302 4433       4       java.io.BufferedInputStream::implRead (112 bytes)
Total: 1

VM state: not at safepoint (normal execution)

VM Mutex/Monitor currently owned by a thread: None

Heap address: 0x00000000c1400000, size: 1004 MB, Compressed Oops mode: 32-bit

CDS archive(s) mapped at: [0x0000020380000000-0x0000020380c80000-0x0000020380c80000), size 13107200, SharedBaseAddress: 0x0000020380000000, ArchiveRelocationMode: 1.
Compressed class space mapped at: 0x0000020381000000-0x00000203c1000000, reserved size: 1073741824
Narrow klass base: 0x0000020380000000, Narrow klass shift: 0, Narrow klass range: 0x100000000

GC Precious Log:
 CardTable entry size: 512
 Card Set container configuration: InlinePtr #cards 5 size 8 Array Of Cards #cards 12 size 40 Howl #buckets 4 coarsen threshold 1843 Howl Bitmap #cards 512 size 80 coarsen threshold 460 Card regions per heap region 1 cards per card region 2048
 CPUs: 4 total, 4 available
 Memory: 4008M
 Large Page Support: Disabled
 NUMA Support: Disabled
 Compressed Oops: Enabled (32-bit)
 Heap Region Size: 1M
 Heap Min Capacity: 8M
 Heap Initial Capacity: 64M
 Heap Max Capacity: 1004M
 Pre-touch: Disabled
 Parallel Workers: 4
 Concurrent Workers: 1
 Concurrent Refinement Workers: 4
 Periodic GC: Disabled

Heap:
 garbage-first heap   total 65536K, used 18654K [0x00000000c1400000, 0x0000000100000000)
  region size 1024K, 7 young (7168K), 1 survivors (1024K)
 Metaspace       used 17067K, committed 17408K, reserved 1114112K
  class space    used 1958K, committed 2112K, reserved 1048576K

Heap Regions: E=young(eden), S=young(survivor), O=old, HS=humongous(starts), HC=humongous(continues), CS=collection set, F=free, TAMS=top-at-mark-start, PB=parsable bottom
|   0|0x00000000c1400000, 0x00000000c1500000, 0x00000000c1500000|100%| O|  |TAMS 0x00000000c1400000| PB 0x00000000c1400000| Untracked 
|   1|0x00000000c1500000, 0x00000000c1600000, 0x00000000c1600000|100%| O|  |TAMS 0x00000000c1500000| PB 0x00000000c1500000| Untracked 
|   2|0x00000000c1600000, 0x00000000c1700000, 0x00000000c1700000|100%| O|  |TAMS 0x00000000c1600000| PB 0x00000000c1600000| Untracked 
|   3|0x00000000c1700000, 0x00000000c1800000, 0x00000000c1800000|100%| O|  |TAMS 0x00000000c1700000| PB 0x00000000c1700000| Untracked 
|   4|0x00000000c1800000, 0x00000000c1900000, 0x00000000c1900000|100%| O|  |TAMS 0x00000000c1800000| PB 0x00000000c1800000| Untracked 
|   5|0x00000000c1900000, 0x00000000c1a00000, 0x00000000c1a00000|100%| O|  |TAMS 0x00000000c1900000| PB 0x00000000c1900000| Untracked 
|   6|0x00000000c1a00000, 0x00000000c1b00000, 0x00000000c1b00000|100%| O|  |TAMS 0x00000000c1a00000| PB 0x00000000c1a00000| Untracked 
|   7|0x00000000c1b00000, 0x00000000c1c00000, 0x00000000c1c00000|100%| O|  |TAMS 0x00000000c1b00000| PB 0x00000000c1b00000| Untracked 
|   8|0x00000000c1c00000, 0x00000000c1d00000, 0x00000000c1d00000|100%| O|  |TAMS 0x00000000c1c00000| PB 0x00000000c1c00000| Untracked 
|   9|0x00000000c1d00000, 0x00000000c1e00000, 0x00000000c1e00000|100%| O|  |TAMS 0x00000000c1d00000| PB 0x00000000c1d00000| Untracked 
|  10|0x00000000c1e00000, 0x00000000c1f00000, 0x00000000c1f00000|100%| O|  |TAMS 0x00000000c1e00000| PB 0x00000000c1e00000| Untracked 
|  11|0x00000000c1f00000, 0x00000000c2000000, 0x00000000c2000000|100%| O|  |TAMS 0x00000000c1f00000| PB 0x00000000c1f00000| Untracked 
|  12|0x00000000c2000000, 0x00000000c2077bc8, 0x00000000c2100000| 46%| O|  |TAMS 0x00000000c2000000| PB 0x00000000c2000000| Untracked 
|  13|0x00000000c2100000, 0x00000000c2100000, 0x00000000c2200000|  0%| F|  |TAMS 0x00000000c2100000| PB 0x00000000c2100000| Untracked 
|  14|0x00000000c2200000, 0x00000000c2200000, 0x00000000c2300000|  0%| F|  |TAMS 0x00000000c2200000| PB 0x00000000c2200000| Untracked 
|  15|0x00000000c2300000, 0x00000000c2300000, 0x00000000c2400000|  0%| F|  |TAMS 0x00000000c2300000| PB 0x00000000c2300000| Untracked 
|  16|0x00000000c2400000, 0x00000000c2400000, 0x00000000c2500000|  0%| F|  |TAMS 0x00000000c2400000| PB 0x00000000c2400000| Untracked 
|  17|0x00000000c2500000, 0x00000000c2500000, 0x00000000c2600000|  0%| F|  |TAMS 0x00000000c2500000| PB 0x00000000c2500000| Untracked 
|  18|0x00000000c2600000, 0x00000000c2600000, 0x00000000c2700000|  0%| F|  |TAMS 0x00000000c2600000| PB 0x00000000c2600000| Untracked 
|  19|0x00000000c2700000, 0x00000000c2700000, 0x00000000c2800000|  0%| F|  |TAMS 0x00000000c2700000| PB 0x00000000c2700000| Untracked 
|  20|0x00000000c2800000, 0x00000000c2800000, 0x00000000c2900000|  0%| F|  |TAMS 0x00000000c2800000| PB 0x00000000c2800000| Untracked 
|  21|0x00000000c2900000, 0x00000000c2900000, 0x00000000c2a00000|  0%| F|  |TAMS 0x00000000c2900000| PB 0x00000000c2900000| Untracked 
|  22|0x00000000c2a00000, 0x00000000c2a00000, 0x00000000c2b00000|  0%| F|  |TAMS 0x00000000c2a00000| PB 0x00000000c2a00000| Untracked 
|  23|0x00000000c2b00000, 0x00000000c2b00000, 0x00000000c2c00000|  0%| F|  |TAMS 0x00000000c2b00000| PB 0x00000000c2b00000| Untracked 
|  24|0x00000000c2c00000, 0x00000000c2c00000, 0x00000000c2d00000|  0%| F|  |TAMS 0x00000000c2c00000| PB 0x00000000c2c00000| Untracked 
|  25|0x00000000c2d00000, 0x00000000c2d00000, 0x00000000c2e00000|  0%| F|  |TAMS 0x00000000c2d00000| PB 0x00000000c2d00000| Untracked 
|  26|0x00000000c2e00000, 0x00000000c2e00000, 0x00000000c2f00000|  0%| F|  |TAMS 0x00000000c2e00000| PB 0x00000000c2e00000| Untracked 
|  27|0x00000000c2f00000, 0x00000000c2f00000, 0x00000000c3000000|  0%| F|  |TAMS 0x00000000c2f00000| PB 0x00000000c2f00000| Untracked 
|  28|0x00000000c3000000, 0x00000000c3000000, 0x00000000c3100000|  0%| F|  |TAMS 0x00000000c3000000| PB 0x00000000c3000000| Untracked 
|  29|0x00000000c3100000, 0x00000000c3100000, 0x00000000c3200000|  0%| F|  |TAMS 0x00000000c3100000| PB 0x00000000c3100000| Untracked 
|  30|0x00000000c3200000, 0x00000000c3200000, 0x00000000c3300000|  0%| F|  |TAMS 0x00000000c3200000| PB 0x00000000c3200000| Untracked 
|  31|0x00000000c3300000, 0x00000000c3300000, 0x00000000c3400000|  0%| F|  |TAMS 0x00000000c3300000| PB 0x00000000c3300000| Untracked 
|  32|0x00000000c3400000, 0x00000000c3400000, 0x00000000c3500000|  0%| F|  |TAMS 0x00000000c3400000| PB 0x00000000c3400000| Untracked 
|  33|0x00000000c3500000, 0x00000000c3500000, 0x00000000c3600000|  0%| F|  |TAMS 0x00000000c3500000| PB 0x00000000c3500000| Untracked 
|  34|0x00000000c3600000, 0x00000000c3600000, 0x00000000c3700000|  0%| F|  |TAMS 0x00000000c3600000| PB 0x00000000c3600000| Untracked 
|  35|0x00000000c3700000, 0x00000000c3700000, 0x00000000c3800000|  0%| F|  |TAMS 0x00000000c3700000| PB 0x00000000c3700000| Untracked 
|  36|0x00000000c3800000, 0x00000000c3800000, 0x00000000c3900000|  0%| F|  |TAMS 0x00000000c3800000| PB 0x00000000c3800000| Untracked 
|  37|0x00000000c3900000, 0x00000000c3900000, 0x00000000c3a00000|  0%| F|  |TAMS 0x00000000c3900000| PB 0x00000000c3900000| Untracked 
|  38|0x00000000c3a00000, 0x00000000c3a00000, 0x00000000c3b00000|  0%| F|  |TAMS 0x00000000c3a00000| PB 0x00000000c3a00000| Untracked 
|  39|0x00000000c3b00000, 0x00000000c3b00000, 0x00000000c3c00000|  0%| F|  |TAMS 0x00000000c3b00000| PB 0x00000000c3b00000| Untracked 
|  40|0x00000000c3c00000, 0x00000000c3c00000, 0x00000000c3d00000|  0%| F|  |TAMS 0x00000000c3c00000| PB 0x00000000c3c00000| Untracked 
|  41|0x00000000c3d00000, 0x00000000c3d00000, 0x00000000c3e00000|  0%| F|  |TAMS 0x00000000c3d00000| PB 0x00000000c3d00000| Untracked 
|  42|0x00000000c3e00000, 0x00000000c3e00000, 0x00000000c3f00000|  0%| F|  |TAMS 0x00000000c3e00000| PB 0x00000000c3e00000| Untracked 
|  43|0x00000000c3f00000, 0x00000000c3f00000, 0x00000000c4000000|  0%| F|  |TAMS 0x00000000c3f00000| PB 0x00000000c3f00000| Untracked 
|  44|0x00000000c4000000, 0x00000000c4000000, 0x00000000c4100000|  0%| F|  |TAMS 0x00000000c4000000| PB 0x00000000c4000000| Untracked 
|  45|0x00000000c4100000, 0x00000000c4100000, 0x00000000c4200000|  0%| F|  |TAMS 0x00000000c4100000| PB 0x00000000c4100000| Untracked 
|  46|0x00000000c4200000, 0x00000000c4200000, 0x00000000c4300000|  0%| F|  |TAMS 0x00000000c4200000| PB 0x00000000c4200000| Untracked 
|  47|0x00000000c4300000, 0x00000000c4300000, 0x00000000c4400000|  0%| F|  |TAMS 0x00000000c4300000| PB 0x00000000c4300000| Untracked 
|  48|0x00000000c4400000, 0x00000000c4400000, 0x00000000c4500000|  0%| F|  |TAMS 0x00000000c4400000| PB 0x00000000c4400000| Untracked 
|  49|0x00000000c4500000, 0x00000000c4500000, 0x00000000c4600000|  0%| F|  |TAMS 0x00000000c4500000| PB 0x00000000c4500000| Untracked 
|  50|0x00000000c4600000, 0x00000000c46c0020, 0x00000000c4700000| 75%| S|CS|TAMS 0x00000000c4600000| PB 0x00000000c4600000| Complete 
|  51|0x00000000c4700000, 0x00000000c4700000, 0x00000000c4800000|  0%| F|  |TAMS 0x00000000c4700000| PB 0x00000000c4700000| Untracked 
|  52|0x00000000c4800000, 0x00000000c4800000, 0x00000000c4900000|  0%| F|  |TAMS 0x00000000c4800000| PB 0x00000000c4800000| Untracked 
|  53|0x00000000c4900000, 0x00000000c4900000, 0x00000000c4a00000|  0%| F|  |TAMS 0x00000000c4900000| PB 0x00000000c4900000| Untracked 
|  54|0x00000000c4a00000, 0x00000000c4a00000, 0x00000000c4b00000|  0%| F|  |TAMS 0x00000000c4a00000| PB 0x00000000c4a00000| Untracked 
|  55|0x00000000c4b00000, 0x00000000c4b00000, 0x00000000c4c00000|  0%| F|  |TAMS 0x00000000c4b00000| PB 0x00000000c4b00000| Untracked 
|  56|0x00000000c4c00000, 0x00000000c4c00000, 0x00000000c4d00000|  0%| F|  |TAMS 0x00000000c4c00000| PB 0x00000000c4c00000| Untracked 
|  57|0x00000000c4d00000, 0x00000000c4d00000, 0x00000000c4e00000|  0%| F|  |TAMS 0x00000000c4d00000| PB 0x00000000c4d00000| Untracked 
|  58|0x00000000c4e00000, 0x00000000c4ee3b50, 0x00000000c4f00000| 88%| E|  |TAMS 0x00000000c4e00000| PB 0x00000000c4e00000| Complete 
|  59|0x00000000c4f00000, 0x00000000c5000000, 0x00000000c5000000|100%| E|CS|TAMS 0x00000000c4f00000| PB 0x00000000c4f00000| Complete 
|  60|0x00000000c5000000, 0x00000000c5100000, 0x00000000c5100000|100%| E|CS|TAMS 0x00000000c5000000| PB 0x00000000c5000000| Complete 
|  61|0x00000000c5100000, 0x00000000c5200000, 0x00000000c5200000|100%| E|CS|TAMS 0x00000000c5100000| PB 0x00000000c5100000| Complete 
|  62|0x00000000c5200000, 0x00000000c5300000, 0x00000000c5300000|100%| E|CS|TAMS 0x00000000c5200000| PB 0x00000000c5200000| Complete 
|  63|0x00000000c5300000, 0x00000000c5400000, 0x00000000c5400000|100%| E|CS|TAMS 0x00000000c5300000| PB 0x00000000c5300000| Complete 

Card table byte_map: [0x00000203ee0a0000,0x00000203ee2a0000] _byte_map_base: 0x00000203eda96000

Marking Bits: (CMBitMap*) 0x00000203d67d95b0
 Bits: [0x00000203ee2a0000, 0x00000203ef250000)

Polling page: 0x00000203d4530000

Metaspace:

Usage:
  Non-class:     14.76 MB used.
      Class:      1.91 MB used.
       Both:     16.67 MB used.

Virtual space:
  Non-class space:       64.00 MB reserved,      14.94 MB ( 23%) committed,  1 nodes.
      Class space:        1.00 GB reserved,       2.06 MB ( <1%) committed,  1 nodes.
             Both:        1.06 GB reserved,      17.00 MB (  2%) committed. 

Chunk freelists:
   Non-Class:  1.03 MB
       Class:  13.85 MB
        Both:  14.88 MB

MaxMetaspaceSize: unlimited
CompressedClassSpaceSize: 1.00 GB
Initial GC threshold: 21.00 MB
Current GC threshold: 21.00 MB
CDS: on
 - commit_granule_bytes: 65536.
 - commit_granule_words: 8192.
 - virtual_space_node_default_size: 8388608.
 - enlarge_chunks_in_place: 1.
 - use_allocation_guard: 0.


Internal statistics:

num_allocs_failed_limit: 0.
num_arena_births: 186.
num_arena_deaths: 0.
num_vsnodes_births: 2.
num_vsnodes_deaths: 0.
num_space_committed: 272.
num_space_uncommitted: 0.
num_chunks_returned_to_freelist: 0.
num_chunks_taken_from_freelist: 733.
num_chunk_merges: 0.
num_chunk_splits: 524.
num_chunks_enlarged: 436.
num_inconsistent_stats: 0.

CodeHeap 'non-profiled nmethods': size=120000Kb used=2224Kb max_used=2224Kb free=117775Kb
 bounds [0x00000203e6970000, 0x00000203e6be0000, 0x00000203edea0000]
CodeHeap 'profiled nmethods': size=120000Kb used=9016Kb max_used=9016Kb free=110983Kb
 bounds [0x00000203deea0000, 0x00000203df770000, 0x00000203e63d0000]
CodeHeap 'non-nmethods': size=5760Kb used=1416Kb max_used=1450Kb free=4343Kb
 bounds [0x00000203e63d0000, 0x00000203e6640000, 0x00000203e6970000]
 total_blobs=4925 nmethods=4416 adapters=413
 compilation: enabled
              stopped_count=0, restarted_count=0
 full_count=0

Compilation events (20 events):
Event: 395.200 Thread 0x00000203f16b0900 nmethod 4422 0x00000203e6b9a410 code [0x00000203e6b9a5e0, 0x00000203e6b9aba0]
Event: 395.375 Thread 0x00000203f16b4e20 4423   !   3       java.net.URL::<init> (543 bytes)
Event: 395.383 Thread 0x00000203f16b4e20 nmethod 4423 0x00000203df763c90 code [0x00000203df7642a0, 0x00000203df7675d8]
Event: 396.668 Thread 0x00000203f16b4e20 4424       3       java.util.Map::entry (10 bytes)
Event: 396.669 Thread 0x00000203f16b4e20 nmethod 4424 0x00000203df769390 code [0x00000203df769580, 0x00000203df769af0]
Event: 396.884 Thread 0x00000203f16b4e20 4425       3       java.io.DataInputStream::readUTF (5 bytes)
Event: 396.884 Thread 0x00000203f16b4e20 nmethod 4425 0x00000203df769d10 code [0x00000203df769ec0, 0x00000203df769ff8]
Event: 396.890 Thread 0x00000203f16b4e20 4426       3       java.io.DataInputStream::readUnsignedShort (19 bytes)
Event: 396.896 Thread 0x00000203f16b0900 4429       4       jdk.internal.misc.Unsafe::getShortUnaligned (12 bytes)
Event: 396.911 Thread 0x00000203f16b0900 nmethod 4429 0x00000203e6b9b010 code [0x00000203e6b9b1a0, 0x00000203e6b9b270]
Event: 396.911 Thread 0x00000203f16b0900 4430       4       java.util.concurrent.locks.ReentrantLock$NonfairSync::initialTryLock (58 bytes)
Event: 396.913 Thread 0x00000203f16b0900 nmethod 4430 0x00000203e6b9b310 code [0x00000203e6b9b4a0, 0x00000203e6b9b668]
Event: 396.915 Thread 0x00000203f16b4e20 nmethod 4426 0x00000203df76a090 code [0x00000203df76a2a0, 0x00000203df76a910]
Event: 396.915 Thread 0x00000203f16b4e20 4427       3       jdk.internal.util.ByteArray::getUnsignedShort (12 bytes)
Event: 396.916 Thread 0x00000203f16b4e20 nmethod 4427 0x00000203df76ab90 code [0x00000203df76ada0, 0x00000203df76b338]
Event: 396.916 Thread 0x00000203f16b4e20 4428       3       java.lang.Short::toUnsignedInt (5 bytes)
Event: 396.916 Thread 0x00000203f16b4e20 nmethod 4428 0x00000203df76b590 code [0x00000203df76b720, 0x00000203df76b818]
Event: 397.012 Thread 0x00000203f16b0900 4431       4       java.io.BufferedInputStream::read1 (121 bytes)
Event: 397.020 Thread 0x00000203f16b0900 nmethod 4431 0x00000203e6b9b710 code [0x00000203e6b9b8e0, 0x00000203e6b9be08]
Event: 397.020 Thread 0x00000203f16b0900 4433       4       java.io.BufferedInputStream::implRead (112 bytes)

GC Heap History (16 events):
Event: 115.459 GC heap before
{Heap before GC invocations=0 (full 0):
 garbage-first heap   total 65536K, used 13312K [0x00000000c1400000, 0x0000000100000000)
  region size 1024K, 13 young (13312K), 0 survivors (0K)
 Metaspace       used 3624K, committed 3712K, reserved 1114112K
  class space    used 363K, committed 384K, reserved 1048576K
}
Event: 115.956 GC heap after
{Heap after GC invocations=1 (full 0):
 garbage-first heap   total 65536K, used 3232K [0x00000000c1400000, 0x0000000100000000)
  region size 1024K, 2 young (2048K), 2 survivors (2048K)
 Metaspace       used 3624K, committed 3712K, reserved 1114112K
  class space    used 363K, committed 384K, reserved 1048576K
}
Event: 122.145 GC heap before
{Heap before GC invocations=1 (full 0):
 garbage-first heap   total 65536K, used 6304K [0x00000000c1400000, 0x0000000100000000)
  region size 1024K, 5 young (5120K), 2 survivors (2048K)
 Metaspace       used 4528K, committed 4672K, reserved 1114112K
  class space    used 491K, committed 576K, reserved 1048576K
}
Event: 122.185 GC heap after
{Heap after GC invocations=2 (full 0):
 garbage-first heap   total 65536K, used 3622K [0x00000000c1400000, 0x0000000100000000)
  region size 1024K, 1 young (1024K), 1 survivors (1024K)
 Metaspace       used 4528K, committed 4672K, reserved 1114112K
  class space    used 491K, committed 576K, reserved 1048576K
}
Event: 132.024 GC heap before
{Heap before GC invocations=2 (full 0):
 garbage-first heap   total 65536K, used 16934K [0x00000000c1400000, 0x0000000100000000)
  region size 1024K, 15 young (15360K), 1 survivors (1024K)
 Metaspace       used 6289K, committed 6464K, reserved 1114112K
  class space    used 722K, committed 832K, reserved 1048576K
}
Event: 132.027 GC heap after
{Heap after GC invocations=3 (full 0):
 garbage-first heap   total 65536K, used 4106K [0x00000000c1400000, 0x0000000100000000)
  region size 1024K, 1 young (1024K), 1 survivors (1024K)
 Metaspace       used 6289K, committed 6464K, reserved 1114112K
  class space    used 722K, committed 832K, reserved 1048576K
}
Event: 162.069 GC heap before
{Heap before GC invocations=3 (full 0):
 garbage-first heap   total 65536K, used 40970K [0x00000000c1400000, 0x0000000100000000)
  region size 1024K, 38 young (38912K), 1 survivors (1024K)
 Metaspace       used 12483K, committed 12672K, reserved 1114112K
  class space    used 1510K, committed 1600K, reserved 1048576K
}
Event: 162.135 GC heap after
{Heap after GC invocations=4 (full 0):
 garbage-first heap   total 65536K, used 6735K [0x00000000c1400000, 0x0000000100000000)
  region size 1024K, 4 young (4096K), 4 survivors (4096K)
 Metaspace       used 12483K, committed 12672K, reserved 1114112K
  class space    used 1510K, committed 1600K, reserved 1048576K
}
Event: 249.124 GC heap before
{Heap before GC invocations=4 (full 0):
 garbage-first heap   total 65536K, used 41551K [0x00000000c1400000, 0x0000000100000000)
  region size 1024K, 38 young (38912K), 4 survivors (4096K)
 Metaspace       used 15765K, committed 16000K, reserved 1114112K
  class space    used 1824K, committed 1920K, reserved 1048576K
}
Event: 249.930 GC heap after
{Heap after GC invocations=5 (full 0):
 garbage-first heap   total 65536K, used 11194K [0x00000000c1400000, 0x0000000100000000)
  region size 1024K, 5 young (5120K), 5 survivors (5120K)
 Metaspace       used 15765K, committed 16000K, reserved 1114112K
  class space    used 1824K, committed 1920K, reserved 1048576K
}
Event: 254.008 GC heap before
{Heap before GC invocations=5 (full 0):
 garbage-first heap   total 65536K, used 12218K [0x00000000c1400000, 0x0000000100000000)
  region size 1024K, 6 young (6144K), 5 survivors (5120K)
 Metaspace       used 15778K, committed 16000K, reserved 1114112K
  class space    used 1824K, committed 1920K, reserved 1048576K
}
Event: 254.038 GC heap after
{Heap after GC invocations=6 (full 0):
 garbage-first heap   total 65536K, used 12044K [0x00000000c1400000, 0x0000000100000000)
  region size 1024K, 1 young (1024K), 1 survivors (1024K)
 Metaspace       used 15778K, committed 16000K, reserved 1114112K
  class space    used 1824K, committed 1920K, reserved 1048576K
}
Event: 352.931 GC heap before
{Heap before GC invocations=6 (full 0):
 garbage-first heap   total 65536K, used 33548K [0x00000000c1400000, 0x0000000100000000)
  region size 1024K, 23 young (23552K), 1 survivors (1024K)
 Metaspace       used 16194K, committed 16448K, reserved 1114112K
  class space    used 1855K, committed 1984K, reserved 1048576K
}
Event: 353.146 GC heap after
{Heap after GC invocations=7 (full 0):
 garbage-first heap   total 65536K, used 13788K [0x00000000c1400000, 0x0000000100000000)
  region size 1024K, 3 young (3072K), 3 survivors (3072K)
 Metaspace       used 16194K, committed 16448K, reserved 1114112K
  class space    used 1855K, committed 1984K, reserved 1048576K
}
Event: 376.280 GC heap before
{Heap before GC invocations=7 (full 0):
 garbage-first heap   total 65536K, used 27100K [0x00000000c1400000, 0x0000000100000000)
  region size 1024K, 16 young (16384K), 3 survivors (3072K)
 Metaspace       used 16485K, committed 16768K, reserved 1114112K
  class space    used 1873K, committed 1984K, reserved 1048576K
}
Event: 376.360 GC heap after
{Heap after GC invocations=8 (full 0):
 garbage-first heap   total 65536K, used 13534K [0x00000000c1400000, 0x0000000100000000)
  region size 1024K, 1 young (1024K), 1 survivors (1024K)
 Metaspace       used 16485K, committed 16768K, reserved 1114112K
  class space    used 1873K, committed 1984K, reserved 1048576K
}

Dll operation events (8 events):
Event: 3.474 Loaded shared library C:\Users\Armero\AppData\Roaming\Code\User\globalStorage\pleiades.java-extension-pack-jdk\java\21\bin\java.dll
Event: 9.932 Loaded shared library C:\Users\Armero\AppData\Roaming\Code\User\globalStorage\pleiades.java-extension-pack-jdk\java\21\bin\jsvml.dll
Event: 10.789 Loaded shared library C:\Users\Armero\AppData\Roaming\Code\User\globalStorage\pleiades.java-extension-pack-jdk\java\21\bin\net.dll
Event: 11.054 Loaded shared library C:\Users\Armero\AppData\Roaming\Code\User\globalStorage\pleiades.java-extension-pack-jdk\java\21\bin\nio.dll
Event: 11.508 Loaded shared library C:\Users\Armero\AppData\Roaming\Code\User\globalStorage\pleiades.java-extension-pack-jdk\java\21\bin\zip.dll
Event: 82.687 Loaded shared library C:\Users\Armero\AppData\Roaming\Code\User\globalStorage\pleiades.java-extension-pack-jdk\maven\latest\lib\jansi-native\Windows\x86_64\jansi.dll
Event: 83.649 Loaded shared library C:\Users\Armero\AppData\Roaming\Code\User\globalStorage\pleiades.java-extension-pack-jdk\java\21\bin\jimage.dll
Event: 86.569 Loaded shared library C:\Users\Armero\AppData\Roaming\Code\User\globalStorage\pleiades.java-extension-pack-jdk\java\21\bin\verify.dll

Deoptimization events (20 events):
Event: 385.985 Thread 0x00000203d45e3b10 DEOPT PACKING pc=0x00000203e6a79d6c sp=0x0000002512dfd190
Event: 385.985 Thread 0x00000203d45e3b10 DEOPT UNPACKING pc=0x00000203e64246a2 sp=0x0000002512dfd078 mode 2
Event: 386.273 Thread 0x00000203d45e3b10 DEOPT PACKING pc=0x00000203df1170c6 sp=0x0000002512dfc740
Event: 386.273 Thread 0x00000203d45e3b10 DEOPT UNPACKING pc=0x00000203e6424e42 sp=0x0000002512dfbcc0 mode 0
Event: 388.624 Thread 0x00000203d45e3b10 Uncommon trap: trap_request=0xffffffc6 fr.pc=0x00000203e6a69250 relative=0x0000000000000090
Event: 388.624 Thread 0x00000203d45e3b10 Uncommon trap: reason=bimorphic_or_optimized_type_check action=maybe_recompile pc=0x00000203e6a69250 method=com.google.inject.internal.LinkedBindingImpl.acceptTargetVisitor(Lcom/google/inject/spi/BindingTargetVisitor;)Ljava/lang/Object; @ 2 c2
Event: 388.624 Thread 0x00000203d45e3b10 DEOPT PACKING pc=0x00000203e6a69250 sp=0x0000002512dfd650
Event: 388.624 Thread 0x00000203d45e3b10 DEOPT UNPACKING pc=0x00000203e64246a2 sp=0x0000002512dfd5d8 mode 2
Event: 388.625 Thread 0x00000203d45e3b10 Uncommon trap: trap_request=0xffffffc6 fr.pc=0x00000203e6a69250 relative=0x0000000000000090
Event: 388.625 Thread 0x00000203d45e3b10 Uncommon trap: reason=bimorphic_or_optimized_type_check action=maybe_recompile pc=0x00000203e6a69250 method=com.google.inject.internal.LinkedBindingImpl.acceptTargetVisitor(Lcom/google/inject/spi/BindingTargetVisitor;)Ljava/lang/Object; @ 2 c2
Event: 388.625 Thread 0x00000203d45e3b10 DEOPT PACKING pc=0x00000203e6a69250 sp=0x0000002512dfd650
Event: 388.625 Thread 0x00000203d45e3b10 DEOPT UNPACKING pc=0x00000203e64246a2 sp=0x0000002512dfd5d8 mode 2
Event: 390.099 Thread 0x00000203d45e3b10 Uncommon trap: trap_request=0xffffffc6 fr.pc=0x00000203e6a69250 relative=0x0000000000000090
Event: 390.099 Thread 0x00000203d45e3b10 Uncommon trap: reason=bimorphic_or_optimized_type_check action=maybe_recompile pc=0x00000203e6a69250 method=com.google.inject.internal.LinkedBindingImpl.acceptTargetVisitor(Lcom/google/inject/spi/BindingTargetVisitor;)Ljava/lang/Object; @ 2 c2
Event: 390.099 Thread 0x00000203d45e3b10 DEOPT PACKING pc=0x00000203e6a69250 sp=0x0000002512dfd650
Event: 390.099 Thread 0x00000203d45e3b10 DEOPT UNPACKING pc=0x00000203e64246a2 sp=0x0000002512dfd5d8 mode 2
Event: 390.148 Thread 0x00000203d45e3b10 Uncommon trap: trap_request=0xffffffc6 fr.pc=0x00000203e6a69250 relative=0x0000000000000090
Event: 390.148 Thread 0x00000203d45e3b10 Uncommon trap: reason=bimorphic_or_optimized_type_check action=maybe_recompile pc=0x00000203e6a69250 method=com.google.inject.internal.LinkedBindingImpl.acceptTargetVisitor(Lcom/google/inject/spi/BindingTargetVisitor;)Ljava/lang/Object; @ 2 c2
Event: 390.148 Thread 0x00000203d45e3b10 DEOPT PACKING pc=0x00000203e6a69250 sp=0x0000002512dfd650
Event: 390.148 Thread 0x00000203d45e3b10 DEOPT UNPACKING pc=0x00000203e64246a2 sp=0x0000002512dfd5d8 mode 2

Classes loaded (20 events):
Event: 389.145 Loading class javax/xml/parsers/ParserConfigurationException
Event: 389.226 Loading class javax/xml/parsers/ParserConfigurationException done
Event: 389.226 Loading class org/xml/sax/SAXException
Event: 389.254 Loading class org/xml/sax/SAXException done
Event: 389.263 Loading class org/w3c/dom/Document
Event: 389.339 Loading class org/w3c/dom/Document done
Event: 389.339 Loading class org/w3c/dom/Element
Event: 389.396 Loading class org/w3c/dom/Element done
Event: 395.524 Loading class java/net/URISyntaxException
Event: 395.583 Loading class java/net/URISyntaxException done
Event: 395.769 Loading class java/time/format/DateTimeParseException
Event: 395.790 Loading class java/time/DateTimeException
Event: 395.801 Loading class java/time/DateTimeException done
Event: 395.801 Loading class java/time/format/DateTimeParseException done
Event: 396.706 Loading class java/time/zone/ZoneRulesProvider
Event: 396.752 Loading class java/time/zone/ZoneRulesProvider done
Event: 396.768 Loading class java/time/zone/ZoneRulesProvider$1
Event: 396.783 Loading class java/time/zone/ZoneRulesProvider$1 done
Event: 396.786 Loading class java/time/zone/TzdbZoneRulesProvider
Event: 396.818 Loading class java/time/zone/TzdbZoneRulesProvider done

Classes unloaded (0 events):
No events

Classes redefined (0 events):
No events

Internal exceptions (20 events):
Event: 158.773 Thread 0x00000203d45e3b10 Exception <a 'java/lang/NoSuchMethodError'{0x00000000c3604680}: 'int java.lang.invoke.DirectMethodHandle$Holder.invokeSpecial(java.lang.Object, java.lang.Object, java.lang.Object, int)'> (0x00000000c3604680) 
thrown [s\src\hotspot\share\interpreter\linkResolver.cpp, line 773]
Event: 158.793 Thread 0x00000203d45e3b10 Implicit null exception at 0x00000203e69f683d to 0x00000203e69f69d0
Event: 158.797 Thread 0x00000203d45e3b10 Exception <a 'java/lang/NoSuchMethodError'{0x00000000c3629748}: 'java.lang.Object java.lang.invoke.Invokers$Holder.invokeExact_MT(java.lang.Object, int, java.lang.Object)'> (0x00000000c3629748) 
thrown [s\src\hotspot\share\interpreter\linkResolver.cpp, line 773]
Event: 161.636 Thread 0x00000203d45e3b10 Exception <a 'java/lang/NoSuchMethodError'{0x00000000c2e30c10}: 'void java.lang.invoke.Invokers$Holder.invokeExact_MT(java.lang.Object, java.lang.Object, java.lang.Object, java.lang.Object)'> (0x00000000c2e30c10) 
thrown [s\src\hotspot\share\interpreter\linkResolver.cpp, line 773]
Event: 161.866 Thread 0x00000203d45e3b10 Exception <a 'java/lang/NoClassDefFoundError'{0x00000000c2ec88d8}: com/google/inject/servlet/ServletModuleTargetVisitor> (0x00000000c2ec88d8) 
thrown [s\src\hotspot\share\classfile\systemDictionary.cpp, line 301]
Event: 163.761 Thread 0x00000203d45e3b10 Exception <a 'java/lang/NoSuchMethodError'{0x00000000c52be420}: 'void java.lang.invoke.DirectMethodHandle$Holder.invokeVirtual(java.lang.Object, java.lang.Object)'> (0x00000000c52be420) 
thrown [s\src\hotspot\share\interpreter\linkResolver.cpp, line 773]
Event: 166.119 Thread 0x00000203d45e3b10 Exception <a 'java/lang/NoSuchMethodError'{0x00000000c513eb78}: 'java.lang.Object java.lang.invoke.DirectMethodHandle$Holder.invokeStaticInit(java.lang.Object, int, int, int, int)'> (0x00000000c513eb78) 
thrown [s\src\hotspot\share\interpreter\linkResolver.cpp, line 773]
Event: 175.062 Thread 0x00000203d45e3b10 Implicit null exception at 0x00000203e699ffa4 to 0x00000203e69a05d4
Event: 175.063 Thread 0x00000203d45e3b10 Implicit null exception at 0x00000203e69b10a0 to 0x00000203e69b16c4
Event: 176.437 Thread 0x00000203d45e3b10 Implicit null exception at 0x00000203e6a5ca0d to 0x00000203e6a5d220
Event: 181.364 Thread 0x00000203d45e3b10 Exception <a 'java/lang/NoSuchMethodError'{0x00000000c4b60848}: 'void java.lang.invoke.DirectMethodHandle$Holder.invokeSpecial(java.lang.Object, java.lang.Object, java.lang.Object, java.lang.Object, java.lang.Object)'> (0x00000000c4b60848) 
thrown [s\src\hotspot\share\interpreter\linkResolver.cpp, line 773]
Event: 181.373 Thread 0x00000203d45e3b10 Exception <a 'java/lang/NoSuchMethodError'{0x00000000c4b7b370}: 'void java.lang.invoke.DirectMethodHandle$Holder.invokeSpecial(java.lang.Object, java.lang.Object, java.lang.Object, java.lang.Object, java.lang.Object, java.lang.Object)'> (0x00000000c4b7b370) 
thrown [s\src\hotspot\share\interpreter\linkResolver.cpp, line 773]
Event: 187.142 Thread 0x00000203d45e3b10 Exception <a 'java/lang/NoSuchMethodError'{0x00000000c4a93b30}: 'java.lang.Object java.lang.invoke.DirectMethodHandle$Holder.invokeVirtual(java.lang.Object, java.lang.Object, java.lang.Object)'> (0x00000000c4a93b30) 
thrown [s\src\hotspot\share\interpreter\linkResolver.cpp, line 773]
Event: 188.194 Thread 0x00000203d45e3b10 Exception <a 'java/lang/NoSuchMethodError'{0x00000000c481c728}: 'void java.lang.invoke.DirectMethodHandle$Holder.invokeVirtual(java.lang.Object, java.lang.Object, int)'> (0x00000000c481c728) 
thrown [s\src\hotspot\share\interpreter\linkResolver.cpp, line 773]
Event: 188.195 Thread 0x00000203d45e3b10 Exception <a 'java/lang/NoSuchMethodError'{0x00000000c4820538}: 'void java.lang.invoke.DirectMethodHandle$Holder.invokeSpecial(java.lang.Object, java.lang.Object, java.lang.Object, int)'> (0x00000000c4820538) 
thrown [s\src\hotspot\share\interpreter\linkResolver.cpp, line 773]
Event: 188.198 Thread 0x00000203d45e3b10 Exception <a 'java/lang/NoSuchMethodError'{0x00000000c4823c18}: 'void java.lang.invoke.DelegatingMethodHandle$Holder.reinvoke_L(java.lang.Object, java.lang.Object, int)'> (0x00000000c4823c18) 
thrown [s\src\hotspot\share\interpreter\linkResolver.cpp, line 773]
Event: 285.834 Thread 0x00000203d45e3b10 Implicit null exception at 0x00000203e6a3271b to 0x00000203e6a3294c
Event: 361.901 Thread 0x00000203d45e3b10 Implicit null exception at 0x00000203e69b6e3d to 0x00000203e69b6ec1
Event: 365.427 Thread 0x00000203d45e3b10 Exception <a 'java/lang/NoSuchMethodError'{0x00000000c4c637a0}: 'java.lang.Object java.lang.invoke.DirectMethodHandle$Holder.newInvokeSpecial(java.lang.Object, java.lang.Object, java.lang.Object, java.lang.Object, java.lang.Object, java.lang.Object, java.lang.Object)'> (0x00000000c4c637a0) 
thrown [s\src\hotspot\share\interpreter\linkResolver.cpp, line 773]
Event: 395.021 Thread 0x00000203d45e3b10 Exception <a 'java/lang/NoSuchMethodError'{0x00000000c4f785a0}: 'int java.lang.invoke.DirectMethodHandle$Holder.invokeVirtual(java.lang.Object, java.lang.Object)'> (0x00000000c4f785a0) 
thrown [s\src\hotspot\share\interpreter\linkResolver.cpp, line 773]

ZGC Phase Switch (0 events):
No events

VM Operations (20 events):
Event: 381.926 Executing VM operation: Cleanup
Event: 381.926 Executing VM operation: Cleanup done
Event: 386.960 Executing VM operation: Cleanup
Event: 386.977 Executing VM operation: Cleanup done
Event: 387.983 Executing VM operation: Cleanup
Event: 387.983 Executing VM operation: Cleanup done
Event: 388.986 Executing VM operation: Cleanup
Event: 389.144 Executing VM operation: Cleanup done
Event: 390.152 Executing VM operation: Cleanup
Event: 390.183 Executing VM operation: Cleanup done
Event: 391.198 Executing VM operation: Cleanup
Event: 391.230 Executing VM operation: Cleanup done
Event: 392.241 Executing VM operation: Cleanup
Event: 392.257 Executing VM operation: Cleanup done
Event: 394.286 Executing VM operation: Cleanup
Event: 394.301 Executing VM operation: Cleanup done
Event: 395.313 Executing VM operation: Cleanup
Event: 395.344 Executing VM operation: Cleanup done
Event: 396.349 Executing VM operation: Cleanup
Event: 396.398 Executing VM operation: Cleanup done

Memory protections (0 events):
No events

Nmethod flushes (0 events):
No events

Events (14 events):
Event: 6.164 Thread 0x00000203d45e3b10 Thread added: 0x00000203d45e3b10
Event: 8.882 Thread 0x00000203d45e3b10 Thread added: 0x00000203f16a57d0
Event: 8.883 Thread 0x00000203d45e3b10 Thread added: 0x00000203f16a62a0
Event: 8.961 Thread 0x00000203d45e3b10 Thread added: 0x00000203f16a9c30
Event: 8.961 Thread 0x00000203d45e3b10 Thread added: 0x00000203f16ab2a0
Event: 8.967 Thread 0x00000203d45e3b10 Thread added: 0x00000203f16ab900
Event: 8.968 Thread 0x00000203d45e3b10 Thread added: 0x00000203f16aff70
Event: 9.046 Thread 0x00000203d45e3b10 Thread added: 0x00000203f16b0900
Event: 9.496 Thread 0x00000203d45e3b10 Thread added: 0x00000203f16b4e20
Event: 10.467 Thread 0x00000203d45e3b10 Thread added: 0x00000203f177d8f0
Event: 10.524 Thread 0x00000203d45e3b10 Thread added: 0x00000203f177e520
Event: 74.548 Thread 0x00000203d45e3b10 Thread added: 0x00000203f1a86920
Event: 93.696 Thread 0x00000203f1a86920 Thread exited: 0x00000203f1a86920
Event: 169.862 Thread 0x00000203d45e3b10 Thread added: 0x00000203f68200a0


Dynamic libraries:
0x00007ff777730000 - 0x00007ff77773e000 	C:\Users\Armero\AppData\Roaming\Code\User\globalStorage\pleiades.java-extension-pack-jdk\java\21\bin\java.exe
0x00007ffd23410000 - 0x00007ffd23608000 	C:\Windows\SYSTEM32\ntdll.dll
0x00007ffd21ac0000 - 0x00007ffd21b82000 	C:\Windows\System32\KERNEL32.DLL
0x00007ffd20d30000 - 0x00007ffd21026000 	C:\Windows\System32\KERNELBASE.dll
0x00007ffd21340000 - 0x00007ffd21440000 	C:\Windows\System32\ucrtbase.dll
0x00007ffd1ddb0000 - 0x00007ffd1ddc8000 	C:\Users\Armero\AppData\Roaming\Code\User\globalStorage\pleiades.java-extension-pack-jdk\java\21\bin\jli.dll
0x00007ffd215a0000 - 0x00007ffd2173d000 	C:\Windows\System32\USER32.dll
0x00007ffd21220000 - 0x00007ffd21242000 	C:\Windows\System32\win32u.dll
0x00007ffd22b40000 - 0x00007ffd22b6b000 	C:\Windows\System32\GDI32.dll
0x00007ffd20ab0000 - 0x00007ffd20bca000 	C:\Windows\System32\gdi32full.dll
0x00007ffd21250000 - 0x00007ffd212ed000 	C:\Windows\System32\msvcp_win.dll
0x00007ffd1a350000 - 0x00007ffd1a36e000 	C:\Users\Armero\AppData\Roaming\Code\User\globalStorage\pleiades.java-extension-pack-jdk\java\21\bin\VCRUNTIME140.dll
0x00007ffd13050000 - 0x00007ffd132ea000 	C:\Windows\WinSxS\amd64_microsoft.windows.common-controls_6595b64144ccf1df_6.0.19041.5794_none_60bcd33171f2783c\COMCTL32.dll
0x00007ffd22df0000 - 0x00007ffd22e8e000 	C:\Windows\System32\msvcrt.dll
0x00007ffd22b00000 - 0x00007ffd22b2f000 	C:\Windows\System32\IMM32.DLL
0x00007ffd1d3b0000 - 0x00007ffd1d3bc000 	C:\Users\Armero\AppData\Roaming\Code\User\globalStorage\pleiades.java-extension-pack-jdk\java\21\bin\vcruntime140_1.dll
0x00007ffd0f1e0000 - 0x00007ffd0f26d000 	C:\Users\Armero\AppData\Roaming\Code\User\globalStorage\pleiades.java-extension-pack-jdk\java\21\bin\msvcp140.dll
0x00007ffcf31f0000 - 0x00007ffcf3f80000 	C:\Users\Armero\AppData\Roaming\Code\User\globalStorage\pleiades.java-extension-pack-jdk\java\21\bin\server\jvm.dll
0x00007ffd22cb0000 - 0x00007ffd22d5f000 	C:\Windows\System32\ADVAPI32.dll
0x00007ffd21500000 - 0x00007ffd2159f000 	C:\Windows\System32\sechost.dll
0x00007ffd22150000 - 0x00007ffd22273000 	C:\Windows\System32\RPCRT4.dll
0x00007ffd20bd0000 - 0x00007ffd20bf7000 	C:\Windows\System32\bcrypt.dll
0x00007ffd23300000 - 0x00007ffd2336b000 	C:\Windows\System32\WS2_32.dll
0x00007ffd20910000 - 0x00007ffd2095b000 	C:\Windows\SYSTEM32\POWRPROF.dll
0x00007ffd0ac10000 - 0x00007ffd0ac37000 	C:\Windows\SYSTEM32\WINMM.dll
0x00007ffd14250000 - 0x00007ffd1425a000 	C:\Windows\SYSTEM32\VERSION.dll
0x00007ffd208f0000 - 0x00007ffd20902000 	C:\Windows\SYSTEM32\UMPDC.dll
0x00007ffd1e950000 - 0x00007ffd1e962000 	C:\Windows\SYSTEM32\kernel.appcore.dll
0x00007ffd1a340000 - 0x00007ffd1a34a000 	C:\Users\Armero\AppData\Roaming\Code\User\globalStorage\pleiades.java-extension-pack-jdk\java\21\bin\jimage.dll
0x00007ffd13520000 - 0x00007ffd13721000 	C:\Windows\SYSTEM32\DBGHELP.DLL
0x00007ffd0ee20000 - 0x00007ffd0ee54000 	C:\Windows\SYSTEM32\dbgcore.DLL
0x00007ffd21190000 - 0x00007ffd21212000 	C:\Windows\System32\bcryptPrimitives.dll
0x00007ffd1a320000 - 0x00007ffd1a33f000 	C:\Users\Armero\AppData\Roaming\Code\User\globalStorage\pleiades.java-extension-pack-jdk\java\21\bin\java.dll
0x00007ffd22280000 - 0x00007ffd229ee000 	C:\Windows\System32\SHELL32.dll
0x00007ffd1eb50000 - 0x00007ffd1f2f3000 	C:\Windows\SYSTEM32\windows.storage.dll
0x00007ffd21c70000 - 0x00007ffd21fc3000 	C:\Windows\System32\combase.dll
0x00007ffd20410000 - 0x00007ffd2043b000 	C:\Windows\SYSTEM32\Wldp.dll
0x00007ffd22080000 - 0x00007ffd2214d000 	C:\Windows\System32\OLEAUT32.dll
0x00007ffd229f0000 - 0x00007ffd22a9d000 	C:\Windows\System32\SHCORE.dll
0x00007ffd22aa0000 - 0x00007ffd22af5000 	C:\Windows\System32\shlwapi.dll
0x00007ffd209e0000 - 0x00007ffd20a05000 	C:\Windows\SYSTEM32\profapi.dll
0x00007ffcf98d0000 - 0x00007ffcf99a7000 	C:\Users\Armero\AppData\Roaming\Code\User\globalStorage\pleiades.java-extension-pack-jdk\java\21\bin\jsvml.dll
0x00007ffd18060000 - 0x00007ffd18070000 	C:\Users\Armero\AppData\Roaming\Code\User\globalStorage\pleiades.java-extension-pack-jdk\java\21\bin\net.dll
0x00007ffd19b40000 - 0x00007ffd19c4a000 	C:\Windows\SYSTEM32\WINHTTP.dll
0x00007ffd20170000 - 0x00007ffd201dc000 	C:\Windows\system32\mswsock.dll
0x00007ffd18040000 - 0x00007ffd18056000 	C:\Users\Armero\AppData\Roaming\Code\User\globalStorage\pleiades.java-extension-pack-jdk\java\21\bin\nio.dll
0x00007ffd18020000 - 0x00007ffd18038000 	C:\Users\Armero\AppData\Roaming\Code\User\globalStorage\pleiades.java-extension-pack-jdk\java\21\bin\zip.dll
0x00007ffcf9580000 - 0x00007ffcf95a4000 	C:\Users\Armero\AppData\Roaming\Code\User\globalStorage\pleiades.java-extension-pack-jdk\maven\latest\lib\jansi-native\Windows\x86_64\jansi.dll
0x00007ffd051e0000 - 0x00007ffd051f0000 	C:\Users\Armero\AppData\Roaming\Code\User\globalStorage\pleiades.java-extension-pack-jdk\java\21\bin\verify.dll

dbghelp: loaded successfully - version: 4.0.5 - missing functions: none
symbol engine: initialized successfully - sym options: 0x614 - pdb path: .;C:\Users\Armero\AppData\Roaming\Code\User\globalStorage\pleiades.java-extension-pack-jdk\java\21\bin;C:\Windows\SYSTEM32;C:\Windows\WinSxS\amd64_microsoft.windows.common-controls_6595b64144ccf1df_6.0.19041.5794_none_60bcd33171f2783c;C:\Users\Armero\AppData\Roaming\Code\User\globalStorage\pleiades.java-extension-pack-jdk\java\21\bin\server;C:\Users\Armero\AppData\Roaming\Code\User\globalStorage\pleiades.java-extension-pack-jdk\maven\latest\lib\jansi-native\Windows\x86_64

VM Arguments:
jvm_args: -Dstdout.encoding=UTF-8 -Dstderr.encoding=UTF-8 --enable-native-access=ALL-UNNAMED -Dclassworlds.conf=C:\Users\Armero\AppData\Roaming\Code\User\globalStorage\pleiades.java-extension-pack-jdk\maven\latest\bin\m2.conf -Dmaven.home=C:\Users\Armero\AppData\Roaming\Code\User\globalStorage\pleiades.java-extension-pack-jdk\maven\latest -Dlibrary.jansi.path=C:\Users\Armero\AppData\Roaming\Code\User\globalStorage\pleiades.java-extension-pack-jdk\maven\latest\lib\jansi-native -Dmaven.multiModuleProjectDirectory=C:\Users\Armero\Documents\FinalDistribuidos\financiera_service 
java_command: org.codehaus.plexus.classworlds.launcher.Launcher spring-boot:run
java_class_path (initial): C:\Users\Armero\AppData\Roaming\Code\User\globalStorage\pleiades.java-extension-pack-jdk\maven\latest\boot\plexus-classworlds-2.9.0.jar
Launcher Type: SUN_STANDARD

[Global flags]
     intx CICompilerCount                          = 3                                         {product} {ergonomic}
     uint ConcGCThreads                            = 1                                         {product} {ergonomic}
     uint G1ConcRefinementThreads                  = 4                                         {product} {ergonomic}
   size_t G1HeapRegionSize                         = 1048576                                   {product} {ergonomic}
    uintx GCDrainStackTargetSize                   = 64                                        {product} {ergonomic}
   size_t InitialHeapSize                          = 67108864                                  {product} {ergonomic}
   size_t MarkStackSize                            = 4194304                                   {product} {ergonomic}
   size_t MaxHeapSize                              = 1052770304                                {product} {ergonomic}
   size_t MaxNewSize                               = 631242752                                 {product} {ergonomic}
   size_t MinHeapDeltaBytes                        = 1048576                                   {product} {ergonomic}
   size_t MinHeapSize                              = 8388608                                   {product} {ergonomic}
    uintx NonNMethodCodeHeapSize                   = 5832780                                {pd product} {ergonomic}
    uintx NonProfiledCodeHeapSize                  = 122912730                              {pd product} {ergonomic}
    uintx ProfiledCodeHeapSize                     = 122912730                              {pd product} {ergonomic}
    uintx ReservedCodeCacheSize                    = 251658240                              {pd product} {ergonomic}
     bool SegmentedCodeCache                       = true                                      {product} {ergonomic}
   size_t SoftMaxHeapSize                          = 1052770304                             {manageable} {ergonomic}
     bool UseCompressedOops                        = true                           {product lp64_product} {ergonomic}
     bool UseG1GC                                  = true                                      {product} {ergonomic}
     bool UseLargePagesIndividualAllocation        = false                                  {pd product} {ergonomic}

Logging:
Log output configuration:
 #0: stdout all=warning uptime,level,tags foldmultilines=false
 #1: stderr all=off uptime,level,tags foldmultilines=false

Environment Variables:
JAVA_HOME=C:\Users\Armero\AppData\Roaming\Code\User\globalStorage\pleiades.java-extension-pack-jdk\java\21
JAVA_TOOL_OPTIONS=-Dstdout.encoding=UTF-8 -Dstderr.encoding=UTF-8
PATH=C:\Users\Armero\AppData\Roaming\Code\User\globalStorage\pleiades.java-extension-pack-jdk\gradle\latest\bin;C:\Users\Armero\AppData\Roaming\Code\User\globalStorage\pleiades.java-extension-pack-jdk\maven\latest\bin;C:\Users\Armero\AppData\Roaming\Code\User\globalStorage\pleiades.java-extension-pack-jdk\java\21\bin;C:\Program Files (x86)\VMware\VMware Workstation\bin\;C:\Program Files\BellSoft\LibericaJDK-17\bin\;C:\msys64\mingw64\bin;C:\Program Files\Common Files\Oracle\Java\javapath;C:\Windows\system32;C:\Windows;C:\Windows\System32\Wbem;C:\Windows\System32\WindowsPowerShell\v1.0\;C:\Windows\System32\OpenSSH\;C:\Program Files\Git\cmd;C:\Program Files\Microsoft SQL Server\150\Tools\Binn\;C:\Program Files\Microsoft SQL Server\Client SDK\ODBC\170\Tools\Binn\;C:\Program Files\dotnet\;C:\Program Files (x86)\Windows Kits\10\Windows Performance Toolkit\;C:\maven\bin;C:\Users\Armero\AppData\Local\Microsoft\WindowsApps;C:\Users\Armero\AppData\Local\Programs\Microsoft VS Code\bin;C:\Users\Armero\.dotnet\tools;C:\Program Files\JetBrains\IntelliJ IDEA 2024.2.1\bin;
USERNAME=Armero
LANG=en_US.UTF-8
OS=Windows_NT
PROCESSOR_IDENTIFIER=Intel64 Family 6 Model 42 Stepping 7, GenuineIntel
TMP=C:\Users\Armero\AppData\Local\Temp
TEMP=C:\Users\Armero\AppData\Local\Temp




Periodic native trim disabled

---------------  S Y S T E M  ---------------

OS:
 Windows 10 , 64 bit Build 19041 (10.0.19041.5794)
OS uptime: 0 days 2:01 hours

CPU: total 4 (initial active 4) (2 cores per cpu, 2 threads per core) family 6 model 42 stepping 7 microcode 0x2f, cx8, cmov, fxsr, ht, mmx, sse, sse2, sse3, ssse3, sse4.1, sse4.2, popcnt, tsc, tscinvbit, avx, clmul, vzeroupper, clflush, rdtscp
Processor Information for the first 4 processors :
  Max Mhz: 3300, Current Mhz: 3300, Mhz Limit: 3300

Memory: 4k page, system-wide physical 4008M (394M free)
TotalPageFile size 12200M (AvailPageFile size 447M)
current process WorkingSet (physical memory assigned to process): 48M, peak: 107M
current process commit charge ("private bytes"): 170M, peak: 192M

vm_info: OpenJDK 64-Bit Server VM (21.0.7+6-LTS) for windows-amd64 JRE (21.0.7+6-LTS), built on 2025-04-15T00:00:00Z by "admin" with MS VC++ 17.7 (VS2022)

END.
