#
# There is insufficient memory for the Java Runtime Environment to continue.
# Native memory allocation (malloc) failed to allocate 32744 bytes. Error detail: Chunk::new
# Possible reasons:
#   The system is out of physical RAM or swap space
#   This process is running with CompressedOops enabled, and the Java Heap may be blocking the growth of the native heap
# Possible solutions:
#   Reduce memory load on the system
#   Increase physical memory or swap space
#   Check if swap backing store is full
#   Decrease Java heap size (-Xmx/-Xms)
#   Decrease number of Java threads
#   Decrease Java thread stack sizes (-Xss)
#   Set larger code cache with -XX:ReservedCodeCacheSize=
#   JVM is running with Unscaled Compressed Oops mode in which the Java heap is
#     placed in the first 4GB address space. The Java Heap base address is the
#     maximum limit for the native heap growth. Please use -XX:HeapBaseMinAddress
#     to set the Java Heap base and to place the Java Heap above 4GB virtual address.
# This output file may be truncated or incomplete.
#
#  Out of Memory Error (arena.cpp:168), pid=2064, tid=12708
#
# JRE version: OpenJDK Runtime Environment Temurin-21.0.7+6 (21.0.7+6) (build 21.0.7+6-LTS)
# Java VM: OpenJDK 64-Bit Server VM Temurin-21.0.7+6 (21.0.7+6-LTS, mixed mode, sharing, tiered, compressed oops, compressed class ptrs, parallel gc, windows-amd64)
# No core dump will be written. Minidumps are not enabled by default on client versions of Windows
#

---------------  S U M M A R Y ------------

Command Line: --add-modules=ALL-SYSTEM --add-opens=java.base/java.util=ALL-UNNAMED --add-opens=java.base/java.lang=ALL-UNNAMED --add-opens=java.base/sun.nio.fs=ALL-UNNAMED -Declipse.application=org.eclipse.jdt.ls.core.id1 -Dosgi.bundles.defaultStartLevel=4 -Declipse.product=org.eclipse.jdt.ls.core.product -Djava.import.generatesMetadataFilesAtProjectRoot=false -DDetectVMInstallationsJob.disabled=true -Dfile.encoding=utf8 -XX:+UseParallelGC -XX:GCTimeRatio=4 -XX:AdaptiveSizePolicyWeight=90 -Dsun.zip.disableMemoryMapping=true -Xmx1G -Xms100m -Xlog:disable -javaagent:c:\Users\Armero\.vscode\extensions\redhat.java-1.42.0-win32-x64\lombok\lombok-1.18.36.jar -XX:+HeapDumpOnOutOfMemoryError -XX:HeapDumpPath=c:\Users\Armero\AppData\Roaming\Code\User\workspaceStorage\8010151f60e7bb20254619aac942df45\redhat.java -Daether.dependencyCollector.impl=bf c:\Users\Armero\.vscode\extensions\redhat.java-1.42.0-win32-x64\server\plugins\org.eclipse.equinox.launcher_1.7.0.v20250424-1814.jar -configuration c:\Users\Armero\AppData\Roaming\Code\User\globalStorage\redhat.java\1.42.0\config_win -data c:\Users\Armero\AppData\Roaming\Code\User\workspaceStorage\8010151f60e7bb20254619aac942df45\redhat.java\jdt_ws --pipe=\\.\pipe\lsp-9483cedea8595829bb4f636d8c7067a0-sock

Host: Intel(R) Core(TM) i3-2120 CPU @ 3.30GHz, 4 cores, 3G,  Windows 10 , 64 bit Build 19041 (10.0.19041.5794)
Time: Sun Jun  8 14:52:38 2025 Hora est. Pacífico, Sudamérica elapsed time: 114.079094 seconds (0d 0h 1m 54s)

---------------  T H R E A D  ---------------

Current thread (0x000001b3fe4253d0):  JavaThread "C2 CompilerThread0" daemon [_thread_in_native, id=12708, stack(0x00000051a0d00000,0x00000051a0e00000) (1024K)]


Current CompileTask:
C2:114102 4700       4       org.eclipse.osgi.internal.loader.ModuleClassLoader::toString (80 bytes)

Stack: [0x00000051a0d00000,0x00000051a0e00000]
Native frames: (J=compiled Java code, j=interpreted, Vv=VM code, C=native code)
V  [jvm.dll+0x6ce119]
V  [jvm.dll+0x8a84a1]
V  [jvm.dll+0x8aa9ce]
V  [jvm.dll+0x8ab0b3]
V  [jvm.dll+0x27f8a6]
V  [jvm.dll+0xc507d]
V  [jvm.dll+0xc55b3]
V  [jvm.dll+0x656dfb]
V  [jvm.dll+0x656f9f]
V  [jvm.dll+0x65c9d9]
V  [jvm.dll+0x65d9c6]
V  [jvm.dll+0x65bd5e]
V  [jvm.dll+0x247975]
V  [jvm.dll+0x2470cf]
V  [jvm.dll+0x1c760e]
V  [jvm.dll+0x25695a]
V  [jvm.dll+0x254efa]
V  [jvm.dll+0x3f03f6]
V  [jvm.dll+0x851f6b]
V  [jvm.dll+0x6cc7dd]
C  [ucrtbase.dll+0x21bb2]
C  [KERNEL32.DLL+0x17374]
C  [ntdll.dll+0x4cc91]


---------------  P R O C E S S  ---------------

Threads class SMR info:
_java_thread_list=0x000001b3d78c2750, length=23, elements={
0x000001b3fb0c11b0, 0x000001b3fe3e8bc0, 0x000001b3fe3eb4d0, 0x000001b3fe3ed050,
0x000001b3fe3ee000, 0x000001b3fe3f4920, 0x000001b3fe400440, 0x000001b3fe4253d0,
0x000001b3fe428f30, 0x000001b3fe4be7f0, 0x000001b3ff5344b0, 0x000001b3ff39fe40,
0x000001b3ff216df0, 0x000001b3ff771dd0, 0x000001b3ff356010, 0x000001b3ffd8e8b0,
0x000001b3ffcf94f0, 0x000001b3ff2ea370, 0x000001b3ff2eaa00, 0x000001b3ff2eb090,
0x000001b3ff2e9ce0, 0x000001b3ff2ecad0, 0x000001b3ff2ebdb0
}

Java Threads: ( => current thread )
  0x000001b3fb0c11b0 JavaThread "main"                              [_thread_blocked, id=4728, stack(0x00000051a0300000,0x00000051a0400000) (1024K)]
  0x000001b3fe3e8bc0 JavaThread "Reference Handler"          daemon [_thread_blocked, id=14456, stack(0x00000051a0700000,0x00000051a0800000) (1024K)]
  0x000001b3fe3eb4d0 JavaThread "Finalizer"                  daemon [_thread_blocked, id=7860, stack(0x00000051a0800000,0x00000051a0900000) (1024K)]
  0x000001b3fe3ed050 JavaThread "Signal Dispatcher"          daemon [_thread_blocked, id=14908, stack(0x00000051a0900000,0x00000051a0a00000) (1024K)]
  0x000001b3fe3ee000 JavaThread "Attach Listener"            daemon [_thread_blocked, id=14388, stack(0x00000051a0a00000,0x00000051a0b00000) (1024K)]
  0x000001b3fe3f4920 JavaThread "Service Thread"             daemon [_thread_blocked, id=13976, stack(0x00000051a0b00000,0x00000051a0c00000) (1024K)]
  0x000001b3fe400440 JavaThread "Monitor Deflation Thread"   daemon [_thread_blocked, id=12044, stack(0x00000051a0c00000,0x00000051a0d00000) (1024K)]
=>0x000001b3fe4253d0 JavaThread "C2 CompilerThread0"         daemon [_thread_in_native, id=12708, stack(0x00000051a0d00000,0x00000051a0e00000) (1024K)]
  0x000001b3fe428f30 JavaThread "C1 CompilerThread0"         daemon [_thread_in_native, id=13136, stack(0x00000051a0e00000,0x00000051a0f00000) (1024K)]
  0x000001b3fe4be7f0 JavaThread "Common-Cleaner"             daemon [_thread_blocked, id=8832, stack(0x00000051a0f00000,0x00000051a1000000) (1024K)]
  0x000001b3ff5344b0 JavaThread "Notification Thread"        daemon [_thread_blocked, id=788, stack(0x00000051a1000000,0x00000051a1100000) (1024K)]
  0x000001b3ff39fe40 JavaThread "Active Thread: Equinox Container: ca176710-f235-4f02-ae12-16754e0f19ac"        [_thread_blocked, id=7472, stack(0x00000051a1400000,0x00000051a1500000) (1024K)]
  0x000001b3ff216df0 JavaThread "Refresh Thread: Equinox Container: ca176710-f235-4f02-ae12-16754e0f19ac" daemon [_thread_blocked, id=1248, stack(0x00000051a1500000,0x00000051a1600000) (1024K)]
  0x000001b3ff771dd0 JavaThread "Framework Event Dispatcher: Equinox Container: ca176710-f235-4f02-ae12-16754e0f19ac" daemon [_thread_blocked, id=10808, stack(0x00000051a1600000,0x00000051a1700000) (1024K)]
  0x000001b3ff356010 JavaThread "Start Level: Equinox Container: ca176710-f235-4f02-ae12-16754e0f19ac" daemon [_thread_in_native, id=7136, stack(0x00000051a1700000,0x00000051a1800000) (1024K)]
  0x000001b3ffd8e8b0 JavaThread "Bundle File Closer"         daemon [_thread_blocked, id=13784, stack(0x00000051a1800000,0x00000051a1900000) (1024K)]
  0x000001b3ffcf94f0 JavaThread "SCR Component Actor"        daemon [_thread_blocked, id=8044, stack(0x00000051a1900000,0x00000051a1a00000) (1024K)]
  0x000001b3ff2ea370 JavaThread "Worker-JM"                         [_thread_blocked, id=13868, stack(0x00000051a1b00000,0x00000051a1c00000) (1024K)]
  0x000001b3ff2eaa00 JavaThread "JNA Cleaner"                daemon [_thread_blocked, id=10952, stack(0x00000051a0100000,0x00000051a0200000) (1024K)]
  0x000001b3ff2eb090 JavaThread "Worker-0"                          [_thread_blocked, id=14400, stack(0x00000051a0200000,0x00000051a0300000) (1024K)]
  0x000001b3ff2e9ce0 JavaThread "Worker-1: Updating Maven Dependencies"        [_thread_in_vm, id=10836, stack(0x00000051a1a00000,0x00000051a1b00000) (1024K)]
  0x000001b3ff2ecad0 JavaThread "Worker-2: Repository registry initialization"        [_thread_blocked, id=15100, stack(0x00000051a1d00000,0x00000051a1e00000) (1024K)]
  0x000001b3ff2ebdb0 JavaThread "Worker-3"                          [_thread_blocked, id=108, stack(0x00000051a1e00000,0x00000051a1f00000) (1024K)]
Total: 23

Other Threads:
  0x000001b3fb17eef0 VMThread "VM Thread"                           [id=5576, stack(0x00000051a0600000,0x00000051a0700000) (1024K)] _threads_hazard_ptr=0x000001b3d78c2750
  0x000001b3fb12b3c0 WatcherThread "VM Periodic Task Thread"        [id=14720, stack(0x00000051a0500000,0x00000051a0600000) (1024K)]
  0x000001b3fb0dfaa0 WorkerThread "GC Thread#0"                     [id=12264, stack(0x00000051a0400000,0x00000051a0500000) (1024K)]
  0x000001b3ffabdc70 WorkerThread "GC Thread#1"                     [id=8368, stack(0x00000051a1100000,0x00000051a1200000) (1024K)]
  0x000001b3ff6680f0 WorkerThread "GC Thread#2"                     [id=14204, stack(0x00000051a1200000,0x00000051a1300000) (1024K)]
  0x000001b3ff668490 WorkerThread "GC Thread#3"                     [id=3884, stack(0x00000051a1300000,0x00000051a1400000) (1024K)]
Total: 6

Threads with active compile tasks:
C2 CompilerThread0  115668 4700       4       org.eclipse.osgi.internal.loader.ModuleClassLoader::toString (80 bytes)
C1 CompilerThread0  115668 4717       3       com.google.inject.internal.DeclaredMembers::getDeclaredMethods (76 bytes)
Total: 2

VM state: synchronizing (normal execution)

VM Mutex/Monitor currently owned by a thread:  ([mutex/lock_event])
[0x00007ff95330e308] Threads_lock - owner thread: 0x000001b3fb17eef0

OutOfMemory and StackOverflow Exception counts:
OutOfMemoryError java_heap_errors=1
LinkageErrors=81

Heap address: 0x00000000c0000000, size: 1024 MB, Compressed Oops mode: 32-bit

CDS archive(s) mapped at: [0x000001b391000000-0x000001b391ba0000-0x000001b391ba0000), size 12189696, SharedBaseAddress: 0x000001b391000000, ArchiveRelocationMode: 1.
Compressed class space mapped at: 0x000001b392000000-0x000001b3d2000000, reserved size: 1073741824
Narrow klass base: 0x000001b391000000, Narrow klass shift: 0, Narrow klass range: 0x100000000

GC Precious Log:
 CardTable entry size: 512
 CPUs: 4 total, 4 available
 Memory: 4008M
 Large Page Support: Disabled
 NUMA Support: Disabled
 Compressed Oops: Enabled (32-bit)
 Alignments: Space 512K, Generation 512K, Heap 2M
 Heap Min Capacity: 100M
 Heap Initial Capacity: 100M
 Heap Max Capacity: 1G
 Pre-touch: Disabled
 Parallel Workers: 4

Heap:
 PSYoungGen      total 25088K, used 21938K [0x00000000eab00000, 0x00000000ec880000, 0x0000000100000000)
  eden space 23552K, 87% used [0x00000000eab00000,0x00000000ebf08978,0x00000000ec200000)
  from space 1536K, 92% used [0x00000000ec480000,0x00000000ec5e3f38,0x00000000ec600000)
  to   space 2048K, 0% used [0x00000000ec680000,0x00000000ec680000,0x00000000ec880000)
 ParOldGen       total 68608K, used 13026K [0x00000000c0000000, 0x00000000c4300000, 0x00000000eab00000)
  object space 68608K, 18% used [0x00000000c0000000,0x00000000c0cb89b8,0x00000000c4300000)
 Metaspace       used 26930K, committed 27840K, reserved 1114112K
  class space    used 2835K, committed 3200K, reserved 1048576K

Card table byte_map: [0x000001b3faaa0000,0x000001b3facb0000] _byte_map_base: 0x000001b3fa4a0000

Marking Bits: (ParMarkBitMap*) 0x00007ff9533131f0
 Begin Bits: [0x000001b38f000000, 0x000001b390000000)
 End Bits:   [0x000001b390000000, 0x000001b391000000)

Polling page: 0x000001b3fa890000

Metaspace:

Usage:
  Non-class:     23.53 MB used.
      Class:      2.77 MB used.
       Both:     26.30 MB used.

Virtual space:
  Non-class space:       64.00 MB reserved,      24.06 MB ( 38%) committed,  1 nodes.
      Class space:        1.00 GB reserved,       3.12 MB ( <1%) committed,  1 nodes.
             Both:        1.06 GB reserved,      27.19 MB (  2%) committed. 

Chunk freelists:
   Non-Class:  7.84 MB
       Class:  12.76 MB
        Both:  20.61 MB

MaxMetaspaceSize: unlimited
CompressedClassSpaceSize: 1.00 GB
Initial GC threshold: 21.00 MB
Current GC threshold: 35.00 MB
CDS: on
 - commit_granule_bytes: 65536.
 - commit_granule_words: 8192.
 - virtual_space_node_default_size: 8388608.
 - enlarge_chunks_in_place: 1.
 - use_allocation_guard: 0.


Internal statistics:

num_allocs_failed_limit: 3.
num_arena_births: 742.
num_arena_deaths: 14.
num_vsnodes_births: 2.
num_vsnodes_deaths: 0.
num_space_committed: 435.
num_space_uncommitted: 0.
num_chunks_returned_to_freelist: 17.
num_chunks_taken_from_freelist: 1811.
num_chunk_merges: 9.
num_chunk_splits: 1178.
num_chunks_enlarged: 715.
num_inconsistent_stats: 0.

CodeHeap 'non-profiled nmethods': size=120000Kb used=2423Kb max_used=2423Kb free=117577Kb
 bounds [0x000001b387ad0000, 0x000001b387d40000, 0x000001b38f000000]
CodeHeap 'profiled nmethods': size=120000Kb used=10077Kb max_used=10077Kb free=109922Kb
 bounds [0x000001b380000000, 0x000001b3809e0000, 0x000001b387530000]
CodeHeap 'non-nmethods': size=5760Kb used=1295Kb max_used=1343Kb free=4464Kb
 bounds [0x000001b387530000, 0x000001b3877a0000, 0x000001b387ad0000]
 total_blobs=5288 nmethods=4709 adapters=485
 compilation: enabled
              stopped_count=0, restarted_count=0
 full_count=0

Compilation events (20 events):
Event: 113.448 Thread 0x000001b3fe428f30 nmethod 4695 0x000001b3809c3d10 code [0x000001b3809c3ec0, 0x000001b3809c4038]
Event: 113.448 Thread 0x000001b3fe428f30 4696       3       java.util.zip.ZipFile$ZipFileInflaterInputStream::available (44 bytes)
Event: 113.448 Thread 0x000001b3fe428f30 nmethod 4696 0x000001b3809c4110 code [0x000001b3809c42e0, 0x000001b3809c4648]
Event: 113.462 Thread 0x000001b3fe428f30 4697       3       org.eclipse.sisu.space.asm.ClassReader::accept (1401 bytes)
Event: 113.480 Thread 0x000001b3fe428f30 nmethod 4697 0x000001b3809c4790 code [0x000001b3809c5440, 0x000001b3809cd0b8]
Event: 113.485 Thread 0x000001b3fe428f30 4698       3       org.eclipse.osgi.internal.loader.BundleLoader::getResourcePackageName (57 bytes)
Event: 113.487 Thread 0x000001b3fe428f30 nmethod 4698 0x000001b3809d0d10 code [0x000001b3809d0fa0, 0x000001b3809d1ac0]
Event: 113.502 Thread 0x000001b3fe428f30 4699       3       java.lang.reflect.Modifier::isAbstract (14 bytes)
Event: 113.502 Thread 0x000001b3fe428f30 nmethod 4699 0x000001b3809d1f10 code [0x000001b3809d20a0, 0x000001b3809d21e8]
Event: 113.516 Thread 0x000001b3fe4253d0 4700       4       org.eclipse.osgi.internal.loader.ModuleClassLoader::toString (80 bytes)
Event: 113.516 Thread 0x000001b3fe428f30 4701   !   3       org.eclipse.osgi.storage.bundlefile.CloseableBundleFile$BundleEntryInputStream::available (12 bytes)
Event: 113.517 Thread 0x000001b3fe428f30 nmethod 4701 0x000001b3809d2290 code [0x000001b3809d2460, 0x000001b3809d2708]
Event: 113.531 Thread 0x000001b3fe428f30 4702       3       java.lang.reflect.AnnotatedElement::isAnnotationPresent (16 bytes)
Event: 113.531 Thread 0x000001b3fe428f30 nmethod 4702 0x000001b3809d2890 code [0x000001b3809d2a40, 0x000001b3809d2c58]
Event: 113.544 Thread 0x000001b3fe428f30 4703       3       com.google.inject.internal.AbstractBindingBuilder::<init> (56 bytes)
Event: 113.544 Thread 0x000001b3fe428f30 nmethod 4703 0x000001b3809d2d10 code [0x000001b3809d2f00, 0x000001b3809d3458]
Event: 113.545 Thread 0x000001b3fe428f30 4704       3       org.eclipse.osgi.internal.loader.classpath.ClasspathManager::findLocalResourceImpl (81 bytes)
Event: 113.545 Thread 0x000001b3fe428f30 nmethod 4704 0x000001b3809d3690 code [0x000001b3809d3860, 0x000001b3809d3c50]
Event: 113.563 Thread 0x000001b3fe428f30 4705       3       com.google.inject.internal.AbstractBindingBuilder::checkNotTargetted (26 bytes)
Event: 113.564 Thread 0x000001b3fe428f30 nmethod 4705 0x000001b3809d3e90 code [0x000001b3809d4060, 0x000001b3809d43c8]

GC Heap History (20 events):
Event: 3.679 GC heap before
{Heap before GC invocations=1 (full 0):
 PSYoungGen      total 29696K, used 25600K [0x00000000eab00000, 0x00000000ecc00000, 0x0000000100000000)
  eden space 25600K, 100% used [0x00000000eab00000,0x00000000ec400000,0x00000000ec400000)
  from space 4096K, 0% used [0x00000000ec800000,0x00000000ec800000,0x00000000ecc00000)
  to   space 4096K, 0% used [0x00000000ec400000,0x00000000ec400000,0x00000000ec800000)
 ParOldGen       total 68608K, used 0K [0x00000000c0000000, 0x00000000c4300000, 0x00000000eab00000)
  object space 68608K, 0% used [0x00000000c0000000,0x00000000c0000000,0x00000000c4300000)
 Metaspace       used 4366K, committed 4608K, reserved 1114112K
  class space    used 460K, committed 576K, reserved 1048576K
}
Event: 3.709 GC heap after
{Heap after GC invocations=1 (full 0):
 PSYoungGen      total 29696K, used 3270K [0x00000000eab00000, 0x00000000ecc00000, 0x0000000100000000)
  eden space 25600K, 0% used [0x00000000eab00000,0x00000000eab00000,0x00000000ec400000)
  from space 4096K, 79% used [0x00000000ec400000,0x00000000ec731870,0x00000000ec800000)
  to   space 4096K, 0% used [0x00000000ec800000,0x00000000ec800000,0x00000000ecc00000)
 ParOldGen       total 68608K, used 0K [0x00000000c0000000, 0x00000000c4300000, 0x00000000eab00000)
  object space 68608K, 0% used [0x00000000c0000000,0x00000000c0000000,0x00000000c4300000)
 Metaspace       used 4366K, committed 4608K, reserved 1114112K
  class space    used 460K, committed 576K, reserved 1048576K
}
Event: 29.353 GC heap before
{Heap before GC invocations=2 (full 0):
 PSYoungGen      total 29696K, used 28870K [0x00000000eab00000, 0x00000000ecc00000, 0x0000000100000000)
  eden space 25600K, 100% used [0x00000000eab00000,0x00000000ec400000,0x00000000ec400000)
  from space 4096K, 79% used [0x00000000ec400000,0x00000000ec731870,0x00000000ec800000)
  to   space 4096K, 0% used [0x00000000ec800000,0x00000000ec800000,0x00000000ecc00000)
 ParOldGen       total 68608K, used 0K [0x00000000c0000000, 0x00000000c4300000, 0x00000000eab00000)
  object space 68608K, 0% used [0x00000000c0000000,0x00000000c0000000,0x00000000c4300000)
 Metaspace       used 8108K, committed 8384K, reserved 1114112K
  class space    used 816K, committed 960K, reserved 1048576K
}
Event: 29.365 GC heap after
{Heap after GC invocations=2 (full 0):
 PSYoungGen      total 29696K, used 4070K [0x00000000eab00000, 0x00000000ecc00000, 0x0000000100000000)
  eden space 25600K, 0% used [0x00000000eab00000,0x00000000eab00000,0x00000000ec400000)
  from space 4096K, 99% used [0x00000000ec800000,0x00000000ecbf9870,0x00000000ecc00000)
  to   space 4096K, 0% used [0x00000000ec400000,0x00000000ec400000,0x00000000ec800000)
 ParOldGen       total 68608K, used 1750K [0x00000000c0000000, 0x00000000c4300000, 0x00000000eab00000)
  object space 68608K, 2% used [0x00000000c0000000,0x00000000c01b58a0,0x00000000c4300000)
 Metaspace       used 8108K, committed 8384K, reserved 1114112K
  class space    used 816K, committed 960K, reserved 1048576K
}
Event: 36.792 GC heap before
{Heap before GC invocations=3 (full 0):
 PSYoungGen      total 29696K, used 29670K [0x00000000eab00000, 0x00000000ecc00000, 0x0000000100000000)
  eden space 25600K, 100% used [0x00000000eab00000,0x00000000ec400000,0x00000000ec400000)
  from space 4096K, 99% used [0x00000000ec800000,0x00000000ecbf9870,0x00000000ecc00000)
  to   space 4096K, 0% used [0x00000000ec400000,0x00000000ec400000,0x00000000ec800000)
 ParOldGen       total 68608K, used 1750K [0x00000000c0000000, 0x00000000c4300000, 0x00000000eab00000)
  object space 68608K, 2% used [0x00000000c0000000,0x00000000c01b58a0,0x00000000c4300000)
 Metaspace       used 9433K, committed 9792K, reserved 1114112K
  class space    used 969K, committed 1152K, reserved 1048576K
}
Event: 36.801 GC heap after
{Heap after GC invocations=3 (full 0):
 PSYoungGen      total 29696K, used 4095K [0x00000000eab00000, 0x00000000ecc00000, 0x0000000100000000)
  eden space 25600K, 0% used [0x00000000eab00000,0x00000000eab00000,0x00000000ec400000)
  from space 4096K, 99% used [0x00000000ec400000,0x00000000ec7ffdf0,0x00000000ec800000)
  to   space 4096K, 0% used [0x00000000ec800000,0x00000000ec800000,0x00000000ecc00000)
 ParOldGen       total 68608K, used 5252K [0x00000000c0000000, 0x00000000c4300000, 0x00000000eab00000)
  object space 68608K, 7% used [0x00000000c0000000,0x00000000c0521190,0x00000000c4300000)
 Metaspace       used 9433K, committed 9792K, reserved 1114112K
  class space    used 969K, committed 1152K, reserved 1048576K
}
Event: 48.751 GC heap before
{Heap before GC invocations=4 (full 0):
 PSYoungGen      total 29696K, used 29695K [0x00000000eab00000, 0x00000000ecc00000, 0x0000000100000000)
  eden space 25600K, 100% used [0x00000000eab00000,0x00000000ec400000,0x00000000ec400000)
  from space 4096K, 99% used [0x00000000ec400000,0x00000000ec7ffdf0,0x00000000ec800000)
  to   space 4096K, 0% used [0x00000000ec800000,0x00000000ec800000,0x00000000ecc00000)
 ParOldGen       total 68608K, used 5252K [0x00000000c0000000, 0x00000000c4300000, 0x00000000eab00000)
  object space 68608K, 7% used [0x00000000c0000000,0x00000000c0521190,0x00000000c4300000)
 Metaspace       used 12343K, committed 12800K, reserved 1114112K
  class space    used 1256K, committed 1472K, reserved 1048576K
}
Event: 48.765 GC heap after
{Heap after GC invocations=4 (full 0):
 PSYoungGen      total 29696K, used 4070K [0x00000000eab00000, 0x00000000ecc00000, 0x0000000100000000)
  eden space 25600K, 0% used [0x00000000eab00000,0x00000000eab00000,0x00000000ec400000)
  from space 4096K, 99% used [0x00000000ec800000,0x00000000ecbf9b58,0x00000000ecc00000)
  to   space 4096K, 0% used [0x00000000ec400000,0x00000000ec400000,0x00000000ec800000)
 ParOldGen       total 68608K, used 6763K [0x00000000c0000000, 0x00000000c4300000, 0x00000000eab00000)
  object space 68608K, 9% used [0x00000000c0000000,0x00000000c069acc8,0x00000000c4300000)
 Metaspace       used 12343K, committed 12800K, reserved 1114112K
  class space    used 1256K, committed 1472K, reserved 1048576K
}
Event: 62.883 GC heap before
{Heap before GC invocations=5 (full 0):
 PSYoungGen      total 29696K, used 29670K [0x00000000eab00000, 0x00000000ecc00000, 0x0000000100000000)
  eden space 25600K, 100% used [0x00000000eab00000,0x00000000ec400000,0x00000000ec400000)
  from space 4096K, 99% used [0x00000000ec800000,0x00000000ecbf9b58,0x00000000ecc00000)
  to   space 4096K, 0% used [0x00000000ec400000,0x00000000ec400000,0x00000000ec800000)
 ParOldGen       total 68608K, used 6763K [0x00000000c0000000, 0x00000000c4300000, 0x00000000eab00000)
  object space 68608K, 9% used [0x00000000c0000000,0x00000000c069acc8,0x00000000c4300000)
 Metaspace       used 15206K, committed 15808K, reserved 1114112K
  class space    used 1490K, committed 1728K, reserved 1048576K
}
Event: 62.896 GC heap after
{Heap after GC invocations=5 (full 0):
 PSYoungGen      total 29184K, used 4081K [0x00000000eab00000, 0x00000000ed080000, 0x0000000100000000)
  eden space 25088K, 0% used [0x00000000eab00000,0x00000000eab00000,0x00000000ec380000)
  from space 4096K, 99% used [0x00000000ec400000,0x00000000ec7fc4e0,0x00000000ec800000)
  to   space 6656K, 0% used [0x00000000eca00000,0x00000000eca00000,0x00000000ed080000)
 ParOldGen       total 68608K, used 8795K [0x00000000c0000000, 0x00000000c4300000, 0x00000000eab00000)
  object space 68608K, 12% used [0x00000000c0000000,0x00000000c0896ca8,0x00000000c4300000)
 Metaspace       used 15206K, committed 15808K, reserved 1114112K
  class space    used 1490K, committed 1728K, reserved 1048576K
}
Event: 81.444 GC heap before
{Heap before GC invocations=6 (full 0):
 PSYoungGen      total 29184K, used 29169K [0x00000000eab00000, 0x00000000ed080000, 0x0000000100000000)
  eden space 25088K, 100% used [0x00000000eab00000,0x00000000ec380000,0x00000000ec380000)
  from space 4096K, 99% used [0x00000000ec400000,0x00000000ec7fc4e0,0x00000000ec800000)
  to   space 6656K, 0% used [0x00000000eca00000,0x00000000eca00000,0x00000000ed080000)
 ParOldGen       total 68608K, used 8795K [0x00000000c0000000, 0x00000000c4300000, 0x00000000eab00000)
  object space 68608K, 12% used [0x00000000c0000000,0x00000000c0896ca8,0x00000000c4300000)
 Metaspace       used 18638K, committed 19392K, reserved 1114112K
  class space    used 1868K, committed 2176K, reserved 1048576K
}
Event: 81.695 GC heap after
{Heap after GC invocations=6 (full 0):
 PSYoungGen      total 30208K, used 5211K [0x00000000eab00000, 0x00000000ecf80000, 0x0000000100000000)
  eden space 24576K, 0% used [0x00000000eab00000,0x00000000eab00000,0x00000000ec300000)
  from space 5632K, 92% used [0x00000000eca00000,0x00000000ecf16d40,0x00000000ecf80000)
  to   space 5632K, 0% used [0x00000000ec480000,0x00000000ec480000,0x00000000eca00000)
 ParOldGen       total 68608K, used 8803K [0x00000000c0000000, 0x00000000c4300000, 0x00000000eab00000)
  object space 68608K, 12% used [0x00000000c0000000,0x00000000c0898ca8,0x00000000c4300000)
 Metaspace       used 18638K, committed 19392K, reserved 1114112K
  class space    used 1868K, committed 2176K, reserved 1048576K
}
Event: 98.769 GC heap before
{Heap before GC invocations=7 (full 0):
 PSYoungGen      total 30208K, used 25312K [0x00000000eab00000, 0x00000000ecf80000, 0x0000000100000000)
  eden space 24576K, 81% used [0x00000000eab00000,0x00000000ebea13b8,0x00000000ec300000)
  from space 5632K, 92% used [0x00000000eca00000,0x00000000ecf16d40,0x00000000ecf80000)
  to   space 5632K, 0% used [0x00000000ec480000,0x00000000ec480000,0x00000000eca00000)
 ParOldGen       total 68608K, used 8803K [0x00000000c0000000, 0x00000000c4300000, 0x00000000eab00000)
  object space 68608K, 12% used [0x00000000c0000000,0x00000000c0898ca8,0x00000000c4300000)
 Metaspace       used 20583K, committed 21504K, reserved 1114112K
  class space    used 2085K, committed 2496K, reserved 1048576K
}
Event: 98.783 GC heap after
{Heap after GC invocations=7 (full 0):
 PSYoungGen      total 28160K, used 3562K [0x00000000eab00000, 0x00000000ecc00000, 0x0000000100000000)
  eden space 24576K, 0% used [0x00000000eab00000,0x00000000eab00000,0x00000000ec300000)
  from space 3584K, 99% used [0x00000000ec480000,0x00000000ec7faae0,0x00000000ec800000)
  to   space 4096K, 0% used [0x00000000ec800000,0x00000000ec800000,0x00000000ecc00000)
 ParOldGen       total 68608K, used 10251K [0x00000000c0000000, 0x00000000c4300000, 0x00000000eab00000)
  object space 68608K, 14% used [0x00000000c0000000,0x00000000c0a02e60,0x00000000c4300000)
 Metaspace       used 20583K, committed 21504K, reserved 1114112K
  class space    used 2085K, committed 2496K, reserved 1048576K
}
Event: 98.783 GC heap before
{Heap before GC invocations=8 (full 1):
 PSYoungGen      total 28160K, used 3562K [0x00000000eab00000, 0x00000000ecc00000, 0x0000000100000000)
  eden space 24576K, 0% used [0x00000000eab00000,0x00000000eab00000,0x00000000ec300000)
  from space 3584K, 99% used [0x00000000ec480000,0x00000000ec7faae0,0x00000000ec800000)
  to   space 4096K, 0% used [0x00000000ec800000,0x00000000ec800000,0x00000000ecc00000)
 ParOldGen       total 68608K, used 10251K [0x00000000c0000000, 0x00000000c4300000, 0x00000000eab00000)
  object space 68608K, 14% used [0x00000000c0000000,0x00000000c0a02e60,0x00000000c4300000)
 Metaspace       used 20583K, committed 21504K, reserved 1114112K
  class space    used 2085K, committed 2496K, reserved 1048576K
}
Event: 98.874 GC heap after
{Heap after GC invocations=8 (full 1):
 PSYoungGen      total 28160K, used 0K [0x00000000eab00000, 0x00000000ecc00000, 0x0000000100000000)
  eden space 24576K, 0% used [0x00000000eab00000,0x00000000eab00000,0x00000000ec300000)
  from space 3584K, 0% used [0x00000000ec480000,0x00000000ec480000,0x00000000ec800000)
  to   space 4096K, 0% used [0x00000000ec800000,0x00000000ec800000,0x00000000ecc00000)
 ParOldGen       total 68608K, used 13010K [0x00000000c0000000, 0x00000000c4300000, 0x00000000eab00000)
  object space 68608K, 18% used [0x00000000c0000000,0x00000000c0cb49b8,0x00000000c4300000)
 Metaspace       used 20570K, committed 21504K, reserved 1114112K
  class space    used 2082K, committed 2496K, reserved 1048576K
}
Event: 106.343 GC heap before
{Heap before GC invocations=9 (full 1):
 PSYoungGen      total 28160K, used 24576K [0x00000000eab00000, 0x00000000ecc00000, 0x0000000100000000)
  eden space 24576K, 100% used [0x00000000eab00000,0x00000000ec300000,0x00000000ec300000)
  from space 3584K, 0% used [0x00000000ec480000,0x00000000ec480000,0x00000000ec800000)
  to   space 4096K, 0% used [0x00000000ec800000,0x00000000ec800000,0x00000000ecc00000)
 ParOldGen       total 68608K, used 13010K [0x00000000c0000000, 0x00000000c4300000, 0x00000000eab00000)
  object space 68608K, 18% used [0x00000000c0000000,0x00000000c0cb49b8,0x00000000c4300000)
 Metaspace       used 23243K, committed 24192K, reserved 1114112K
  class space    used 2359K, committed 2752K, reserved 1048576K
}
Event: 106.349 GC heap after
{Heap after GC invocations=9 (full 1):
 PSYoungGen      total 26624K, used 2095K [0x00000000eab00000, 0x00000000eca80000, 0x0000000100000000)
  eden space 24064K, 0% used [0x00000000eab00000,0x00000000eab00000,0x00000000ec280000)
  from space 2560K, 81% used [0x00000000ec800000,0x00000000eca0be78,0x00000000eca80000)
  to   space 3072K, 0% used [0x00000000ec480000,0x00000000ec480000,0x00000000ec780000)
 ParOldGen       total 68608K, used 13018K [0x00000000c0000000, 0x00000000c4300000, 0x00000000eab00000)
  object space 68608K, 18% used [0x00000000c0000000,0x00000000c0cb69b8,0x00000000c4300000)
 Metaspace       used 23243K, committed 24192K, reserved 1114112K
  class space    used 2359K, committed 2752K, reserved 1048576K
}
Event: 110.902 GC heap before
{Heap before GC invocations=10 (full 1):
 PSYoungGen      total 26624K, used 26159K [0x00000000eab00000, 0x00000000eca80000, 0x0000000100000000)
  eden space 24064K, 100% used [0x00000000eab00000,0x00000000ec280000,0x00000000ec280000)
  from space 2560K, 81% used [0x00000000ec800000,0x00000000eca0be78,0x00000000eca80000)
  to   space 3072K, 0% used [0x00000000ec480000,0x00000000ec480000,0x00000000ec780000)
 ParOldGen       total 68608K, used 13018K [0x00000000c0000000, 0x00000000c4300000, 0x00000000eab00000)
  object space 68608K, 18% used [0x00000000c0000000,0x00000000c0cb69b8,0x00000000c4300000)
 Metaspace       used 25501K, committed 26368K, reserved 1114112K
  class space    used 2659K, committed 3008K, reserved 1048576K
}
Event: 110.905 GC heap after
{Heap after GC invocations=10 (full 1):
 PSYoungGen      total 25088K, used 1423K [0x00000000eab00000, 0x00000000ec880000, 0x0000000100000000)
  eden space 23552K, 0% used [0x00000000eab00000,0x00000000eab00000,0x00000000ec200000)
  from space 1536K, 92% used [0x00000000ec480000,0x00000000ec5e3f38,0x00000000ec600000)
  to   space 2048K, 0% used [0x00000000ec680000,0x00000000ec680000,0x00000000ec880000)
 ParOldGen       total 68608K, used 13026K [0x00000000c0000000, 0x00000000c4300000, 0x00000000eab00000)
  object space 68608K, 18% used [0x00000000c0000000,0x00000000c0cb89b8,0x00000000c4300000)
 Metaspace       used 25501K, committed 26368K, reserved 1114112K
  class space    used 2659K, committed 3008K, reserved 1048576K
}

Dll operation events (10 events):
Event: 0.080 Loaded shared library c:\Users\Armero\.vscode\extensions\redhat.java-1.42.0-win32-x64\jre\21.0.7-win32-x86_64\bin\java.dll
Event: 0.224 Loaded shared library c:\Users\Armero\.vscode\extensions\redhat.java-1.42.0-win32-x64\jre\21.0.7-win32-x86_64\bin\zip.dll
Event: 0.285 Loaded shared library C:\Users\Armero\.vscode\extensions\redhat.java-1.42.0-win32-x64\jre\21.0.7-win32-x86_64\bin\instrument.dll
Event: 0.324 Loaded shared library C:\Users\Armero\.vscode\extensions\redhat.java-1.42.0-win32-x64\jre\21.0.7-win32-x86_64\bin\net.dll
Event: 0.353 Loaded shared library C:\Users\Armero\.vscode\extensions\redhat.java-1.42.0-win32-x64\jre\21.0.7-win32-x86_64\bin\nio.dll
Event: 0.390 Loaded shared library C:\Users\Armero\.vscode\extensions\redhat.java-1.42.0-win32-x64\jre\21.0.7-win32-x86_64\bin\zip.dll
Event: 0.488 Loaded shared library C:\Users\Armero\.vscode\extensions\redhat.java-1.42.0-win32-x64\jre\21.0.7-win32-x86_64\bin\jimage.dll
Event: 0.915 Loaded shared library c:\Users\Armero\.vscode\extensions\redhat.java-1.42.0-win32-x64\jre\21.0.7-win32-x86_64\bin\verify.dll
Event: 30.083 Loaded shared library C:\Users\Armero\AppData\Roaming\Code\User\globalStorage\redhat.java\1.42.0\config_win\org.eclipse.equinox.launcher\org.eclipse.equinox.launcher.win32.win32.x86_64_1.2.1300.v20250331-1702\eclipse_11911.dll
Event: 74.125 Loaded shared library C:\Users\Armero\AppData\Local\Temp\jna-1969524134\jna1130007460759607668.dll

Deoptimization events (20 events):
Event: 110.480 Thread 0x000001b3ff2ecad0 Uncommon trap: trap_request=0xffffff45 fr.pc=0x000001b387bf85b0 relative=0x0000000000000110
Event: 110.480 Thread 0x000001b3ff2ecad0 Uncommon trap: reason=unstable_if action=reinterpret pc=0x000001b387bf85b0 method=java.util.ArrayList.indexOfRange(Ljava/lang/Object;II)I @ 7 c2
Event: 110.480 Thread 0x000001b3ff2ecad0 DEOPT PACKING pc=0x000001b387bf85b0 sp=0x00000051a1dfe410
Event: 110.480 Thread 0x000001b3ff2ecad0 DEOPT UNPACKING pc=0x000001b387583aa2 sp=0x00000051a1dfe390 mode 2
Event: 110.519 Thread 0x000001b3ff2ecad0 Uncommon trap: trap_request=0xffffff45 fr.pc=0x000001b387cfd0d0 relative=0x0000000000000bd0
Event: 110.519 Thread 0x000001b3ff2ecad0 Uncommon trap: reason=unstable_if action=reinterpret pc=0x000001b387cfd0d0 method=sun.nio.cs.StreamDecoder.implRead([CII)I @ 186 c2
Event: 110.519 Thread 0x000001b3ff2ecad0 DEOPT PACKING pc=0x000001b387cfd0d0 sp=0x00000051a1dfdf60
Event: 110.519 Thread 0x000001b3ff2ecad0 DEOPT UNPACKING pc=0x000001b387583aa2 sp=0x00000051a1dfde58 mode 2
Event: 110.519 Thread 0x000001b3ff2ecad0 Uncommon trap: trap_request=0xffffff45 fr.pc=0x000001b387cfce3c relative=0x000000000000093c
Event: 110.519 Thread 0x000001b3ff2ecad0 Uncommon trap: reason=unstable_if action=reinterpret pc=0x000001b387cfce3c method=sun.nio.cs.StreamDecoder.lockedRead0()I @ 30 c2
Event: 110.519 Thread 0x000001b3ff2ecad0 DEOPT PACKING pc=0x000001b387cfce3c sp=0x00000051a1dfe010
Event: 110.519 Thread 0x000001b3ff2ecad0 DEOPT UNPACKING pc=0x000001b387583aa2 sp=0x00000051a1dfdea8 mode 2
Event: 110.519 Thread 0x000001b3ff2ecad0 Uncommon trap: trap_request=0xffffff45 fr.pc=0x000001b387d002d4 relative=0x00000000000003f4
Event: 110.519 Thread 0x000001b3ff2ecad0 Uncommon trap: reason=unstable_if action=reinterpret pc=0x000001b387d002d4 method=java.io.Reader.read()I @ 12 c2
Event: 110.519 Thread 0x000001b3ff2ecad0 DEOPT PACKING pc=0x000001b387d002d4 sp=0x00000051a1dfe070
Event: 110.519 Thread 0x000001b3ff2ecad0 DEOPT UNPACKING pc=0x000001b387583aa2 sp=0x00000051a1dfdfa0 mode 2
Event: 111.271 Thread 0x000001b3ff2ecad0 Uncommon trap: trap_request=0xffffff45 fr.pc=0x000001b387d0f944 relative=0x0000000000000a64
Event: 111.271 Thread 0x000001b3ff2ecad0 Uncommon trap: reason=unstable_if action=reinterpret pc=0x000001b387d0f944 method=org.codehaus.plexus.util.xml.pull.MXParser.nextImpl()I @ 241 c2
Event: 111.271 Thread 0x000001b3ff2ecad0 DEOPT PACKING pc=0x000001b387d0f944 sp=0x00000051a1dfe5f0
Event: 111.271 Thread 0x000001b3ff2ecad0 DEOPT UNPACKING pc=0x000001b387583aa2 sp=0x00000051a1dfe560 mode 2

Classes loaded (20 events):
Event: 108.090 Loading class sun/reflect/annotation/AnnotatedTypeFactory$AnnotatedTypeBaseImpl
Event: 108.090 Loading class sun/reflect/annotation/AnnotatedTypeFactory$AnnotatedTypeBaseImpl done
Event: 109.153 Loading class java/lang/annotation/ElementType
Event: 109.166 Loading class java/lang/annotation/ElementType done
Event: 109.476 Loading class java/lang/reflect/ParameterizedType
Event: 109.565 Loading class java/lang/reflect/ParameterizedType done
Event: 109.635 Loading class java/lang/reflect/WildcardType
Event: 109.635 Loading class java/lang/reflect/WildcardType done
Event: 109.638 Loading class sun/reflect/generics/tree/TypeVariableSignature
Event: 109.648 Loading class sun/reflect/generics/tree/TypeVariableSignature done
Event: 110.066 Loading class java/lang/annotation/IncompleteAnnotationException
Event: 110.079 Loading class java/lang/annotation/IncompleteAnnotationException done
Event: 110.481 Loading class java/lang/foreign/MemorySegment
Event: 110.510 Loading class java/lang/foreign/MemorySegment done
Event: 111.312 Loading class sun/reflect/generics/reflectiveObjects/TypeVariableImpl
Event: 111.322 Loading class sun/reflect/generics/reflectiveObjects/LazyReflectiveObjectGenerator
Event: 111.322 Loading class sun/reflect/generics/reflectiveObjects/LazyReflectiveObjectGenerator done
Event: 111.322 Loading class sun/reflect/generics/reflectiveObjects/TypeVariableImpl done
Event: 111.322 Loading class sun/reflect/generics/reflectiveObjects/ParameterizedTypeImpl
Event: 111.323 Loading class sun/reflect/generics/reflectiveObjects/ParameterizedTypeImpl done

Classes unloaded (7 events):
Event: 98.798 Thread 0x000001b3fb17eef0 Unloading class 0x000001b3921ab400 'java/lang/invoke/LambdaForm$MH+0x000001b3921ab400'
Event: 98.798 Thread 0x000001b3fb17eef0 Unloading class 0x000001b3921ab000 'java/lang/invoke/LambdaForm$MH+0x000001b3921ab000'
Event: 98.798 Thread 0x000001b3fb17eef0 Unloading class 0x000001b3921aac00 'java/lang/invoke/LambdaForm$MH+0x000001b3921aac00'
Event: 98.798 Thread 0x000001b3fb17eef0 Unloading class 0x000001b3921aa800 'java/lang/invoke/LambdaForm$MH+0x000001b3921aa800'
Event: 98.798 Thread 0x000001b3fb17eef0 Unloading class 0x000001b3921aa400 'java/lang/invoke/LambdaForm$BMH+0x000001b3921aa400'
Event: 98.798 Thread 0x000001b3fb17eef0 Unloading class 0x000001b3921aa000 'java/lang/invoke/LambdaForm$DMH+0x000001b3921aa000'
Event: 98.798 Thread 0x000001b3fb17eef0 Unloading class 0x000001b3921a8c00 'java/lang/invoke/LambdaForm$DMH+0x000001b3921a8c00'

Classes redefined (0 events):
No events

Internal exceptions (20 events):
Event: 98.938 Thread 0x000001b3ff356010 Exception <a 'java/lang/NoSuchMethodError'{0x00000000eab12a10}: 'long java.lang.invoke.Invokers$Holder.invokeExact_MT(java.lang.Object, java.lang.Object)'> (0x00000000eab12a10) 
thrown [s\src\hotspot\share\interpreter\linkResolver.cpp, line 773]
Event: 101.206 Thread 0x000001b3ff2ecad0 Exception <a 'java/lang/NoSuchMethodError'{0x00000000eb072618}: 'java.lang.Object java.lang.invoke.DirectMethodHandle$Holder.invokeStaticInit(java.lang.Object, java.lang.Object, java.lang.Object, java.lang.Object, java.lang.Object, java.lang.Object, java.lang.Object)'> (0x00000000eb072618) 
thrown [s\src\hotspot\share\interpreter\linkResolver.cpp, line 773]
Event: 101.207 Thread 0x000001b3ff2ecad0 Exception <a 'java/lang/NoSuchMethodError'{0x00000000eb076df0}: 'java.lang.Object java.lang.invoke.Invokers$Holder.invoke_MT(java.lang.Object, java.lang.Object, java.lang.Object, java.lang.Object, java.lang.Object, java.lang.Object, java.lang.Object, java.lang.Object, java.lang.Object)'> (0x00000000eb076df0) 
thrown [s\src\hotspot\share\interpreter\linkResolver.cpp, line 773]
Event: 102.109 Thread 0x000001b3ff356010 Exception <a 'java/lang/NoSuchMethodError'{0x00000000eb0ea5c8}: 'double java.lang.invoke.DirectMethodHandle$Holder.invokeStatic(java.lang.Object, java.lang.Object)'> (0x00000000eb0ea5c8) 
thrown [s\src\hotspot\share\interpreter\linkResolver.cpp, line 773]
Event: 102.110 Thread 0x000001b3ff356010 Exception <a 'java/lang/NoSuchMethodError'{0x00000000eb0edc58}: 'double java.lang.invoke.DirectMethodHandle$Holder.invokeStaticInit(java.lang.Object, java.lang.Object)'> (0x00000000eb0edc58) 
thrown [s\src\hotspot\share\interpreter\linkResolver.cpp, line 773]
Event: 102.824 Thread 0x000001b3ff2ecad0 Exception <a 'java/lang/NoSuchMethodError'{0x00000000eb228d88}: 'int java.lang.invoke.DirectMethodHandle$Holder.invokeVirtual(java.lang.Object, java.lang.Object, java.lang.Object)'> (0x00000000eb228d88) 
thrown [s\src\hotspot\share\interpreter\linkResolver.cpp, line 773]
Event: 102.825 Thread 0x000001b3ff2ecad0 Exception <a 'java/lang/NoSuchMethodError'{0x00000000eb2419f0}: 'int java.lang.invoke.DirectMethodHandle$Holder.invokeStaticInit(java.lang.Object, int, int)'> (0x00000000eb2419f0) 
thrown [s\src\hotspot\share\interpreter\linkResolver.cpp, line 773]
Event: 102.826 Thread 0x000001b3ff2ecad0 Exception <a 'java/lang/NoSuchMethodError'{0x00000000eb248aa8}: 'int java.lang.invoke.DirectMethodHandle$Holder.invokeStaticInit(java.lang.Object, long, long)'> (0x00000000eb248aa8) 
thrown [s\src\hotspot\share\interpreter\linkResolver.cpp, line 773]
Event: 102.826 Thread 0x000001b3ff2ecad0 Exception <a 'java/lang/NoSuchMethodError'{0x00000000eb24f430}: 'int java.lang.invoke.DirectMethodHandle$Holder.invokeStaticInit(java.lang.Object, float, float)'> (0x00000000eb24f430) 
thrown [s\src\hotspot\share\interpreter\linkResolver.cpp, line 773]
Event: 102.827 Thread 0x000001b3ff2ecad0 Exception <a 'java/lang/NoSuchMethodError'{0x00000000eb255b10}: 'int java.lang.invoke.DirectMethodHandle$Holder.invokeStaticInit(java.lang.Object, double, double)'> (0x00000000eb255b10) 
thrown [s\src\hotspot\share\interpreter\linkResolver.cpp, line 773]
Event: 102.828 Thread 0x000001b3ff2ecad0 Exception <a 'java/lang/NoSuchMethodError'{0x00000000eb259c90}: 'int java.lang.invoke.DirectMethodHandle$Holder.invokeStatic(java.lang.Object, long)'> (0x00000000eb259c90) 
thrown [s\src\hotspot\share\interpreter\linkResolver.cpp, line 773]
Event: 102.832 Thread 0x000001b3ff2ecad0 Exception <a 'java/lang/NoSuchMethodError'{0x00000000eb277c10}: 'int java.lang.invoke.Invokers$Holder.linkToTargetMethod(java.lang.Object, java.lang.Object)'> (0x00000000eb277c10) 
thrown [s\src\hotspot\share\interpreter\linkResolver.cpp, line 773]
Event: 102.832 Thread 0x000001b3ff2e9ce0 Exception <a 'java/lang/NoSuchMethodError'{0x00000000eb285dc0}: 'int java.lang.invoke.Invokers$Holder.linkToTargetMethod(java.lang.Object, java.lang.Object)'> (0x00000000eb285dc0) 
thrown [s\src\hotspot\share\interpreter\linkResolver.cpp, line 773]
Event: 102.833 Thread 0x000001b3ff2ecad0 Implicit null exception at 0x000001b387c2b9bd to 0x000001b387c2ba32
Event: 102.837 Thread 0x000001b3ff2e9ce0 Exception <a 'java/lang/NoSuchMethodError'{0x00000000eb28e808}: 'int java.lang.invoke.DirectMethodHandle$Holder.invokeSpecial(java.lang.Object, java.lang.Object, java.lang.Object, java.lang.Object)'> (0x00000000eb28e808) 
thrown [s\src\hotspot\share\interpreter\linkResolver.cpp, line 773]
Event: 102.840 Thread 0x000001b3ff2e9ce0 Exception <a 'java/lang/NoSuchMethodError'{0x00000000eb2ac468}: 'java.lang.Object java.lang.invoke.DirectMethodHandle$Holder.invokeStatic(java.lang.Object, int, java.lang.Object, java.lang.Object)'> (0x00000000eb2ac468) 
thrown [s\src\hotspot\share\interpreter\linkResolver.cpp, line 773]
Event: 102.840 Thread 0x000001b3ff2e9ce0 Exception <a 'java/lang/NoSuchMethodError'{0x00000000eb2afeb0}: 'java.lang.Object java.lang.invoke.DelegatingMethodHandle$Holder.delegate(java.lang.Object, int, java.lang.Object, java.lang.Object)'> (0x00000000eb2afeb0) 
thrown [s\src\hotspot\share\interpreter\linkResolver.cpp, line 773]
Event: 102.844 Thread 0x000001b3ff2e9ce0 Exception <a 'java/lang/NoSuchMethodError'{0x00000000eb2c3990}: 'int java.lang.invoke.Invokers$Holder.linkToTargetMethod(java.lang.Object, java.lang.Object, java.lang.Object)'> (0x00000000eb2c3990) 
thrown [s\src\hotspot\share\interpreter\linkResolver.cpp, line 773]
Event: 103.523 Thread 0x000001b3ff2ecad0 Exception <a 'java/lang/NoSuchMethodError'{0x00000000eb706ec0}: 'java.lang.Object java.lang.invoke.DirectMethodHandle$Holder.invokeSpecialIFC(java.lang.Object, java.lang.Object, java.lang.Object, java.lang.Object)'> (0x00000000eb706ec0) 
thrown [s\src\hotspot\share\interpreter\linkResolver.cpp, line 773]
Event: 110.079 Thread 0x000001b3ff2ecad0 Exception <a 'java/lang/NoClassDefFoundError'{0x00000000ebd31908}: javax/enterprise/inject/Typed> (0x00000000ebd31908) 
thrown [s\src\hotspot\share\classfile\systemDictionary.cpp, line 301]

ZGC Phase Switch (0 events):
No events

VM Operations (20 events):
Event: 104.164 Executing VM operation: Cleanup
Event: 104.164 Executing VM operation: Cleanup done
Event: 105.170 Executing VM operation: Cleanup
Event: 105.170 Executing VM operation: Cleanup done
Event: 106.343 Executing VM operation: ParallelGCFailedAllocation (Allocation Failure)
Event: 106.349 Executing VM operation: ParallelGCFailedAllocation (Allocation Failure) done
Event: 107.359 Executing VM operation: Cleanup
Event: 107.359 Executing VM operation: Cleanup done
Event: 108.359 Executing VM operation: Cleanup
Event: 108.359 Executing VM operation: Cleanup done
Event: 109.374 Executing VM operation: Cleanup
Event: 109.374 Executing VM operation: Cleanup done
Event: 110.036 Executing VM operation: HandshakeAllThreads (Deoptimize)
Event: 110.036 Executing VM operation: HandshakeAllThreads (Deoptimize) done
Event: 110.902 Executing VM operation: ParallelGCFailedAllocation (Allocation Failure)
Event: 110.905 Executing VM operation: ParallelGCFailedAllocation (Allocation Failure) done
Event: 111.920 Executing VM operation: Cleanup
Event: 111.935 Executing VM operation: Cleanup done
Event: 112.936 Executing VM operation: Cleanup
Event: 112.936 Executing VM operation: Cleanup done

Memory protections (0 events):
No events

Nmethod flushes (0 events):
No events

Events (20 events):
Event: 0.188 Thread 0x000001b3fb0c11b0 Thread added: 0x000001b3fe4be7f0
Event: 1.388 Thread 0x000001b3fb0c11b0 Thread added: 0x000001b3ff5344b0
Event: 27.259 Thread 0x000001b3fb0c11b0 Thread added: 0x000001b3ff39fe40
Event: 29.324 Thread 0x000001b3fb0c11b0 Thread added: 0x000001b3ff216df0
Event: 29.573 Thread 0x000001b3ff216df0 Thread added: 0x000001b3ff771dd0
Event: 30.089 Thread 0x000001b3fb0c11b0 Thread added: 0x000001b3ff356010
Event: 37.927 Thread 0x000001b3ff356010 Thread added: 0x000001b3ffd8e8b0
Event: 46.385 Thread 0x000001b3ff356010 Thread added: 0x000001b3ffcf94f0
Event: 47.482 Thread 0x000001b3ff356010 Thread added: 0x000001b3ff2ebdb0
Event: 52.129 Thread 0x000001b3ff356010 Thread added: 0x000001b3ff2ea370
Event: 56.211 Thread 0x000001b3ff2ebdb0 Thread exited: 0x000001b3ff2ebdb0
Event: 74.450 Thread 0x000001b3ff356010 Thread added: 0x000001b3ff2eaa00
Event: 75.062 Thread 0x000001b3ff356010 Thread added: 0x000001b3ff2eb090
Event: 75.628 Thread 0x000001b3ff356010 Thread added: 0x000001b3ff2e9ce0
Event: 75.630 Thread 0x000001b3ff356010 Thread added: 0x000001b3ff2eb720
Event: 81.415 Thread 0x000001b3ff2eb720 Thread exited: 0x000001b3ff2eb720
Event: 93.070 Thread 0x000001b3ff356010 Thread added: 0x000001b3ff2eb720
Event: 100.422 Thread 0x000001b3ff2e9ce0 Thread added: 0x000001b3ff2ecad0
Event: 100.595 Thread 0x000001b3ff2ecad0 Thread added: 0x000001b3ff2ebdb0
Event: 104.545 Thread 0x000001b3ff2eb720 Thread exited: 0x000001b3ff2eb720


Dynamic libraries:
0x00007ff699300000 - 0x00007ff69930e000 	c:\Users\Armero\.vscode\extensions\redhat.java-1.42.0-win32-x64\jre\21.0.7-win32-x86_64\bin\java.exe
0x00007ff99ec90000 - 0x00007ff99ee88000 	C:\Windows\SYSTEM32\ntdll.dll
0x00007ff99d950000 - 0x00007ff99da12000 	C:\Windows\System32\KERNEL32.DLL
0x00007ff99c9c0000 - 0x00007ff99ccb6000 	C:\Windows\System32\KERNELBASE.dll
0x00007ff99c720000 - 0x00007ff99c820000 	C:\Windows\System32\ucrtbase.dll
0x00007ff98af30000 - 0x00007ff98af48000 	c:\Users\Armero\.vscode\extensions\redhat.java-1.42.0-win32-x64\jre\21.0.7-win32-x86_64\bin\jli.dll
0x00007ff98af10000 - 0x00007ff98af2e000 	c:\Users\Armero\.vscode\extensions\redhat.java-1.42.0-win32-x64\jre\21.0.7-win32-x86_64\bin\VCRUNTIME140.dll
0x00007ff99d020000 - 0x00007ff99d1bd000 	C:\Windows\System32\USER32.dll
0x00007ff99c590000 - 0x00007ff99c5b2000 	C:\Windows\System32\win32u.dll
0x00007ff98eb60000 - 0x00007ff98edfa000 	C:\Windows\WinSxS\amd64_microsoft.windows.common-controls_6595b64144ccf1df_6.0.19041.5794_none_60bcd33171f2783c\COMCTL32.dll
0x00007ff99d860000 - 0x00007ff99d88b000 	C:\Windows\System32\GDI32.dll
0x00007ff99d3d0000 - 0x00007ff99d46e000 	C:\Windows\System32\msvcrt.dll
0x00007ff99c820000 - 0x00007ff99c93a000 	C:\Windows\System32\gdi32full.dll
0x00007ff99c330000 - 0x00007ff99c3cd000 	C:\Windows\System32\msvcp_win.dll
0x00007ff99d830000 - 0x00007ff99d85f000 	C:\Windows\System32\IMM32.DLL
0x00007ff998de0000 - 0x00007ff998dec000 	c:\Users\Armero\.vscode\extensions\redhat.java-1.42.0-win32-x64\jre\21.0.7-win32-x86_64\bin\vcruntime140_1.dll
0x00007ff98ad80000 - 0x00007ff98ae0d000 	c:\Users\Armero\.vscode\extensions\redhat.java-1.42.0-win32-x64\jre\21.0.7-win32-x86_64\bin\msvcp140.dll
0x00007ff952660000 - 0x00007ff9533f0000 	c:\Users\Armero\.vscode\extensions\redhat.java-1.42.0-win32-x64\jre\21.0.7-win32-x86_64\bin\server\jvm.dll
0x00007ff99d470000 - 0x00007ff99d51f000 	C:\Windows\System32\ADVAPI32.dll
0x00007ff99d890000 - 0x00007ff99d92f000 	C:\Windows\System32\sechost.dll
0x00007ff99dd80000 - 0x00007ff99dea3000 	C:\Windows\System32\RPCRT4.dll
0x00007ff99c4b0000 - 0x00007ff99c4d7000 	C:\Windows\System32\bcrypt.dll
0x00007ff99cdf0000 - 0x00007ff99ce5b000 	C:\Windows\System32\WS2_32.dll
0x00007ff99c190000 - 0x00007ff99c1db000 	C:\Windows\SYSTEM32\POWRPROF.dll
0x00007ff985120000 - 0x00007ff985147000 	C:\Windows\SYSTEM32\WINMM.dll
0x00007ff98fac0000 - 0x00007ff98faca000 	C:\Windows\SYSTEM32\VERSION.dll
0x00007ff99c170000 - 0x00007ff99c182000 	C:\Windows\SYSTEM32\UMPDC.dll
0x00007ff99a1d0000 - 0x00007ff99a1e2000 	C:\Windows\SYSTEM32\kernel.appcore.dll
0x00007ff98e8b0000 - 0x00007ff98e8ba000 	c:\Users\Armero\.vscode\extensions\redhat.java-1.42.0-win32-x64\jre\21.0.7-win32-x86_64\bin\jimage.dll
0x00007ff98f7e0000 - 0x00007ff98f9e1000 	C:\Windows\SYSTEM32\DBGHELP.DLL
0x00007ff989d30000 - 0x00007ff989d64000 	C:\Windows\SYSTEM32\dbgcore.DLL
0x00007ff99c420000 - 0x00007ff99c4a2000 	C:\Windows\System32\bcryptPrimitives.dll
0x00007ff98af00000 - 0x00007ff98af0f000 	c:\Users\Armero\.vscode\extensions\redhat.java-1.42.0-win32-x64\jre\21.0.7-win32-x86_64\bin\instrument.dll
0x00007ff98ae20000 - 0x00007ff98ae3f000 	c:\Users\Armero\.vscode\extensions\redhat.java-1.42.0-win32-x64\jre\21.0.7-win32-x86_64\bin\java.dll
0x00007ff99e3f0000 - 0x00007ff99eb5e000 	C:\Windows\System32\SHELL32.dll
0x00007ff99a3d0000 - 0x00007ff99ab73000 	C:\Windows\SYSTEM32\windows.storage.dll
0x00007ff99da20000 - 0x00007ff99dd73000 	C:\Windows\System32\combase.dll
0x00007ff99bc90000 - 0x00007ff99bcbb000 	C:\Windows\SYSTEM32\Wldp.dll
0x00007ff99d2a0000 - 0x00007ff99d36d000 	C:\Windows\System32\OLEAUT32.dll
0x00007ff99d5b0000 - 0x00007ff99d65d000 	C:\Windows\System32\SHCORE.dll
0x00007ff99e330000 - 0x00007ff99e385000 	C:\Windows\System32\shlwapi.dll
0x00007ff99c260000 - 0x00007ff99c285000 	C:\Windows\SYSTEM32\profapi.dll
0x00007ff980a00000 - 0x00007ff980a18000 	c:\Users\Armero\.vscode\extensions\redhat.java-1.42.0-win32-x64\jre\21.0.7-win32-x86_64\bin\zip.dll
0x00007ff98aef0000 - 0x00007ff98af00000 	C:\Users\Armero\.vscode\extensions\redhat.java-1.42.0-win32-x64\jre\21.0.7-win32-x86_64\bin\net.dll
0x00007ff995570000 - 0x00007ff99567a000 	C:\Windows\SYSTEM32\WINHTTP.dll
0x00007ff99b9f0000 - 0x00007ff99ba5c000 	C:\Windows\system32\mswsock.dll
0x00007ff97fc10000 - 0x00007ff97fc26000 	C:\Users\Armero\.vscode\extensions\redhat.java-1.42.0-win32-x64\jre\21.0.7-win32-x86_64\bin\nio.dll
0x00007ff98ad70000 - 0x00007ff98ad80000 	c:\Users\Armero\.vscode\extensions\redhat.java-1.42.0-win32-x64\jre\21.0.7-win32-x86_64\bin\verify.dll
0x00007ff961d20000 - 0x00007ff961d65000 	C:\Users\Armero\AppData\Roaming\Code\User\globalStorage\redhat.java\1.42.0\config_win\org.eclipse.equinox.launcher\org.eclipse.equinox.launcher.win32.win32.x86_64_1.2.1300.v20250331-1702\eclipse_11911.dll
0x00007ff99ccc0000 - 0x00007ff99cdeb000 	C:\Windows\System32\ole32.dll
0x00007ff99bbf0000 - 0x00007ff99bc08000 	C:\Windows\SYSTEM32\CRYPTSP.dll
0x00007ff99b310000 - 0x00007ff99b348000 	C:\Windows\system32\rsaenh.dll
0x00007ff99c220000 - 0x00007ff99c24e000 	C:\Windows\SYSTEM32\USERENV.dll
0x00007ff99bbe0000 - 0x00007ff99bbec000 	C:\Windows\SYSTEM32\CRYPTBASE.dll
0x00007ff99b6d0000 - 0x00007ff99b70b000 	C:\Windows\SYSTEM32\IPHLPAPI.DLL
0x00007ff99e320000 - 0x00007ff99e328000 	C:\Windows\System32\NSI.dll
0x00007ff960f80000 - 0x00007ff960fc9000 	C:\Users\Armero\AppData\Local\Temp\jna-1969524134\jna1130007460759607668.dll
0x00007ff99ebc0000 - 0x00007ff99ebc8000 	C:\Windows\System32\PSAPI.DLL

dbghelp: loaded successfully - version: 4.0.5 - missing functions: none
symbol engine: initialized successfully - sym options: 0x614 - pdb path: .;c:\Users\Armero\.vscode\extensions\redhat.java-1.42.0-win32-x64\jre\21.0.7-win32-x86_64\bin;C:\Windows\SYSTEM32;C:\Windows\WinSxS\amd64_microsoft.windows.common-controls_6595b64144ccf1df_6.0.19041.5794_none_60bcd33171f2783c;c:\Users\Armero\.vscode\extensions\redhat.java-1.42.0-win32-x64\jre\21.0.7-win32-x86_64\bin\server;C:\Users\Armero\AppData\Roaming\Code\User\globalStorage\redhat.java\1.42.0\config_win\org.eclipse.equinox.launcher\org.eclipse.equinox.launcher.win32.win32.x86_64_1.2.1300.v20250331-1702;C:\Users\Armero\AppData\Local\Temp\jna-1969524134

VM Arguments:
jvm_args: --add-modules=ALL-SYSTEM --add-opens=java.base/java.util=ALL-UNNAMED --add-opens=java.base/java.lang=ALL-UNNAMED --add-opens=java.base/sun.nio.fs=ALL-UNNAMED -Declipse.application=org.eclipse.jdt.ls.core.id1 -Dosgi.bundles.defaultStartLevel=4 -Declipse.product=org.eclipse.jdt.ls.core.product -Djava.import.generatesMetadataFilesAtProjectRoot=false -DDetectVMInstallationsJob.disabled=true -Dfile.encoding=utf8 -XX:+UseParallelGC -XX:GCTimeRatio=4 -XX:AdaptiveSizePolicyWeight=90 -Dsun.zip.disableMemoryMapping=true -Xmx1G -Xms100m -Xlog:disable -javaagent:c:\Users\Armero\.vscode\extensions\redhat.java-1.42.0-win32-x64\lombok\lombok-1.18.36.jar -XX:+HeapDumpOnOutOfMemoryError -XX:HeapDumpPath=c:\Users\Armero\AppData\Roaming\Code\User\workspaceStorage\8010151f60e7bb20254619aac942df45\redhat.java -Daether.dependencyCollector.impl=bf 
java_command: c:\Users\Armero\.vscode\extensions\redhat.java-1.42.0-win32-x64\server\plugins\org.eclipse.equinox.launcher_1.7.0.v20250424-1814.jar -configuration c:\Users\Armero\AppData\Roaming\Code\User\globalStorage\redhat.java\1.42.0\config_win -data c:\Users\Armero\AppData\Roaming\Code\User\workspaceStorage\8010151f60e7bb20254619aac942df45\redhat.java\jdt_ws --pipe=\\.\pipe\lsp-9483cedea8595829bb4f636d8c7067a0-sock
java_class_path (initial): c:\Users\Armero\.vscode\extensions\redhat.java-1.42.0-win32-x64\server\plugins\org.eclipse.equinox.launcher_1.7.0.v20250424-1814.jar
Launcher Type: SUN_STANDARD

[Global flags]
    uintx AdaptiveSizePolicyWeight                 = 90                                        {product} {command line}
     intx CICompilerCount                          = 3                                         {product} {ergonomic}
    uintx GCTimeRatio                              = 4                                         {product} {command line}
     bool HeapDumpOnOutOfMemoryError               = true                                   {manageable} {command line}
    ccstr HeapDumpPath                             = c:\Users\Armero\AppData\Roaming\Code\User\workspaceStorage\8010151f60e7bb20254619aac942df45\redhat.java         {manageable} {command line}
   size_t InitialHeapSize                          = 104857600                                 {product} {command line}
   size_t MaxHeapSize                              = 1073741824                                {product} {command line}
   size_t MaxNewSize                               = 357564416                                 {product} {ergonomic}
   size_t MinHeapDeltaBytes                        = 524288                                    {product} {ergonomic}
   size_t MinHeapSize                              = 104857600                                 {product} {command line}
   size_t NewSize                                  = 34603008                                  {product} {ergonomic}
    uintx NonNMethodCodeHeapSize                   = 5832780                                {pd product} {ergonomic}
    uintx NonProfiledCodeHeapSize                  = 122912730                              {pd product} {ergonomic}
   size_t OldSize                                  = 70254592                                  {product} {ergonomic}
    uintx ProfiledCodeHeapSize                     = 122912730                              {pd product} {ergonomic}
    uintx ReservedCodeCacheSize                    = 251658240                              {pd product} {ergonomic}
     bool SegmentedCodeCache                       = true                                      {product} {ergonomic}
   size_t SoftMaxHeapSize                          = 1073741824                             {manageable} {ergonomic}
     bool UseCompressedOops                        = true                           {product lp64_product} {ergonomic}
     bool UseLargePagesIndividualAllocation        = false                                  {pd product} {ergonomic}
     bool UseParallelGC                            = true                                      {product} {command line}

Logging:
Log output configuration:
 #0: stdout all=off uptime,level,tags foldmultilines=false
 #1: stderr all=off uptime,level,tags foldmultilines=false

Environment Variables:
JAVA_HOME=C:\Program Files\BellSoft\LibericaJDK-17\
PATH=C:\Program Files (x86)\VMware\VMware Workstation\bin\;C:\Program Files\BellSoft\LibericaJDK-17\bin\;C:\msys64\mingw64\bin;C:\Program Files\Common Files\Oracle\Java\javapath;C:\Windows\system32;C:\Windows;C:\Windows\System32\Wbem;C:\Windows\System32\WindowsPowerShell\v1.0\;C:\Windows\System32\OpenSSH\;C:\Program Files\Git\cmd;C:\Program Files\Microsoft SQL Server\150\Tools\Binn\;C:\Program Files\Microsoft SQL Server\Client SDK\ODBC\170\Tools\Binn\;C:\Program Files\dotnet\;C:\Program Files (x86)\Windows Kits\10\Windows Performance Toolkit\;C:\maven\bin;C:\Users\Armero\AppData\Local\Microsoft\WindowsApps;C:\Users\Armero\AppData\Local\Programs\Microsoft VS Code\bin;C:\Users\Armero\.dotnet\tools;C:\Program Files\JetBrains\IntelliJ IDEA 2024.2.1\bin;
USERNAME=Armero
OS=Windows_NT
PROCESSOR_IDENTIFIER=Intel64 Family 6 Model 42 Stepping 7, GenuineIntel
TMP=C:\Users\Armero\AppData\Local\Temp
TEMP=C:\Users\Armero\AppData\Local\Temp




Periodic native trim disabled

---------------  S Y S T E M  ---------------

OS:
 Windows 10 , 64 bit Build 19041 (10.0.19041.5794)
OS uptime: 0 days 1:15 hours

CPU: total 4 (initial active 4) (2 cores per cpu, 2 threads per core) family 6 model 42 stepping 7 microcode 0x2f, cx8, cmov, fxsr, ht, mmx, sse, sse2, sse3, ssse3, sse4.1, sse4.2, popcnt, tsc, tscinvbit, avx, clmul, vzeroupper, clflush, rdtscp
Processor Information for the first 4 processors :
  Max Mhz: 3300, Current Mhz: 3300, Mhz Limit: 3300

Memory: 4k page, system-wide physical 4008M (18M free)
TotalPageFile size 16296M (AvailPageFile size 6M)
current process WorkingSet (physical memory assigned to process): 84M, peak: 137M
current process commit charge ("private bytes"): 234M, peak: 247M

vm_info: OpenJDK 64-Bit Server VM (21.0.7+6-LTS) for windows-amd64 JRE (21.0.7+6-LTS), built on 2025-04-15T00:00:00Z by "admin" with MS VC++ 17.7 (VS2022)

END.
