#
# There is insufficient memory for the Java Runtime Environment to continue.
# Native memory allocation (malloc) failed to allocate 636256 bytes. Error detail: Chunk::new
# Possible reasons:
#   The system is out of physical RAM or swap space
#   This process is running with CompressedOops enabled, and the Java Heap may be blocking the growth of the native heap
# Possible solutions:
#   Reduce memory load on the system
#   Increase physical memory or swap space
#   Check if swap backing store is full
#   Decrease Java heap size (-Xmx/-Xms)
#   Decrease number of Java threads
#   Decrease Java thread stack sizes (-Xss)
#   Set larger code cache with -XX:ReservedCodeCacheSize=
#   JVM is running with Unscaled Compressed Oops mode in which the Java heap is
#     placed in the first 4GB address space. The Java Heap base address is the
#     maximum limit for the native heap growth. Please use -XX:HeapBaseMinAddress
#     to set the Java Heap base and to place the Java Heap above 4GB virtual address.
# This output file may be truncated or incomplete.
#
#  Out of Memory Error (arena.cpp:168), pid=14912, tid=9836
#
# JRE version: OpenJDK Runtime Environment Temurin-21.0.7+6 (21.0.7+6) (build 21.0.7+6-LTS)
# Java VM: OpenJDK 64-Bit Server VM Temurin-21.0.7+6 (21.0.7+6-LTS, mixed mode, sharing, tiered, compressed oops, compressed class ptrs, g1 gc, windows-amd64)
# No core dump will be written. Minidumps are not enabled by default on client versions of Windows
#

---------------  S U M M A R Y ------------

Command Line: -Dstdout.encoding=UTF-8 -Dstderr.encoding=UTF-8 --enable-native-access=ALL-UNNAMED -Dclassworlds.conf=C:\Users\Armero\AppData\Roaming\Code\User\globalStorage\pleiades.java-extension-pack-jdk\maven\latest\bin\m2.conf -Dmaven.home=C:\Users\Armero\AppData\Roaming\Code\User\globalStorage\pleiades.java-extension-pack-jdk\maven\latest -Dlibrary.jansi.path=C:\Users\Armero\AppData\Roaming\Code\User\globalStorage\pleiades.java-extension-pack-jdk\maven\latest\lib\jansi-native -Dmaven.multiModuleProjectDirectory=C:\Users\Armero\Documents\FinalDistribuidos\cliente_rest org.codehaus.plexus.classworlds.launcher.Launcher clean install

Host: Intel(R) Core(TM) i3-2120 CPU @ 3.30GHz, 4 cores, 3G,  Windows 10 , 64 bit Build 19041 (10.0.19041.5794)
Time: Sat Jun  7 22:50:36 2025 Hora est. Pacífico, Sudamérica elapsed time: 12.328331 seconds (0d 0h 0m 12s)

---------------  T H R E A D  ---------------

Current thread (0x0000027650cb59c0):  JavaThread "C2 CompilerThread0" daemon [_thread_in_native, id=9836, stack(0x000000e859400000,0x000000e859500000) (1024K)]


Current CompileTask:
C2:12328 3009       4       org.apache.maven.model.io.xpp3.MavenXpp3ReaderEx::checkFieldWithDuplicate (75 bytes)

Stack: [0x000000e859400000,0x000000e859500000]
Native frames: (J=compiled Java code, j=interpreted, Vv=VM code, C=native code)
V  [jvm.dll+0x6ce119]
V  [jvm.dll+0x8a84a1]
V  [jvm.dll+0x8aa9ce]
V  [jvm.dll+0x8ab0b3]
V  [jvm.dll+0x27f8a6]
V  [jvm.dll+0xc507d]
V  [jvm.dll+0xc55b3]
V  [jvm.dll+0x3b692c]
V  [jvm.dll+0x382aa5]
V  [jvm.dll+0x381f0a]
V  [jvm.dll+0x247af0]
V  [jvm.dll+0x2470cf]
V  [jvm.dll+0x1c760e]
V  [jvm.dll+0x25695a]
V  [jvm.dll+0x254efa]
V  [jvm.dll+0x3f03f6]
V  [jvm.dll+0x851f6b]
V  [jvm.dll+0x6cc7dd]
C  [ucrtbase.dll+0x21bb2]
C  [KERNEL32.DLL+0x17374]
C  [ntdll.dll+0x4cc91]


---------------  P R O C E S S  ---------------

Threads class SMR info:
_java_thread_list=0x0000027696ef6ee0, length=12, elements={
0x0000027635da9890, 0x0000027650ca9630, 0x0000027650caa340, 0x0000027650caf040,
0x0000027650cb02a0, 0x0000027650cb41f0, 0x0000027650cb4c40, 0x0000027650cb59c0,
0x0000027650cbac80, 0x00000276960a2680, 0x00000276960a8140, 0x0000027696ee4eb0
}

Java Threads: ( => current thread )
  0x0000027635da9890 JavaThread "main"                              [_thread_in_native, id=14944, stack(0x000000e858600000,0x000000e858700000) (1024K)]
  0x0000027650ca9630 JavaThread "Reference Handler"          daemon [_thread_blocked, id=1620, stack(0x000000e858e00000,0x000000e858f00000) (1024K)]
  0x0000027650caa340 JavaThread "Finalizer"                  daemon [_thread_blocked, id=11900, stack(0x000000e858f00000,0x000000e859000000) (1024K)]
  0x0000027650caf040 JavaThread "Signal Dispatcher"          daemon [_thread_blocked, id=7952, stack(0x000000e859000000,0x000000e859100000) (1024K)]
  0x0000027650cb02a0 JavaThread "Attach Listener"            daemon [_thread_blocked, id=10384, stack(0x000000e859100000,0x000000e859200000) (1024K)]
  0x0000027650cb41f0 JavaThread "Service Thread"             daemon [_thread_blocked, id=6392, stack(0x000000e859200000,0x000000e859300000) (1024K)]
  0x0000027650cb4c40 JavaThread "Monitor Deflation Thread"   daemon [_thread_blocked, id=10996, stack(0x000000e859300000,0x000000e859400000) (1024K)]
=>0x0000027650cb59c0 JavaThread "C2 CompilerThread0"         daemon [_thread_in_native, id=9836, stack(0x000000e859400000,0x000000e859500000) (1024K)]
  0x0000027650cbac80 JavaThread "C1 CompilerThread0"         daemon [_thread_blocked, id=7240, stack(0x000000e859500000,0x000000e859600000) (1024K)]
  0x00000276960a2680 JavaThread "Notification Thread"        daemon [_thread_blocked, id=1860, stack(0x000000e859600000,0x000000e859700000) (1024K)]
  0x00000276960a8140 JavaThread "Common-Cleaner"             daemon [_thread_blocked, id=14216, stack(0x000000e859700000,0x000000e859800000) (1024K)]
  0x0000027696ee4eb0 JavaThread "Thread-1"                   daemon [_thread_blocked, id=11988, stack(0x000000e859b00000,0x000000e859c00000) (1024K)]
Total: 12

Other Threads:
  0x0000027635e659a0 VMThread "VM Thread"                           [id=10472, stack(0x000000e858d00000,0x000000e858e00000) (1024K)]
  0x0000027650c9cb50 WatcherThread "VM Periodic Task Thread"        [id=6212, stack(0x000000e858c00000,0x000000e858d00000) (1024K)]
  0x0000027635ddb720 WorkerThread "GC Thread#0"                     [id=8208, stack(0x000000e858700000,0x000000e858800000) (1024K)]
  0x0000027696989820 WorkerThread "GC Thread#1"                     [id=14524, stack(0x000000e859800000,0x000000e859900000) (1024K)]
  0x0000027696759c60 WorkerThread "GC Thread#2"                     [id=11260, stack(0x000000e859900000,0x000000e859a00000) (1024K)]
  0x000002769675a000 WorkerThread "GC Thread#3"                     [id=1864, stack(0x000000e859a00000,0x000000e859b00000) (1024K)]
  0x0000027635de4be0 ConcurrentGCThread "G1 Main Marker"            [id=14928, stack(0x000000e858800000,0x000000e858900000) (1024K)]
  0x0000027635de54f0 WorkerThread "G1 Conc#0"                       [id=11544, stack(0x000000e858900000,0x000000e858a00000) (1024K)]
  0x0000027635e40560 ConcurrentGCThread "G1 Refine#0"               [id=14904, stack(0x000000e858a00000,0x000000e858b00000) (1024K)]
  0x0000027635e40ee0 ConcurrentGCThread "G1 Service"                [id=8732, stack(0x000000e858b00000,0x000000e858c00000) (1024K)]
Total: 10

Threads with active compile tasks:
C2 CompilerThread0  12467 3009       4       org.apache.maven.model.io.xpp3.MavenXpp3ReaderEx::checkFieldWithDuplicate (75 bytes)
Total: 1

VM state: not at safepoint (normal execution)

VM Mutex/Monitor currently owned by a thread: None

Heap address: 0x00000000c1400000, size: 1004 MB, Compressed Oops mode: 32-bit

CDS archive(s) mapped at: [0x0000027651000000-0x0000027651c80000-0x0000027651c80000), size 13107200, SharedBaseAddress: 0x0000027651000000, ArchiveRelocationMode: 1.
Compressed class space mapped at: 0x0000027652000000-0x0000027692000000, reserved size: 1073741824
Narrow klass base: 0x0000027651000000, Narrow klass shift: 0, Narrow klass range: 0x100000000

GC Precious Log:
 CardTable entry size: 512
 Card Set container configuration: InlinePtr #cards 5 size 8 Array Of Cards #cards 12 size 40 Howl #buckets 4 coarsen threshold 1843 Howl Bitmap #cards 512 size 80 coarsen threshold 460 Card regions per heap region 1 cards per card region 2048
 CPUs: 4 total, 4 available
 Memory: 4008M
 Large Page Support: Disabled
 NUMA Support: Disabled
 Compressed Oops: Enabled (32-bit)
 Heap Region Size: 1M
 Heap Min Capacity: 8M
 Heap Initial Capacity: 64M
 Heap Max Capacity: 1004M
 Pre-touch: Disabled
 Parallel Workers: 4
 Concurrent Workers: 1
 Concurrent Refinement Workers: 4
 Periodic GC: Disabled

Heap:
 garbage-first heap   total 65536K, used 26020K [0x00000000c1400000, 0x0000000100000000)
  region size 1024K, 24 young (24576K), 4 survivors (4096K)
 Metaspace       used 15197K, committed 15488K, reserved 1114112K
  class space    used 1787K, committed 1920K, reserved 1048576K

Heap Regions: E=young(eden), S=young(survivor), O=old, HS=humongous(starts), HC=humongous(continues), CS=collection set, F=free, TAMS=top-at-mark-start, PB=parsable bottom
|   0|0x00000000c1400000, 0x00000000c1500000, 0x00000000c1500000|100%| O|  |TAMS 0x00000000c1400000| PB 0x00000000c1400000| Untracked 
|   1|0x00000000c1500000, 0x00000000c1600000, 0x00000000c1600000|100%| O|  |TAMS 0x00000000c1500000| PB 0x00000000c1500000| Untracked 
|   2|0x00000000c1600000, 0x00000000c1700000, 0x00000000c1700000|100%| O|  |TAMS 0x00000000c1600000| PB 0x00000000c1600000| Untracked 
|   3|0x00000000c1700000, 0x00000000c173daa0, 0x00000000c1800000| 24%| O|  |TAMS 0x00000000c1700000| PB 0x00000000c1700000| Untracked 
|   4|0x00000000c1800000, 0x00000000c1800000, 0x00000000c1900000|  0%| F|  |TAMS 0x00000000c1800000| PB 0x00000000c1800000| Untracked 
|   5|0x00000000c1900000, 0x00000000c1900000, 0x00000000c1a00000|  0%| F|  |TAMS 0x00000000c1900000| PB 0x00000000c1900000| Untracked 
|   6|0x00000000c1a00000, 0x00000000c1a00000, 0x00000000c1b00000|  0%| F|  |TAMS 0x00000000c1a00000| PB 0x00000000c1a00000| Untracked 
|   7|0x00000000c1b00000, 0x00000000c1b00000, 0x00000000c1c00000|  0%| F|  |TAMS 0x00000000c1b00000| PB 0x00000000c1b00000| Untracked 
|   8|0x00000000c1c00000, 0x00000000c1c00000, 0x00000000c1d00000|  0%| F|  |TAMS 0x00000000c1c00000| PB 0x00000000c1c00000| Untracked 
|   9|0x00000000c1d00000, 0x00000000c1d00000, 0x00000000c1e00000|  0%| F|  |TAMS 0x00000000c1d00000| PB 0x00000000c1d00000| Untracked 
|  10|0x00000000c1e00000, 0x00000000c1e00000, 0x00000000c1f00000|  0%| F|  |TAMS 0x00000000c1e00000| PB 0x00000000c1e00000| Untracked 
|  11|0x00000000c1f00000, 0x00000000c1f00000, 0x00000000c2000000|  0%| F|  |TAMS 0x00000000c1f00000| PB 0x00000000c1f00000| Untracked 
|  12|0x00000000c2000000, 0x00000000c2000000, 0x00000000c2100000|  0%| F|  |TAMS 0x00000000c2000000| PB 0x00000000c2000000| Untracked 
|  13|0x00000000c2100000, 0x00000000c2100000, 0x00000000c2200000|  0%| F|  |TAMS 0x00000000c2100000| PB 0x00000000c2100000| Untracked 
|  14|0x00000000c2200000, 0x00000000c2200000, 0x00000000c2300000|  0%| F|  |TAMS 0x00000000c2200000| PB 0x00000000c2200000| Untracked 
|  15|0x00000000c2300000, 0x00000000c2300000, 0x00000000c2400000|  0%| F|  |TAMS 0x00000000c2300000| PB 0x00000000c2300000| Untracked 
|  16|0x00000000c2400000, 0x00000000c2400000, 0x00000000c2500000|  0%| F|  |TAMS 0x00000000c2400000| PB 0x00000000c2400000| Untracked 
|  17|0x00000000c2500000, 0x00000000c2500000, 0x00000000c2600000|  0%| F|  |TAMS 0x00000000c2500000| PB 0x00000000c2500000| Untracked 
|  18|0x00000000c2600000, 0x00000000c2600000, 0x00000000c2700000|  0%| F|  |TAMS 0x00000000c2600000| PB 0x00000000c2600000| Untracked 
|  19|0x00000000c2700000, 0x00000000c2700000, 0x00000000c2800000|  0%| F|  |TAMS 0x00000000c2700000| PB 0x00000000c2700000| Untracked 
|  20|0x00000000c2800000, 0x00000000c2800000, 0x00000000c2900000|  0%| F|  |TAMS 0x00000000c2800000| PB 0x00000000c2800000| Untracked 
|  21|0x00000000c2900000, 0x00000000c2900000, 0x00000000c2a00000|  0%| F|  |TAMS 0x00000000c2900000| PB 0x00000000c2900000| Untracked 
|  22|0x00000000c2a00000, 0x00000000c2a2b800, 0x00000000c2b00000| 16%| S|CS|TAMS 0x00000000c2a00000| PB 0x00000000c2a00000| Complete 
|  23|0x00000000c2b00000, 0x00000000c2c00000, 0x00000000c2c00000|100%| S|CS|TAMS 0x00000000c2b00000| PB 0x00000000c2b00000| Complete 
|  24|0x00000000c2c00000, 0x00000000c2d00000, 0x00000000c2d00000|100%| S|CS|TAMS 0x00000000c2c00000| PB 0x00000000c2c00000| Complete 
|  25|0x00000000c2d00000, 0x00000000c2e00000, 0x00000000c2e00000|100%| S|CS|TAMS 0x00000000c2d00000| PB 0x00000000c2d00000| Complete 
|  26|0x00000000c2e00000, 0x00000000c2e00000, 0x00000000c2f00000|  0%| F|  |TAMS 0x00000000c2e00000| PB 0x00000000c2e00000| Untracked 
|  27|0x00000000c2f00000, 0x00000000c2f00000, 0x00000000c3000000|  0%| F|  |TAMS 0x00000000c2f00000| PB 0x00000000c2f00000| Untracked 
|  28|0x00000000c3000000, 0x00000000c3000000, 0x00000000c3100000|  0%| F|  |TAMS 0x00000000c3000000| PB 0x00000000c3000000| Untracked 
|  29|0x00000000c3100000, 0x00000000c3100000, 0x00000000c3200000|  0%| F|  |TAMS 0x00000000c3100000| PB 0x00000000c3100000| Untracked 
|  30|0x00000000c3200000, 0x00000000c3200000, 0x00000000c3300000|  0%| F|  |TAMS 0x00000000c3200000| PB 0x00000000c3200000| Untracked 
|  31|0x00000000c3300000, 0x00000000c3300000, 0x00000000c3400000|  0%| F|  |TAMS 0x00000000c3300000| PB 0x00000000c3300000| Untracked 
|  32|0x00000000c3400000, 0x00000000c3400000, 0x00000000c3500000|  0%| F|  |TAMS 0x00000000c3400000| PB 0x00000000c3400000| Untracked 
|  33|0x00000000c3500000, 0x00000000c3500000, 0x00000000c3600000|  0%| F|  |TAMS 0x00000000c3500000| PB 0x00000000c3500000| Untracked 
|  34|0x00000000c3600000, 0x00000000c3600000, 0x00000000c3700000|  0%| F|  |TAMS 0x00000000c3600000| PB 0x00000000c3600000| Untracked 
|  35|0x00000000c3700000, 0x00000000c3700000, 0x00000000c3800000|  0%| F|  |TAMS 0x00000000c3700000| PB 0x00000000c3700000| Untracked 
|  36|0x00000000c3800000, 0x00000000c3800000, 0x00000000c3900000|  0%| F|  |TAMS 0x00000000c3800000| PB 0x00000000c3800000| Untracked 
|  37|0x00000000c3900000, 0x00000000c3900000, 0x00000000c3a00000|  0%| F|  |TAMS 0x00000000c3900000| PB 0x00000000c3900000| Untracked 
|  38|0x00000000c3a00000, 0x00000000c3a00000, 0x00000000c3b00000|  0%| F|  |TAMS 0x00000000c3a00000| PB 0x00000000c3a00000| Untracked 
|  39|0x00000000c3b00000, 0x00000000c3b00000, 0x00000000c3c00000|  0%| F|  |TAMS 0x00000000c3b00000| PB 0x00000000c3b00000| Untracked 
|  40|0x00000000c3c00000, 0x00000000c3c00000, 0x00000000c3d00000|  0%| F|  |TAMS 0x00000000c3c00000| PB 0x00000000c3c00000| Untracked 
|  41|0x00000000c3d00000, 0x00000000c3d00000, 0x00000000c3e00000|  0%| F|  |TAMS 0x00000000c3d00000| PB 0x00000000c3d00000| Untracked 
|  42|0x00000000c3e00000, 0x00000000c3e00000, 0x00000000c3f00000|  0%| F|  |TAMS 0x00000000c3e00000| PB 0x00000000c3e00000| Untracked 
|  43|0x00000000c3f00000, 0x00000000c3f00000, 0x00000000c4000000|  0%| F|  |TAMS 0x00000000c3f00000| PB 0x00000000c3f00000| Untracked 
|  44|0x00000000c4000000, 0x00000000c4100000, 0x00000000c4100000|100%| E|  |TAMS 0x00000000c4000000| PB 0x00000000c4000000| Complete 
|  45|0x00000000c4100000, 0x00000000c4200000, 0x00000000c4200000|100%| E|CS|TAMS 0x00000000c4100000| PB 0x00000000c4100000| Complete 
|  46|0x00000000c4200000, 0x00000000c4300000, 0x00000000c4300000|100%| E|CS|TAMS 0x00000000c4200000| PB 0x00000000c4200000| Complete 
|  47|0x00000000c4300000, 0x00000000c4400000, 0x00000000c4400000|100%| E|CS|TAMS 0x00000000c4300000| PB 0x00000000c4300000| Complete 
|  48|0x00000000c4400000, 0x00000000c4500000, 0x00000000c4500000|100%| E|CS|TAMS 0x00000000c4400000| PB 0x00000000c4400000| Complete 
|  49|0x00000000c4500000, 0x00000000c4600000, 0x00000000c4600000|100%| E|CS|TAMS 0x00000000c4500000| PB 0x00000000c4500000| Complete 
|  50|0x00000000c4600000, 0x00000000c4700000, 0x00000000c4700000|100%| E|CS|TAMS 0x00000000c4600000| PB 0x00000000c4600000| Complete 
|  51|0x00000000c4700000, 0x00000000c4800000, 0x00000000c4800000|100%| E|CS|TAMS 0x00000000c4700000| PB 0x00000000c4700000| Complete 
|  52|0x00000000c4800000, 0x00000000c4900000, 0x00000000c4900000|100%| E|CS|TAMS 0x00000000c4800000| PB 0x00000000c4800000| Complete 
|  53|0x00000000c4900000, 0x00000000c4a00000, 0x00000000c4a00000|100%| E|CS|TAMS 0x00000000c4900000| PB 0x00000000c4900000| Complete 
|  54|0x00000000c4a00000, 0x00000000c4b00000, 0x00000000c4b00000|100%| E|CS|TAMS 0x00000000c4a00000| PB 0x00000000c4a00000| Complete 
|  55|0x00000000c4b00000, 0x00000000c4c00000, 0x00000000c4c00000|100%| E|CS|TAMS 0x00000000c4b00000| PB 0x00000000c4b00000| Complete 
|  56|0x00000000c4c00000, 0x00000000c4d00000, 0x00000000c4d00000|100%| E|CS|TAMS 0x00000000c4c00000| PB 0x00000000c4c00000| Complete 
|  57|0x00000000c4d00000, 0x00000000c4e00000, 0x00000000c4e00000|100%| E|CS|TAMS 0x00000000c4d00000| PB 0x00000000c4d00000| Complete 
|  58|0x00000000c4e00000, 0x00000000c4f00000, 0x00000000c4f00000|100%| E|CS|TAMS 0x00000000c4e00000| PB 0x00000000c4e00000| Complete 
|  59|0x00000000c4f00000, 0x00000000c5000000, 0x00000000c5000000|100%| E|CS|TAMS 0x00000000c4f00000| PB 0x00000000c4f00000| Complete 
|  60|0x00000000c5000000, 0x00000000c5100000, 0x00000000c5100000|100%| E|CS|TAMS 0x00000000c5000000| PB 0x00000000c5000000| Complete 
|  61|0x00000000c5100000, 0x00000000c5200000, 0x00000000c5200000|100%| E|CS|TAMS 0x00000000c5100000| PB 0x00000000c5100000| Complete 
|  62|0x00000000c5200000, 0x00000000c5300000, 0x00000000c5300000|100%| E|CS|TAMS 0x00000000c5200000| PB 0x00000000c5200000| Complete 
|  63|0x00000000c5300000, 0x00000000c5400000, 0x00000000c5400000|100%| E|CS|TAMS 0x00000000c5300000| PB 0x00000000c5300000| Complete 

Card table byte_map: [0x000002764d6a0000,0x000002764d8a0000] _byte_map_base: 0x000002764d096000

Marking Bits: (CMBitMap*) 0x0000027635ddbc30
 Bits: [0x000002764d8a0000, 0x000002764e850000)

Polling page: 0x0000027633b30000

Metaspace:

Usage:
  Non-class:     13.10 MB used.
      Class:      1.75 MB used.
       Both:     14.84 MB used.

Virtual space:
  Non-class space:       64.00 MB reserved,      13.25 MB ( 21%) committed,  1 nodes.
      Class space:        1.00 GB reserved,       1.88 MB ( <1%) committed,  1 nodes.
             Both:        1.06 GB reserved,      15.12 MB (  1%) committed. 

Chunk freelists:
   Non-Class:  2.30 MB
       Class:  13.98 MB
        Both:  16.28 MB

MaxMetaspaceSize: unlimited
CompressedClassSpaceSize: 1.00 GB
Initial GC threshold: 21.00 MB
Current GC threshold: 21.00 MB
CDS: on
 - commit_granule_bytes: 65536.
 - commit_granule_words: 8192.
 - virtual_space_node_default_size: 8388608.
 - enlarge_chunks_in_place: 1.
 - use_allocation_guard: 0.


Internal statistics:

num_allocs_failed_limit: 0.
num_arena_births: 170.
num_arena_deaths: 0.
num_vsnodes_births: 2.
num_vsnodes_deaths: 0.
num_space_committed: 242.
num_space_uncommitted: 0.
num_chunks_returned_to_freelist: 0.
num_chunks_taken_from_freelist: 658.
num_chunk_merges: 0.
num_chunk_splits: 473.
num_chunks_enlarged: 389.
num_inconsistent_stats: 0.

CodeHeap 'non-profiled nmethods': size=120000Kb used=1154Kb max_used=1154Kb free=118845Kb
 bounds [0x0000027645f70000, 0x00000276461e0000, 0x000002764d4a0000]
CodeHeap 'profiled nmethods': size=120000Kb used=6226Kb max_used=6226Kb free=113773Kb
 bounds [0x000002763e4a0000, 0x000002763eac0000, 0x00000276459d0000]
CodeHeap 'non-nmethods': size=5760Kb used=1395Kb max_used=1422Kb free=4365Kb
 bounds [0x00000276459d0000, 0x0000027645c40000, 0x0000027645f70000]
 total_blobs=3556 nmethods=3065 adapters=395
 compilation: enabled
              stopped_count=0, restarted_count=0
 full_count=0

Compilation events (20 events):
Event: 12.238 Thread 0x0000027650cbac80 3038       3       java.util.ArrayList::listIterator (10 bytes)
Event: 12.238 Thread 0x0000027650cbac80 nmethod 3038 0x000002763ea94b90 code [0x000002763ea94d40, 0x000002763ea95090]
Event: 12.238 Thread 0x0000027650cbac80 3039       3       org.apache.maven.model.interpolation.StringVisitorModelInterpolator$ModelVisitor::visit (55 bytes)
Event: 12.239 Thread 0x0000027650cbac80 nmethod 3039 0x000002763ea95190 code [0x000002763ea953a0, 0x000002763ea95ab8]
Event: 12.239 Thread 0x0000027650cbac80 3040       3       java.lang.reflect.AccessibleObject::verifyAccess (55 bytes)
Event: 12.240 Thread 0x0000027650cbac80 nmethod 3040 0x000002763ea95d10 code [0x000002763ea95f60, 0x000002763ea96ad8]
Event: 12.240 Thread 0x0000027650cbac80 3041       3       java.lang.reflect.AccessibleObject::isAccessChecked (25 bytes)
Event: 12.240 Thread 0x0000027650cbac80 nmethod 3041 0x000002763ea96d90 code [0x000002763ea96f60, 0x000002763ea97428]
Event: 12.241 Thread 0x0000027650cbac80 3042       3       org.codehaus.plexus.util.StringUtils::isNotEmpty (17 bytes)
Event: 12.241 Thread 0x0000027650cbac80 nmethod 3042 0x000002763ea97590 code [0x000002763ea97740, 0x000002763ea97970]
Event: 12.241 Thread 0x0000027650cbac80 3043       3       java.util.regex.Matcher::match (154 bytes)
Event: 12.242 Thread 0x0000027650cbac80 nmethod 3043 0x000002763ea97a90 code [0x000002763ea97c80, 0x000002763ea981d8]
Event: 12.254 Thread 0x0000027650cbac80 3044       3       java.util.ArrayList::<init> (65 bytes)
Event: 12.254 Thread 0x0000027650cbac80 nmethod 3044 0x000002763ea98410 code [0x000002763ea98620, 0x000002763ea98c50]
Event: 12.257 Thread 0x0000027650cbac80 3045       3       org.codehaus.plexus.util.xml.pull.MXParser::parseAttribute (1438 bytes)
Event: 12.264 Thread 0x0000027650cbac80 nmethod 3045 0x000002763ea98e10 code [0x000002763ea99600, 0x000002763ea9e0a8]
Event: 12.269 Thread 0x0000027650cbac80 3047       3       java.util.concurrent.ConcurrentHashMap::sumCount (60 bytes)
Event: 12.270 Thread 0x0000027650cbac80 nmethod 3047 0x000002763ea9fb10 code [0x000002763ea9fcc0, 0x000002763ea9ff08]
Event: 12.270 Thread 0x0000027650cbac80 3048       3       org.eclipse.aether.repository.RemoteRepository::hash (13 bytes)
Event: 12.271 Thread 0x0000027650cbac80 nmethod 3048 0x000002763eaa0010 code [0x000002763eaa01c0, 0x000002763eaa03e0]

GC Heap History (6 events):
Event: 4.971 GC heap before
{Heap before GC invocations=0 (full 0):
 garbage-first heap   total 65536K, used 12288K [0x00000000c1400000, 0x0000000100000000)
  region size 1024K, 13 young (13312K), 0 survivors (0K)
 Metaspace       used 3654K, committed 3712K, reserved 1114112K
  class space    used 364K, committed 384K, reserved 1048576K
}
Event: 4.990 GC heap after
{Heap after GC invocations=1 (full 0):
 garbage-first heap   total 65536K, used 3168K [0x00000000c1400000, 0x0000000100000000)
  region size 1024K, 2 young (2048K), 2 survivors (2048K)
 Metaspace       used 3654K, committed 3712K, reserved 1114112K
  class space    used 364K, committed 384K, reserved 1048576K
}
Event: 6.920 GC heap before
{Heap before GC invocations=1 (full 0):
 garbage-first heap   total 65536K, used 18528K [0x00000000c1400000, 0x0000000100000000)
  region size 1024K, 17 young (17408K), 2 survivors (2048K)
 Metaspace       used 6000K, committed 6208K, reserved 1114112K
  class space    used 692K, committed 768K, reserved 1048576K
}
Event: 6.927 GC heap after
{Heap after GC invocations=2 (full 0):
 garbage-first heap   total 65536K, used 3959K [0x00000000c1400000, 0x0000000100000000)
  region size 1024K, 1 young (1024K), 1 survivors (1024K)
 Metaspace       used 6000K, committed 6208K, reserved 1114112K
  class space    used 692K, committed 768K, reserved 1048576K
}
Event: 10.555 GC heap before
{Heap before GC invocations=2 (full 0):
 garbage-first heap   total 65536K, used 40823K [0x00000000c1400000, 0x0000000100000000)
  region size 1024K, 38 young (38912K), 1 survivors (1024K)
 Metaspace       used 12062K, committed 12288K, reserved 1114112K
  class space    used 1437K, committed 1536K, reserved 1048576K
}
Event: 10.566 GC heap after
{Heap after GC invocations=3 (full 0):
 garbage-first heap   total 65536K, used 6564K [0x00000000c1400000, 0x0000000100000000)
  region size 1024K, 4 young (4096K), 4 survivors (4096K)
 Metaspace       used 12062K, committed 12288K, reserved 1114112K
  class space    used 1437K, committed 1536K, reserved 1048576K
}

Dll operation events (8 events):
Event: 0.145 Loaded shared library C:\Users\Armero\AppData\Roaming\Code\User\globalStorage\pleiades.java-extension-pack-jdk\java\21\bin\java.dll
Event: 1.089 Loaded shared library C:\Users\Armero\AppData\Roaming\Code\User\globalStorage\pleiades.java-extension-pack-jdk\java\21\bin\jsvml.dll
Event: 1.216 Loaded shared library C:\Users\Armero\AppData\Roaming\Code\User\globalStorage\pleiades.java-extension-pack-jdk\java\21\bin\net.dll
Event: 1.257 Loaded shared library C:\Users\Armero\AppData\Roaming\Code\User\globalStorage\pleiades.java-extension-pack-jdk\java\21\bin\nio.dll
Event: 1.294 Loaded shared library C:\Users\Armero\AppData\Roaming\Code\User\globalStorage\pleiades.java-extension-pack-jdk\java\21\bin\zip.dll
Event: 2.946 Loaded shared library C:\Users\Armero\AppData\Roaming\Code\User\globalStorage\pleiades.java-extension-pack-jdk\java\21\bin\jimage.dll
Event: 2.962 Loaded shared library C:\Users\Armero\AppData\Roaming\Code\User\globalStorage\pleiades.java-extension-pack-jdk\maven\latest\lib\jansi-native\Windows\x86_64\jansi.dll
Event: 3.025 Loaded shared library C:\Users\Armero\AppData\Roaming\Code\User\globalStorage\pleiades.java-extension-pack-jdk\java\21\bin\verify.dll

Deoptimization events (20 events):
Event: 12.091 Thread 0x0000027635da9890 Uncommon trap: trap_request=0xffffff6e fr.pc=0x00000276460838c0 relative=0x0000000000000800
Event: 12.091 Thread 0x0000027635da9890 Uncommon trap: reason=loop_limit_check action=maybe_recompile pc=0x00000276460838c0 method=java.util.regex.Pattern$Start.match(Ljava/util/regex/Matcher;ILjava/lang/CharSequence;)Z @ 34 c2
Event: 12.091 Thread 0x0000027635da9890 DEOPT PACKING pc=0x00000276460838c0 sp=0x000000e8586fde50
Event: 12.091 Thread 0x0000027635da9890 DEOPT UNPACKING pc=0x0000027645a246a2 sp=0x000000e8586fddb0 mode 2
Event: 12.203 Thread 0x0000027635da9890 Uncommon trap: trap_request=0xffffff45 fr.pc=0x0000027646089070 relative=0x0000000000000e70
Event: 12.203 Thread 0x0000027635da9890 Uncommon trap: reason=unstable_if action=reinterpret pc=0x0000027646089070 method=org.codehaus.plexus.util.xml.pull.MXParser.nextImpl()I @ 1167 c2
Event: 12.203 Thread 0x0000027635da9890 DEOPT PACKING pc=0x0000027646089070 sp=0x000000e8586fddf0
Event: 12.203 Thread 0x0000027635da9890 DEOPT UNPACKING pc=0x0000027645a246a2 sp=0x000000e8586fdd98 mode 2
Event: 12.204 Thread 0x0000027635da9890 Uncommon trap: trap_request=0xffffff45 fr.pc=0x0000027645fd82ac relative=0x000000000000028c
Event: 12.204 Thread 0x0000027635da9890 Uncommon trap: reason=unstable_if action=reinterpret pc=0x0000027645fd82ac method=java.lang.String.decodeASCII([BI[CII)I @ 13 c2
Event: 12.204 Thread 0x0000027635da9890 DEOPT PACKING pc=0x0000027645fd82ac sp=0x000000e8586fd8d0
Event: 12.204 Thread 0x0000027635da9890 DEOPT UNPACKING pc=0x0000027645a246a2 sp=0x000000e8586fd7d0 mode 2
Event: 12.207 Thread 0x0000027635da9890 Uncommon trap: trap_request=0xffffff45 fr.pc=0x0000027645fdc3fc relative=0x000000000000025c
Event: 12.207 Thread 0x0000027635da9890 Uncommon trap: reason=unstable_if action=reinterpret pc=0x0000027645fdc3fc method=java.lang.String.decodeASCII([BI[CII)I @ 13 c2
Event: 12.207 Thread 0x0000027635da9890 DEOPT PACKING pc=0x0000027645fdc3fc sp=0x000000e8586fd760
Event: 12.207 Thread 0x0000027635da9890 DEOPT UNPACKING pc=0x0000027645a246a2 sp=0x000000e8586fd710 mode 2
Event: 12.207 Thread 0x0000027635da9890 Uncommon trap: trap_request=0xffffff45 fr.pc=0x0000027645fe0ca8 relative=0x0000000000000208
Event: 12.208 Thread 0x0000027635da9890 Uncommon trap: reason=unstable_if action=reinterpret pc=0x0000027645fe0ca8 method=java.lang.StringUTF16.compress([CII)[B @ 13 c2
Event: 12.208 Thread 0x0000027635da9890 DEOPT PACKING pc=0x0000027645fe0ca8 sp=0x000000e8586fdc90
Event: 12.208 Thread 0x0000027635da9890 DEOPT UNPACKING pc=0x0000027645a246a2 sp=0x000000e8586fdc18 mode 2

Classes loaded (20 events):
Event: 11.712 Loading class java/util/AbstractMap$2$1
Event: 11.712 Loading class java/util/AbstractMap$2$1 done
Event: 11.814 Loading class sun/util/resources/LocaleData$CommonResourceBundleProvider
Event: 11.814 Loading class sun/util/resources/LocaleData$LocaleDataResourceBundleProvider
Event: 11.814 Loading class java/util/spi/ResourceBundleProvider
Event: 11.815 Loading class java/util/spi/ResourceBundleProvider done
Event: 11.815 Loading class sun/util/resources/LocaleData$LocaleDataResourceBundleProvider done
Event: 11.815 Loading class sun/util/resources/LocaleData$CommonResourceBundleProvider done
Event: 11.815 Loading class sun/util/resources/Bundles$2
Event: 11.816 Loading class sun/util/resources/Bundles$2 done
Event: 11.869 Loading class java/util/stream/IntStream
Event: 11.870 Loading class java/util/stream/IntStream done
Event: 11.870 Loading class java/util/stream/IntPipeline$Head
Event: 11.871 Loading class java/util/stream/IntPipeline
Event: 11.873 Loading class java/util/stream/IntPipeline done
Event: 11.873 Loading class java/util/stream/IntPipeline$Head done
Event: 11.885 Loading class java/util/StringTokenizer
Event: 11.886 Loading class java/util/StringTokenizer done
Event: 12.106 Loading class java/util/stream/Streams$RangeIntSpliterator
Event: 12.107 Loading class java/util/stream/Streams$RangeIntSpliterator done

Classes unloaded (0 events):
No events

Classes redefined (0 events):
No events

Internal exceptions (20 events):
Event: 9.801 Thread 0x0000027635da9890 Exception <a 'java/lang/NoSuchMethodError'{0x00000000c340fb00}: 'long java.lang.invoke.DirectMethodHandle$Holder.invokeStatic(java.lang.Object, java.lang.Object, int)'> (0x00000000c340fb00) 
thrown [s\src\hotspot\share\interpreter\linkResolver.cpp, line 773]
Event: 9.809 Thread 0x0000027635da9890 Exception <a 'java/lang/NoSuchMethodError'{0x00000000c3423058}: 'java.lang.Object java.lang.invoke.DirectMethodHandle$Holder.invokeStatic(java.lang.Object, java.lang.Object, java.lang.Object, java.lang.Object, int)'> (0x00000000c3423058) 
thrown [s\src\hotspot\share\interpreter\linkResolver.cpp, line 773]
Event: 9.812 Thread 0x0000027635da9890 Exception <a 'java/lang/NoSuchMethodError'{0x00000000c342b230}: 'java.lang.Object java.lang.invoke.DirectMethodHandle$Holder.invokeSpecial(java.lang.Object, java.lang.Object, java.lang.Object, java.lang.Object, long)'> (0x00000000c342b230) 
thrown [s\src\hotspot\share\interpreter\linkResolver.cpp, line 773]
Event: 9.832 Thread 0x0000027635da9890 Exception <a 'java/lang/NoSuchMethodError'{0x00000000c3436da8}: 'java.lang.Object java.lang.invoke.DirectMethodHandle$Holder.invokeSpecial(java.lang.Object, java.lang.Object, java.lang.Object, int, java.lang.Object)'> (0x00000000c3436da8) 
thrown [s\src\hotspot\share\interpreter\linkResolver.cpp, line 773]
Event: 9.844 Thread 0x0000027635da9890 Exception <a 'java/lang/NoSuchMethodError'{0x00000000c343f0f8}: 'int java.lang.invoke.DirectMethodHandle$Holder.invokeSpecial(java.lang.Object, java.lang.Object, java.lang.Object, int)'> (0x00000000c343f0f8) 
thrown [s\src\hotspot\share\interpreter\linkResolver.cpp, line 773]
Event: 9.866 Thread 0x0000027635da9890 Implicit null exception at 0x0000027645feef3d to 0x0000027645fef0d0
Event: 9.870 Thread 0x0000027635da9890 Exception <a 'java/lang/NoSuchMethodError'{0x00000000c34643c0}: 'java.lang.Object java.lang.invoke.Invokers$Holder.invokeExact_MT(java.lang.Object, int, java.lang.Object)'> (0x00000000c34643c0) 
thrown [s\src\hotspot\share\interpreter\linkResolver.cpp, line 773]
Event: 10.670 Thread 0x0000027635da9890 Exception <a 'java/lang/NoSuchMethodError'{0x00000000c51034a0}: 'void java.lang.invoke.Invokers$Holder.invokeExact_MT(java.lang.Object, java.lang.Object, java.lang.Object, java.lang.Object)'> (0x00000000c51034a0) 
thrown [s\src\hotspot\share\interpreter\linkResolver.cpp, line 773]
Event: 10.712 Thread 0x0000027635da9890 Exception <a 'java/lang/NoClassDefFoundError'{0x00000000c519b2e0}: com/google/inject/servlet/ServletModuleTargetVisitor> (0x00000000c519b2e0) 
thrown [s\src\hotspot\share\classfile\systemDictionary.cpp, line 301]
Event: 10.885 Thread 0x0000027635da9890 Exception <a 'java/lang/NoSuchMethodError'{0x00000000c4f5f778}: 'void java.lang.invoke.DirectMethodHandle$Holder.invokeVirtual(java.lang.Object, java.lang.Object)'> (0x00000000c4f5f778) 
thrown [s\src\hotspot\share\interpreter\linkResolver.cpp, line 773]
Event: 11.070 Thread 0x0000027635da9890 Exception <a 'java/lang/NoSuchMethodError'{0x00000000c4fe0178}: 'java.lang.Object java.lang.invoke.DirectMethodHandle$Holder.invokeStaticInit(java.lang.Object, int, int, int, int)'> (0x00000000c4fe0178) 
thrown [s\src\hotspot\share\interpreter\linkResolver.cpp, line 773]
Event: 11.533 Thread 0x0000027635da9890 Implicit null exception at 0x0000027645fa2f24 to 0x0000027645fa3554
Event: 11.533 Thread 0x0000027635da9890 Implicit null exception at 0x0000027645f9fda0 to 0x0000027645fa03c4
Event: 11.606 Thread 0x0000027635da9890 Implicit null exception at 0x0000027645ff8189 to 0x0000027645ff89d4
Event: 11.725 Thread 0x0000027635da9890 Exception <a 'java/lang/NoSuchMethodError'{0x00000000c4811d50}: 'void java.lang.invoke.DirectMethodHandle$Holder.invokeSpecial(java.lang.Object, java.lang.Object, java.lang.Object, java.lang.Object, java.lang.Object)'> (0x00000000c4811d50) 
thrown [s\src\hotspot\share\interpreter\linkResolver.cpp, line 773]
Event: 11.732 Thread 0x0000027635da9890 Exception <a 'java/lang/NoSuchMethodError'{0x00000000c482c878}: 'void java.lang.invoke.DirectMethodHandle$Holder.invokeSpecial(java.lang.Object, java.lang.Object, java.lang.Object, java.lang.Object, java.lang.Object, java.lang.Object)'> (0x00000000c482c878) 
thrown [s\src\hotspot\share\interpreter\linkResolver.cpp, line 773]
Event: 11.777 Thread 0x0000027635da9890 Exception <a 'java/lang/NoSuchMethodError'{0x00000000c4744d98}: 'java.lang.Object java.lang.invoke.DirectMethodHandle$Holder.invokeVirtual(java.lang.Object, java.lang.Object, java.lang.Object)'> (0x00000000c4744d98) 
thrown [s\src\hotspot\share\interpreter\linkResolver.cpp, line 773]
Event: 11.900 Thread 0x0000027635da9890 Exception <a 'java/lang/NoSuchMethodError'{0x00000000c46ce9c0}: 'void java.lang.invoke.DirectMethodHandle$Holder.invokeVirtual(java.lang.Object, java.lang.Object, int)'> (0x00000000c46ce9c0) 
thrown [s\src\hotspot\share\interpreter\linkResolver.cpp, line 773]
Event: 11.901 Thread 0x0000027635da9890 Exception <a 'java/lang/NoSuchMethodError'{0x00000000c46d27d0}: 'void java.lang.invoke.DirectMethodHandle$Holder.invokeSpecial(java.lang.Object, java.lang.Object, java.lang.Object, int)'> (0x00000000c46d27d0) 
thrown [s\src\hotspot\share\interpreter\linkResolver.cpp, line 773]
Event: 11.901 Thread 0x0000027635da9890 Exception <a 'java/lang/NoSuchMethodError'{0x00000000c46d5eb0}: 'void java.lang.invoke.DelegatingMethodHandle$Holder.reinvoke_L(java.lang.Object, java.lang.Object, int)'> (0x00000000c46d5eb0) 
thrown [s\src\hotspot\share\interpreter\linkResolver.cpp, line 773]

ZGC Phase Switch (0 events):
No events

VM Operations (20 events):
Event: 10.068 Executing VM operation: HandshakeAllThreads (Deoptimize)
Event: 10.068 Executing VM operation: HandshakeAllThreads (Deoptimize) done
Event: 10.306 Executing VM operation: HandshakeAllThreads (Deoptimize)
Event: 10.307 Executing VM operation: HandshakeAllThreads (Deoptimize) done
Event: 10.555 Executing VM operation: G1CollectForAllocation (G1 Evacuation Pause)
Event: 10.566 Executing VM operation: G1CollectForAllocation (G1 Evacuation Pause) done
Event: 10.657 Executing VM operation: HandshakeAllThreads (Deoptimize)
Event: 10.657 Executing VM operation: HandshakeAllThreads (Deoptimize) done
Event: 10.910 Executing VM operation: HandshakeAllThreads (Deoptimize)
Event: 10.910 Executing VM operation: HandshakeAllThreads (Deoptimize) done
Event: 11.105 Executing VM operation: HandshakeAllThreads (Deoptimize)
Event: 11.105 Executing VM operation: HandshakeAllThreads (Deoptimize) done
Event: 11.220 Executing VM operation: HandshakeAllThreads (Deoptimize)
Event: 11.220 Executing VM operation: HandshakeAllThreads (Deoptimize) done
Event: 11.384 Executing VM operation: HandshakeAllThreads (Deoptimize)
Event: 11.384 Executing VM operation: HandshakeAllThreads (Deoptimize) done
Event: 11.388 Executing VM operation: HandshakeAllThreads (Deoptimize)
Event: 11.388 Executing VM operation: HandshakeAllThreads (Deoptimize) done
Event: 11.540 Executing VM operation: ICBufferFull
Event: 11.540 Executing VM operation: ICBufferFull done

Memory protections (0 events):
No events

Nmethod flushes (0 events):
No events

Events (14 events):
Event: 0.749 Thread 0x0000027635da9890 Thread added: 0x0000027635da9890
Event: 1.036 Thread 0x0000027635da9890 Thread added: 0x0000027650ca9630
Event: 1.036 Thread 0x0000027635da9890 Thread added: 0x0000027650caa340
Event: 1.043 Thread 0x0000027635da9890 Thread added: 0x0000027650caf040
Event: 1.043 Thread 0x0000027635da9890 Thread added: 0x0000027650cb02a0
Event: 1.048 Thread 0x0000027635da9890 Thread added: 0x0000027650cb41f0
Event: 1.048 Thread 0x0000027635da9890 Thread added: 0x0000027650cb4c40
Event: 1.048 Thread 0x0000027635da9890 Thread added: 0x0000027650cb59c0
Event: 1.048 Thread 0x0000027635da9890 Thread added: 0x0000027650cbac80
Event: 1.161 Thread 0x0000027635da9890 Thread added: 0x00000276960a2680
Event: 1.194 Thread 0x0000027635da9890 Thread added: 0x00000276960a8140
Event: 2.932 Thread 0x0000027635da9890 Thread added: 0x00000276963fe7f0
Event: 3.859 Thread 0x00000276963fe7f0 Thread exited: 0x00000276963fe7f0
Event: 11.273 Thread 0x0000027635da9890 Thread added: 0x0000027696ee4eb0


Dynamic libraries:
0x00007ff66fe20000 - 0x00007ff66fe2e000 	C:\Users\Armero\AppData\Roaming\Code\User\globalStorage\pleiades.java-extension-pack-jdk\java\21\bin\java.exe
0x00007ff8a4710000 - 0x00007ff8a4908000 	C:\Windows\SYSTEM32\ntdll.dll
0x00007ff8a4600000 - 0x00007ff8a46c2000 	C:\Windows\System32\KERNEL32.DLL
0x00007ff8a21c0000 - 0x00007ff8a24b6000 	C:\Windows\System32\KERNELBASE.dll
0x00007ff8a24c0000 - 0x00007ff8a25c0000 	C:\Windows\System32\ucrtbase.dll
0x00007ff89aca0000 - 0x00007ff89acb8000 	C:\Users\Armero\AppData\Roaming\Code\User\globalStorage\pleiades.java-extension-pack-jdk\java\21\bin\jli.dll
0x00007ff8a2b60000 - 0x00007ff8a2cfd000 	C:\Windows\System32\USER32.dll
0x00007ff8a1ee0000 - 0x00007ff8a1f02000 	C:\Windows\System32\win32u.dll
0x00007ff8a3090000 - 0x00007ff8a30bb000 	C:\Windows\System32\GDI32.dll
0x00007ff8a2070000 - 0x00007ff8a218a000 	C:\Windows\System32\gdi32full.dll
0x00007ff8a1db0000 - 0x00007ff8a1e4d000 	C:\Windows\System32\msvcp_win.dll
0x00007ff89e270000 - 0x00007ff89e28e000 	C:\Users\Armero\AppData\Roaming\Code\User\globalStorage\pleiades.java-extension-pack-jdk\java\21\bin\VCRUNTIME140.dll
0x00007ff894460000 - 0x00007ff8946fa000 	C:\Windows\WinSxS\amd64_microsoft.windows.common-controls_6595b64144ccf1df_6.0.19041.5794_none_60bcd33171f2783c\COMCTL32.dll
0x00007ff8a2ff0000 - 0x00007ff8a308e000 	C:\Windows\System32\msvcrt.dll
0x00007ff8a2f50000 - 0x00007ff8a2f7f000 	C:\Windows\System32\IMM32.DLL
0x00007ff89e570000 - 0x00007ff89e57c000 	C:\Users\Armero\AppData\Roaming\Code\User\globalStorage\pleiades.java-extension-pack-jdk\java\21\bin\vcruntime140_1.dll
0x00007ff87ddd0000 - 0x00007ff87de5d000 	C:\Users\Armero\AppData\Roaming\Code\User\globalStorage\pleiades.java-extension-pack-jdk\java\21\bin\msvcp140.dll
0x00007ff86e0a0000 - 0x00007ff86ee30000 	C:\Users\Armero\AppData\Roaming\Code\User\globalStorage\pleiades.java-extension-pack-jdk\java\21\bin\server\jvm.dll
0x00007ff8a43e0000 - 0x00007ff8a448f000 	C:\Windows\System32\ADVAPI32.dll
0x00007ff8a2eb0000 - 0x00007ff8a2f4f000 	C:\Windows\System32\sechost.dll
0x00007ff8a3f80000 - 0x00007ff8a40a3000 	C:\Windows\System32\RPCRT4.dll
0x00007ff8a2190000 - 0x00007ff8a21b7000 	C:\Windows\System32\bcrypt.dll
0x00007ff8a3f10000 - 0x00007ff8a3f7b000 	C:\Windows\System32\WS2_32.dll
0x00007ff8a1c10000 - 0x00007ff8a1c5b000 	C:\Windows\SYSTEM32\POWRPROF.dll
0x00007ff89ab50000 - 0x00007ff89ab77000 	C:\Windows\SYSTEM32\WINMM.dll
0x00007ff8955e0000 - 0x00007ff8955ea000 	C:\Windows\SYSTEM32\VERSION.dll
0x00007ff8a1bf0000 - 0x00007ff8a1c02000 	C:\Windows\SYSTEM32\UMPDC.dll
0x00007ff89fb70000 - 0x00007ff89fb82000 	C:\Windows\SYSTEM32\kernel.appcore.dll
0x00007ff89e360000 - 0x00007ff89e36a000 	C:\Users\Armero\AppData\Roaming\Code\User\globalStorage\pleiades.java-extension-pack-jdk\java\21\bin\jimage.dll
0x00007ff8949f0000 - 0x00007ff894bf1000 	C:\Windows\SYSTEM32\DBGHELP.DLL
0x00007ff88f530000 - 0x00007ff88f564000 	C:\Windows\SYSTEM32\dbgcore.DLL
0x00007ff8a1e50000 - 0x00007ff8a1ed2000 	C:\Windows\System32\bcryptPrimitives.dll
0x00007ff89a730000 - 0x00007ff89a74f000 	C:\Users\Armero\AppData\Roaming\Code\User\globalStorage\pleiades.java-extension-pack-jdk\java\21\bin\java.dll
0x00007ff8a3650000 - 0x00007ff8a3dbe000 	C:\Windows\System32\SHELL32.dll
0x00007ff89fe50000 - 0x00007ff8a05f3000 	C:\Windows\SYSTEM32\windows.storage.dll
0x00007ff8a2750000 - 0x00007ff8a2aa3000 	C:\Windows\System32\combase.dll
0x00007ff8a1710000 - 0x00007ff8a173b000 	C:\Windows\SYSTEM32\Wldp.dll
0x00007ff8a3dc0000 - 0x00007ff8a3e8d000 	C:\Windows\System32\OLEAUT32.dll
0x00007ff8a4330000 - 0x00007ff8a43dd000 	C:\Windows\System32\SHCORE.dll
0x00007ff8a41a0000 - 0x00007ff8a41f5000 	C:\Windows\System32\shlwapi.dll
0x00007ff8a1ce0000 - 0x00007ff8a1d05000 	C:\Windows\SYSTEM32\profapi.dll
0x00007ff87c600000 - 0x00007ff87c6d7000 	C:\Users\Armero\AppData\Roaming\Code\User\globalStorage\pleiades.java-extension-pack-jdk\java\21\bin\jsvml.dll
0x00007ff89e330000 - 0x00007ff89e340000 	C:\Users\Armero\AppData\Roaming\Code\User\globalStorage\pleiades.java-extension-pack-jdk\java\21\bin\net.dll
0x00007ff89a480000 - 0x00007ff89a58a000 	C:\Windows\SYSTEM32\WINHTTP.dll
0x00007ff8a1470000 - 0x00007ff8a14dc000 	C:\Windows\system32\mswsock.dll
0x00007ff899fe0000 - 0x00007ff899ff6000 	C:\Users\Armero\AppData\Roaming\Code\User\globalStorage\pleiades.java-extension-pack-jdk\java\21\bin\nio.dll
0x00007ff898410000 - 0x00007ff898428000 	C:\Users\Armero\AppData\Roaming\Code\User\globalStorage\pleiades.java-extension-pack-jdk\java\21\bin\zip.dll
0x00007ff889f10000 - 0x00007ff889f34000 	C:\Users\Armero\AppData\Roaming\Code\User\globalStorage\pleiades.java-extension-pack-jdk\maven\latest\lib\jansi-native\Windows\x86_64\jansi.dll
0x00007ff89e2a0000 - 0x00007ff89e2b0000 	C:\Users\Armero\AppData\Roaming\Code\User\globalStorage\pleiades.java-extension-pack-jdk\java\21\bin\verify.dll

dbghelp: loaded successfully - version: 4.0.5 - missing functions: none
symbol engine: initialized successfully - sym options: 0x614 - pdb path: .;C:\Users\Armero\AppData\Roaming\Code\User\globalStorage\pleiades.java-extension-pack-jdk\java\21\bin;C:\Windows\SYSTEM32;C:\Windows\WinSxS\amd64_microsoft.windows.common-controls_6595b64144ccf1df_6.0.19041.5794_none_60bcd33171f2783c;C:\Users\Armero\AppData\Roaming\Code\User\globalStorage\pleiades.java-extension-pack-jdk\java\21\bin\server;C:\Users\Armero\AppData\Roaming\Code\User\globalStorage\pleiades.java-extension-pack-jdk\maven\latest\lib\jansi-native\Windows\x86_64

VM Arguments:
jvm_args: -Dstdout.encoding=UTF-8 -Dstderr.encoding=UTF-8 --enable-native-access=ALL-UNNAMED -Dclassworlds.conf=C:\Users\Armero\AppData\Roaming\Code\User\globalStorage\pleiades.java-extension-pack-jdk\maven\latest\bin\m2.conf -Dmaven.home=C:\Users\Armero\AppData\Roaming\Code\User\globalStorage\pleiades.java-extension-pack-jdk\maven\latest -Dlibrary.jansi.path=C:\Users\Armero\AppData\Roaming\Code\User\globalStorage\pleiades.java-extension-pack-jdk\maven\latest\lib\jansi-native -Dmaven.multiModuleProjectDirectory=C:\Users\Armero\Documents\FinalDistribuidos\cliente_rest 
java_command: org.codehaus.plexus.classworlds.launcher.Launcher clean install
java_class_path (initial): C:\Users\Armero\AppData\Roaming\Code\User\globalStorage\pleiades.java-extension-pack-jdk\maven\latest\boot\plexus-classworlds-2.9.0.jar
Launcher Type: SUN_STANDARD

[Global flags]
     intx CICompilerCount                          = 3                                         {product} {ergonomic}
     uint ConcGCThreads                            = 1                                         {product} {ergonomic}
     uint G1ConcRefinementThreads                  = 4                                         {product} {ergonomic}
   size_t G1HeapRegionSize                         = 1048576                                   {product} {ergonomic}
    uintx GCDrainStackTargetSize                   = 64                                        {product} {ergonomic}
   size_t InitialHeapSize                          = 67108864                                  {product} {ergonomic}
   size_t MarkStackSize                            = 4194304                                   {product} {ergonomic}
   size_t MaxHeapSize                              = 1052770304                                {product} {ergonomic}
   size_t MaxNewSize                               = 631242752                                 {product} {ergonomic}
   size_t MinHeapDeltaBytes                        = 1048576                                   {product} {ergonomic}
   size_t MinHeapSize                              = 8388608                                   {product} {ergonomic}
    uintx NonNMethodCodeHeapSize                   = 5832780                                {pd product} {ergonomic}
    uintx NonProfiledCodeHeapSize                  = 122912730                              {pd product} {ergonomic}
    uintx ProfiledCodeHeapSize                     = 122912730                              {pd product} {ergonomic}
    uintx ReservedCodeCacheSize                    = 251658240                              {pd product} {ergonomic}
     bool SegmentedCodeCache                       = true                                      {product} {ergonomic}
   size_t SoftMaxHeapSize                          = 1052770304                             {manageable} {ergonomic}
     bool UseCompressedOops                        = true                           {product lp64_product} {ergonomic}
     bool UseG1GC                                  = true                                      {product} {ergonomic}
     bool UseLargePagesIndividualAllocation        = false                                  {pd product} {ergonomic}

Logging:
Log output configuration:
 #0: stdout all=warning uptime,level,tags foldmultilines=false
 #1: stderr all=off uptime,level,tags foldmultilines=false

Environment Variables:
JAVA_HOME=C:\Users\Armero\AppData\Roaming\Code\User\globalStorage\pleiades.java-extension-pack-jdk\java\21
JAVA_TOOL_OPTIONS=-Dstdout.encoding=UTF-8 -Dstderr.encoding=UTF-8
PATH=C:\Users\Armero\AppData\Roaming\Code\User\globalStorage\pleiades.java-extension-pack-jdk\gradle\latest\bin;C:\Users\Armero\AppData\Roaming\Code\User\globalStorage\pleiades.java-extension-pack-jdk\maven\latest\bin;C:\Users\Armero\AppData\Roaming\Code\User\globalStorage\pleiades.java-extension-pack-jdk\java\21\bin;C:\Program Files (x86)\VMware\VMware Workstation\bin\;C:\Program Files\BellSoft\LibericaJDK-17\bin\;C:\msys64\mingw64\bin;C:\Program Files\Common Files\Oracle\Java\javapath;C:\Windows\system32;C:\Windows;C:\Windows\System32\Wbem;C:\Windows\System32\WindowsPowerShell\v1.0\;C:\Windows\System32\OpenSSH\;C:\Program Files\Git\cmd;C:\Program Files\Microsoft SQL Server\150\Tools\Binn\;C:\Program Files\Microsoft SQL Server\Client SDK\ODBC\170\Tools\Binn\;C:\Program Files\dotnet\;C:\Program Files (x86)\Windows Kits\10\Windows Performance Toolkit\;C:\maven\bin;C:\Users\Armero\AppData\Local\Microsoft\WindowsApps;C:\Users\Armero\AppData\Local\Programs\Microsoft VS Code\bin;C:\Users\Armero\.dotnet\tools;C:\Program Files\JetBrains\IntelliJ IDEA 2024.2.1\bin;;c:\Users\Armero\.vscode\extensions\ms-python.debugpy-2025.8.0-win32-x64\bundled\scripts\noConfigScripts
USERNAME=Armero
LANG=en_US.UTF-8
OS=Windows_NT
PROCESSOR_IDENTIFIER=Intel64 Family 6 Model 42 Stepping 7, GenuineIntel
TMP=C:\Users\Armero\AppData\Local\Temp
TEMP=C:\Users\Armero\AppData\Local\Temp




Periodic native trim disabled

---------------  S Y S T E M  ---------------

OS:
 Windows 10 , 64 bit Build 19041 (10.0.19041.5794)
OS uptime: 0 days 5:56 hours

CPU: total 4 (initial active 4) (2 cores per cpu, 2 threads per core) family 6 model 42 stepping 7 microcode 0x2f, cx8, cmov, fxsr, ht, mmx, sse, sse2, sse3, ssse3, sse4.1, sse4.2, popcnt, tsc, tscinvbit, avx, clmul, vzeroupper, clflush, rdtscp
Processor Information for the first 4 processors :
  Max Mhz: 3300, Current Mhz: 3300, Mhz Limit: 3300

Memory: 4k page, system-wide physical 4008M (62M free)
TotalPageFile size 16296M (AvailPageFile size 20M)
current process WorkingSet (physical memory assigned to process): 118M, peak: 119M
current process commit charge ("private bytes"): 171M, peak: 172M

vm_info: OpenJDK 64-Bit Server VM (21.0.7+6-LTS) for windows-amd64 JRE (21.0.7+6-LTS), built on 2025-04-15T00:00:00Z by "admin" with MS VC++ 17.7 (VS2022)

END.
