#
# There is insufficient memory for the Java Runtime Environment to continue.
# Native memory allocation (malloc) failed to allocate 2408048 bytes. Error detail: Chunk::new
# Possible reasons:
#   The system is out of physical RAM or swap space
#   This process is running with CompressedOops enabled, and the Java Heap may be blocking the growth of the native heap
# Possible solutions:
#   Reduce memory load on the system
#   Increase physical memory or swap space
#   Check if swap backing store is full
#   Decrease Java heap size (-Xmx/-Xms)
#   Decrease number of Java threads
#   Decrease Java thread stack sizes (-Xss)
#   Set larger code cache with -XX:ReservedCodeCacheSize=
#   JVM is running with Unscaled Compressed Oops mode in which the Java heap is
#     placed in the first 4GB address space. The Java Heap base address is the
#     maximum limit for the native heap growth. Please use -XX:HeapBaseMinAddress
#     to set the Java Heap base and to place the Java Heap above 4GB virtual address.
# This output file may be truncated or incomplete.
#
#  Out of Memory Error (arena.cpp:168), pid=7936, tid=9088
#
# JRE version: OpenJDK Runtime Environment Temurin-21.0.7+6 (21.0.7+6) (build 21.0.7+6-LTS)
# Java VM: OpenJDK 64-Bit Server VM Temurin-21.0.7+6 (21.0.7+6-LTS, mixed mode, sharing, tiered, compressed oops, compressed class ptrs, parallel gc, windows-amd64)
# No core dump will be written. Minidumps are not enabled by default on client versions of Windows
#

---------------  S U M M A R Y ------------

Command Line: --add-modules=ALL-SYSTEM --add-opens=java.base/java.util=ALL-UNNAMED --add-opens=java.base/java.lang=ALL-UNNAMED --add-opens=java.base/sun.nio.fs=ALL-UNNAMED -Declipse.application=org.eclipse.jdt.ls.core.id1 -Dosgi.bundles.defaultStartLevel=4 -Declipse.product=org.eclipse.jdt.ls.core.product -Djava.import.generatesMetadataFilesAtProjectRoot=false -DDetectVMInstallationsJob.disabled=true -Dfile.encoding=utf8 -XX:+UseParallelGC -XX:GCTimeRatio=4 -XX:AdaptiveSizePolicyWeight=90 -Dsun.zip.disableMemoryMapping=true -Xmx1G -Xms100m -Xlog:disable -javaagent:c:\Users\Armero\.vscode\extensions\redhat.java-1.42.0-win32-x64\lombok\lombok-1.18.36.jar c:\Users\Armero\.vscode\extensions\redhat.java-1.42.0-win32-x64\server\plugins\org.eclipse.equinox.launcher_1.7.0.v20250424-1814.jar -configuration c:\Users\Armero\AppData\Roaming\Code\User\globalStorage\redhat.java\1.42.0\config_ss_win -data c:\Users\Armero\AppData\Roaming\Code\User\workspaceStorage\8010151f60e7bb20254619aac942df45\redhat.java\ss_ws --pipe=\\.\pipe\lsp-1ddec7c0e02dcf3353c1072c69b60c77-sock

Host: Intel(R) Core(TM) i3-2120 CPU @ 3.30GHz, 4 cores, 3G,  Windows 10 , 64 bit Build 19041 (10.0.19041.5794)
Time: Sun Jun  8 14:53:03 2025 Hora est. Pacífico, Sudamérica elapsed time: 150.721666 seconds (0d 0h 2m 30s)

---------------  T H R E A D  ---------------

Current thread (0x00000260b7849e80):  JavaThread "C2 CompilerThread0" daemon [_thread_in_native, id=9088, stack(0x000000b231900000,0x000000b231a00000) (1024K)]


Current CompileTask:
C2:150721 2766       4       org.lombokweb.asm.ClassReader::readMethod (1070 bytes)

Stack: [0x000000b231900000,0x000000b231a00000]
Native frames: (J=compiled Java code, j=interpreted, Vv=VM code, C=native code)
V  [jvm.dll+0x6ce119]
V  [jvm.dll+0x8a84a1]
V  [jvm.dll+0x8aa9ce]
V  [jvm.dll+0x8ab0b3]
V  [jvm.dll+0x27f8a6]
V  [jvm.dll+0xc507d]
V  [jvm.dll+0xc55b3]
V  [jvm.dll+0x3b692c]
V  [jvm.dll+0x1e0029]
V  [jvm.dll+0x247c42]
V  [jvm.dll+0x2470cf]
V  [jvm.dll+0x1c760e]
V  [jvm.dll+0x25695a]
V  [jvm.dll+0x254efa]
V  [jvm.dll+0x3f03f6]
V  [jvm.dll+0x851f6b]
V  [jvm.dll+0x6cc7dd]
C  [ucrtbase.dll+0x21bb2]
C  [KERNEL32.DLL+0x17374]
C  [ntdll.dll+0x4cc91]


---------------  P R O C E S S  ---------------

Threads class SMR info:
_java_thread_list=0x00000260f99ee9e0, length=19, elements={
0x00000260a3500d50, 0x00000260b7829640, 0x00000260b782bf50, 0x00000260b782dad0,
0x00000260b782e9e0, 0x00000260b7838570, 0x00000260b78446e0, 0x00000260b7849e80,
0x00000260b784a9c0, 0x00000260b7844d70, 0x00000260b78467b0, 0x00000260b78474d0,
0x00000260b7845400, 0x00000260b7847b60, 0x00000260b7845a90, 0x00000260b7846e40,
0x00000260b7846120, 0x00000260f9914610, 0x00000260f9915330
}

Java Threads: ( => current thread )
  0x00000260a3500d50 JavaThread "main"                              [_thread_blocked, id=9440, stack(0x000000b230e00000,0x000000b230f00000) (1024K)]
  0x00000260b7829640 JavaThread "Reference Handler"          daemon [_thread_blocked, id=428, stack(0x000000b231300000,0x000000b231400000) (1024K)]
  0x00000260b782bf50 JavaThread "Finalizer"                  daemon [_thread_blocked, id=2412, stack(0x000000b231400000,0x000000b231500000) (1024K)]
  0x00000260b782dad0 JavaThread "Signal Dispatcher"          daemon [_thread_blocked, id=2416, stack(0x000000b231500000,0x000000b231600000) (1024K)]
  0x00000260b782e9e0 JavaThread "Attach Listener"            daemon [_thread_blocked, id=6332, stack(0x000000b231600000,0x000000b231700000) (1024K)]
  0x00000260b7838570 JavaThread "Service Thread"             daemon [_thread_blocked, id=12724, stack(0x000000b231700000,0x000000b231800000) (1024K)]
  0x00000260b78446e0 JavaThread "Monitor Deflation Thread"   daemon [_thread_blocked, id=3304, stack(0x000000b231800000,0x000000b231900000) (1024K)]
=>0x00000260b7849e80 JavaThread "C2 CompilerThread0"         daemon [_thread_in_native, id=9088, stack(0x000000b231900000,0x000000b231a00000) (1024K)]
  0x00000260b784a9c0 JavaThread "C1 CompilerThread0"         daemon [_thread_blocked, id=13116, stack(0x000000b231a00000,0x000000b231b00000) (1024K)]
  0x00000260b7844d70 JavaThread "Common-Cleaner"             daemon [_thread_blocked, id=13100, stack(0x000000b231b00000,0x000000b231c00000) (1024K)]
  0x00000260b78467b0 JavaThread "Notification Thread"        daemon [_thread_blocked, id=5236, stack(0x000000b231c00000,0x000000b231d00000) (1024K)]
  0x00000260b78474d0 JavaThread "Active Thread: Equinox Container: e48bd2c6-0fb5-4eed-b559-51f6eb3289c2"        [_thread_blocked, id=13620, stack(0x000000b232000000,0x000000b232100000) (1024K)]
  0x00000260b7845400 JavaThread "Framework Event Dispatcher: Equinox Container: e48bd2c6-0fb5-4eed-b559-51f6eb3289c2" daemon [_thread_blocked, id=4704, stack(0x000000b232100000,0x000000b232200000) (1024K)]
  0x00000260b7847b60 JavaThread "Start Level: Equinox Container: e48bd2c6-0fb5-4eed-b559-51f6eb3289c2" daemon [_thread_blocked, id=2028, stack(0x000000b232200000,0x000000b232300000) (1024K)]
  0x00000260b7845a90 JavaThread "SCR Component Actor"        daemon [_thread_blocked, id=6964, stack(0x000000b232300000,0x000000b232400000) (1024K)]
  0x00000260b7846e40 JavaThread "Worker-JM"                         [_thread_blocked, id=12948, stack(0x000000b232500000,0x000000b232600000) (1024K)]
  0x00000260b7846120 JavaThread "JNA Cleaner"                daemon [_thread_blocked, id=6512, stack(0x000000b230d00000,0x000000b230e00000) (1024K)]
  0x00000260f9914610 JavaThread "Worker-0"                          [_thread_blocked, id=8516, stack(0x000000b230f00000,0x000000b231000000) (1024K)]
  0x00000260f9915330 JavaThread "Worker-1"                          [_thread_blocked, id=5672, stack(0x000000b232400000,0x000000b232500000) (1024K)]
Total: 19

Other Threads:
  0x00000260b780da00 VMThread "VM Thread"                           [id=8616, stack(0x000000b231200000,0x000000b231300000) (1024K)]
  0x00000260b7780c30 WatcherThread "VM Periodic Task Thread"        [id=9752, stack(0x000000b231100000,0x000000b231200000) (1024K)]
  0x00000260a351f7e0 WorkerThread "GC Thread#0"                     [id=7008, stack(0x000000b231000000,0x000000b231100000) (1024K)]
  0x00000260fe061a50 WorkerThread "GC Thread#1"                     [id=2684, stack(0x000000b231d00000,0x000000b231e00000) (1024K)]
  0x00000260fe05d4e0 WorkerThread "GC Thread#2"                     [id=3488, stack(0x000000b231e00000,0x000000b231f00000) (1024K)]
  0x00000260fe2a3620 WorkerThread "GC Thread#3"                     [id=12192, stack(0x000000b231f00000,0x000000b232000000) (1024K)]
Total: 6

Threads with active compile tasks:
C2 CompilerThread0  150901 2766       4       org.lombokweb.asm.ClassReader::readMethod (1070 bytes)
Total: 1

VM state: at safepoint (normal execution)

VM Mutex/Monitor currently owned by a thread:  ([mutex/lock_event])
[0x00007ff95330e308] Threads_lock - owner thread: 0x00000260b780da00
[0x00007ff95330e408] Heap_lock - owner thread: 0x00000260b7847b60

Heap address: 0x00000000c0000000, size: 1024 MB, Compressed Oops mode: 32-bit

CDS archive(s) mapped at: [0x00000260b8000000-0x00000260b8ba0000-0x00000260b8ba0000), size 12189696, SharedBaseAddress: 0x00000260b8000000, ArchiveRelocationMode: 1.
Compressed class space mapped at: 0x00000260b9000000-0x00000260f9000000, reserved size: 1073741824
Narrow klass base: 0x00000260b8000000, Narrow klass shift: 0, Narrow klass range: 0x100000000

GC Precious Log:
 CardTable entry size: 512
 CPUs: 4 total, 4 available
 Memory: 4008M
 Large Page Support: Disabled
 NUMA Support: Disabled
 Compressed Oops: Enabled (32-bit)
 Alignments: Space 512K, Generation 512K, Heap 2M
 Heap Min Capacity: 100M
 Heap Initial Capacity: 100M
 Heap Max Capacity: 1G
 Pre-touch: Disabled
 Parallel Workers: 4

Heap:
 PSYoungGen      total 29696K, used 29684K [0x00000000eab00000, 0x00000000ecc00000, 0x0000000100000000)
  eden space 25600K, 100% used [0x00000000eab00000,0x00000000ec400000,0x00000000ec400000)
  from space 4096K, 99% used [0x00000000ec800000,0x00000000ecbfd2a0,0x00000000ecc00000)
  to   space 4096K, 3% used [0x00000000ec400000,0x00000000ec428000,0x00000000ec800000)
 ParOldGen       total 68608K, used 4582K [0x00000000c0000000, 0x00000000c4300000, 0x00000000eab00000)
  object space 68608K, 6% used [0x00000000c0000000,0x00000000c04798c8,0x00000000c4300000)
 Metaspace       used 20311K, committed 20928K, reserved 1114112K
  class space    used 1961K, committed 2240K, reserved 1048576K

Card table byte_map: [0x00000260a2eb0000,0x00000260a30c0000] _byte_map_base: 0x00000260a28b0000

Marking Bits: (ParMarkBitMap*) 0x00007ff9533131f0
 Begin Bits: [0x00000260b5700000, 0x00000260b6700000)
 End Bits:   [0x00000260b6700000, 0x00000260b7700000)

Polling page: 0x00000260a12a0000

Metaspace:

Usage:
  Non-class:     17.92 MB used.
      Class:      1.92 MB used.
       Both:     19.84 MB used.

Virtual space:
  Non-class space:       64.00 MB reserved,      18.25 MB ( 29%) committed,  1 nodes.
      Class space:        1.00 GB reserved,       2.19 MB ( <1%) committed,  1 nodes.
             Both:        1.06 GB reserved,      20.44 MB (  2%) committed. 

Chunk freelists:
   Non-Class:  13.31 MB
       Class:  13.81 MB
        Both:  27.12 MB

MaxMetaspaceSize: unlimited
CompressedClassSpaceSize: 1.00 GB
Initial GC threshold: 21.00 MB
Current GC threshold: 21.00 MB
CDS: on
 - commit_granule_bytes: 65536.
 - commit_granule_words: 8192.
 - virtual_space_node_default_size: 8388608.
 - enlarge_chunks_in_place: 1.
 - use_allocation_guard: 0.


Internal statistics:

num_allocs_failed_limit: 0.
num_arena_births: 524.
num_arena_deaths: 0.
num_vsnodes_births: 2.
num_vsnodes_deaths: 0.
num_space_committed: 327.
num_space_uncommitted: 0.
num_chunks_returned_to_freelist: 0.
num_chunks_taken_from_freelist: 1272.
num_chunk_merges: 0.
num_chunk_splits: 836.
num_chunks_enlarged: 537.
num_inconsistent_stats: 0.

CodeHeap 'non-profiled nmethods': size=120000Kb used=1185Kb max_used=1185Kb free=118814Kb
 bounds [0x00000260ae1d0000, 0x00000260ae440000, 0x00000260b5700000]
CodeHeap 'profiled nmethods': size=120000Kb used=5452Kb max_used=5452Kb free=114547Kb
 bounds [0x00000260a6700000, 0x00000260a6c60000, 0x00000260adc30000]
CodeHeap 'non-nmethods': size=5760Kb used=1303Kb max_used=1316Kb free=4456Kb
 bounds [0x00000260adc30000, 0x00000260adea0000, 0x00000260ae1d0000]
 total_blobs=3356 nmethods=2771 adapters=491
 compilation: enabled
              stopped_count=0, restarted_count=0
 full_count=0

Compilation events (20 events):
Event: 149.376 Thread 0x00000260b784a9c0 nmethod 2764 0x00000260a6c46910 code [0x00000260a6c46c00, 0x00000260a6c47dc0]
Event: 149.377 Thread 0x00000260b784a9c0 2765 %     3       org.lombokweb.asm.SymbolTable::<init> @ 98 (536 bytes)
Event: 149.377 Thread 0x00000260b7849e80 2766       4       org.lombokweb.asm.ClassReader::readMethod (1070 bytes)
Event: 149.391 Thread 0x00000260b784a9c0 nmethod 2765% 0x00000260a6c48390 code [0x00000260a6c48980, 0x00000260a6c4b500]
Event: 150.432 Thread 0x00000260b784a9c0 2767       3       org.lombokweb.asm.SymbolTable::<init> (536 bytes)
Event: 150.438 Thread 0x00000260b784a9c0 nmethod 2767 0x00000260a6c4c690 code [0x00000260a6c4cc40, 0x00000260a6c4f480]
Event: 150.465 Thread 0x00000260b784a9c0 2768       3       java.util.Arrays::fill (21 bytes)
Event: 150.466 Thread 0x00000260b784a9c0 nmethod 2768 0x00000260a6c50590 code [0x00000260a6c50740, 0x00000260a6c508d8]
Event: 150.466 Thread 0x00000260b784a9c0 2769       3       java.util.regex.Pattern$BranchConn::match (11 bytes)
Event: 150.466 Thread 0x00000260b784a9c0 nmethod 2769 0x00000260a6c50a10 code [0x00000260a6c50bc0, 0x00000260a6c50d98]
Event: 150.486 Thread 0x00000260b784a9c0 2770       3       org.lombokweb.asm.ByteVector::put11 (52 bytes)
Event: 150.486 Thread 0x00000260b784a9c0 nmethod 2770 0x00000260a6c50e90 code [0x00000260a6c51040, 0x00000260a6c51248]
Event: 150.486 Thread 0x00000260b784a9c0 2771       1       lombok.patcher.MethodLogistics::getReturnOpcode (5 bytes)
Event: 150.487 Thread 0x00000260b784a9c0 nmethod 2771 0x00000260ae2f8410 code [0x00000260ae2f85a0, 0x00000260ae2f8668]
Event: 150.487 Thread 0x00000260b784a9c0 2772       3       org.lombokweb.asm.Label::put (83 bytes)
Event: 150.487 Thread 0x00000260b784a9c0 nmethod 2772 0x00000260a6c51390 code [0x00000260a6c515c0, 0x00000260a6c519f0]
Event: 150.487 Thread 0x00000260b784a9c0 2774       3       org.lombokweb.asm.MethodWriter::visitLabel (332 bytes)
Event: 150.489 Thread 0x00000260b784a9c0 nmethod 2774 0x00000260a6c51b90 code [0x00000260a6c51de0, 0x00000260a6c526d8]
Event: 150.489 Thread 0x00000260b784a9c0 2773       3       org.lombokweb.asm.MethodVisitor::visitMethodInsn (80 bytes)
Event: 150.489 Thread 0x00000260b784a9c0 nmethod 2773 0x00000260a6c52910 code [0x00000260a6c52b00, 0x00000260a6c52fa8]

GC Heap History (8 events):
Event: 4.454 GC heap before
{Heap before GC invocations=1 (full 0):
 PSYoungGen      total 29696K, used 25600K [0x00000000eab00000, 0x00000000ecc00000, 0x0000000100000000)
  eden space 25600K, 100% used [0x00000000eab00000,0x00000000ec400000,0x00000000ec400000)
  from space 4096K, 0% used [0x00000000ec800000,0x00000000ec800000,0x00000000ecc00000)
  to   space 4096K, 0% used [0x00000000ec400000,0x00000000ec400000,0x00000000ec800000)
 ParOldGen       total 68608K, used 0K [0x00000000c0000000, 0x00000000c4300000, 0x00000000eab00000)
  object space 68608K, 0% used [0x00000000c0000000,0x00000000c0000000,0x00000000c4300000)
 Metaspace       used 4356K, committed 4608K, reserved 1114112K
  class space    used 461K, committed 576K, reserved 1048576K
}
Event: 4.481 GC heap after
{Heap after GC invocations=1 (full 0):
 PSYoungGen      total 29696K, used 3270K [0x00000000eab00000, 0x00000000ecc00000, 0x0000000100000000)
  eden space 25600K, 0% used [0x00000000eab00000,0x00000000eab00000,0x00000000ec400000)
  from space 4096K, 79% used [0x00000000ec400000,0x00000000ec731870,0x00000000ec800000)
  to   space 4096K, 0% used [0x00000000ec800000,0x00000000ec800000,0x00000000ecc00000)
 ParOldGen       total 68608K, used 0K [0x00000000c0000000, 0x00000000c4300000, 0x00000000eab00000)
  object space 68608K, 0% used [0x00000000c0000000,0x00000000c0000000,0x00000000c4300000)
 Metaspace       used 4356K, committed 4608K, reserved 1114112K
  class space    used 461K, committed 576K, reserved 1048576K
}
Event: 10.658 GC heap before
{Heap before GC invocations=2 (full 0):
 PSYoungGen      total 29696K, used 28870K [0x00000000eab00000, 0x00000000ecc00000, 0x0000000100000000)
  eden space 25600K, 100% used [0x00000000eab00000,0x00000000ec400000,0x00000000ec400000)
  from space 4096K, 79% used [0x00000000ec400000,0x00000000ec731870,0x00000000ec800000)
  to   space 4096K, 0% used [0x00000000ec800000,0x00000000ec800000,0x00000000ecc00000)
 ParOldGen       total 68608K, used 0K [0x00000000c0000000, 0x00000000c4300000, 0x00000000eab00000)
  object space 68608K, 0% used [0x00000000c0000000,0x00000000c0000000,0x00000000c4300000)
 Metaspace       used 8233K, committed 8576K, reserved 1114112K
  class space    used 843K, committed 1024K, reserved 1048576K
}
Event: 10.667 GC heap after
{Heap after GC invocations=2 (full 0):
 PSYoungGen      total 29696K, used 4084K [0x00000000eab00000, 0x00000000ecc00000, 0x0000000100000000)
  eden space 25600K, 0% used [0x00000000eab00000,0x00000000eab00000,0x00000000ec400000)
  from space 4096K, 99% used [0x00000000ec800000,0x00000000ecbfd1e8,0x00000000ecc00000)
  to   space 4096K, 0% used [0x00000000ec400000,0x00000000ec400000,0x00000000ec800000)
 ParOldGen       total 68608K, used 893K [0x00000000c0000000, 0x00000000c4300000, 0x00000000eab00000)
  object space 68608K, 1% used [0x00000000c0000000,0x00000000c00df698,0x00000000c4300000)
 Metaspace       used 8233K, committed 8576K, reserved 1114112K
  class space    used 843K, committed 1024K, reserved 1048576K
}
Event: 18.755 GC heap before
{Heap before GC invocations=3 (full 0):
 PSYoungGen      total 29696K, used 29684K [0x00000000eab00000, 0x00000000ecc00000, 0x0000000100000000)
  eden space 25600K, 100% used [0x00000000eab00000,0x00000000ec400000,0x00000000ec400000)
  from space 4096K, 99% used [0x00000000ec800000,0x00000000ecbfd1e8,0x00000000ecc00000)
  to   space 4096K, 0% used [0x00000000ec400000,0x00000000ec400000,0x00000000ec800000)
 ParOldGen       total 68608K, used 893K [0x00000000c0000000, 0x00000000c4300000, 0x00000000eab00000)
  object space 68608K, 1% used [0x00000000c0000000,0x00000000c00df698,0x00000000c4300000)
 Metaspace       used 13081K, committed 13568K, reserved 1114112K
  class space    used 1334K, committed 1536K, reserved 1048576K
}
Event: 18.762 GC heap after
{Heap after GC invocations=3 (full 0):
 PSYoungGen      total 29696K, used 4078K [0x00000000eab00000, 0x00000000ecc00000, 0x0000000100000000)
  eden space 25600K, 0% used [0x00000000eab00000,0x00000000eab00000,0x00000000ec400000)
  from space 4096K, 99% used [0x00000000ec400000,0x00000000ec7fbbf0,0x00000000ec800000)
  to   space 4096K, 0% used [0x00000000ec800000,0x00000000ec800000,0x00000000ecc00000)
 ParOldGen       total 68608K, used 2846K [0x00000000c0000000, 0x00000000c4300000, 0x00000000eab00000)
  object space 68608K, 4% used [0x00000000c0000000,0x00000000c02c7900,0x00000000c4300000)
 Metaspace       used 13081K, committed 13568K, reserved 1114112K
  class space    used 1334K, committed 1536K, reserved 1048576K
}
Event: 93.805 GC heap before
{Heap before GC invocations=4 (full 0):
 PSYoungGen      total 29696K, used 29644K [0x00000000eab00000, 0x00000000ecc00000, 0x0000000100000000)
  eden space 25600K, 99% used [0x00000000eab00000,0x00000000ec3f7450,0x00000000ec400000)
  from space 4096K, 99% used [0x00000000ec400000,0x00000000ec7fbbf0,0x00000000ec800000)
  to   space 4096K, 0% used [0x00000000ec800000,0x00000000ec800000,0x00000000ecc00000)
 ParOldGen       total 68608K, used 2846K [0x00000000c0000000, 0x00000000c4300000, 0x00000000eab00000)
  object space 68608K, 4% used [0x00000000c0000000,0x00000000c02c7900,0x00000000c4300000)
 Metaspace       used 17139K, committed 17856K, reserved 1114112K
  class space    used 1742K, committed 2048K, reserved 1048576K
}
Event: 95.536 GC heap after
{Heap after GC invocations=4 (full 0):
 PSYoungGen      total 29696K, used 4084K [0x00000000eab00000, 0x00000000ecc00000, 0x0000000100000000)
  eden space 25600K, 0% used [0x00000000eab00000,0x00000000eab00000,0x00000000ec400000)
  from space 4096K, 99% used [0x00000000ec800000,0x00000000ecbfd2a0,0x00000000ecc00000)
  to   space 4096K, 0% used [0x00000000ec400000,0x00000000ec400000,0x00000000ec800000)
 ParOldGen       total 68608K, used 4582K [0x00000000c0000000, 0x00000000c4300000, 0x00000000eab00000)
  object space 68608K, 6% used [0x00000000c0000000,0x00000000c04798c8,0x00000000c4300000)
 Metaspace       used 17139K, committed 17856K, reserved 1114112K
  class space    used 1742K, committed 2048K, reserved 1048576K
}

Dll operation events (10 events):
Event: 1.072 Loaded shared library c:\Users\Armero\.vscode\extensions\redhat.java-1.42.0-win32-x64\jre\21.0.7-win32-x86_64\bin\java.dll
Event: 1.252 Loaded shared library c:\Users\Armero\.vscode\extensions\redhat.java-1.42.0-win32-x64\jre\21.0.7-win32-x86_64\bin\zip.dll
Event: 1.301 Loaded shared library C:\Users\Armero\.vscode\extensions\redhat.java-1.42.0-win32-x64\jre\21.0.7-win32-x86_64\bin\instrument.dll
Event: 1.307 Loaded shared library C:\Users\Armero\.vscode\extensions\redhat.java-1.42.0-win32-x64\jre\21.0.7-win32-x86_64\bin\net.dll
Event: 1.309 Loaded shared library C:\Users\Armero\.vscode\extensions\redhat.java-1.42.0-win32-x64\jre\21.0.7-win32-x86_64\bin\nio.dll
Event: 1.312 Loaded shared library C:\Users\Armero\.vscode\extensions\redhat.java-1.42.0-win32-x64\jre\21.0.7-win32-x86_64\bin\zip.dll
Event: 1.344 Loaded shared library C:\Users\Armero\.vscode\extensions\redhat.java-1.42.0-win32-x64\jre\21.0.7-win32-x86_64\bin\jimage.dll
Event: 1.564 Loaded shared library c:\Users\Armero\.vscode\extensions\redhat.java-1.42.0-win32-x64\jre\21.0.7-win32-x86_64\bin\verify.dll
Event: 10.571 Loaded shared library C:\Users\Armero\AppData\Roaming\Code\User\globalStorage\redhat.java\1.42.0\config_ss_win\org.eclipse.equinox.launcher\org.eclipse.equinox.launcher.win32.win32.x86_64_1.2.1300.v20250331-1702\eclipse_11911.dll
Event: 85.462 Loaded shared library C:\Users\Armero\AppData\Local\Temp\jna-1969524134\jna6027396790636012029.dll

Deoptimization events (20 events):
Event: 93.363 Thread 0x00000260b7847b60 Uncommon trap: trap_request=0xffffffde fr.pc=0x00000260ae2c3314 relative=0x00000000000003b4
Event: 93.363 Thread 0x00000260b7847b60 Uncommon trap: reason=class_check action=maybe_recompile pc=0x00000260ae2c3314 method=java.util.regex.Pattern$BmpCharPropertyGreedy.match(Ljava/util/regex/Matcher;ILjava/lang/CharSequence;)Z @ 70 c2
Event: 93.363 Thread 0x00000260b7847b60 DEOPT PACKING pc=0x00000260ae2c3314 sp=0x000000b2322f3360
Event: 93.363 Thread 0x00000260b7847b60 DEOPT UNPACKING pc=0x00000260adc83aa2 sp=0x000000b2322f3308 mode 2
Event: 93.363 Thread 0x00000260b7847b60 Uncommon trap: trap_request=0xffffffde fr.pc=0x00000260ae2c3314 relative=0x00000000000003b4
Event: 93.363 Thread 0x00000260b7847b60 Uncommon trap: reason=class_check action=maybe_recompile pc=0x00000260ae2c3314 method=java.util.regex.Pattern$BmpCharPropertyGreedy.match(Ljava/util/regex/Matcher;ILjava/lang/CharSequence;)Z @ 70 c2
Event: 93.363 Thread 0x00000260b7847b60 DEOPT PACKING pc=0x00000260ae2c3314 sp=0x000000b2322f31b0
Event: 93.364 Thread 0x00000260b7847b60 DEOPT UNPACKING pc=0x00000260adc83aa2 sp=0x000000b2322f3158 mode 2
Event: 93.579 Thread 0x00000260b7847b60 Uncommon trap: trap_request=0xffffff45 fr.pc=0x00000260ae2eb8a0 relative=0x00000000000007a0
Event: 93.579 Thread 0x00000260b7847b60 Uncommon trap: reason=unstable_if action=reinterpret pc=0x00000260ae2eb8a0 method=org.lombokweb.asm.ClassReader.readUTF8(I[C)Ljava/lang/String; @ 11 c2
Event: 93.579 Thread 0x00000260b7847b60 DEOPT PACKING pc=0x00000260ae2eb8a0 sp=0x000000b2322f3a40
Event: 93.579 Thread 0x00000260b7847b60 DEOPT UNPACKING pc=0x00000260adc83aa2 sp=0x000000b2322f3a28 mode 2
Event: 150.479 Thread 0x00000260b7847b60 Uncommon trap: trap_request=0xffffff45 fr.pc=0x00000260ae2f795c relative=0x000000000000013c
Event: 150.485 Thread 0x00000260b7847b60 Uncommon trap: reason=unstable_if action=reinterpret pc=0x00000260ae2f795c method=org.lombokweb.asm.ByteVector.putByteArray([BII)Lorg/lombokweb/asm/ByteVector; @ 20 c2
Event: 150.485 Thread 0x00000260b7847b60 DEOPT PACKING pc=0x00000260ae2f795c sp=0x000000b2322f2890
Event: 150.485 Thread 0x00000260b7847b60 DEOPT UNPACKING pc=0x00000260adc83aa2 sp=0x000000b2322f2860 mode 2
Event: 150.486 Thread 0x00000260b7847b60 Uncommon trap: trap_request=0xffffff45 fr.pc=0x00000260ae2f8024 relative=0x0000000000000364
Event: 150.486 Thread 0x00000260b7847b60 Uncommon trap: reason=unstable_if action=reinterpret pc=0x00000260ae2f8024 method=org.lombokweb.asm.Label.resolve([BLorg/lombokweb/asm/ByteVector;I)Z @ 81 c2
Event: 150.486 Thread 0x00000260b7847b60 DEOPT PACKING pc=0x00000260ae2f8024 sp=0x000000b2322f2920
Event: 150.486 Thread 0x00000260b7847b60 DEOPT UNPACKING pc=0x00000260adc83aa2 sp=0x000000b2322f2828 mode 2

Classes loaded (20 events):
Event: 93.245 Loading class java/util/zip/GZIPInputStream
Event: 93.245 Loading class java/util/zip/GZIPInputStream done
Event: 93.612 Loading class java/io/StringReader
Event: 93.612 Loading class java/io/StringReader done
Event: 93.670 Loading class java/net/SocketTimeoutException
Event: 93.670 Loading class java/io/InterruptedIOException
Event: 93.670 Loading class java/io/InterruptedIOException done
Event: 93.670 Loading class java/net/SocketTimeoutException done
Event: 93.671 Loading class java/net/SocketException
Event: 93.673 Loading class java/net/SocketException done
Event: 93.673 Loading class java/net/UnknownHostException
Event: 93.674 Loading class java/net/UnknownHostException done
Event: 93.674 Loading class java/net/ProtocolException
Event: 93.674 Loading class java/net/ProtocolException done
Event: 93.703 Loading class java/lang/ThreadLocal$SuppliedThreadLocal
Event: 93.703 Loading class java/lang/ThreadLocal$SuppliedThreadLocal done
Event: 93.789 Loading class java/io/FileWriter
Event: 93.791 Loading class java/io/FileWriter done
Event: 93.797 Loading class java/lang/NegativeArraySizeException
Event: 93.798 Loading class java/lang/NegativeArraySizeException done

Classes unloaded (0 events):
No events

Classes redefined (0 events):
No events

Internal exceptions (20 events):
Event: 26.491 Thread 0x00000260b7847b60 Exception <a 'java/lang/NoSuchMethodError'{0x00000000eb6fb4f8}: 'java.lang.Object java.lang.invoke.DirectMethodHandle$Holder.invokeStaticInit(java.lang.Object, int, int, int, int)'> (0x00000000eb6fb4f8) 
thrown [s\src\hotspot\share\interpreter\linkResolver.cpp, line 773]
Event: 28.617 Thread 0x00000260b7847b60 Exception <a 'java/lang/NoSuchMethodError'{0x00000000eb84f918}: 'java.lang.Object java.lang.invoke.DirectMethodHandle$Holder.invokeStaticInit(java.lang.Object, java.lang.Object, int, int, int, int)'> (0x00000000eb84f918) 
thrown [s\src\hotspot\share\interpreter\linkResolver.cpp, line 773]
Event: 86.174 Thread 0x00000260b7847b60 Exception <a 'java/lang/NoSuchMethodError'{0x00000000eb968750}: 'void java.lang.invoke.DirectMethodHandle$Holder.invokeSpecial(java.lang.Object, java.lang.Object, java.lang.Object, int)'> (0x00000000eb968750) 
thrown [s\src\hotspot\share\interpreter\linkResolver.cpp, line 773]
Event: 86.175 Thread 0x00000260b7847b60 Exception <a 'java/lang/NoSuchMethodError'{0x00000000eb96c5e0}: 'void java.lang.invoke.DelegatingMethodHandle$Holder.reinvoke_L(java.lang.Object, java.lang.Object, int)'> (0x00000000eb96c5e0) 
thrown [s\src\hotspot\share\interpreter\linkResolver.cpp, line 773]
Event: 86.183 Thread 0x00000260b7847b60 Exception <a 'java/lang/NoSuchMethodError'{0x00000000eb973578}: 'int java.lang.invoke.Invokers$Holder.invokeExact_MT(java.lang.Object, java.lang.Object, java.lang.Object)'> (0x00000000eb973578) 
thrown [s\src\hotspot\share\interpreter\linkResolver.cpp, line 773]
Event: 86.739 Thread 0x00000260b7847b60 Exception <a 'java/lang/NoSuchMethodError'{0x00000000eba7cf28}: 'void java.lang.invoke.Invokers$Holder.invokeExact_MT(java.lang.Object, java.lang.Object, int, java.lang.Object)'> (0x00000000eba7cf28) 
thrown [s\src\hotspot\share\interpreter\linkResolver.cpp, line 773]
Event: 89.487 Thread 0x00000260b7847b60 Exception <a 'java/lang/NoSuchMethodError'{0x00000000ebb73188}: 'java.lang.Object java.lang.invoke.DirectMethodHandle$Holder.invokeSpecial(java.lang.Object, java.lang.Object, java.lang.Object, long, java.lang.Object)'> (0x00000000ebb73188) 
thrown [s\src\hotspot\share\interpreter\linkResolver.cpp, line 773]
Event: 89.489 Thread 0x00000260b7847b60 Exception <a 'java/lang/NoSuchMethodError'{0x00000000ebb7a918}: 'java.lang.Object java.lang.invoke.DirectMethodHandle$Holder.newInvokeSpecial(java.lang.Object, java.lang.Object, java.lang.Object, long)'> (0x00000000ebb7a918) 
thrown [s\src\hotspot\share\interpreter\linkResolver.cpp, line 773]
Event: 89.543 Thread 0x00000260b7847b60 Exception <a 'java/lang/NoSuchMethodError'{0x00000000ebb7e778}: 'java.lang.Object java.lang.invoke.Invokers$Holder.linkToTargetMethod(java.lang.Object, java.lang.Object, long, java.lang.Object)'> (0x00000000ebb7e778) 
thrown [s\src\hotspot\share\interpreter\linkResolver.cpp, line 773]
Event: 90.965 Thread 0x00000260b7847b60 Exception <a 'java/lang/NoSuchMethodError'{0x00000000ebbf00c8}: 'int java.lang.invoke.DirectMethodHandle$Holder.invokeStaticInit(java.lang.Object, java.lang.Object, java.lang.Object)'> (0x00000000ebbf00c8) 
thrown [s\src\hotspot\share\interpreter\linkResolver.cpp, line 773]
Event: 91.627 Thread 0x00000260b7847b60 Exception <a 'java/lang/IncompatibleClassChangeError'{0x00000000ebc723f8}: Found class java.lang.Object, but interface was expected> (0x00000000ebc723f8) 
thrown [s\src\hotspot\share\interpreter\linkResolver.cpp, line 840]
Event: 91.662 Thread 0x00000260b7847b60 Exception <a 'java/lang/NoSuchMethodError'{0x00000000ebc84c98}: 'java.lang.Object java.lang.invoke.DirectMethodHandle$Holder.invokeSpecial(java.lang.Object, java.lang.Object, java.lang.Object, int, java.lang.Object, java.lang.Object)'> (0x00000000ebc84c98) 
thrown [s\src\hotspot\share\interpreter\linkResolver.cpp, line 773]
Event: 91.663 Thread 0x00000260b7847b60 Exception <a 'java/lang/NoSuchMethodError'{0x00000000ebc8c530}: 'java.lang.Object java.lang.invoke.DirectMethodHandle$Holder.newInvokeSpecial(java.lang.Object, java.lang.Object, java.lang.Object, int, java.lang.Object)'> (0x00000000ebc8c530) 
thrown [s\src\hotspot\share\interpreter\linkResolver.cpp, line 773]
Event: 91.664 Thread 0x00000260b7847b60 Exception <a 'java/lang/NoSuchMethodError'{0x00000000ebc90020}: 'java.lang.Object java.lang.invoke.Invokers$Holder.linkToTargetMethod(java.lang.Object, java.lang.Object, int, java.lang.Object, java.lang.Object)'> (0x00000000ebc90020) 
thrown [s\src\hotspot\share\interpreter\linkResolver.cpp, line 773]
Event: 91.677 Thread 0x00000260f9914610 Exception <a 'java/lang/NoSuchMethodError'{0x00000000ebbce808}: 'java.lang.Object java.lang.invoke.DirectMethodHandle$Holder.invokeSpecial(java.lang.Object, java.lang.Object, int, java.lang.Object, java.lang.Object)'> (0x00000000ebbce808) 
thrown [s\src\hotspot\share\interpreter\linkResolver.cpp, line 773]
Event: 91.678 Thread 0x00000260f9914610 Exception <a 'java/lang/NoSuchMethodError'{0x00000000ebbd5540}: 'java.lang.Object java.lang.invoke.DirectMethodHandle$Holder.newInvokeSpecial(java.lang.Object, java.lang.Object, int, java.lang.Object)'> (0x00000000ebbd5540) 
thrown [s\src\hotspot\share\interpreter\linkResolver.cpp, line 773]
Event: 92.447 Thread 0x00000260b7847b60 Exception <a 'java/lang/NoSuchMethodError'{0x00000000ebd9cb70}: 'void java.lang.invoke.DirectMethodHandle$Holder.invokeSpecial(java.lang.Object, java.lang.Object, java.lang.Object, java.lang.Object, java.lang.Object)'> (0x00000000ebd9cb70) 
thrown [s\src\hotspot\share\interpreter\linkResolver.cpp, line 773]
Event: 92.807 Thread 0x00000260b7847b60 Exception <a 'java/lang/NoSuchMethodError'{0x00000000ebee7b48}: 'double java.lang.invoke.DirectMethodHandle$Holder.invokeStatic(java.lang.Object, java.lang.Object)'> (0x00000000ebee7b48) 
thrown [s\src\hotspot\share\interpreter\linkResolver.cpp, line 773]
Event: 92.807 Thread 0x00000260b7847b60 Exception <a 'java/lang/NoSuchMethodError'{0x00000000ebeeb1d8}: 'double java.lang.invoke.DirectMethodHandle$Holder.invokeStaticInit(java.lang.Object, java.lang.Object)'> (0x00000000ebeeb1d8) 
thrown [s\src\hotspot\share\interpreter\linkResolver.cpp, line 773]
Event: 150.479 Thread 0x00000260b7847b60 Implicit null exception at 0x00000260ae2f7875 to 0x00000260ae2f7944

ZGC Phase Switch (0 events):
No events

VM Operations (20 events):
Event: 97.596 Executing VM operation: Cleanup
Event: 97.764 Executing VM operation: Cleanup done
Event: 100.782 Executing VM operation: Cleanup
Event: 100.971 Executing VM operation: Cleanup done
Event: 106.013 Executing VM operation: Cleanup
Event: 106.735 Executing VM operation: Cleanup done
Event: 121.224 Executing VM operation: HandshakeAllThreads (HandshakeForDeflation)
Event: 121.224 Executing VM operation: HandshakeAllThreads (HandshakeForDeflation) done
Event: 121.224 Executing VM operation: RendezvousGCThreads
Event: 121.224 Executing VM operation: RendezvousGCThreads done
Event: 146.462 Executing VM operation: Cleanup
Event: 146.462 Executing VM operation: Cleanup done
Event: 147.463 Executing VM operation: Cleanup
Event: 147.479 Executing VM operation: Cleanup done
Event: 148.493 Executing VM operation: Cleanup
Event: 148.509 Executing VM operation: Cleanup done
Event: 149.511 Executing VM operation: Cleanup
Event: 149.511 Executing VM operation: Cleanup done
Event: 150.512 Executing VM operation: Cleanup
Event: 150.512 Executing VM operation: Cleanup done

Memory protections (0 events):
No events

Nmethod flushes (0 events):
No events

Events (20 events):
Event: 1.151 Thread 0x00000260a3500d50 Thread added: 0x00000260b782dad0
Event: 1.152 Thread 0x00000260a3500d50 Thread added: 0x00000260b782e9e0
Event: 1.152 Thread 0x00000260a3500d50 Thread added: 0x00000260b7838570
Event: 1.152 Thread 0x00000260a3500d50 Thread added: 0x00000260b78446e0
Event: 1.152 Thread 0x00000260a3500d50 Thread added: 0x00000260b7849e80
Event: 1.152 Thread 0x00000260a3500d50 Thread added: 0x00000260b784a9c0
Event: 1.220 Thread 0x00000260a3500d50 Thread added: 0x00000260b7844d70
Event: 1.777 Thread 0x00000260a3500d50 Thread added: 0x00000260b78467b0
Event: 7.682 Thread 0x00000260a3500d50 Thread added: 0x00000260b78474d0
Event: 10.015 Thread 0x00000260a3500d50 Thread added: 0x00000260b7845400
Event: 10.104 Thread 0x00000260a3500d50 Thread added: 0x00000260b7847b60
Event: 10.802 Thread 0x00000260b7847b60 Thread added: 0x00000260b7845a90
Event: 12.630 Thread 0x00000260b7847b60 Thread added: 0x00000260b7846120
Event: 17.753 Thread 0x00000260b7847b60 Thread added: 0x00000260b7846e40
Event: 19.876 Thread 0x00000260b7846120 Thread exited: 0x00000260b7846120
Event: 86.320 Thread 0x00000260b7847b60 Thread added: 0x00000260b7846120
Event: 89.937 Thread 0x00000260b7847b60 Thread added: 0x00000260f9914610
Event: 91.690 Thread 0x00000260b7847b60 Thread added: 0x00000260f9915330
Event: 91.734 Thread 0x00000260b7847b60 Thread added: 0x00000260f9913f80
Event: 97.775 Thread 0x00000260f9913f80 Thread exited: 0x00000260f9913f80


Dynamic libraries:
0x00007ff699300000 - 0x00007ff69930e000 	c:\Users\Armero\.vscode\extensions\redhat.java-1.42.0-win32-x64\jre\21.0.7-win32-x86_64\bin\java.exe
0x00007ff99ec90000 - 0x00007ff99ee88000 	C:\Windows\SYSTEM32\ntdll.dll
0x00007ff99d950000 - 0x00007ff99da12000 	C:\Windows\System32\KERNEL32.DLL
0x00007ff99c9c0000 - 0x00007ff99ccb6000 	C:\Windows\System32\KERNELBASE.dll
0x00007ff99c720000 - 0x00007ff99c820000 	C:\Windows\System32\ucrtbase.dll
0x00007ff98af30000 - 0x00007ff98af48000 	c:\Users\Armero\.vscode\extensions\redhat.java-1.42.0-win32-x64\jre\21.0.7-win32-x86_64\bin\jli.dll
0x00007ff99d020000 - 0x00007ff99d1bd000 	C:\Windows\System32\USER32.dll
0x00007ff99c590000 - 0x00007ff99c5b2000 	C:\Windows\System32\win32u.dll
0x00007ff99d860000 - 0x00007ff99d88b000 	C:\Windows\System32\GDI32.dll
0x00007ff99c820000 - 0x00007ff99c93a000 	C:\Windows\System32\gdi32full.dll
0x00007ff99c330000 - 0x00007ff99c3cd000 	C:\Windows\System32\msvcp_win.dll
0x00007ff98af10000 - 0x00007ff98af2e000 	c:\Users\Armero\.vscode\extensions\redhat.java-1.42.0-win32-x64\jre\21.0.7-win32-x86_64\bin\VCRUNTIME140.dll
0x00007ff98eb60000 - 0x00007ff98edfa000 	C:\Windows\WinSxS\amd64_microsoft.windows.common-controls_6595b64144ccf1df_6.0.19041.5794_none_60bcd33171f2783c\COMCTL32.dll
0x00007ff99d3d0000 - 0x00007ff99d46e000 	C:\Windows\System32\msvcrt.dll
0x00007ff99d830000 - 0x00007ff99d85f000 	C:\Windows\System32\IMM32.DLL
0x00007ff998de0000 - 0x00007ff998dec000 	c:\Users\Armero\.vscode\extensions\redhat.java-1.42.0-win32-x64\jre\21.0.7-win32-x86_64\bin\vcruntime140_1.dll
0x00007ff98ad80000 - 0x00007ff98ae0d000 	c:\Users\Armero\.vscode\extensions\redhat.java-1.42.0-win32-x64\jre\21.0.7-win32-x86_64\bin\msvcp140.dll
0x00007ff952660000 - 0x00007ff9533f0000 	c:\Users\Armero\.vscode\extensions\redhat.java-1.42.0-win32-x64\jre\21.0.7-win32-x86_64\bin\server\jvm.dll
0x00007ff99d470000 - 0x00007ff99d51f000 	C:\Windows\System32\ADVAPI32.dll
0x00007ff99d890000 - 0x00007ff99d92f000 	C:\Windows\System32\sechost.dll
0x00007ff99dd80000 - 0x00007ff99dea3000 	C:\Windows\System32\RPCRT4.dll
0x00007ff99c4b0000 - 0x00007ff99c4d7000 	C:\Windows\System32\bcrypt.dll
0x00007ff99cdf0000 - 0x00007ff99ce5b000 	C:\Windows\System32\WS2_32.dll
0x00007ff99c190000 - 0x00007ff99c1db000 	C:\Windows\SYSTEM32\POWRPROF.dll
0x00007ff985120000 - 0x00007ff985147000 	C:\Windows\SYSTEM32\WINMM.dll
0x00007ff98fac0000 - 0x00007ff98faca000 	C:\Windows\SYSTEM32\VERSION.dll
0x00007ff99c170000 - 0x00007ff99c182000 	C:\Windows\SYSTEM32\UMPDC.dll
0x00007ff99a1d0000 - 0x00007ff99a1e2000 	C:\Windows\SYSTEM32\kernel.appcore.dll
0x00007ff98e8b0000 - 0x00007ff98e8ba000 	c:\Users\Armero\.vscode\extensions\redhat.java-1.42.0-win32-x64\jre\21.0.7-win32-x86_64\bin\jimage.dll
0x00007ff98f7e0000 - 0x00007ff98f9e1000 	C:\Windows\SYSTEM32\DBGHELP.DLL
0x00007ff989d30000 - 0x00007ff989d64000 	C:\Windows\SYSTEM32\dbgcore.DLL
0x00007ff99c420000 - 0x00007ff99c4a2000 	C:\Windows\System32\bcryptPrimitives.dll
0x00007ff98af00000 - 0x00007ff98af0f000 	c:\Users\Armero\.vscode\extensions\redhat.java-1.42.0-win32-x64\jre\21.0.7-win32-x86_64\bin\instrument.dll
0x00007ff98ae20000 - 0x00007ff98ae3f000 	c:\Users\Armero\.vscode\extensions\redhat.java-1.42.0-win32-x64\jre\21.0.7-win32-x86_64\bin\java.dll
0x00007ff99e3f0000 - 0x00007ff99eb5e000 	C:\Windows\System32\SHELL32.dll
0x00007ff99a3d0000 - 0x00007ff99ab73000 	C:\Windows\SYSTEM32\windows.storage.dll
0x00007ff99da20000 - 0x00007ff99dd73000 	C:\Windows\System32\combase.dll
0x00007ff99bc90000 - 0x00007ff99bcbb000 	C:\Windows\SYSTEM32\Wldp.dll
0x00007ff99d2a0000 - 0x00007ff99d36d000 	C:\Windows\System32\OLEAUT32.dll
0x00007ff99d5b0000 - 0x00007ff99d65d000 	C:\Windows\System32\SHCORE.dll
0x00007ff99e330000 - 0x00007ff99e385000 	C:\Windows\System32\shlwapi.dll
0x00007ff99c260000 - 0x00007ff99c285000 	C:\Windows\SYSTEM32\profapi.dll
0x00007ff980a00000 - 0x00007ff980a18000 	c:\Users\Armero\.vscode\extensions\redhat.java-1.42.0-win32-x64\jre\21.0.7-win32-x86_64\bin\zip.dll
0x00007ff98aef0000 - 0x00007ff98af00000 	C:\Users\Armero\.vscode\extensions\redhat.java-1.42.0-win32-x64\jre\21.0.7-win32-x86_64\bin\net.dll
0x00007ff995570000 - 0x00007ff99567a000 	C:\Windows\SYSTEM32\WINHTTP.dll
0x00007ff99b9f0000 - 0x00007ff99ba5c000 	C:\Windows\system32\mswsock.dll
0x00007ff97fc10000 - 0x00007ff97fc26000 	C:\Users\Armero\.vscode\extensions\redhat.java-1.42.0-win32-x64\jre\21.0.7-win32-x86_64\bin\nio.dll
0x00007ff98ad70000 - 0x00007ff98ad80000 	c:\Users\Armero\.vscode\extensions\redhat.java-1.42.0-win32-x64\jre\21.0.7-win32-x86_64\bin\verify.dll
0x00007ff97a3c0000 - 0x00007ff97a405000 	C:\Users\Armero\AppData\Roaming\Code\User\globalStorage\redhat.java\1.42.0\config_ss_win\org.eclipse.equinox.launcher\org.eclipse.equinox.launcher.win32.win32.x86_64_1.2.1300.v20250331-1702\eclipse_11911.dll
0x00007ff99ccc0000 - 0x00007ff99cdeb000 	C:\Windows\System32\ole32.dll
0x00007ff99bbf0000 - 0x00007ff99bc08000 	C:\Windows\SYSTEM32\CRYPTSP.dll
0x00007ff99b310000 - 0x00007ff99b348000 	C:\Windows\system32\rsaenh.dll
0x00007ff99c220000 - 0x00007ff99c24e000 	C:\Windows\SYSTEM32\USERENV.dll
0x00007ff99bbe0000 - 0x00007ff99bbec000 	C:\Windows\SYSTEM32\CRYPTBASE.dll
0x00007ff99b6d0000 - 0x00007ff99b70b000 	C:\Windows\SYSTEM32\IPHLPAPI.DLL
0x00007ff99e320000 - 0x00007ff99e328000 	C:\Windows\System32\NSI.dll
0x00007ff95fde0000 - 0x00007ff95fe29000 	C:\Users\Armero\AppData\Local\Temp\jna-1969524134\jna6027396790636012029.dll
0x00007ff99ebc0000 - 0x00007ff99ebc8000 	C:\Windows\System32\PSAPI.DLL

dbghelp: loaded successfully - version: 4.0.5 - missing functions: none
symbol engine: initialized successfully - sym options: 0x614 - pdb path: .;c:\Users\Armero\.vscode\extensions\redhat.java-1.42.0-win32-x64\jre\21.0.7-win32-x86_64\bin;C:\Windows\SYSTEM32;C:\Windows\WinSxS\amd64_microsoft.windows.common-controls_6595b64144ccf1df_6.0.19041.5794_none_60bcd33171f2783c;c:\Users\Armero\.vscode\extensions\redhat.java-1.42.0-win32-x64\jre\21.0.7-win32-x86_64\bin\server;C:\Users\Armero\AppData\Roaming\Code\User\globalStorage\redhat.java\1.42.0\config_ss_win\org.eclipse.equinox.launcher\org.eclipse.equinox.launcher.win32.win32.x86_64_1.2.1300.v20250331-1702;C:\Users\Armero\AppData\Local\Temp\jna-1969524134

VM Arguments:
jvm_args: --add-modules=ALL-SYSTEM --add-opens=java.base/java.util=ALL-UNNAMED --add-opens=java.base/java.lang=ALL-UNNAMED --add-opens=java.base/sun.nio.fs=ALL-UNNAMED -Declipse.application=org.eclipse.jdt.ls.core.id1 -Dosgi.bundles.defaultStartLevel=4 -Declipse.product=org.eclipse.jdt.ls.core.product -Djava.import.generatesMetadataFilesAtProjectRoot=false -DDetectVMInstallationsJob.disabled=true -Dfile.encoding=utf8 -XX:+UseParallelGC -XX:GCTimeRatio=4 -XX:AdaptiveSizePolicyWeight=90 -Dsun.zip.disableMemoryMapping=true -Xmx1G -Xms100m -Xlog:disable -javaagent:c:\Users\Armero\.vscode\extensions\redhat.java-1.42.0-win32-x64\lombok\lombok-1.18.36.jar 
java_command: c:\Users\Armero\.vscode\extensions\redhat.java-1.42.0-win32-x64\server\plugins\org.eclipse.equinox.launcher_1.7.0.v20250424-1814.jar -configuration c:\Users\Armero\AppData\Roaming\Code\User\globalStorage\redhat.java\1.42.0\config_ss_win -data c:\Users\Armero\AppData\Roaming\Code\User\workspaceStorage\8010151f60e7bb20254619aac942df45\redhat.java\ss_ws --pipe=\\.\pipe\lsp-1ddec7c0e02dcf3353c1072c69b60c77-sock
java_class_path (initial): c:\Users\Armero\.vscode\extensions\redhat.java-1.42.0-win32-x64\server\plugins\org.eclipse.equinox.launcher_1.7.0.v20250424-1814.jar
Launcher Type: SUN_STANDARD

[Global flags]
    uintx AdaptiveSizePolicyWeight                 = 90                                        {product} {command line}
     intx CICompilerCount                          = 3                                         {product} {ergonomic}
    uintx GCTimeRatio                              = 4                                         {product} {command line}
   size_t InitialHeapSize                          = 104857600                                 {product} {command line}
   size_t MaxHeapSize                              = 1073741824                                {product} {command line}
   size_t MaxNewSize                               = 357564416                                 {product} {ergonomic}
   size_t MinHeapDeltaBytes                        = 524288                                    {product} {ergonomic}
   size_t MinHeapSize                              = 104857600                                 {product} {command line}
   size_t NewSize                                  = 34603008                                  {product} {ergonomic}
    uintx NonNMethodCodeHeapSize                   = 5832780                                {pd product} {ergonomic}
    uintx NonProfiledCodeHeapSize                  = 122912730                              {pd product} {ergonomic}
   size_t OldSize                                  = 70254592                                  {product} {ergonomic}
    uintx ProfiledCodeHeapSize                     = 122912730                              {pd product} {ergonomic}
    uintx ReservedCodeCacheSize                    = 251658240                              {pd product} {ergonomic}
     bool SegmentedCodeCache                       = true                                      {product} {ergonomic}
   size_t SoftMaxHeapSize                          = 1073741824                             {manageable} {ergonomic}
     bool UseCompressedOops                        = true                           {product lp64_product} {ergonomic}
     bool UseLargePagesIndividualAllocation        = false                                  {pd product} {ergonomic}
     bool UseParallelGC                            = true                                      {product} {command line}

Logging:
Log output configuration:
 #0: stdout all=off uptime,level,tags foldmultilines=false
 #1: stderr all=off uptime,level,tags foldmultilines=false

Environment Variables:
JAVA_HOME=C:\Program Files\BellSoft\LibericaJDK-17\
PATH=C:\Program Files (x86)\VMware\VMware Workstation\bin\;C:\Program Files\BellSoft\LibericaJDK-17\bin\;C:\msys64\mingw64\bin;C:\Program Files\Common Files\Oracle\Java\javapath;C:\Windows\system32;C:\Windows;C:\Windows\System32\Wbem;C:\Windows\System32\WindowsPowerShell\v1.0\;C:\Windows\System32\OpenSSH\;C:\Program Files\Git\cmd;C:\Program Files\Microsoft SQL Server\150\Tools\Binn\;C:\Program Files\Microsoft SQL Server\Client SDK\ODBC\170\Tools\Binn\;C:\Program Files\dotnet\;C:\Program Files (x86)\Windows Kits\10\Windows Performance Toolkit\;C:\maven\bin;C:\Users\Armero\AppData\Local\Microsoft\WindowsApps;C:\Users\Armero\AppData\Local\Programs\Microsoft VS Code\bin;C:\Users\Armero\.dotnet\tools;C:\Program Files\JetBrains\IntelliJ IDEA 2024.2.1\bin;
USERNAME=Armero
OS=Windows_NT
PROCESSOR_IDENTIFIER=Intel64 Family 6 Model 42 Stepping 7, GenuineIntel
TMP=C:\Users\Armero\AppData\Local\Temp
TEMP=C:\Users\Armero\AppData\Local\Temp




Periodic native trim disabled

---------------  S Y S T E M  ---------------

OS:
 Windows 10 , 64 bit Build 19041 (10.0.19041.5794)
OS uptime: 0 days 1:15 hours

CPU: total 4 (initial active 4) (2 cores per cpu, 2 threads per core) family 6 model 42 stepping 7 microcode 0x2f, cx8, cmov, fxsr, ht, mmx, sse, sse2, sse3, ssse3, sse4.1, sse4.2, popcnt, tsc, tscinvbit, avx, clmul, vzeroupper, clflush, rdtscp
Processor Information for the first 4 processors :
  Max Mhz: 3300, Current Mhz: 3300, Mhz Limit: 3300

Memory: 4k page, system-wide physical 4008M (145M free)
TotalPageFile size 16296M (AvailPageFile size 14M)
current process WorkingSet (physical memory assigned to process): 77M, peak: 106M
current process commit charge ("private bytes"): 235M, peak: 237M

vm_info: OpenJDK 64-Bit Server VM (21.0.7+6-LTS) for windows-amd64 JRE (21.0.7+6-LTS), built on 2025-04-15T00:00:00Z by "admin" with MS VC++ 17.7 (VS2022)

END.
