#
# There is insufficient memory for the Java Runtime Environment to continue.
# Native memory allocation (malloc) failed to allocate 432016 bytes. Error detail: Chunk::new
# Possible reasons:
#   The system is out of physical RAM or swap space
#   This process is running with CompressedOops enabled, and the Java Heap may be blocking the growth of the native heap
# Possible solutions:
#   Reduce memory load on the system
#   Increase physical memory or swap space
#   Check if swap backing store is full
#   Decrease Java heap size (-Xmx/-Xms)
#   Decrease number of Java threads
#   Decrease Java thread stack sizes (-Xss)
#   Set larger code cache with -XX:ReservedCodeCacheSize=
#   JVM is running with Unscaled Compressed Oops mode in which the Java heap is
#     placed in the first 4GB address space. The Java Heap base address is the
#     maximum limit for the native heap growth. Please use -XX:HeapBaseMinAddress
#     to set the Java Heap base and to place the Java Heap above 4GB virtual address.
# This output file may be truncated or incomplete.
#
#  Out of Memory Error (arena.cpp:168), pid=14536, tid=11612
#
# JRE version: OpenJDK Runtime Environment Temurin-21.0.7+6 (21.0.7+6) (build 21.0.7+6-LTS)
# Java VM: OpenJDK 64-Bit Server VM Temurin-21.0.7+6 (21.0.7+6-LTS, mixed mode, sharing, tiered, compressed oops, compressed class ptrs, parallel gc, windows-amd64)
# No core dump will be written. Minidumps are not enabled by default on client versions of Windows
#

---------------  S U M M A R Y ------------

Command Line: --add-modules=ALL-SYSTEM --add-opens=java.base/java.util=ALL-UNNAMED --add-opens=java.base/java.lang=ALL-UNNAMED --add-opens=java.base/sun.nio.fs=ALL-UNNAMED -Declipse.application=org.eclipse.jdt.ls.core.id1 -Dosgi.bundles.defaultStartLevel=4 -Declipse.product=org.eclipse.jdt.ls.core.product -Djava.import.generatesMetadataFilesAtProjectRoot=false -DDetectVMInstallationsJob.disabled=true -Dfile.encoding=utf8 -XX:+UseParallelGC -XX:GCTimeRatio=4 -XX:AdaptiveSizePolicyWeight=90 -Dsun.zip.disableMemoryMapping=true -Xmx1G -Xms100m -Xlog:disable -javaagent:c:\Users\Armero\.vscode\extensions\redhat.java-1.42.0-win32-x64\lombok\lombok-1.18.36.jar -XX:+HeapDumpOnOutOfMemoryError -XX:HeapDumpPath=c:\Users\Armero\AppData\Roaming\Code\User\workspaceStorage\8010151f60e7bb20254619aac942df45\redhat.java -Daether.dependencyCollector.impl=bf c:\Users\Armero\.vscode\extensions\redhat.java-1.42.0-win32-x64\server\plugins\org.eclipse.equinox.launcher_1.7.0.v20250424-1814.jar -configuration c:\Users\Armero\AppData\Roaming\Code\User\globalStorage\redhat.java\1.42.0\config_win -data c:\Users\Armero\AppData\Roaming\Code\User\workspaceStorage\8010151f60e7bb20254619aac942df45\redhat.java\jdt_ws --pipe=\\.\pipe\lsp-8a7a69536e42b961929a995dd346b4c3-sock

Host: Intel(R) Core(TM) i3-2120 CPU @ 3.30GHz, 4 cores, 3G,  Windows 10 , 64 bit Build 19041 (10.0.19041.5794)
Time: Sun Jun  8 14:13:20 2025 Hora est. Pacífico, Sudamérica elapsed time: 21.116402 seconds (0d 0h 0m 21s)

---------------  T H R E A D  ---------------

Current thread (0x0000023a31d225d0):  JavaThread "C2 CompilerThread0" daemon [_thread_in_native, id=11612, stack(0x0000008f9c200000,0x0000008f9c300000) (1024K)]


Current CompileTask:
C2:21116 3868 %     4       java.util.zip.ZipFile$Source::initCEN @ 261 (612 bytes)

Stack: [0x0000008f9c200000,0x0000008f9c300000]
Native frames: (J=compiled Java code, j=interpreted, Vv=VM code, C=native code)
V  [jvm.dll+0x6ce119]
V  [jvm.dll+0x8a84a1]
V  [jvm.dll+0x8aa9ce]
V  [jvm.dll+0x8ab0b3]
V  [jvm.dll+0x27f8a6]
V  [jvm.dll+0xc507d]
V  [jvm.dll+0xc55b3]
V  [jvm.dll+0x3b68f2]
V  [jvm.dll+0x382aa5]
V  [jvm.dll+0x381f0a]
V  [jvm.dll+0x247af0]
V  [jvm.dll+0x2470cf]
V  [jvm.dll+0x1c760e]
V  [jvm.dll+0x25695a]
V  [jvm.dll+0x254efa]
V  [jvm.dll+0x3f03f6]
V  [jvm.dll+0x851f6b]
V  [jvm.dll+0x6cc7dd]
C  [ucrtbase.dll+0x21bb2]
C  [KERNEL32.DLL+0x17374]
C  [ntdll.dll+0x4cc91]


---------------  P R O C E S S  ---------------

Threads class SMR info:
_java_thread_list=0x0000023a78a3b110, length=22, elements={
0x0000023a1d9ef470, 0x0000023a31d17a80, 0x0000023a31d1a390, 0x0000023a31d1bc90,
0x0000023a31d1ce20, 0x0000023a31d1dd30, 0x0000023a31d217a0, 0x0000023a31d225d0,
0x0000023a31d98500, 0x0000023a1dab6600, 0x0000023a73e28690, 0x0000023a785c0a90,
0x0000023a786c4b70, 0x0000023a786e3830, 0x0000023a780683e0, 0x0000023a73d154e0,
0x0000023a78769060, 0x0000023a31dde480, 0x0000023a31ddd0d0, 0x0000023a31ddc3b0,
0x0000023a31ddca40, 0x0000023a31ddf1a0
}

Java Threads: ( => current thread )
  0x0000023a1d9ef470 JavaThread "main"                              [_thread_blocked, id=9396, stack(0x0000008f9b800000,0x0000008f9b900000) (1024K)]
  0x0000023a31d17a80 JavaThread "Reference Handler"          daemon [_thread_blocked, id=4684, stack(0x0000008f9bc00000,0x0000008f9bd00000) (1024K)]
  0x0000023a31d1a390 JavaThread "Finalizer"                  daemon [_thread_blocked, id=13712, stack(0x0000008f9bd00000,0x0000008f9be00000) (1024K)]
  0x0000023a31d1bc90 JavaThread "Signal Dispatcher"          daemon [_thread_blocked, id=13944, stack(0x0000008f9be00000,0x0000008f9bf00000) (1024K)]
  0x0000023a31d1ce20 JavaThread "Attach Listener"            daemon [_thread_blocked, id=14804, stack(0x0000008f9bf00000,0x0000008f9c000000) (1024K)]
  0x0000023a31d1dd30 JavaThread "Service Thread"             daemon [_thread_blocked, id=7540, stack(0x0000008f9c000000,0x0000008f9c100000) (1024K)]
  0x0000023a31d217a0 JavaThread "Monitor Deflation Thread"   daemon [_thread_blocked, id=13964, stack(0x0000008f9c100000,0x0000008f9c200000) (1024K)]
=>0x0000023a31d225d0 JavaThread "C2 CompilerThread0"         daemon [_thread_in_native, id=11612, stack(0x0000008f9c200000,0x0000008f9c300000) (1024K)]
  0x0000023a31d98500 JavaThread "C1 CompilerThread0"         daemon [_thread_blocked, id=12324, stack(0x0000008f9c300000,0x0000008f9c400000) (1024K)]
  0x0000023a1dab6600 JavaThread "Common-Cleaner"             daemon [_thread_blocked, id=1928, stack(0x0000008f9c400000,0x0000008f9c500000) (1024K)]
  0x0000023a73e28690 JavaThread "Notification Thread"        daemon [_thread_blocked, id=2156, stack(0x0000008f9c500000,0x0000008f9c600000) (1024K)]
  0x0000023a785c0a90 JavaThread "Active Thread: Equinox Container: 128df5b1-5562-441d-ae36-390a3e3d2fdb"        [_thread_blocked, id=12584, stack(0x0000008f9c900000,0x0000008f9ca00000) (1024K)]
  0x0000023a786c4b70 JavaThread "Refresh Thread: Equinox Container: 128df5b1-5562-441d-ae36-390a3e3d2fdb" daemon [_thread_blocked, id=9820, stack(0x0000008f9ca00000,0x0000008f9cb00000) (1024K)]
  0x0000023a786e3830 JavaThread "Framework Event Dispatcher: Equinox Container: 128df5b1-5562-441d-ae36-390a3e3d2fdb" daemon [_thread_blocked, id=14448, stack(0x0000008f9cb00000,0x0000008f9cc00000) (1024K)]
  0x0000023a780683e0 JavaThread "Start Level: Equinox Container: 128df5b1-5562-441d-ae36-390a3e3d2fdb" daemon [_thread_in_vm, id=12920, stack(0x0000008f9cc00000,0x0000008f9cd00000) (1024K)]
  0x0000023a73d154e0 JavaThread "Bundle File Closer"         daemon [_thread_blocked, id=8956, stack(0x0000008f9cd00000,0x0000008f9ce00000) (1024K)]
  0x0000023a78769060 JavaThread "SCR Component Actor"        daemon [_thread_blocked, id=11904, stack(0x0000008f9ce00000,0x0000008f9cf00000) (1024K)]
  0x0000023a31dde480 JavaThread "SCR Component Registry"     daemon [_thread_blocked, id=4364, stack(0x0000008f9cf00000,0x0000008f9d000000) (1024K)]
  0x0000023a31ddd0d0 JavaThread "Worker-JM"                         [_thread_blocked, id=6904, stack(0x0000008f9d000000,0x0000008f9d100000) (1024K)]
  0x0000023a31ddc3b0 JavaThread "JNA Cleaner"                daemon [_thread_blocked, id=12024, stack(0x0000008f9d100000,0x0000008f9d200000) (1024K)]
  0x0000023a31ddca40 JavaThread "Worker-0: Checking project encoding"        [_thread_blocked, id=13096, stack(0x0000008f9d200000,0x0000008f9d300000) (1024K)]
  0x0000023a31ddf1a0 JavaThread "Worker-1"                          [_thread_blocked, id=12840, stack(0x0000008f9d300000,0x0000008f9d400000) (1024K)]
Total: 22

Other Threads:
  0x0000023a31cfcb20 VMThread "VM Thread"                           [id=5456, stack(0x0000008f9bb00000,0x0000008f9bc00000) (1024K)]
  0x0000023a1dab5a20 WatcherThread "VM Periodic Task Thread"        [id=2804, stack(0x0000008f9ba00000,0x0000008f9bb00000) (1024K)]
  0x0000023a1da0c9f0 WorkerThread "GC Thread#0"                     [id=10444, stack(0x0000008f9b900000,0x0000008f9ba00000) (1024K)]
  0x0000023a781c3b00 WorkerThread "GC Thread#1"                     [id=11440, stack(0x0000008f9c600000,0x0000008f9c700000) (1024K)]
  0x0000023a784379f0 WorkerThread "GC Thread#2"                     [id=11724, stack(0x0000008f9c700000,0x0000008f9c800000) (1024K)]
  0x0000023a781b4290 WorkerThread "GC Thread#3"                     [id=12448, stack(0x0000008f9c800000,0x0000008f9c900000) (1024K)]
Total: 6

Threads with active compile tasks:
C2 CompilerThread0  21216 3868 %     4       java.util.zip.ZipFile$Source::initCEN @ 261 (612 bytes)
Total: 1

VM state: not at safepoint (normal execution)

VM Mutex/Monitor currently owned by a thread: None

Heap address: 0x00000000c0000000, size: 1024 MB, Compressed Oops mode: 32-bit

CDS archive(s) mapped at: [0x0000023a32000000-0x0000023a32ba0000-0x0000023a32ba0000), size 12189696, SharedBaseAddress: 0x0000023a32000000, ArchiveRelocationMode: 1.
Compressed class space mapped at: 0x0000023a33000000-0x0000023a73000000, reserved size: 1073741824
Narrow klass base: 0x0000023a32000000, Narrow klass shift: 0, Narrow klass range: 0x100000000

GC Precious Log:
 CardTable entry size: 512
 CPUs: 4 total, 4 available
 Memory: 4008M
 Large Page Support: Disabled
 NUMA Support: Disabled
 Compressed Oops: Enabled (32-bit)
 Alignments: Space 512K, Generation 512K, Heap 2M
 Heap Min Capacity: 100M
 Heap Initial Capacity: 100M
 Heap Max Capacity: 1G
 Pre-touch: Disabled
 Parallel Workers: 4

Heap:
 PSYoungGen      total 29696K, used 20922K [0x00000000eab00000, 0x00000000ece80000, 0x0000000100000000)
  eden space 24576K, 64% used [0x00000000eab00000,0x00000000eba97cd8,0x00000000ec300000)
  from space 5120K, 96% used [0x00000000ec980000,0x00000000ece56ba0,0x00000000ece80000)
  to   space 5632K, 0% used [0x00000000ec380000,0x00000000ec380000,0x00000000ec900000)
 ParOldGen       total 68608K, used 8533K [0x00000000c0000000, 0x00000000c4300000, 0x00000000eab00000)
  object space 68608K, 12% used [0x00000000c0000000,0x00000000c0855648,0x00000000c4300000)
 Metaspace       used 20014K, committed 20800K, reserved 1114112K
  class space    used 2040K, committed 2368K, reserved 1048576K

Card table byte_map: [0x0000023a1d3d0000,0x0000023a1d5e0000] _byte_map_base: 0x0000023a1cdd0000

Marking Bits: (ParMarkBitMap*) 0x00007ff95d3531f0
 Begin Bits: [0x0000023a2fbf0000, 0x0000023a30bf0000)
 End Bits:   [0x0000023a30bf0000, 0x0000023a31bf0000)

Polling page: 0x0000023a1d1c0000

Metaspace:

Usage:
  Non-class:     17.55 MB used.
      Class:      1.99 MB used.
       Both:     19.55 MB used.

Virtual space:
  Non-class space:       64.00 MB reserved,      18.00 MB ( 28%) committed,  1 nodes.
      Class space:        1.00 GB reserved,       2.31 MB ( <1%) committed,  1 nodes.
             Both:        1.06 GB reserved,      20.31 MB (  2%) committed. 

Chunk freelists:
   Non-Class:  13.58 MB
       Class:  13.64 MB
        Both:  27.22 MB

MaxMetaspaceSize: unlimited
CompressedClassSpaceSize: 1.00 GB
Initial GC threshold: 21.00 MB
Current GC threshold: 21.00 MB
CDS: on
 - commit_granule_bytes: 65536.
 - commit_granule_words: 8192.
 - virtual_space_node_default_size: 8388608.
 - enlarge_chunks_in_place: 1.
 - use_allocation_guard: 0.


Internal statistics:

num_allocs_failed_limit: 0.
num_arena_births: 620.
num_arena_deaths: 0.
num_vsnodes_births: 2.
num_vsnodes_deaths: 0.
num_space_committed: 325.
num_space_uncommitted: 0.
num_chunks_returned_to_freelist: 0.
num_chunks_taken_from_freelist: 1406.
num_chunk_merges: 0.
num_chunk_splits: 890.
num_chunks_enlarged: 543.
num_inconsistent_stats: 0.

CodeHeap 'non-profiled nmethods': size=120000Kb used=1727Kb max_used=1727Kb free=118272Kb
 bounds [0x0000023a286c0000, 0x0000023a28930000, 0x0000023a2fbf0000]
CodeHeap 'profiled nmethods': size=120000Kb used=8067Kb max_used=8067Kb free=111932Kb
 bounds [0x0000023a20bf0000, 0x0000023a213e0000, 0x0000023a28120000]
CodeHeap 'non-nmethods': size=5760Kb used=1289Kb max_used=1320Kb free=4470Kb
 bounds [0x0000023a28120000, 0x0000023a28390000, 0x0000023a286c0000]
 total_blobs=4434 nmethods=3864 adapters=476
 compilation: enabled
              stopped_count=0, restarted_count=0
 full_count=0

Compilation events (20 events):
Event: 20.898 Thread 0x0000023a31d98500 3859       3       java.lang.StringBuilder::append (8 bytes)
Event: 20.898 Thread 0x0000023a31d98500 nmethod 3859 0x0000023a213ca490 code [0x0000023a213ca640, 0x0000023a213ca790]
Event: 20.899 Thread 0x0000023a31d98500 3860       3       java.util.Calendar::internalSet (8 bytes)
Event: 20.899 Thread 0x0000023a31d98500 nmethod 3860 0x0000023a213ca810 code [0x0000023a213ca9c0, 0x0000023a213caaf8]
Event: 20.907 Thread 0x0000023a31d98500 3862       3       java.lang.AbstractStringBuilder::append (77 bytes)
Event: 20.907 Thread 0x0000023a31d98500 nmethod 3862 0x0000023a213cac10 code [0x0000023a213cae20, 0x0000023a213cb4d8]
Event: 20.992 Thread 0x0000023a31d225d0 nmethod 3853 0x0000023a28869b90 code [0x0000023a28869fc0, 0x0000023a2886c088]
Event: 20.992 Thread 0x0000023a31d225d0 3861   !   4       java.lang.ref.ReferenceQueue::poll (40 bytes)
Event: 20.999 Thread 0x0000023a31d225d0 nmethod 3861 0x0000023a2886da90 code [0x0000023a2886dc80, 0x0000023a2886dfc8]
Event: 20.999 Thread 0x0000023a31d225d0 3863   !   4       org.eclipse.osgi.storage.bundlefile.CloseableBundleFile::lockOpen (113 bytes)
Event: 21.015 Thread 0x0000023a31d225d0 nmethod 3863 0x0000023a2886e310 code [0x0000023a2886e5a0, 0x0000023a2886efb0]
Event: 21.022 Thread 0x0000023a31d98500 3864       3       java.util.zip.ZipFile::<init> (7 bytes)
Event: 21.022 Thread 0x0000023a31d98500 nmethod 3864 0x0000023a213cb790 code [0x0000023a213cb940, 0x0000023a213cbae8]
Event: 21.023 Thread 0x0000023a31d98500 3865   !   3       java.util.zip.ZipFile$Source::findEND (669 bytes)
Event: 21.028 Thread 0x0000023a31d98500 nmethod 3865 0x0000023a213cbc10 code [0x0000023a213cc160, 0x0000023a213cf1f0]
Event: 21.033 Thread 0x0000023a31d225d0 3866       4       java.lang.StringConcatHelper::newString (67 bytes)
Event: 21.034 Thread 0x0000023a31d225d0 nmethod 3866 0x0000023a2886f910 code [0x0000023a2886faa0, 0x0000023a2886fbb0]
Event: 21.036 Thread 0x0000023a31d98500 3867       3       java.lang.reflect.Method::<init> (68 bytes)
Event: 21.037 Thread 0x0000023a31d98500 nmethod 3867 0x0000023a213d0910 code [0x0000023a213d0ac0, 0x0000023a213d0dd0]
Event: 21.039 Thread 0x0000023a31d225d0 3868 %     4       java.util.zip.ZipFile$Source::initCEN @ 261 (612 bytes)

GC Heap History (12 events):
Event: 3.816 GC heap before
{Heap before GC invocations=1 (full 0):
 PSYoungGen      total 29696K, used 25600K [0x00000000eab00000, 0x00000000ecc00000, 0x0000000100000000)
  eden space 25600K, 100% used [0x00000000eab00000,0x00000000ec400000,0x00000000ec400000)
  from space 4096K, 0% used [0x00000000ec800000,0x00000000ec800000,0x00000000ecc00000)
  to   space 4096K, 0% used [0x00000000ec400000,0x00000000ec400000,0x00000000ec800000)
 ParOldGen       total 68608K, used 0K [0x00000000c0000000, 0x00000000c4300000, 0x00000000eab00000)
  object space 68608K, 0% used [0x00000000c0000000,0x00000000c0000000,0x00000000c4300000)
 Metaspace       used 4359K, committed 4608K, reserved 1114112K
  class space    used 460K, committed 576K, reserved 1048576K
}
Event: 3.867 GC heap after
{Heap after GC invocations=1 (full 0):
 PSYoungGen      total 29696K, used 3270K [0x00000000eab00000, 0x00000000ecc00000, 0x0000000100000000)
  eden space 25600K, 0% used [0x00000000eab00000,0x00000000eab00000,0x00000000ec400000)
  from space 4096K, 79% used [0x00000000ec400000,0x00000000ec731870,0x00000000ec800000)
  to   space 4096K, 0% used [0x00000000ec800000,0x00000000ec800000,0x00000000ecc00000)
 ParOldGen       total 68608K, used 0K [0x00000000c0000000, 0x00000000c4300000, 0x00000000eab00000)
  object space 68608K, 0% used [0x00000000c0000000,0x00000000c0000000,0x00000000c4300000)
 Metaspace       used 4359K, committed 4608K, reserved 1114112K
  class space    used 460K, committed 576K, reserved 1048576K
}
Event: 6.831 GC heap before
{Heap before GC invocations=2 (full 0):
 PSYoungGen      total 29696K, used 28870K [0x00000000eab00000, 0x00000000ecc00000, 0x0000000100000000)
  eden space 25600K, 100% used [0x00000000eab00000,0x00000000ec400000,0x00000000ec400000)
  from space 4096K, 79% used [0x00000000ec400000,0x00000000ec731870,0x00000000ec800000)
  to   space 4096K, 0% used [0x00000000ec800000,0x00000000ec800000,0x00000000ecc00000)
 ParOldGen       total 68608K, used 0K [0x00000000c0000000, 0x00000000c4300000, 0x00000000eab00000)
  object space 68608K, 0% used [0x00000000c0000000,0x00000000c0000000,0x00000000c4300000)
 Metaspace       used 8069K, committed 8384K, reserved 1114112K
  class space    used 809K, committed 960K, reserved 1048576K
}
Event: 6.839 GC heap after
{Heap after GC invocations=2 (full 0):
 PSYoungGen      total 29696K, used 4068K [0x00000000eab00000, 0x00000000ecc00000, 0x0000000100000000)
  eden space 25600K, 0% used [0x00000000eab00000,0x00000000eab00000,0x00000000ec400000)
  from space 4096K, 99% used [0x00000000ec800000,0x00000000ecbf91d8,0x00000000ecc00000)
  to   space 4096K, 0% used [0x00000000ec400000,0x00000000ec400000,0x00000000ec800000)
 ParOldGen       total 68608K, used 1755K [0x00000000c0000000, 0x00000000c4300000, 0x00000000eab00000)
  object space 68608K, 2% used [0x00000000c0000000,0x00000000c01b6f48,0x00000000c4300000)
 Metaspace       used 8069K, committed 8384K, reserved 1114112K
  class space    used 809K, committed 960K, reserved 1048576K
}
Event: 9.384 GC heap before
{Heap before GC invocations=3 (full 0):
 PSYoungGen      total 29696K, used 29668K [0x00000000eab00000, 0x00000000ecc00000, 0x0000000100000000)
  eden space 25600K, 100% used [0x00000000eab00000,0x00000000ec400000,0x00000000ec400000)
  from space 4096K, 99% used [0x00000000ec800000,0x00000000ecbf91d8,0x00000000ecc00000)
  to   space 4096K, 0% used [0x00000000ec400000,0x00000000ec400000,0x00000000ec800000)
 ParOldGen       total 68608K, used 1755K [0x00000000c0000000, 0x00000000c4300000, 0x00000000eab00000)
  object space 68608K, 2% used [0x00000000c0000000,0x00000000c01b6f48,0x00000000c4300000)
 Metaspace       used 9412K, committed 9792K, reserved 1114112K
  class space    used 967K, committed 1152K, reserved 1048576K
}
Event: 9.396 GC heap after
{Heap after GC invocations=3 (full 0):
 PSYoungGen      total 29696K, used 4076K [0x00000000eab00000, 0x00000000ecc00000, 0x0000000100000000)
  eden space 25600K, 0% used [0x00000000eab00000,0x00000000eab00000,0x00000000ec400000)
  from space 4096K, 99% used [0x00000000ec400000,0x00000000ec7fb070,0x00000000ec800000)
  to   space 4096K, 0% used [0x00000000ec800000,0x00000000ec800000,0x00000000ecc00000)
 ParOldGen       total 68608K, used 5274K [0x00000000c0000000, 0x00000000c4300000, 0x00000000eab00000)
  object space 68608K, 7% used [0x00000000c0000000,0x00000000c0526850,0x00000000c4300000)
 Metaspace       used 9412K, committed 9792K, reserved 1114112K
  class space    used 967K, committed 1152K, reserved 1048576K
}
Event: 13.980 GC heap before
{Heap before GC invocations=4 (full 0):
 PSYoungGen      total 29696K, used 29676K [0x00000000eab00000, 0x00000000ecc00000, 0x0000000100000000)
  eden space 25600K, 100% used [0x00000000eab00000,0x00000000ec400000,0x00000000ec400000)
  from space 4096K, 99% used [0x00000000ec400000,0x00000000ec7fb070,0x00000000ec800000)
  to   space 4096K, 0% used [0x00000000ec800000,0x00000000ec800000,0x00000000ecc00000)
 ParOldGen       total 68608K, used 5274K [0x00000000c0000000, 0x00000000c4300000, 0x00000000eab00000)
  object space 68608K, 7% used [0x00000000c0000000,0x00000000c0526850,0x00000000c4300000)
 Metaspace       used 12259K, committed 12672K, reserved 1114112K
  class space    used 1248K, committed 1472K, reserved 1048576K
}
Event: 13.989 GC heap after
{Heap after GC invocations=4 (full 0):
 PSYoungGen      total 29696K, used 4088K [0x00000000eab00000, 0x00000000ecc00000, 0x0000000100000000)
  eden space 25600K, 0% used [0x00000000eab00000,0x00000000eab00000,0x00000000ec400000)
  from space 4096K, 99% used [0x00000000ec800000,0x00000000ecbfe1f0,0x00000000ecc00000)
  to   space 4096K, 0% used [0x00000000ec400000,0x00000000ec400000,0x00000000ec800000)
 ParOldGen       total 68608K, used 6770K [0x00000000c0000000, 0x00000000c4300000, 0x00000000eab00000)
  object space 68608K, 9% used [0x00000000c0000000,0x00000000c069ca60,0x00000000c4300000)
 Metaspace       used 12259K, committed 12672K, reserved 1114112K
  class space    used 1248K, committed 1472K, reserved 1048576K
}
Event: 15.756 GC heap before
{Heap before GC invocations=5 (full 0):
 PSYoungGen      total 29696K, used 29688K [0x00000000eab00000, 0x00000000ecc00000, 0x0000000100000000)
  eden space 25600K, 100% used [0x00000000eab00000,0x00000000ec400000,0x00000000ec400000)
  from space 4096K, 99% used [0x00000000ec800000,0x00000000ecbfe1f0,0x00000000ecc00000)
  to   space 4096K, 0% used [0x00000000ec400000,0x00000000ec400000,0x00000000ec800000)
 ParOldGen       total 68608K, used 6770K [0x00000000c0000000, 0x00000000c4300000, 0x00000000eab00000)
  object space 68608K, 9% used [0x00000000c0000000,0x00000000c069ca60,0x00000000c4300000)
 Metaspace       used 15328K, committed 15872K, reserved 1114112K
  class space    used 1515K, committed 1728K, reserved 1048576K
}
Event: 15.765 GC heap after
{Heap after GC invocations=5 (full 0):
 PSYoungGen      total 29184K, used 4089K [0x00000000eab00000, 0x00000000ecf80000, 0x0000000100000000)
  eden space 25088K, 0% used [0x00000000eab00000,0x00000000eab00000,0x00000000ec380000)
  from space 4096K, 99% used [0x00000000ec400000,0x00000000ec7fe4d8,0x00000000ec800000)
  to   space 6144K, 0% used [0x00000000ec980000,0x00000000ec980000,0x00000000ecf80000)
 ParOldGen       total 68608K, used 8525K [0x00000000c0000000, 0x00000000c4300000, 0x00000000eab00000)
  object space 68608K, 12% used [0x00000000c0000000,0x00000000c0853648,0x00000000c4300000)
 Metaspace       used 15328K, committed 15872K, reserved 1114112K
  class space    used 1515K, committed 1728K, reserved 1048576K
}
Event: 19.514 GC heap before
{Heap before GC invocations=6 (full 0):
 PSYoungGen      total 29184K, used 29177K [0x00000000eab00000, 0x00000000ecf80000, 0x0000000100000000)
  eden space 25088K, 100% used [0x00000000eab00000,0x00000000ec380000,0x00000000ec380000)
  from space 4096K, 99% used [0x00000000ec400000,0x00000000ec7fe4d8,0x00000000ec800000)
  to   space 6144K, 0% used [0x00000000ec980000,0x00000000ec980000,0x00000000ecf80000)
 ParOldGen       total 68608K, used 8525K [0x00000000c0000000, 0x00000000c4300000, 0x00000000eab00000)
  object space 68608K, 12% used [0x00000000c0000000,0x00000000c0853648,0x00000000c4300000)
 Metaspace       used 18614K, committed 19328K, reserved 1114112K
  class space    used 1874K, committed 2176K, reserved 1048576K
}
Event: 19.523 GC heap after
{Heap after GC invocations=6 (full 0):
 PSYoungGen      total 29696K, used 4954K [0x00000000eab00000, 0x00000000ece80000, 0x0000000100000000)
  eden space 24576K, 0% used [0x00000000eab00000,0x00000000eab00000,0x00000000ec300000)
  from space 5120K, 96% used [0x00000000ec980000,0x00000000ece56ba0,0x00000000ece80000)
  to   space 5632K, 0% used [0x00000000ec380000,0x00000000ec380000,0x00000000ec900000)
 ParOldGen       total 68608K, used 8533K [0x00000000c0000000, 0x00000000c4300000, 0x00000000eab00000)
  object space 68608K, 12% used [0x00000000c0000000,0x00000000c0855648,0x00000000c4300000)
 Metaspace       used 18614K, committed 19328K, reserved 1114112K
  class space    used 1874K, committed 2176K, reserved 1048576K
}

Dll operation events (10 events):
Event: 0.046 Loaded shared library c:\Users\Armero\.vscode\extensions\redhat.java-1.42.0-win32-x64\jre\21.0.7-win32-x86_64\bin\java.dll
Event: 0.416 Loaded shared library c:\Users\Armero\.vscode\extensions\redhat.java-1.42.0-win32-x64\jre\21.0.7-win32-x86_64\bin\zip.dll
Event: 0.562 Loaded shared library C:\Users\Armero\.vscode\extensions\redhat.java-1.42.0-win32-x64\jre\21.0.7-win32-x86_64\bin\instrument.dll
Event: 0.594 Loaded shared library C:\Users\Armero\.vscode\extensions\redhat.java-1.42.0-win32-x64\jre\21.0.7-win32-x86_64\bin\net.dll
Event: 0.603 Loaded shared library C:\Users\Armero\.vscode\extensions\redhat.java-1.42.0-win32-x64\jre\21.0.7-win32-x86_64\bin\nio.dll
Event: 0.619 Loaded shared library C:\Users\Armero\.vscode\extensions\redhat.java-1.42.0-win32-x64\jre\21.0.7-win32-x86_64\bin\zip.dll
Event: 0.695 Loaded shared library C:\Users\Armero\.vscode\extensions\redhat.java-1.42.0-win32-x64\jre\21.0.7-win32-x86_64\bin\jimage.dll
Event: 1.202 Loaded shared library c:\Users\Armero\.vscode\extensions\redhat.java-1.42.0-win32-x64\jre\21.0.7-win32-x86_64\bin\verify.dll
Event: 6.858 Loaded shared library C:\Users\Armero\AppData\Roaming\Code\User\globalStorage\redhat.java\1.42.0\config_win\org.eclipse.equinox.launcher\org.eclipse.equinox.launcher.win32.win32.x86_64_1.2.1300.v20250331-1702\eclipse_11911.dll
Event: 18.309 Loaded shared library C:\Users\Armero\AppData\Local\Temp\jna-1969524134\jna7244589653459387460.dll

Deoptimization events (20 events):
Event: 19.081 Thread 0x0000023a780683e0 DEOPT PACKING pc=0x0000023a288033b8 sp=0x0000008f9ccf3410
Event: 19.081 Thread 0x0000023a780683e0 DEOPT UNPACKING pc=0x0000023a28173aa2 sp=0x0000008f9ccf3368 mode 2
Event: 19.836 Thread 0x0000023a780683e0 DEOPT PACKING pc=0x0000023a20f27bc6 sp=0x0000008f9ccefb90
Event: 19.836 Thread 0x0000023a780683e0 DEOPT UNPACKING pc=0x0000023a28174242 sp=0x0000008f9ccef110 mode 0
Event: 20.649 Thread 0x0000023a780683e0 DEOPT PACKING pc=0x0000023a20cedf86 sp=0x0000008f9ccf0780
Event: 20.649 Thread 0x0000023a780683e0 DEOPT UNPACKING pc=0x0000023a28174242 sp=0x0000008f9ccefc00 mode 0
Event: 20.653 Thread 0x0000023a780683e0 DEOPT PACKING pc=0x0000023a20cedf86 sp=0x0000008f9ccf09d0
Event: 20.653 Thread 0x0000023a780683e0 DEOPT UNPACKING pc=0x0000023a28174242 sp=0x0000008f9ccefe50 mode 0
Event: 20.898 Thread 0x0000023a780683e0 Uncommon trap: trap_request=0xffffff45 fr.pc=0x0000023a286e7030 relative=0x0000000000000450
Event: 20.898 Thread 0x0000023a780683e0 Uncommon trap: reason=unstable_if action=reinterpret pc=0x0000023a286e7030 method=java.lang.StringLatin1.canEncode(I)Z @ 4 c2
Event: 20.898 Thread 0x0000023a780683e0 DEOPT PACKING pc=0x0000023a286e7030 sp=0x0000008f9ccf2990
Event: 20.898 Thread 0x0000023a780683e0 DEOPT UNPACKING pc=0x0000023a28173aa2 sp=0x0000008f9ccf28c8 mode 2
Event: 20.898 Thread 0x0000023a780683e0 Uncommon trap: trap_request=0xffffff45 fr.pc=0x0000023a286e6618 relative=0x0000000000000438
Event: 20.898 Thread 0x0000023a780683e0 Uncommon trap: reason=unstable_if action=reinterpret pc=0x0000023a286e6618 method=java.lang.AbstractStringBuilder.isLatin1()Z @ 10 c2
Event: 20.898 Thread 0x0000023a780683e0 DEOPT PACKING pc=0x0000023a286e6618 sp=0x0000008f9ccf29b0
Event: 20.898 Thread 0x0000023a780683e0 DEOPT UNPACKING pc=0x0000023a28173aa2 sp=0x0000008f9ccf2940 mode 2
Event: 20.899 Thread 0x0000023a780683e0 Uncommon trap: trap_request=0xffffff45 fr.pc=0x0000023a286f2368 relative=0x0000000000000048
Event: 20.899 Thread 0x0000023a780683e0 Uncommon trap: reason=unstable_if action=reinterpret pc=0x0000023a286f2368 method=java.lang.StringLatin1.canEncode(I)Z @ 4 c2
Event: 20.899 Thread 0x0000023a780683e0 DEOPT PACKING pc=0x0000023a286f2368 sp=0x0000008f9ccf2950
Event: 20.899 Thread 0x0000023a780683e0 DEOPT UNPACKING pc=0x0000023a28173aa2 sp=0x0000008f9ccf28e0 mode 2

Classes loaded (20 events):
Event: 18.859 Loading class java/util/ServiceConfigurationError
Event: 18.860 Loading class java/util/ServiceConfigurationError done
Event: 18.882 Loading class java/lang/InheritableThreadLocal
Event: 18.882 Loading class java/lang/InheritableThreadLocal done
Event: 19.067 Loading class java/security/AccessControlException
Event: 19.067 Loading class java/security/AccessControlException done
Event: 19.510 Loading class java/security/Policy$UnsupportedEmptyCollection
Event: 19.510 Loading class java/security/Policy$UnsupportedEmptyCollection done
Event: 19.510 Loading class java/security/Policy$PolicyInfo
Event: 19.510 Loading class java/security/Policy$PolicyInfo done
Event: 20.873 Loading class java/text/ParseException
Event: 20.873 Loading class java/text/ParseException done
Event: 20.890 Loading class sun/text/resources/cldr/FormatData_en
Event: 20.896 Loading class sun/text/resources/cldr/FormatData_en done
Event: 20.896 Loading class sun/text/resources/cldr/FormatData_en_US
Event: 20.896 Loading class sun/text/resources/cldr/FormatData_en_US done
Event: 20.908 Loading class java/time/format/DateTimeParseException
Event: 20.908 Loading class java/time/DateTimeException
Event: 20.908 Loading class java/time/DateTimeException done
Event: 20.908 Loading class java/time/format/DateTimeParseException done

Classes unloaded (0 events):
No events

Classes redefined (0 events):
No events

Internal exceptions (20 events):
Event: 16.621 Thread 0x0000023a780683e0 Exception <a 'java/lang/NoSuchMethodError'{0x00000000eb184b28}: 'java.lang.Object java.lang.invoke.DirectMethodHandle$Holder.invokeStaticInit(java.lang.Object, int, int, int, int)'> (0x00000000eb184b28) 
thrown [s\src\hotspot\share\interpreter\linkResolver.cpp, line 773]
Event: 16.956 Thread 0x0000023a780683e0 Exception <a 'java/lang/NoSuchMethodError'{0x00000000eb356a70}: 'java.lang.Object java.lang.invoke.DirectMethodHandle$Holder.invokeStaticInit(java.lang.Object, java.lang.Object, int, int, int, int)'> (0x00000000eb356a70) 
thrown [s\src\hotspot\share\interpreter\linkResolver.cpp, line 773]
Event: 18.364 Thread 0x0000023a780683e0 Exception <a 'java/lang/NoSuchMethodError'{0x00000000eb463e58}: 'void java.lang.invoke.DirectMethodHandle$Holder.invokeSpecial(java.lang.Object, java.lang.Object, java.lang.Object, int)'> (0x00000000eb463e58) 
thrown [s\src\hotspot\share\interpreter\linkResolver.cpp, line 773]
Event: 18.374 Thread 0x0000023a780683e0 Exception <a 'java/lang/NoSuchMethodError'{0x00000000eb4677d8}: 'void java.lang.invoke.DelegatingMethodHandle$Holder.reinvoke_L(java.lang.Object, java.lang.Object, int)'> (0x00000000eb4677d8) 
thrown [s\src\hotspot\share\interpreter\linkResolver.cpp, line 773]
Event: 18.376 Thread 0x0000023a780683e0 Exception <a 'java/lang/NoSuchMethodError'{0x00000000eb46ea20}: 'int java.lang.invoke.Invokers$Holder.invokeExact_MT(java.lang.Object, java.lang.Object, java.lang.Object)'> (0x00000000eb46ea20) 
thrown [s\src\hotspot\share\interpreter\linkResolver.cpp, line 773]
Event: 18.431 Thread 0x0000023a780683e0 Exception <a 'java/lang/NoSuchMethodError'{0x00000000eb570298}: 'void java.lang.invoke.Invokers$Holder.invokeExact_MT(java.lang.Object, java.lang.Object, int, java.lang.Object)'> (0x00000000eb570298) 
thrown [s\src\hotspot\share\interpreter\linkResolver.cpp, line 773]
Event: 18.476 Thread 0x0000023a780683e0 Exception <a 'java/lang/NoSuchMethodError'{0x00000000eb68a378}: 'java.lang.Object java.lang.invoke.DirectMethodHandle$Holder.invokeSpecial(java.lang.Object, java.lang.Object, java.lang.Object, long, java.lang.Object)'> (0x00000000eb68a378) 
thrown [s\src\hotspot\share\interpreter\linkResolver.cpp, line 773]
Event: 18.478 Thread 0x0000023a780683e0 Exception <a 'java/lang/NoSuchMethodError'{0x00000000eb6919e8}: 'java.lang.Object java.lang.invoke.DirectMethodHandle$Holder.newInvokeSpecial(java.lang.Object, java.lang.Object, java.lang.Object, long)'> (0x00000000eb6919e8) 
thrown [s\src\hotspot\share\interpreter\linkResolver.cpp, line 773]
Event: 18.479 Thread 0x0000023a780683e0 Exception <a 'java/lang/NoSuchMethodError'{0x00000000eb695808}: 'java.lang.Object java.lang.invoke.Invokers$Holder.linkToTargetMethod(java.lang.Object, java.lang.Object, long, java.lang.Object)'> (0x00000000eb695808) 
thrown [s\src\hotspot\share\interpreter\linkResolver.cpp, line 773]
Event: 18.517 Thread 0x0000023a780683e0 Exception <a 'java/lang/NoSuchMethodError'{0x00000000eb6f5cd8}: 'int java.lang.invoke.DirectMethodHandle$Holder.invokeStaticInit(java.lang.Object, java.lang.Object, java.lang.Object)'> (0x00000000eb6f5cd8) 
thrown [s\src\hotspot\share\interpreter\linkResolver.cpp, line 773]
Event: 18.561 Thread 0x0000023a780683e0 Exception <a 'java/lang/IncompatibleClassChangeError'{0x00000000eb7aa418}: Found class java.lang.Object, but interface was expected> (0x00000000eb7aa418) 
thrown [s\src\hotspot\share\interpreter\linkResolver.cpp, line 840]
Event: 18.581 Thread 0x0000023a780683e0 Exception <a 'java/lang/NoSuchMethodError'{0x00000000eb7c7870}: 'java.lang.Object java.lang.invoke.DirectMethodHandle$Holder.invokeSpecial(java.lang.Object, java.lang.Object, java.lang.Object, int, java.lang.Object, java.lang.Object)'> (0x00000000eb7c7870) 
thrown [s\src\hotspot\share\interpreter\linkResolver.cpp, line 773]
Event: 18.583 Thread 0x0000023a780683e0 Exception <a 'java/lang/NoSuchMethodError'{0x00000000eb7cf038}: 'java.lang.Object java.lang.invoke.DirectMethodHandle$Holder.newInvokeSpecial(java.lang.Object, java.lang.Object, java.lang.Object, int, java.lang.Object)'> (0x00000000eb7cf038) 
thrown [s\src\hotspot\share\interpreter\linkResolver.cpp, line 773]
Event: 18.583 Thread 0x0000023a780683e0 Exception <a 'java/lang/NoSuchMethodError'{0x00000000eb7d2eb0}: 'java.lang.Object java.lang.invoke.Invokers$Holder.linkToTargetMethod(java.lang.Object, java.lang.Object, int, java.lang.Object, java.lang.Object)'> (0x00000000eb7d2eb0) 
thrown [s\src\hotspot\share\interpreter\linkResolver.cpp, line 773]
Event: 18.584 Thread 0x0000023a31ddca40 Exception <a 'java/lang/NoSuchMethodError'{0x00000000eb74f4e8}: 'java.lang.Object java.lang.invoke.DirectMethodHandle$Holder.invokeSpecial(java.lang.Object, java.lang.Object, int, java.lang.Object, java.lang.Object)'> (0x00000000eb74f4e8) 
thrown [s\src\hotspot\share\interpreter\linkResolver.cpp, line 773]
Event: 18.630 Thread 0x0000023a780683e0 Exception <a 'java/lang/NoSuchMethodError'{0x00000000eb8d3668}: 'void java.lang.invoke.DirectMethodHandle$Holder.invokeSpecial(java.lang.Object, java.lang.Object, java.lang.Object, java.lang.Object, java.lang.Object)'> (0x00000000eb8d3668) 
thrown [s\src\hotspot\share\interpreter\linkResolver.cpp, line 773]
Event: 19.078 Thread 0x0000023a780683e0 Exception <a 'java/lang/NoSuchMethodError'{0x00000000ec06f820}: 'java.lang.Object java.lang.invoke.DirectMethodHandle$Holder.invokeInterface(java.lang.Object, java.lang.Object, java.lang.Object)'> (0x00000000ec06f820) 
thrown [s\src\hotspot\share\interpreter\linkResolver.cpp, line 773]
Event: 19.769 Thread 0x0000023a780683e0 Exception <a 'java/lang/NoSuchMethodError'{0x00000000eac85800}: 'java.lang.Object java.lang.invoke.Invokers$Holder.linkToTargetMethod(java.lang.Object, long, java.lang.Object, java.lang.Object)'> (0x00000000eac85800) 
thrown [s\src\hotspot\share\interpreter\linkResolver.cpp, line 773]
Event: 20.801 Thread 0x0000023a780683e0 Exception <a 'java/io/FileNotFoundException'{0x00000000eb3d26e0}> (0x00000000eb3d26e0) 
thrown [s\src\hotspot\share\prims\jni.cpp, line 520]
Event: 20.802 Thread 0x0000023a780683e0 Exception <a 'java/lang/NoSuchMethodError'{0x00000000eb3dacd0}: 'java.lang.Object java.lang.invoke.DirectMethodHandle$Holder.newInvokeSpecial(java.lang.Object, int, java.lang.Object, java.lang.Object)'> (0x00000000eb3dacd0) 
thrown [s\src\hotspot\share\interpreter\linkResolver.cpp, line 773]

ZGC Phase Switch (0 events):
No events

VM Operations (20 events):
Event: 16.791 Executing VM operation: HandshakeAllThreads (Deoptimize)
Event: 16.791 Executing VM operation: HandshakeAllThreads (Deoptimize) done
Event: 16.791 Executing VM operation: Cleanup
Event: 16.791 Executing VM operation: Cleanup done
Event: 18.324 Executing VM operation: HandshakeAllThreads (Deoptimize)
Event: 18.324 Executing VM operation: HandshakeAllThreads (Deoptimize) done
Event: 18.324 Executing VM operation: Cleanup
Event: 18.324 Executing VM operation: Cleanup done
Event: 18.795 Executing VM operation: HandshakeAllThreads (Deoptimize)
Event: 18.795 Executing VM operation: HandshakeAllThreads (Deoptimize) done
Event: 18.933 Executing VM operation: HandshakeAllThreads (Deoptimize)
Event: 18.934 Executing VM operation: HandshakeAllThreads (Deoptimize) done
Event: 18.948 Executing VM operation: HandshakeAllThreads (Deoptimize)
Event: 18.949 Executing VM operation: HandshakeAllThreads (Deoptimize) done
Event: 19.053 Executing VM operation: HandshakeAllThreads (Deoptimize)
Event: 19.053 Executing VM operation: HandshakeAllThreads (Deoptimize) done
Event: 19.514 Executing VM operation: ParallelGCFailedAllocation (Allocation Failure)
Event: 19.523 Executing VM operation: ParallelGCFailedAllocation (Allocation Failure) done
Event: 20.523 Executing VM operation: Cleanup
Event: 20.523 Executing VM operation: Cleanup done

Memory protections (0 events):
No events

Nmethod flushes (0 events):
No events

Events (20 events):
Event: 0.210 Thread 0x0000023a1d9ef470 Thread added: 0x0000023a31d1a390
Event: 0.211 Thread 0x0000023a1d9ef470 Thread added: 0x0000023a31d1bc90
Event: 0.211 Thread 0x0000023a1d9ef470 Thread added: 0x0000023a31d1ce20
Event: 0.211 Thread 0x0000023a1d9ef470 Thread added: 0x0000023a31d1dd30
Event: 0.211 Thread 0x0000023a1d9ef470 Thread added: 0x0000023a31d217a0
Event: 0.211 Thread 0x0000023a1d9ef470 Thread added: 0x0000023a31d225d0
Event: 0.218 Thread 0x0000023a1d9ef470 Thread added: 0x0000023a31d98500
Event: 0.328 Thread 0x0000023a1d9ef470 Thread added: 0x0000023a1dab6600
Event: 1.676 Thread 0x0000023a1d9ef470 Thread added: 0x0000023a73e28690
Event: 5.864 Thread 0x0000023a1d9ef470 Thread added: 0x0000023a785c0a90
Event: 6.843 Thread 0x0000023a1d9ef470 Thread added: 0x0000023a786c4b70
Event: 6.936 Thread 0x0000023a786c4b70 Thread added: 0x0000023a786e3830
Event: 6.942 Thread 0x0000023a1d9ef470 Thread added: 0x0000023a780683e0
Event: 9.778 Thread 0x0000023a780683e0 Thread added: 0x0000023a73d154e0
Event: 13.062 Thread 0x0000023a780683e0 Thread added: 0x0000023a78769060
Event: 13.522 Thread 0x0000023a780683e0 Thread added: 0x0000023a31dde480
Event: 15.169 Thread 0x0000023a780683e0 Thread added: 0x0000023a31ddd0d0
Event: 18.391 Thread 0x0000023a780683e0 Thread added: 0x0000023a31ddc3b0
Event: 18.500 Thread 0x0000023a780683e0 Thread added: 0x0000023a31ddca40
Event: 18.587 Thread 0x0000023a780683e0 Thread added: 0x0000023a31ddf1a0


Dynamic libraries:
0x00007ff6be280000 - 0x00007ff6be28e000 	c:\Users\Armero\.vscode\extensions\redhat.java-1.42.0-win32-x64\jre\21.0.7-win32-x86_64\bin\java.exe
0x00007ff99ec90000 - 0x00007ff99ee88000 	C:\Windows\SYSTEM32\ntdll.dll
0x00007ff99d950000 - 0x00007ff99da12000 	C:\Windows\System32\KERNEL32.DLL
0x00007ff99c9c0000 - 0x00007ff99ccb6000 	C:\Windows\System32\KERNELBASE.dll
0x00007ff99c720000 - 0x00007ff99c820000 	C:\Windows\System32\ucrtbase.dll
0x00007ff97a0f0000 - 0x00007ff97a108000 	c:\Users\Armero\.vscode\extensions\redhat.java-1.42.0-win32-x64\jre\21.0.7-win32-x86_64\bin\jli.dll
0x00007ff97a0d0000 - 0x00007ff97a0ee000 	c:\Users\Armero\.vscode\extensions\redhat.java-1.42.0-win32-x64\jre\21.0.7-win32-x86_64\bin\VCRUNTIME140.dll
0x00007ff99d020000 - 0x00007ff99d1bd000 	C:\Windows\System32\USER32.dll
0x00007ff99c590000 - 0x00007ff99c5b2000 	C:\Windows\System32\win32u.dll
0x00007ff98eb60000 - 0x00007ff98edfa000 	C:\Windows\WinSxS\amd64_microsoft.windows.common-controls_6595b64144ccf1df_6.0.19041.5794_none_60bcd33171f2783c\COMCTL32.dll
0x00007ff99d860000 - 0x00007ff99d88b000 	C:\Windows\System32\GDI32.dll
0x00007ff99d3d0000 - 0x00007ff99d46e000 	C:\Windows\System32\msvcrt.dll
0x00007ff99c820000 - 0x00007ff99c93a000 	C:\Windows\System32\gdi32full.dll
0x00007ff99c330000 - 0x00007ff99c3cd000 	C:\Windows\System32\msvcp_win.dll
0x00007ff99d830000 - 0x00007ff99d85f000 	C:\Windows\System32\IMM32.DLL
0x00007ff980be0000 - 0x00007ff980bec000 	c:\Users\Armero\.vscode\extensions\redhat.java-1.42.0-win32-x64\jre\21.0.7-win32-x86_64\bin\vcruntime140_1.dll
0x00007ff97a040000 - 0x00007ff97a0cd000 	c:\Users\Armero\.vscode\extensions\redhat.java-1.42.0-win32-x64\jre\21.0.7-win32-x86_64\bin\msvcp140.dll
0x00007ff95c6a0000 - 0x00007ff95d430000 	c:\Users\Armero\.vscode\extensions\redhat.java-1.42.0-win32-x64\jre\21.0.7-win32-x86_64\bin\server\jvm.dll
0x00007ff99d470000 - 0x00007ff99d51f000 	C:\Windows\System32\ADVAPI32.dll
0x00007ff99d890000 - 0x00007ff99d92f000 	C:\Windows\System32\sechost.dll
0x00007ff99dd80000 - 0x00007ff99dea3000 	C:\Windows\System32\RPCRT4.dll
0x00007ff99c4b0000 - 0x00007ff99c4d7000 	C:\Windows\System32\bcrypt.dll
0x00007ff99cdf0000 - 0x00007ff99ce5b000 	C:\Windows\System32\WS2_32.dll
0x00007ff99c190000 - 0x00007ff99c1db000 	C:\Windows\SYSTEM32\POWRPROF.dll
0x00007ff985120000 - 0x00007ff985147000 	C:\Windows\SYSTEM32\WINMM.dll
0x00007ff98fac0000 - 0x00007ff98faca000 	C:\Windows\SYSTEM32\VERSION.dll
0x00007ff99c170000 - 0x00007ff99c182000 	C:\Windows\SYSTEM32\UMPDC.dll
0x00007ff99a1d0000 - 0x00007ff99a1e2000 	C:\Windows\SYSTEM32\kernel.appcore.dll
0x00007ff9809f0000 - 0x00007ff9809fa000 	c:\Users\Armero\.vscode\extensions\redhat.java-1.42.0-win32-x64\jre\21.0.7-win32-x86_64\bin\jimage.dll
0x00007ff98f7e0000 - 0x00007ff98f9e1000 	C:\Windows\SYSTEM32\DBGHELP.DLL
0x00007ff989d30000 - 0x00007ff989d64000 	C:\Windows\SYSTEM32\dbgcore.DLL
0x00007ff99c420000 - 0x00007ff99c4a2000 	C:\Windows\System32\bcryptPrimitives.dll
0x00007ff97fbb0000 - 0x00007ff97fbbf000 	c:\Users\Armero\.vscode\extensions\redhat.java-1.42.0-win32-x64\jre\21.0.7-win32-x86_64\bin\instrument.dll
0x00007ff97a020000 - 0x00007ff97a03f000 	c:\Users\Armero\.vscode\extensions\redhat.java-1.42.0-win32-x64\jre\21.0.7-win32-x86_64\bin\java.dll
0x00007ff99e3f0000 - 0x00007ff99eb5e000 	C:\Windows\System32\SHELL32.dll
0x00007ff99a3d0000 - 0x00007ff99ab73000 	C:\Windows\SYSTEM32\windows.storage.dll
0x00007ff99da20000 - 0x00007ff99dd73000 	C:\Windows\System32\combase.dll
0x00007ff99bc90000 - 0x00007ff99bcbb000 	C:\Windows\SYSTEM32\Wldp.dll
0x00007ff99d2a0000 - 0x00007ff99d36d000 	C:\Windows\System32\OLEAUT32.dll
0x00007ff99d5b0000 - 0x00007ff99d65d000 	C:\Windows\System32\SHCORE.dll
0x00007ff99e330000 - 0x00007ff99e385000 	C:\Windows\System32\shlwapi.dll
0x00007ff99c260000 - 0x00007ff99c285000 	C:\Windows\SYSTEM32\profapi.dll
0x00007ff97a000000 - 0x00007ff97a018000 	c:\Users\Armero\.vscode\extensions\redhat.java-1.42.0-win32-x64\jre\21.0.7-win32-x86_64\bin\zip.dll
0x00007ff97f820000 - 0x00007ff97f830000 	C:\Users\Armero\.vscode\extensions\redhat.java-1.42.0-win32-x64\jre\21.0.7-win32-x86_64\bin\net.dll
0x00007ff995570000 - 0x00007ff99567a000 	C:\Windows\SYSTEM32\WINHTTP.dll
0x00007ff99b9f0000 - 0x00007ff99ba5c000 	C:\Windows\system32\mswsock.dll
0x00007ff979fe0000 - 0x00007ff979ff6000 	C:\Users\Armero\.vscode\extensions\redhat.java-1.42.0-win32-x64\jre\21.0.7-win32-x86_64\bin\nio.dll
0x00007ff97e2c0000 - 0x00007ff97e2d0000 	c:\Users\Armero\.vscode\extensions\redhat.java-1.42.0-win32-x64\jre\21.0.7-win32-x86_64\bin\verify.dll
0x00007ff961650000 - 0x00007ff961695000 	C:\Users\Armero\AppData\Roaming\Code\User\globalStorage\redhat.java\1.42.0\config_win\org.eclipse.equinox.launcher\org.eclipse.equinox.launcher.win32.win32.x86_64_1.2.1300.v20250331-1702\eclipse_11911.dll
0x00007ff99ccc0000 - 0x00007ff99cdeb000 	C:\Windows\System32\ole32.dll
0x00007ff99bbf0000 - 0x00007ff99bc08000 	C:\Windows\SYSTEM32\CRYPTSP.dll
0x00007ff99b310000 - 0x00007ff99b348000 	C:\Windows\system32\rsaenh.dll
0x00007ff99c220000 - 0x00007ff99c24e000 	C:\Windows\SYSTEM32\USERENV.dll
0x00007ff99bbe0000 - 0x00007ff99bbec000 	C:\Windows\SYSTEM32\CRYPTBASE.dll
0x00007ff99b6d0000 - 0x00007ff99b70b000 	C:\Windows\SYSTEM32\IPHLPAPI.DLL
0x00007ff99e320000 - 0x00007ff99e328000 	C:\Windows\System32\NSI.dll
0x00007ff98aea0000 - 0x00007ff98aee9000 	C:\Users\Armero\AppData\Local\Temp\jna-1969524134\jna7244589653459387460.dll
0x00007ff99ebc0000 - 0x00007ff99ebc8000 	C:\Windows\System32\PSAPI.DLL

dbghelp: loaded successfully - version: 4.0.5 - missing functions: none
symbol engine: initialized successfully - sym options: 0x614 - pdb path: .;c:\Users\Armero\.vscode\extensions\redhat.java-1.42.0-win32-x64\jre\21.0.7-win32-x86_64\bin;C:\Windows\SYSTEM32;C:\Windows\WinSxS\amd64_microsoft.windows.common-controls_6595b64144ccf1df_6.0.19041.5794_none_60bcd33171f2783c;c:\Users\Armero\.vscode\extensions\redhat.java-1.42.0-win32-x64\jre\21.0.7-win32-x86_64\bin\server;C:\Users\Armero\AppData\Roaming\Code\User\globalStorage\redhat.java\1.42.0\config_win\org.eclipse.equinox.launcher\org.eclipse.equinox.launcher.win32.win32.x86_64_1.2.1300.v20250331-1702;C:\Users\Armero\AppData\Local\Temp\jna-1969524134

VM Arguments:
jvm_args: --add-modules=ALL-SYSTEM --add-opens=java.base/java.util=ALL-UNNAMED --add-opens=java.base/java.lang=ALL-UNNAMED --add-opens=java.base/sun.nio.fs=ALL-UNNAMED -Declipse.application=org.eclipse.jdt.ls.core.id1 -Dosgi.bundles.defaultStartLevel=4 -Declipse.product=org.eclipse.jdt.ls.core.product -Djava.import.generatesMetadataFilesAtProjectRoot=false -DDetectVMInstallationsJob.disabled=true -Dfile.encoding=utf8 -XX:+UseParallelGC -XX:GCTimeRatio=4 -XX:AdaptiveSizePolicyWeight=90 -Dsun.zip.disableMemoryMapping=true -Xmx1G -Xms100m -Xlog:disable -javaagent:c:\Users\Armero\.vscode\extensions\redhat.java-1.42.0-win32-x64\lombok\lombok-1.18.36.jar -XX:+HeapDumpOnOutOfMemoryError -XX:HeapDumpPath=c:\Users\Armero\AppData\Roaming\Code\User\workspaceStorage\8010151f60e7bb20254619aac942df45\redhat.java -Daether.dependencyCollector.impl=bf 
java_command: c:\Users\Armero\.vscode\extensions\redhat.java-1.42.0-win32-x64\server\plugins\org.eclipse.equinox.launcher_1.7.0.v20250424-1814.jar -configuration c:\Users\Armero\AppData\Roaming\Code\User\globalStorage\redhat.java\1.42.0\config_win -data c:\Users\Armero\AppData\Roaming\Code\User\workspaceStorage\8010151f60e7bb20254619aac942df45\redhat.java\jdt_ws --pipe=\\.\pipe\lsp-8a7a69536e42b961929a995dd346b4c3-sock
java_class_path (initial): c:\Users\Armero\.vscode\extensions\redhat.java-1.42.0-win32-x64\server\plugins\org.eclipse.equinox.launcher_1.7.0.v20250424-1814.jar
Launcher Type: SUN_STANDARD

[Global flags]
    uintx AdaptiveSizePolicyWeight                 = 90                                        {product} {command line}
     intx CICompilerCount                          = 3                                         {product} {ergonomic}
    uintx GCTimeRatio                              = 4                                         {product} {command line}
     bool HeapDumpOnOutOfMemoryError               = true                                   {manageable} {command line}
    ccstr HeapDumpPath                             = c:\Users\Armero\AppData\Roaming\Code\User\workspaceStorage\8010151f60e7bb20254619aac942df45\redhat.java         {manageable} {command line}
   size_t InitialHeapSize                          = 104857600                                 {product} {command line}
   size_t MaxHeapSize                              = 1073741824                                {product} {command line}
   size_t MaxNewSize                               = 357564416                                 {product} {ergonomic}
   size_t MinHeapDeltaBytes                        = 524288                                    {product} {ergonomic}
   size_t MinHeapSize                              = 104857600                                 {product} {command line}
   size_t NewSize                                  = 34603008                                  {product} {ergonomic}
    uintx NonNMethodCodeHeapSize                   = 5832780                                {pd product} {ergonomic}
    uintx NonProfiledCodeHeapSize                  = 122912730                              {pd product} {ergonomic}
   size_t OldSize                                  = 70254592                                  {product} {ergonomic}
    uintx ProfiledCodeHeapSize                     = 122912730                              {pd product} {ergonomic}
    uintx ReservedCodeCacheSize                    = 251658240                              {pd product} {ergonomic}
     bool SegmentedCodeCache                       = true                                      {product} {ergonomic}
   size_t SoftMaxHeapSize                          = 1073741824                             {manageable} {ergonomic}
     bool UseCompressedOops                        = true                           {product lp64_product} {ergonomic}
     bool UseLargePagesIndividualAllocation        = false                                  {pd product} {ergonomic}
     bool UseParallelGC                            = true                                      {product} {command line}

Logging:
Log output configuration:
 #0: stdout all=off uptime,level,tags foldmultilines=false
 #1: stderr all=off uptime,level,tags foldmultilines=false

Environment Variables:
JAVA_HOME=C:\Program Files\BellSoft\LibericaJDK-17\
PATH=C:\Program Files (x86)\VMware\VMware Workstation\bin\;C:\Program Files\BellSoft\LibericaJDK-17\bin\;C:\msys64\mingw64\bin;C:\Program Files\Common Files\Oracle\Java\javapath;C:\Windows\system32;C:\Windows;C:\Windows\System32\Wbem;C:\Windows\System32\WindowsPowerShell\v1.0\;C:\Windows\System32\OpenSSH\;C:\Program Files\Git\cmd;C:\Program Files\Microsoft SQL Server\150\Tools\Binn\;C:\Program Files\Microsoft SQL Server\Client SDK\ODBC\170\Tools\Binn\;C:\Program Files\dotnet\;C:\Program Files (x86)\Windows Kits\10\Windows Performance Toolkit\;C:\maven\bin;C:\Users\Armero\AppData\Local\Microsoft\WindowsApps;C:\Users\Armero\AppData\Local\Programs\Microsoft VS Code\bin;C:\Users\Armero\.dotnet\tools;C:\Program Files\JetBrains\IntelliJ IDEA 2024.2.1\bin;
USERNAME=Armero
OS=Windows_NT
PROCESSOR_IDENTIFIER=Intel64 Family 6 Model 42 Stepping 7, GenuineIntel
TMP=C:\Users\Armero\AppData\Local\Temp
TEMP=C:\Users\Armero\AppData\Local\Temp




Periodic native trim disabled

---------------  S Y S T E M  ---------------

OS:
 Windows 10 , 64 bit Build 19041 (10.0.19041.5794)
OS uptime: 0 days 0:36 hours

CPU: total 4 (initial active 4) (2 cores per cpu, 2 threads per core) family 6 model 42 stepping 7 microcode 0x2f, cx8, cmov, fxsr, ht, mmx, sse, sse2, sse3, ssse3, sse4.1, sse4.2, popcnt, tsc, tscinvbit, avx, clmul, vzeroupper, clflush, rdtscp
Processor Information for the first 4 processors :
  Max Mhz: 3300, Current Mhz: 3300, Mhz Limit: 3300

Memory: 4k page, system-wide physical 4008M (239M free)
TotalPageFile size 16296M (AvailPageFile size 1M)
current process WorkingSet (physical memory assigned to process): 138M, peak: 138M
current process commit charge ("private bytes"): 229M, peak: 230M

vm_info: OpenJDK 64-Bit Server VM (21.0.7+6-LTS) for windows-amd64 JRE (21.0.7+6-LTS), built on 2025-04-15T00:00:00Z by "admin" with MS VC++ 17.7 (VS2022)

END.
