#
# There is insufficient memory for the Java Runtime Environment to continue.
# Native memory allocation (malloc) failed to allocate 32744 bytes. Error detail: Chunk::new
# Possible reasons:
#   The system is out of physical RAM or swap space
#   This process is running with CompressedOops enabled, and the Java Heap may be blocking the growth of the native heap
# Possible solutions:
#   Reduce memory load on the system
#   Increase physical memory or swap space
#   Check if swap backing store is full
#   Decrease Java heap size (-Xmx/-Xms)
#   Decrease number of Java threads
#   Decrease Java thread stack sizes (-Xss)
#   Set larger code cache with -XX:ReservedCodeCacheSize=
#   JVM is running with Unscaled Compressed Oops mode in which the Java heap is
#     placed in the first 4GB address space. The Java Heap base address is the
#     maximum limit for the native heap growth. Please use -XX:HeapBaseMinAddress
#     to set the Java Heap base and to place the Java Heap above 4GB virtual address.
# This output file may be truncated or incomplete.
#
#  Out of Memory Error (arena.cpp:168), pid=11444, tid=8264
#
# JRE version: OpenJDK Runtime Environment Temurin-21.0.7+6 (21.0.7+6) (build 21.0.7+6-LTS)
# Java VM: OpenJDK 64-Bit Server VM Temurin-21.0.7+6 (21.0.7+6-LTS, mixed mode, sharing, tiered, compressed oops, compressed class ptrs, g1 gc, windows-amd64)
# No core dump will be written. Minidumps are not enabled by default on client versions of Windows
#

---------------  S U M M A R Y ------------

Command Line: -Dstdout.encoding=UTF-8 -Dstderr.encoding=UTF-8 --enable-native-access=ALL-UNNAMED -Dclassworlds.conf=C:\Users\Armero\AppData\Roaming\Code\User\globalStorage\pleiades.java-extension-pack-jdk\maven\latest\bin\m2.conf -Dmaven.home=C:\Users\Armero\AppData\Roaming\Code\User\globalStorage\pleiades.java-extension-pack-jdk\maven\latest -Dlibrary.jansi.path=C:\Users\Armero\AppData\Roaming\Code\User\globalStorage\pleiades.java-extension-pack-jdk\maven\latest\lib\jansi-native -Dmaven.multiModuleProjectDirectory=C:\Users\Armero\Documents\FinalDistribuidos\cliente_rest org.codehaus.plexus.classworlds.launcher.Launcher spring-boot:run

Host: Intel(R) Core(TM) i3-2120 CPU @ 3.30GHz, 4 cores, 3G,  Windows 10 , 64 bit Build 19041 (10.0.19041.5794)
Time: Mon Jun  9 00:06:18 2025 Hora est. Pacífico, Sudamérica elapsed time: 55.301475 seconds (0d 0h 0m 55s)

---------------  T H R E A D  ---------------

Current thread (0x000001dda76e48c0):  JavaThread "C1 CompilerThread0" daemon [_thread_in_native, id=8264, stack(0x0000006022f00000,0x0000006023000000) (1024K)]


Current CompileTask:
C1:55304 6004   !   3       org.eclipse.aether.internal.impl.DefaultArtifactResolver::resolve (1386 bytes)

Stack: [0x0000006022f00000,0x0000006023000000]
Native frames: (J=compiled Java code, j=interpreted, Vv=VM code, C=native code)
V  [jvm.dll+0x6ce119]
V  [jvm.dll+0x8a84a1]
V  [jvm.dll+0x8aa9ce]
V  [jvm.dll+0x8ab0b3]
V  [jvm.dll+0x27f8a6]
V  [jvm.dll+0xc507d]
V  [jvm.dll+0xc55b3]
V  [jvm.dll+0x6ba403]
V  [jvm.dll+0x1690fc]
V  [jvm.dll+0x16f347]
V  [jvm.dll+0x15172f]
V  [jvm.dll+0x1704f2]
V  [jvm.dll+0x153688]
V  [jvm.dll+0x153126]
V  [jvm.dll+0x153304]
V  [jvm.dll+0x152736]
V  [jvm.dll+0x15450d]
V  [jvm.dll+0x25695a]
V  [jvm.dll+0x254efa]
V  [jvm.dll+0x3f03f6]
V  [jvm.dll+0x851f6b]
V  [jvm.dll+0x6cc7dd]
C  [ucrtbase.dll+0x21bb2]
C  [KERNEL32.DLL+0x17374]
C  [ntdll.dll+0x4cc91]


---------------  P R O C E S S  ---------------

Threads class SMR info:
_java_thread_list=0x000001dded4ae6d0, length=12, elements={
0x000001dd8a5e3a10, 0x000001dda76d4fd0, 0x000001dda76d5e90, 0x000001dda76da250,
0x000001dda76daca0, 0x000001dda76dc700, 0x000001dda76dd150, 0x000001dda76dded0,
0x000001dda76e48c0, 0x000001dda7827ba0, 0x000001dda7829a30, 0x000001dda7a1c0f0
}

Java Threads: ( => current thread )
  0x000001dd8a5e3a10 JavaThread "main"                              [_thread_in_native, id=10256, stack(0x0000006022000000,0x0000006022100000) (1024K)]
  0x000001dda76d4fd0 JavaThread "Reference Handler"          daemon [_thread_blocked, id=12744, stack(0x0000006022800000,0x0000006022900000) (1024K)]
  0x000001dda76d5e90 JavaThread "Finalizer"                  daemon [_thread_blocked, id=10632, stack(0x0000006022900000,0x0000006022a00000) (1024K)]
  0x000001dda76da250 JavaThread "Signal Dispatcher"          daemon [_thread_blocked, id=7336, stack(0x0000006022a00000,0x0000006022b00000) (1024K)]
  0x000001dda76daca0 JavaThread "Attach Listener"            daemon [_thread_blocked, id=9920, stack(0x0000006022b00000,0x0000006022c00000) (1024K)]
  0x000001dda76dc700 JavaThread "Service Thread"             daemon [_thread_blocked, id=4132, stack(0x0000006022c00000,0x0000006022d00000) (1024K)]
  0x000001dda76dd150 JavaThread "Monitor Deflation Thread"   daemon [_thread_blocked, id=12280, stack(0x0000006022d00000,0x0000006022e00000) (1024K)]
  0x000001dda76dded0 JavaThread "C2 CompilerThread0"         daemon [_thread_in_native, id=3628, stack(0x0000006022e00000,0x0000006022f00000) (1024K)]
=>0x000001dda76e48c0 JavaThread "C1 CompilerThread0"         daemon [_thread_in_native, id=8264, stack(0x0000006022f00000,0x0000006023000000) (1024K)]
  0x000001dda7827ba0 JavaThread "Notification Thread"        daemon [_thread_blocked, id=11504, stack(0x0000006023000000,0x0000006023100000) (1024K)]
  0x000001dda7829a30 JavaThread "Common-Cleaner"             daemon [_thread_blocked, id=11884, stack(0x0000006023100000,0x0000006023200000) (1024K)]
  0x000001dda7a1c0f0 JavaThread "Thread-1"                   daemon [_thread_blocked, id=12320, stack(0x0000006023500000,0x0000006023600000) (1024K)]
Total: 12

Other Threads:
  0x000001dd8c890650 VMThread "VM Thread"                           [id=11324, stack(0x0000006022700000,0x0000006022800000) (1024K)]
  0x000001dd8c880d80 WatcherThread "VM Periodic Task Thread"        [id=10736, stack(0x0000006022600000,0x0000006022700000) (1024K)]
  0x000001dd8c80b7e0 WorkerThread "GC Thread#0"                     [id=13108, stack(0x0000006022100000,0x0000006022200000) (1024K)]
  0x000001dded758220 WorkerThread "GC Thread#1"                     [id=848, stack(0x0000006023200000,0x0000006023300000) (1024K)]
  0x000001dded76cb40 WorkerThread "GC Thread#2"                     [id=13008, stack(0x0000006023300000,0x0000006023400000) (1024K)]
  0x000001dded6ac040 WorkerThread "GC Thread#3"                     [id=1736, stack(0x0000006023400000,0x0000006023500000) (1024K)]
  0x000001dd8c814350 ConcurrentGCThread "G1 Main Marker"            [id=7936, stack(0x0000006022200000,0x0000006022300000) (1024K)]
  0x000001dd8c814e10 WorkerThread "G1 Conc#0"                       [id=4896, stack(0x0000006022300000,0x0000006022400000) (1024K)]
  0x000001dd8c86dca0 ConcurrentGCThread "G1 Refine#0"               [id=5744, stack(0x0000006022400000,0x0000006022500000) (1024K)]
  0x000001dd8c86e7d0 ConcurrentGCThread "G1 Service"                [id=6028, stack(0x0000006022500000,0x0000006022600000) (1024K)]
Total: 10

Threads with active compile tasks:
C2 CompilerThread0  55432 5999       4       java.lang.invoke.MethodType::makeImpl (109 bytes)
C1 CompilerThread0  55432 6004   !   3       org.eclipse.aether.internal.impl.DefaultArtifactResolver::resolve (1386 bytes)
Total: 2

VM state: not at safepoint (normal execution)

VM Mutex/Monitor currently owned by a thread: None

Heap address: 0x00000000c1400000, size: 1004 MB, Compressed Oops mode: 32-bit

CDS archive(s) mapped at: [0x000001dda8000000-0x000001dda8c80000-0x000001dda8c80000), size 13107200, SharedBaseAddress: 0x000001dda8000000, ArchiveRelocationMode: 1.
Compressed class space mapped at: 0x000001dda9000000-0x000001dde9000000, reserved size: 1073741824
Narrow klass base: 0x000001dda8000000, Narrow klass shift: 0, Narrow klass range: 0x100000000

GC Precious Log:
 CardTable entry size: 512
 Card Set container configuration: InlinePtr #cards 5 size 8 Array Of Cards #cards 12 size 40 Howl #buckets 4 coarsen threshold 1843 Howl Bitmap #cards 512 size 80 coarsen threshold 460 Card regions per heap region 1 cards per card region 2048
 CPUs: 4 total, 4 available
 Memory: 4008M
 Large Page Support: Disabled
 NUMA Support: Disabled
 Compressed Oops: Enabled (32-bit)
 Heap Region Size: 1M
 Heap Min Capacity: 8M
 Heap Initial Capacity: 64M
 Heap Max Capacity: 1004M
 Pre-touch: Disabled
 Parallel Workers: 4
 Concurrent Workers: 1
 Concurrent Refinement Workers: 4
 Periodic GC: Disabled

Heap:
 garbage-first heap   total 89088K, used 28375K [0x00000000c1400000, 0x0000000100000000)
  region size 1024K, 11 young (11264K), 1 survivors (1024K)
 Metaspace       used 26840K, committed 27200K, reserved 1114112K
  class space    used 2987K, committed 3136K, reserved 1048576K

Heap Regions: E=young(eden), S=young(survivor), O=old, HS=humongous(starts), HC=humongous(continues), CS=collection set, F=free, TAMS=top-at-mark-start, PB=parsable bottom
|   0|0x00000000c1400000, 0x00000000c1500000, 0x00000000c1500000|100%| O|  |TAMS 0x00000000c1400000| PB 0x00000000c1400000| Untracked 
|   1|0x00000000c1500000, 0x00000000c1600000, 0x00000000c1600000|100%| O|  |TAMS 0x00000000c1500000| PB 0x00000000c1500000| Untracked 
|   2|0x00000000c1600000, 0x00000000c1700000, 0x00000000c1700000|100%| O|  |TAMS 0x00000000c1600000| PB 0x00000000c1600000| Untracked 
|   3|0x00000000c1700000, 0x00000000c1800000, 0x00000000c1800000|100%| O|  |TAMS 0x00000000c1700000| PB 0x00000000c1700000| Untracked 
|   4|0x00000000c1800000, 0x00000000c1900000, 0x00000000c1900000|100%| O|  |TAMS 0x00000000c1800000| PB 0x00000000c1800000| Untracked 
|   5|0x00000000c1900000, 0x00000000c1a00000, 0x00000000c1a00000|100%| O|  |TAMS 0x00000000c1900000| PB 0x00000000c1900000| Untracked 
|   6|0x00000000c1a00000, 0x00000000c1b00000, 0x00000000c1b00000|100%| O|  |TAMS 0x00000000c1a00000| PB 0x00000000c1a00000| Untracked 
|   7|0x00000000c1b00000, 0x00000000c1c00000, 0x00000000c1c00000|100%| O|  |TAMS 0x00000000c1b00000| PB 0x00000000c1b00000| Untracked 
|   8|0x00000000c1c00000, 0x00000000c1d00000, 0x00000000c1d00000|100%| O|  |TAMS 0x00000000c1c00000| PB 0x00000000c1c00000| Untracked 
|   9|0x00000000c1d00000, 0x00000000c1e00000, 0x00000000c1e00000|100%| O|  |TAMS 0x00000000c1d00000| PB 0x00000000c1d00000| Untracked 
|  10|0x00000000c1e00000, 0x00000000c1f00000, 0x00000000c1f00000|100%| O|  |TAMS 0x00000000c1e00000| PB 0x00000000c1e00000| Untracked 
|  11|0x00000000c1f00000, 0x00000000c2000000, 0x00000000c2000000|100%| O|  |TAMS 0x00000000c1f00000| PB 0x00000000c1f00000| Untracked 
|  12|0x00000000c2000000, 0x00000000c2100000, 0x00000000c2100000|100%| O|  |TAMS 0x00000000c2000000| PB 0x00000000c2000000| Untracked 
|  13|0x00000000c2100000, 0x00000000c2200000, 0x00000000c2200000|100%| O|  |TAMS 0x00000000c2100000| PB 0x00000000c2100000| Untracked 
|  14|0x00000000c2200000, 0x00000000c2300000, 0x00000000c2300000|100%| O|  |TAMS 0x00000000c2200000| PB 0x00000000c2200000| Untracked 
|  15|0x00000000c2300000, 0x00000000c2400000, 0x00000000c2400000|100%| O|  |TAMS 0x00000000c2300000| PB 0x00000000c2300000| Untracked 
|  16|0x00000000c2400000, 0x00000000c2500000, 0x00000000c2500000|100%| O|  |TAMS 0x00000000c2400000| PB 0x00000000c2400000| Untracked 
|  17|0x00000000c2500000, 0x00000000c2600000, 0x00000000c2600000|100%| O|Cm|TAMS 0x00000000c2500000| PB 0x00000000c2500000| Complete 
|  18|0x00000000c2600000, 0x00000000c2600000, 0x00000000c2700000|  0%| F|  |TAMS 0x00000000c2600000| PB 0x00000000c2600000| Untracked 
|  19|0x00000000c2700000, 0x00000000c2700000, 0x00000000c2800000|  0%| F|  |TAMS 0x00000000c2700000| PB 0x00000000c2700000| Untracked 
|  20|0x00000000c2800000, 0x00000000c2800000, 0x00000000c2900000|  0%| F|  |TAMS 0x00000000c2800000| PB 0x00000000c2800000| Untracked 
|  21|0x00000000c2900000, 0x00000000c2900000, 0x00000000c2a00000|  0%| F|  |TAMS 0x00000000c2900000| PB 0x00000000c2900000| Untracked 
|  22|0x00000000c2a00000, 0x00000000c2a00000, 0x00000000c2b00000|  0%| F|  |TAMS 0x00000000c2a00000| PB 0x00000000c2a00000| Untracked 
|  23|0x00000000c2b00000, 0x00000000c2b00000, 0x00000000c2c00000|  0%| F|  |TAMS 0x00000000c2b00000| PB 0x00000000c2b00000| Untracked 
|  24|0x00000000c2c00000, 0x00000000c2c00000, 0x00000000c2d00000|  0%| F|  |TAMS 0x00000000c2c00000| PB 0x00000000c2c00000| Untracked 
|  25|0x00000000c2d00000, 0x00000000c2d00000, 0x00000000c2e00000|  0%| F|  |TAMS 0x00000000c2d00000| PB 0x00000000c2d00000| Untracked 
|  26|0x00000000c2e00000, 0x00000000c2e54290, 0x00000000c2f00000| 32%| O|  |TAMS 0x00000000c2e00000| PB 0x00000000c2e00000| Untracked 
|  27|0x00000000c2f00000, 0x00000000c2f00000, 0x00000000c3000000|  0%| F|  |TAMS 0x00000000c2f00000| PB 0x00000000c2f00000| Untracked 
|  28|0x00000000c3000000, 0x00000000c3000000, 0x00000000c3100000|  0%| F|  |TAMS 0x00000000c3000000| PB 0x00000000c3000000| Untracked 
|  29|0x00000000c3100000, 0x00000000c3100000, 0x00000000c3200000|  0%| F|  |TAMS 0x00000000c3100000| PB 0x00000000c3100000| Untracked 
|  30|0x00000000c3200000, 0x00000000c3200000, 0x00000000c3300000|  0%| F|  |TAMS 0x00000000c3200000| PB 0x00000000c3200000| Untracked 
|  31|0x00000000c3300000, 0x00000000c3300000, 0x00000000c3400000|  0%| F|  |TAMS 0x00000000c3300000| PB 0x00000000c3300000| Untracked 
|  32|0x00000000c3400000, 0x00000000c3400000, 0x00000000c3500000|  0%| F|  |TAMS 0x00000000c3400000| PB 0x00000000c3400000| Untracked 
|  33|0x00000000c3500000, 0x00000000c3500000, 0x00000000c3600000|  0%| F|  |TAMS 0x00000000c3500000| PB 0x00000000c3500000| Untracked 
|  34|0x00000000c3600000, 0x00000000c3600000, 0x00000000c3700000|  0%| F|  |TAMS 0x00000000c3600000| PB 0x00000000c3600000| Untracked 
|  35|0x00000000c3700000, 0x00000000c3700000, 0x00000000c3800000|  0%| F|  |TAMS 0x00000000c3700000| PB 0x00000000c3700000| Untracked 
|  36|0x00000000c3800000, 0x00000000c3800000, 0x00000000c3900000|  0%| F|  |TAMS 0x00000000c3800000| PB 0x00000000c3800000| Untracked 
|  37|0x00000000c3900000, 0x00000000c3900000, 0x00000000c3a00000|  0%| F|  |TAMS 0x00000000c3900000| PB 0x00000000c3900000| Untracked 
|  38|0x00000000c3a00000, 0x00000000c3a00000, 0x00000000c3b00000|  0%| F|  |TAMS 0x00000000c3a00000| PB 0x00000000c3a00000| Untracked 
|  39|0x00000000c3b00000, 0x00000000c3b00000, 0x00000000c3c00000|  0%| F|  |TAMS 0x00000000c3b00000| PB 0x00000000c3b00000| Untracked 
|  40|0x00000000c3c00000, 0x00000000c3c00000, 0x00000000c3d00000|  0%| F|  |TAMS 0x00000000c3c00000| PB 0x00000000c3c00000| Untracked 
|  41|0x00000000c3d00000, 0x00000000c3d00000, 0x00000000c3e00000|  0%| F|  |TAMS 0x00000000c3d00000| PB 0x00000000c3d00000| Untracked 
|  42|0x00000000c3e00000, 0x00000000c3e00000, 0x00000000c3f00000|  0%| F|  |TAMS 0x00000000c3e00000| PB 0x00000000c3e00000| Untracked 
|  43|0x00000000c3f00000, 0x00000000c3f00000, 0x00000000c4000000|  0%| F|  |TAMS 0x00000000c3f00000| PB 0x00000000c3f00000| Untracked 
|  44|0x00000000c4000000, 0x00000000c4000000, 0x00000000c4100000|  0%| F|  |TAMS 0x00000000c4000000| PB 0x00000000c4000000| Untracked 
|  45|0x00000000c4100000, 0x00000000c4100000, 0x00000000c4200000|  0%| F|  |TAMS 0x00000000c4100000| PB 0x00000000c4100000| Untracked 
|  46|0x00000000c4200000, 0x00000000c4200000, 0x00000000c4300000|  0%| F|  |TAMS 0x00000000c4200000| PB 0x00000000c4200000| Untracked 
|  47|0x00000000c4300000, 0x00000000c4300000, 0x00000000c4400000|  0%| F|  |TAMS 0x00000000c4300000| PB 0x00000000c4300000| Untracked 
|  48|0x00000000c4400000, 0x00000000c4400000, 0x00000000c4500000|  0%| F|  |TAMS 0x00000000c4400000| PB 0x00000000c4400000| Untracked 
|  49|0x00000000c4500000, 0x00000000c4500000, 0x00000000c4600000|  0%| F|  |TAMS 0x00000000c4500000| PB 0x00000000c4500000| Untracked 
|  50|0x00000000c4600000, 0x00000000c4600000, 0x00000000c4700000|  0%| F|  |TAMS 0x00000000c4600000| PB 0x00000000c4600000| Untracked 
|  51|0x00000000c4700000, 0x00000000c4700000, 0x00000000c4800000|  0%| F|  |TAMS 0x00000000c4700000| PB 0x00000000c4700000| Untracked 
|  52|0x00000000c4800000, 0x00000000c4800000, 0x00000000c4900000|  0%| F|  |TAMS 0x00000000c4800000| PB 0x00000000c4800000| Untracked 
|  53|0x00000000c4900000, 0x00000000c4900000, 0x00000000c4a00000|  0%| F|  |TAMS 0x00000000c4900000| PB 0x00000000c4900000| Untracked 
|  54|0x00000000c4a00000, 0x00000000c4a00000, 0x00000000c4b00000|  0%| F|  |TAMS 0x00000000c4a00000| PB 0x00000000c4a00000| Untracked 
|  55|0x00000000c4b00000, 0x00000000c4b00000, 0x00000000c4c00000|  0%| F|  |TAMS 0x00000000c4b00000| PB 0x00000000c4b00000| Untracked 
|  56|0x00000000c4c00000, 0x00000000c4c00000, 0x00000000c4d00000|  0%| F|  |TAMS 0x00000000c4c00000| PB 0x00000000c4c00000| Untracked 
|  57|0x00000000c4d00000, 0x00000000c4d00000, 0x00000000c4e00000|  0%| F|  |TAMS 0x00000000c4d00000| PB 0x00000000c4d00000| Untracked 
|  58|0x00000000c4e00000, 0x00000000c4e00000, 0x00000000c4f00000|  0%| F|  |TAMS 0x00000000c4e00000| PB 0x00000000c4e00000| Untracked 
|  59|0x00000000c4f00000, 0x00000000c4f00000, 0x00000000c5000000|  0%| F|  |TAMS 0x00000000c4f00000| PB 0x00000000c4f00000| Untracked 
|  60|0x00000000c5000000, 0x00000000c5000000, 0x00000000c5100000|  0%| F|  |TAMS 0x00000000c5000000| PB 0x00000000c5000000| Untracked 
|  61|0x00000000c5100000, 0x00000000c5100000, 0x00000000c5200000|  0%| F|  |TAMS 0x00000000c5100000| PB 0x00000000c5100000| Untracked 
|  62|0x00000000c5200000, 0x00000000c5200000, 0x00000000c5300000|  0%| F|  |TAMS 0x00000000c5200000| PB 0x00000000c5200000| Untracked 
|  63|0x00000000c5300000, 0x00000000c5300000, 0x00000000c5400000|  0%| F|  |TAMS 0x00000000c5300000| PB 0x00000000c5300000| Untracked 
|  64|0x00000000c5400000, 0x00000000c5400000, 0x00000000c5500000|  0%| F|  |TAMS 0x00000000c5400000| PB 0x00000000c5400000| Untracked 
|  65|0x00000000c5500000, 0x00000000c5500000, 0x00000000c5600000|  0%| F|  |TAMS 0x00000000c5500000| PB 0x00000000c5500000| Untracked 
|  66|0x00000000c5600000, 0x00000000c5600000, 0x00000000c5700000|  0%| F|  |TAMS 0x00000000c5600000| PB 0x00000000c5600000| Untracked 
|  67|0x00000000c5700000, 0x00000000c5700000, 0x00000000c5800000|  0%| F|  |TAMS 0x00000000c5700000| PB 0x00000000c5700000| Untracked 
|  68|0x00000000c5800000, 0x00000000c5800000, 0x00000000c5900000|  0%| F|  |TAMS 0x00000000c5800000| PB 0x00000000c5800000| Untracked 
|  69|0x00000000c5900000, 0x00000000c5900000, 0x00000000c5a00000|  0%| F|  |TAMS 0x00000000c5900000| PB 0x00000000c5900000| Untracked 
|  70|0x00000000c5a00000, 0x00000000c5a00000, 0x00000000c5b00000|  0%| F|  |TAMS 0x00000000c5a00000| PB 0x00000000c5a00000| Untracked 
|  71|0x00000000c5b00000, 0x00000000c5b00000, 0x00000000c5c00000|  0%| F|  |TAMS 0x00000000c5b00000| PB 0x00000000c5b00000| Untracked 
|  72|0x00000000c5c00000, 0x00000000c5c00000, 0x00000000c5d00000|  0%| F|  |TAMS 0x00000000c5c00000| PB 0x00000000c5c00000| Untracked 
|  73|0x00000000c5d00000, 0x00000000c5d00000, 0x00000000c5e00000|  0%| F|  |TAMS 0x00000000c5d00000| PB 0x00000000c5d00000| Untracked 
|  74|0x00000000c5e00000, 0x00000000c5e00000, 0x00000000c5f00000|  0%| F|  |TAMS 0x00000000c5e00000| PB 0x00000000c5e00000| Untracked 
|  75|0x00000000c5f00000, 0x00000000c5f00000, 0x00000000c6000000|  0%| F|  |TAMS 0x00000000c5f00000| PB 0x00000000c5f00000| Untracked 
|  76|0x00000000c6000000, 0x00000000c60a30a0, 0x00000000c6100000| 63%| E|  |TAMS 0x00000000c6000000| PB 0x00000000c6000000| Complete 
|  77|0x00000000c6100000, 0x00000000c6200000, 0x00000000c6200000|100%| E|CS|TAMS 0x00000000c6100000| PB 0x00000000c6100000| Complete 
|  78|0x00000000c6200000, 0x00000000c6300000, 0x00000000c6300000|100%| E|CS|TAMS 0x00000000c6200000| PB 0x00000000c6200000| Complete 
|  79|0x00000000c6300000, 0x00000000c6400000, 0x00000000c6400000|100%| E|CS|TAMS 0x00000000c6300000| PB 0x00000000c6300000| Complete 
|  80|0x00000000c6400000, 0x00000000c6500000, 0x00000000c6500000|100%| E|CS|TAMS 0x00000000c6400000| PB 0x00000000c6400000| Complete 
|  81|0x00000000c6500000, 0x00000000c6600000, 0x00000000c6600000|100%| E|CS|TAMS 0x00000000c6500000| PB 0x00000000c6500000| Complete 
|  82|0x00000000c6600000, 0x00000000c6661ab8, 0x00000000c6700000| 38%| S|CS|TAMS 0x00000000c6600000| PB 0x00000000c6600000| Complete 
|  83|0x00000000c6700000, 0x00000000c6800000, 0x00000000c6800000|100%| E|CS|TAMS 0x00000000c6700000| PB 0x00000000c6700000| Complete 
|  84|0x00000000c6800000, 0x00000000c6900000, 0x00000000c6900000|100%| E|CS|TAMS 0x00000000c6800000| PB 0x00000000c6800000| Complete 
|  85|0x00000000c6900000, 0x00000000c6a00000, 0x00000000c6a00000|100%| E|CS|TAMS 0x00000000c6900000| PB 0x00000000c6900000| Complete 
|  86|0x00000000c6a00000, 0x00000000c6b00000, 0x00000000c6b00000|100%| E|CS|TAMS 0x00000000c6a00000| PB 0x00000000c6a00000| Complete 

Card table byte_map: [0x000001dda40d0000,0x000001dda42d0000] _byte_map_base: 0x000001dda3ac6000

Marking Bits: (CMBitMap*) 0x000001dd8c80bcf0
 Bits: [0x000001dda42d0000, 0x000001dda5280000)

Polling page: 0x000001dd8a850000

Metaspace:

Usage:
  Non-class:     23.29 MB used.
      Class:      2.92 MB used.
       Both:     26.21 MB used.

Virtual space:
  Non-class space:       64.00 MB reserved,      23.50 MB ( 37%) committed,  1 nodes.
      Class space:        1.00 GB reserved,       3.06 MB ( <1%) committed,  1 nodes.
             Both:        1.06 GB reserved,      26.56 MB (  2%) committed. 

Chunk freelists:
   Non-Class:  8.30 MB
       Class:  12.88 MB
        Both:  21.17 MB

MaxMetaspaceSize: unlimited
CompressedClassSpaceSize: 1.00 GB
Initial GC threshold: 21.00 MB
Current GC threshold: 42.75 MB
CDS: on
 - commit_granule_bytes: 65536.
 - commit_granule_words: 8192.
 - virtual_space_node_default_size: 8388608.
 - enlarge_chunks_in_place: 1.
 - use_allocation_guard: 0.


Internal statistics:

num_allocs_failed_limit: 3.
num_arena_births: 216.
num_arena_deaths: 0.
num_vsnodes_births: 2.
num_vsnodes_deaths: 0.
num_space_committed: 425.
num_space_uncommitted: 0.
num_chunks_returned_to_freelist: 3.
num_chunks_taken_from_freelist: 922.
num_chunk_merges: 3.
num_chunk_splits: 658.
num_chunks_enlarged: 542.
num_inconsistent_stats: 0.

CodeHeap 'non-profiled nmethods': size=120000Kb used=2596Kb max_used=2795Kb free=117403Kb
 bounds [0x000001dd9c9a0000, 0x000001dd9cc60000, 0x000001dda3ed0000]
CodeHeap 'profiled nmethods': size=120000Kb used=11051Kb max_used=11773Kb free=108948Kb
 bounds [0x000001dd94ed0000, 0x000001dd95a50000, 0x000001dd9c400000]
CodeHeap 'non-nmethods': size=5760Kb used=1514Kb max_used=1552Kb free=4245Kb
 bounds [0x000001dd9c400000, 0x000001dd9c670000, 0x000001dd9c9a0000]
 total_blobs=6035 nmethods=5455 adapters=484
 compilation: enabled
              stopped_count=0, restarted_count=0
 full_count=0

Compilation events (20 events):
Event: 55.004 Thread 0x000001dda76e48c0 5994       1       org.apache.maven.plugin.descriptor.Parameter::getDeprecated (5 bytes)
Event: 55.004 Thread 0x000001dda76e48c0 nmethod 5994 0x000001dd9c9b4290 code [0x000001dd9c9b4420, 0x000001dd9c9b44e8]
Event: 55.004 Thread 0x000001dda76e48c0 5995       1       org.apache.maven.plugin.descriptor.Parameter::isEditable (5 bytes)
Event: 55.004 Thread 0x000001dda76e48c0 nmethod 5995 0x000001dd9c9f4190 code [0x000001dd9c9f4320, 0x000001dd9c9f43f0]
Event: 55.004 Thread 0x000001dda76e48c0 5996       1       org.apache.maven.plugin.descriptor.Parameter::isRequired (5 bytes)
Event: 55.004 Thread 0x000001dda76e48c0 nmethod 5996 0x000001dd9c9f3e90 code [0x000001dd9c9f4020, 0x000001dd9c9f40f0]
Event: 55.007 Thread 0x000001dda76e48c0 5997       1       org.eclipse.sisu.inject.MildKeys$Weak::hashCode (5 bytes)
Event: 55.007 Thread 0x000001dda76e48c0 nmethod 5997 0x000001dd9c9f3b90 code [0x000001dd9c9f3d20, 0x000001dd9c9f3de8]
Event: 55.011 Thread 0x000001dda76e48c0 5998       3       org.eclipse.sisu.plexus.Roles::camelizeName (127 bytes)
Event: 55.012 Thread 0x000001dda76dded0 5999       4       java.lang.invoke.MethodType::makeImpl (109 bytes)
Event: 55.013 Thread 0x000001dda76e48c0 nmethod 5998 0x000001dd95280b90 code [0x000001dd95280f00, 0x000001dd95282338]
Event: 55.014 Thread 0x000001dda76e48c0 6000       3       java.lang.Class::getMethods (26 bytes)
Event: 55.015 Thread 0x000001dda76e48c0 nmethod 6000 0x000001dd9524cd10 code [0x000001dd9524cee0, 0x000001dd9524d138]
Event: 55.016 Thread 0x000001dda76e48c0 6001       3       org.apache.maven.plugin.compiler.AbstractCompilerMojo$$Lambda/0x000001dda9312fa8::test (12 bytes)
Event: 55.017 Thread 0x000001dda76e48c0 nmethod 6001 0x000001dd95257710 code [0x000001dd952578c0, 0x000001dd95257af8]
Event: 55.017 Thread 0x000001dda76e48c0 6002       3       org.apache.maven.plugin.compiler.AbstractCompilerMojo::lambda$findManagedVersion$4 (62 bytes)
Event: 55.018 Thread 0x000001dda76e48c0 nmethod 6002 0x000001dd95019090 code [0x000001dd950192c0, 0x000001dd95019a78]
Event: 55.018 Thread 0x000001dda76e48c0 6003       3       java.util.Collections$UnmodifiableMap::size (10 bytes)
Event: 55.018 Thread 0x000001dda76e48c0 nmethod 6003 0x000001dd9531ca90 code [0x000001dd9531cc40, 0x000001dd9531ce18]
Event: 55.020 Thread 0x000001dda76e48c0 6004   !   3       org.eclipse.aether.internal.impl.DefaultArtifactResolver::resolve (1386 bytes)

GC Heap History (20 events):
Event: 9.774 GC heap before
{Heap before GC invocations=2 (full 0):
 garbage-first heap   total 65536K, used 41062K [0x00000000c1400000, 0x0000000100000000)
  region size 1024K, 38 young (38912K), 1 survivors (1024K)
 Metaspace       used 12040K, committed 12288K, reserved 1114112K
  class space    used 1434K, committed 1536K, reserved 1048576K
}
Event: 9.785 GC heap after
{Heap after GC invocations=3 (full 0):
 garbage-first heap   total 65536K, used 6632K [0x00000000c1400000, 0x0000000100000000)
  region size 1024K, 4 young (4096K), 4 survivors (4096K)
 Metaspace       used 12040K, committed 12288K, reserved 1114112K
  class space    used 1434K, committed 1536K, reserved 1048576K
}
Event: 17.410 GC heap before
{Heap before GC invocations=3 (full 0):
 garbage-first heap   total 65536K, used 34280K [0x00000000c1400000, 0x0000000100000000)
  region size 1024K, 33 young (33792K), 4 survivors (4096K)
 Metaspace       used 21260K, committed 21504K, reserved 1114112K
  class space    used 2508K, committed 2560K, reserved 1048576K
}
Event: 17.437 GC heap after
{Heap after GC invocations=4 (full 0):
 garbage-first heap   total 65536K, used 11674K [0x00000000c1400000, 0x0000000100000000)
  region size 1024K, 5 young (5120K), 5 survivors (5120K)
 Metaspace       used 21260K, committed 21504K, reserved 1114112K
  class space    used 2508K, committed 2560K, reserved 1048576K
}
Event: 22.727 GC heap before
{Heap before GC invocations=5 (full 0):
 garbage-first heap   total 40960K, used 31130K [0x00000000c1400000, 0x0000000100000000)
  region size 1024K, 24 young (24576K), 5 survivors (5120K)
 Metaspace       used 23421K, committed 23680K, reserved 1114112K
  class space    used 2719K, committed 2816K, reserved 1048576K
}
Event: 22.749 GC heap after
{Heap after GC invocations=6 (full 0):
 garbage-first heap   total 40960K, used 14443K [0x00000000c1400000, 0x0000000100000000)
  region size 1024K, 3 young (3072K), 3 survivors (3072K)
 Metaspace       used 23421K, committed 23680K, reserved 1114112K
  class space    used 2719K, committed 2816K, reserved 1048576K
}
Event: 28.621 GC heap before
{Heap before GC invocations=6 (full 0):
 garbage-first heap   total 40960K, used 30827K [0x00000000c1400000, 0x0000000100000000)
  region size 1024K, 19 young (19456K), 3 survivors (3072K)
 Metaspace       used 23917K, committed 24192K, reserved 1114112K
  class space    used 2757K, committed 2880K, reserved 1048576K
}
Event: 28.636 GC heap after
{Heap after GC invocations=7 (full 0):
 garbage-first heap   total 40960K, used 16297K [0x00000000c1400000, 0x0000000100000000)
  region size 1024K, 2 young (2048K), 2 survivors (2048K)
 Metaspace       used 23917K, committed 24192K, reserved 1114112K
  class space    used 2757K, committed 2880K, reserved 1048576K
}
Event: 38.454 GC heap before
{Heap before GC invocations=7 (full 0):
 garbage-first heap   total 40960K, used 32681K [0x00000000c1400000, 0x0000000100000000)
  region size 1024K, 18 young (18432K), 2 survivors (2048K)
 Metaspace       used 24340K, committed 24576K, reserved 1114112K
  class space    used 2784K, committed 2880K, reserved 1048576K
}
Event: 38.464 GC heap after
{Heap after GC invocations=8 (full 0):
 garbage-first heap   total 40960K, used 17958K [0x00000000c1400000, 0x0000000100000000)
  region size 1024K, 2 young (2048K), 2 survivors (2048K)
 Metaspace       used 24340K, committed 24576K, reserved 1114112K
  class space    used 2784K, committed 2880K, reserved 1048576K
}
Event: 42.667 GC heap before
{Heap before GC invocations=8 (full 0):
 garbage-first heap   total 40960K, used 33318K [0x00000000c1400000, 0x0000000100000000)
  region size 1024K, 17 young (17408K), 2 survivors (2048K)
 Metaspace       used 24543K, committed 24768K, reserved 1114112K
  class space    used 2785K, committed 2880K, reserved 1048576K
}
Event: 42.673 GC heap after
{Heap after GC invocations=9 (full 0):
 garbage-first heap   total 40960K, used 18336K [0x00000000c1400000, 0x0000000100000000)
  region size 1024K, 2 young (2048K), 2 survivors (2048K)
 Metaspace       used 24543K, committed 24768K, reserved 1114112K
  class space    used 2785K, committed 2880K, reserved 1048576K
}
Event: 48.554 GC heap before
{Heap before GC invocations=9 (full 0):
 garbage-first heap   total 40960K, used 33696K [0x00000000c1400000, 0x0000000100000000)
  region size 1024K, 18 young (18432K), 2 survivors (2048K)
 Metaspace       used 24816K, committed 25024K, reserved 1114112K
  class space    used 2803K, committed 2880K, reserved 1048576K
}
Event: 48.560 GC heap after
{Heap after GC invocations=10 (full 0):
 garbage-first heap   total 40960K, used 18122K [0x00000000c1400000, 0x0000000100000000)
  region size 1024K, 1 young (1024K), 1 survivors (1024K)
 Metaspace       used 24816K, committed 25024K, reserved 1114112K
  class space    used 2803K, committed 2880K, reserved 1048576K
}
Event: 51.179 GC heap before
{Heap before GC invocations=10 (full 0):
 garbage-first heap   total 40960K, used 28362K [0x00000000c1400000, 0x0000000100000000)
  region size 1024K, 13 young (13312K), 1 survivors (1024K)
 Metaspace       used 25867K, committed 26112K, reserved 1114112K
  class space    used 2908K, committed 3008K, reserved 1048576K
}
Event: 51.185 GC heap after
{Heap after GC invocations=11 (full 0):
 garbage-first heap   total 40960K, used 18905K [0x00000000c1400000, 0x0000000100000000)
  region size 1024K, 2 young (2048K), 2 survivors (2048K)
 Metaspace       used 25867K, committed 26112K, reserved 1114112K
  class space    used 2908K, committed 3008K, reserved 1048576K
}
Event: 51.195 GC heap before
{Heap before GC invocations=11 (full 0):
 garbage-first heap   total 40960K, used 27097K [0x00000000c1400000, 0x0000000100000000)
  region size 1024K, 3 young (3072K), 2 survivors (2048K)
 Metaspace       used 25869K, committed 26112K, reserved 1114112K
  class space    used 2908K, committed 3008K, reserved 1048576K
}
Event: 51.200 GC heap after
{Heap after GC invocations=12 (full 0):
 garbage-first heap   total 40960K, used 27194K [0x00000000c1400000, 0x0000000100000000)
  region size 1024K, 2 young (2048K), 2 survivors (2048K)
 Metaspace       used 25869K, committed 26112K, reserved 1114112K
  class space    used 2908K, committed 3008K, reserved 1048576K
}
Event: 52.069 GC heap before
{Heap before GC invocations=13 (full 0):
 garbage-first heap   total 89088K, used 56890K [0x00000000c1400000, 0x0000000100000000)
  region size 1024K, 7 young (7168K), 2 survivors (2048K)
 Metaspace       used 25952K, committed 26304K, reserved 1114112K
  class space    used 2915K, committed 3072K, reserved 1048576K
}
Event: 52.074 GC heap after
{Heap after GC invocations=14 (full 0):
 garbage-first heap   total 89088K, used 19159K [0x00000000c1400000, 0x0000000100000000)
  region size 1024K, 1 young (1024K), 1 survivors (1024K)
 Metaspace       used 25952K, committed 26304K, reserved 1114112K
  class space    used 2915K, committed 3072K, reserved 1048576K
}

Dll operation events (10 events):
Event: 0.057 Loaded shared library C:\Users\Armero\AppData\Roaming\Code\User\globalStorage\pleiades.java-extension-pack-jdk\java\21\bin\java.dll
Event: 0.185 Loaded shared library C:\Users\Armero\AppData\Roaming\Code\User\globalStorage\pleiades.java-extension-pack-jdk\java\21\bin\jsvml.dll
Event: 0.295 Loaded shared library C:\Users\Armero\AppData\Roaming\Code\User\globalStorage\pleiades.java-extension-pack-jdk\java\21\bin\net.dll
Event: 0.302 Loaded shared library C:\Users\Armero\AppData\Roaming\Code\User\globalStorage\pleiades.java-extension-pack-jdk\java\21\bin\nio.dll
Event: 0.323 Loaded shared library C:\Users\Armero\AppData\Roaming\Code\User\globalStorage\pleiades.java-extension-pack-jdk\java\21\bin\zip.dll
Event: 1.029 Loaded shared library C:\Users\Armero\AppData\Roaming\Code\User\globalStorage\pleiades.java-extension-pack-jdk\maven\latest\lib\jansi-native\Windows\x86_64\jansi.dll
Event: 1.086 Loaded shared library C:\Users\Armero\AppData\Roaming\Code\User\globalStorage\pleiades.java-extension-pack-jdk\java\21\bin\verify.dll
Event: 1.222 Loaded shared library C:\Users\Armero\AppData\Roaming\Code\User\globalStorage\pleiades.java-extension-pack-jdk\java\21\bin\jimage.dll
Event: 11.975 Loaded shared library C:\Users\Armero\AppData\Roaming\Code\User\globalStorage\pleiades.java-extension-pack-jdk\java\21\bin\sunmscapi.dll
Event: 15.035 Loaded shared library C:\Users\Armero\AppData\Roaming\Code\User\globalStorage\pleiades.java-extension-pack-jdk\java\21\bin\extnet.dll

Deoptimization events (20 events):
Event: 52.718 Thread 0x000001dd8a5e3a10 Uncommon trap: trap_request=0xffffff6e fr.pc=0x000001dd9c9c7b08 relative=0x0000000000000168
Event: 52.718 Thread 0x000001dd8a5e3a10 Uncommon trap: reason=loop_limit_check action=maybe_recompile pc=0x000001dd9c9c7b08 method=java.lang.StringLatin1.lastIndexOf([BII)I @ 19 c2
Event: 52.718 Thread 0x000001dd8a5e3a10 DEOPT PACKING pc=0x000001dd9c9c7b08 sp=0x00000060220fd240
Event: 52.718 Thread 0x000001dd8a5e3a10 DEOPT UNPACKING pc=0x000001dd9c4546a2 sp=0x00000060220fd1c0 mode 2
Event: 53.647 Thread 0x000001dd8a5e3a10 Uncommon trap: trap_request=0xffffff45 fr.pc=0x000001dd9cc53c80 relative=0x00000000000000c0
Event: 53.647 Thread 0x000001dd8a5e3a10 Uncommon trap: reason=unstable_if action=reinterpret pc=0x000001dd9cc53c80 method=sun.net.www.ParseUtil.firstEncodeIndex(Ljava/lang/String;)I @ 73 c2
Event: 53.647 Thread 0x000001dd8a5e3a10 DEOPT PACKING pc=0x000001dd9cc53c80 sp=0x00000060220fd130
Event: 53.647 Thread 0x000001dd8a5e3a10 DEOPT UNPACKING pc=0x000001dd9c4546a2 sp=0x00000060220fd060 mode 2
Event: 53.803 Thread 0x000001dd8a5e3a10 Uncommon trap: trap_request=0xffffff45 fr.pc=0x000001dd9cc2d2e4 relative=0x0000000000000044
Event: 53.803 Thread 0x000001dd8a5e3a10 Uncommon trap: reason=unstable_if action=reinterpret pc=0x000001dd9cc2d2e4 method=org.eclipse.aether.artifact.DefaultArtifact.emptify(Ljava/lang/String;)Ljava/lang/String; @ 1 c2
Event: 53.803 Thread 0x000001dd8a5e3a10 DEOPT PACKING pc=0x000001dd9cc2d2e4 sp=0x00000060220fdad0
Event: 53.803 Thread 0x000001dd8a5e3a10 DEOPT UNPACKING pc=0x000001dd9c4546a2 sp=0x00000060220fda70 mode 2
Event: 54.009 Thread 0x000001dd8a5e3a10 Uncommon trap: trap_request=0xffffffbe fr.pc=0x000001dd9ca89078 relative=0x0000000000001058
Event: 54.009 Thread 0x000001dd8a5e3a10 Uncommon trap: reason=profile_predicate action=maybe_recompile pc=0x000001dd9ca89078 method=java.util.TimSort.binarySort([Ljava/lang/Object;IIILjava/util/Comparator;)V @ 34 c2
Event: 54.009 Thread 0x000001dd8a5e3a10 DEOPT PACKING pc=0x000001dd9ca89078 sp=0x00000060220fd850
Event: 54.009 Thread 0x000001dd8a5e3a10 DEOPT UNPACKING pc=0x000001dd9c4546a2 sp=0x00000060220fd820 mode 2
Event: 55.036 Thread 0x000001dd8a5e3a10 Uncommon trap: trap_request=0xffffff45 fr.pc=0x000001dd9ca967f8 relative=0x00000000000000d8
Event: 55.036 Thread 0x000001dd8a5e3a10 Uncommon trap: reason=unstable_if action=reinterpret pc=0x000001dd9ca967f8 method=java.util.Spliterator.getExactSizeIfKnown()J @ 9 c2
Event: 55.036 Thread 0x000001dd8a5e3a10 DEOPT PACKING pc=0x000001dd9ca967f8 sp=0x00000060220fd940
Event: 55.036 Thread 0x000001dd8a5e3a10 DEOPT UNPACKING pc=0x000001dd9c4546a2 sp=0x00000060220fd8e0 mode 2

Classes loaded (20 events):
Event: 53.669 Loading class java/util/concurrent/ConcurrentLinkedDeque$Node
Event: 53.669 Loading class java/util/concurrent/ConcurrentLinkedDeque$Node done
Event: 53.671 Loading class java/util/ServiceConfigurationError
Event: 53.672 Loading class java/util/ServiceConfigurationError done
Event: 53.987 Loading class java/nio/file/attribute/FileTime$1
Event: 53.987 Loading class java/nio/file/attribute/FileTime$1 done
Event: 54.007 Loading class java/util/Comparators$NaturalOrderComparator
Event: 54.008 Loading class java/util/Comparators$NaturalOrderComparator done
Event: 55.023 Loading class java/nio/file/FileVisitOption
Event: 55.025 Loading class java/nio/file/FileVisitOption done
Event: 55.025 Loading class java/nio/file/FileTreeIterator
Event: 55.026 Loading class java/nio/file/FileTreeIterator done
Event: 55.026 Loading class java/nio/file/FileTreeWalker
Event: 55.027 Loading class java/nio/file/FileTreeWalker done
Event: 55.028 Loading class java/nio/file/FileTreeWalker$DirectoryNode
Event: 55.029 Loading class java/nio/file/FileTreeWalker$DirectoryNode done
Event: 55.033 Loading class java/nio/file/FileTreeWalker$Event
Event: 55.033 Loading class java/nio/file/FileTreeWalker$Event done
Event: 55.033 Loading class java/nio/file/FileTreeWalker$EventType
Event: 55.034 Loading class java/nio/file/FileTreeWalker$EventType done

Classes unloaded (0 events):
No events

Classes redefined (0 events):
No events

Internal exceptions (20 events):
Event: 44.351 Thread 0x000001dd8a5e3a10 Exception <a 'sun/nio/fs/WindowsException'{0x00000000c3af4740}> (0x00000000c3af4740) 
thrown [s\src\hotspot\share\prims\jni.cpp, line 520]
Event: 44.535 Thread 0x000001dd8a5e3a10 Exception <a 'sun/nio/fs/WindowsException'{0x00000000c3afc1e8}> (0x00000000c3afc1e8) 
thrown [s\src\hotspot\share\prims\jni.cpp, line 520]
Event: 44.541 Thread 0x000001dd8a5e3a10 Exception <a 'sun/nio/fs/WindowsException'{0x00000000c3915978}> (0x00000000c3915978) 
thrown [s\src\hotspot\share\prims\jni.cpp, line 520]
Event: 45.049 Thread 0x000001dd8a5e3a10 Exception <a 'sun/nio/fs/WindowsException'{0x00000000c3929270}> (0x00000000c3929270) 
thrown [s\src\hotspot\share\prims\jni.cpp, line 520]
Event: 45.141 Thread 0x000001dd8a5e3a10 Exception <a 'sun/nio/fs/WindowsException'{0x00000000c39b73e8}> (0x00000000c39b73e8) 
thrown [s\src\hotspot\share\prims\jni.cpp, line 520]
Event: 45.250 Thread 0x000001dd8a5e3a10 Exception <a 'sun/nio/fs/WindowsException'{0x00000000c39bf0b0}> (0x00000000c39bf0b0) 
thrown [s\src\hotspot\share\prims\jni.cpp, line 520]
Event: 45.275 Thread 0x000001dd8a5e3a10 Exception <a 'sun/nio/fs/WindowsException'{0x00000000c39d5100}> (0x00000000c39d5100) 
thrown [s\src\hotspot\share\prims\jni.cpp, line 520]
Event: 45.929 Thread 0x000001dd8a5e3a10 Exception <a 'sun/nio/fs/WindowsException'{0x00000000c39e8840}> (0x00000000c39e8840) 
thrown [s\src\hotspot\share\prims\jni.cpp, line 520]
Event: 45.976 Thread 0x000001dd8a5e3a10 Exception <a 'sun/nio/fs/WindowsException'{0x00000000c3872218}> (0x00000000c3872218) 
thrown [s\src\hotspot\share\prims\jni.cpp, line 520]
Event: 46.072 Thread 0x000001dd8a5e3a10 Exception <a 'sun/nio/fs/WindowsException'{0x00000000c3879a90}> (0x00000000c3879a90) 
thrown [s\src\hotspot\share\prims\jni.cpp, line 520]
Event: 46.162 Thread 0x000001dd8a5e3a10 Exception <a 'sun/nio/fs/WindowsException'{0x00000000c388fbd8}> (0x00000000c388fbd8) 
thrown [s\src\hotspot\share\prims\jni.cpp, line 520]
Event: 46.281 Thread 0x000001dd8a5e3a10 Exception <a 'sun/nio/fs/WindowsException'{0x00000000c389b290}> (0x00000000c389b290) 
thrown [s\src\hotspot\share\prims\jni.cpp, line 520]
Event: 46.370 Thread 0x000001dd8a5e3a10 Exception <a 'sun/nio/fs/WindowsException'{0x00000000c372e6c8}> (0x00000000c372e6c8) 
thrown [s\src\hotspot\share\prims\jni.cpp, line 520]
Event: 46.466 Thread 0x000001dd8a5e3a10 Exception <a 'sun/nio/fs/WindowsException'{0x00000000c3736520}> (0x00000000c3736520) 
thrown [s\src\hotspot\share\prims\jni.cpp, line 520]
Event: 46.520 Thread 0x000001dd8a5e3a10 Exception <a 'sun/nio/fs/WindowsException'{0x00000000c374c7f8}> (0x00000000c374c7f8) 
thrown [s\src\hotspot\share\prims\jni.cpp, line 520]
Event: 46.571 Thread 0x000001dd8a5e3a10 Exception <a 'sun/nio/fs/WindowsException'{0x00000000c37501a0}> (0x00000000c37501a0) 
thrown [s\src\hotspot\share\prims\jni.cpp, line 520]
Event: 48.402 Thread 0x000001dd8a5e3a10 Exception <a 'java/lang/NoSuchMethodError'{0x00000000c2dc69f0}: 'java.lang.Object java.lang.invoke.DirectMethodHandle$Holder.newInvokeSpecial(java.lang.Object, java.lang.Object, java.lang.Object, java.lang.Object, java.lang.Object, java.lang.Object, java.lang.Object)'> (0x00000000c2dc69f0) 
thrown [s\src\hotspot\share\interpreter\linkResolver.cpp, line 773]
Event: 50.647 Thread 0x000001dd8a5e3a10 Implicit null exception at 0x000001dd9cc3bd5f to 0x000001dd9cc3c510
Event: 50.809 Thread 0x000001dd8a5e3a10 Exception <a 'java/lang/NoSuchMethodError'{0x00000000c33cf790}: 'int java.lang.invoke.DirectMethodHandle$Holder.invokeVirtual(java.lang.Object, java.lang.Object)'> (0x00000000c33cf790) 
thrown [s\src\hotspot\share\interpreter\linkResolver.cpp, line 773]
Event: 50.930 Thread 0x000001dd8a5e3a10 Exception <a 'java/lang/NoSuchMethodError'{0x00000000c32b57c8}: 'void java.lang.invoke.Invokers$Holder.invokeExact_MT(java.lang.Object, java.lang.Object, int, java.lang.Object)'> (0x00000000c32b57c8) 
thrown [s\src\hotspot\share\interpreter\linkResolver.cpp, line 773]

ZGC Phase Switch (0 events):
No events

VM Operations (20 events):
Event: 48.554 Executing VM operation: G1CollectForAllocation (G1 Evacuation Pause)
Event: 48.560 Executing VM operation: G1CollectForAllocation (G1 Evacuation Pause) done
Event: 49.567 Executing VM operation: Cleanup
Event: 49.567 Executing VM operation: Cleanup done
Event: 50.570 Executing VM operation: Cleanup
Event: 50.571 Executing VM operation: Cleanup done
Event: 51.179 Executing VM operation: G1TryInitiateConcMark (G1 Humongous Allocation)
Event: 51.185 Executing VM operation: G1TryInitiateConcMark (G1 Humongous Allocation) done
Event: 51.195 Executing VM operation: G1TryInitiateConcMark (G1 Humongous Allocation)
Event: 51.200 Executing VM operation: G1TryInitiateConcMark (G1 Humongous Allocation) done
Event: 51.261 Executing VM operation: G1PauseRemark
Event: 51.272 Executing VM operation: G1PauseRemark done
Event: 51.292 Executing VM operation: G1PauseCleanup
Event: 51.292 Executing VM operation: G1PauseCleanup done
Event: 52.069 Executing VM operation: G1CollectForAllocation (G1 Evacuation Pause)
Event: 52.074 Executing VM operation: G1CollectForAllocation (G1 Evacuation Pause) done
Event: 53.089 Executing VM operation: Cleanup
Event: 53.105 Executing VM operation: Cleanup done
Event: 54.112 Executing VM operation: Cleanup
Event: 54.112 Executing VM operation: Cleanup done

Memory protections (0 events):
No events

Nmethod flushes (20 events):
Event: 51.271 Thread 0x000001dd8c890650 flushing  nmethod 0x000001dd95529610
Event: 51.271 Thread 0x000001dd8c890650 flushing  nmethod 0x000001dd95529f90
Event: 51.271 Thread 0x000001dd8c890650 flushing  nmethod 0x000001dd9552ae90
Event: 51.271 Thread 0x000001dd8c890650 flushing  nmethod 0x000001dd9552be90
Event: 51.271 Thread 0x000001dd8c890650 flushing  nmethod 0x000001dd95542390
Event: 51.271 Thread 0x000001dd8c890650 flushing  nmethod 0x000001dd95542e10
Event: 51.271 Thread 0x000001dd8c890650 flushing  nmethod 0x000001dd95544490
Event: 51.271 Thread 0x000001dd8c890650 flushing  nmethod 0x000001dd95544e90
Event: 51.271 Thread 0x000001dd8c890650 flushing  nmethod 0x000001dd95545890
Event: 51.271 Thread 0x000001dd8c890650 flushing  nmethod 0x000001dd95545c90
Event: 51.271 Thread 0x000001dd8c890650 flushing  nmethod 0x000001dd95546210
Event: 51.271 Thread 0x000001dd8c890650 flushing  nmethod 0x000001dd95546610
Event: 51.271 Thread 0x000001dd8c890650 flushing  nmethod 0x000001dd95546a10
Event: 51.271 Thread 0x000001dd8c890650 flushing  nmethod 0x000001dd95547a90
Event: 51.271 Thread 0x000001dd8c890650 flushing  nmethod 0x000001dd95548310
Event: 51.271 Thread 0x000001dd8c890650 flushing  nmethod 0x000001dd95550910
Event: 51.271 Thread 0x000001dd8c890650 flushing  nmethod 0x000001dd95551890
Event: 51.271 Thread 0x000001dd8c890650 flushing  nmethod 0x000001dd95553c90
Event: 51.271 Thread 0x000001dd8c890650 flushing  nmethod 0x000001dd9555a890
Event: 51.271 Thread 0x000001dd8c890650 flushing  nmethod 0x000001dd9555c310

Events (14 events):
Event: 0.128 Thread 0x000001dd8a5e3a10 Thread added: 0x000001dd8a5e3a10
Event: 0.180 Thread 0x000001dd8a5e3a10 Thread added: 0x000001dda76d4fd0
Event: 0.180 Thread 0x000001dd8a5e3a10 Thread added: 0x000001dda76d5e90
Event: 0.181 Thread 0x000001dd8a5e3a10 Thread added: 0x000001dda76da250
Event: 0.181 Thread 0x000001dd8a5e3a10 Thread added: 0x000001dda76daca0
Event: 0.181 Thread 0x000001dd8a5e3a10 Thread added: 0x000001dda76dc700
Event: 0.181 Thread 0x000001dd8a5e3a10 Thread added: 0x000001dda76dd150
Event: 0.181 Thread 0x000001dd8a5e3a10 Thread added: 0x000001dda76dded0
Event: 0.182 Thread 0x000001dd8a5e3a10 Thread added: 0x000001dda76e48c0
Event: 0.268 Thread 0x000001dd8a5e3a10 Thread added: 0x000001dda7827ba0
Event: 0.281 Thread 0x000001dd8a5e3a10 Thread added: 0x000001dda7829a30
Event: 1.018 Thread 0x000001dd8a5e3a10 Thread added: 0x000001dded06a130
Event: 1.841 Thread 0x000001dded06a130 Thread exited: 0x000001dded06a130
Event: 11.140 Thread 0x000001dd8a5e3a10 Thread added: 0x000001dda7a1c0f0


Dynamic libraries:
0x00007ff7934b0000 - 0x00007ff7934be000 	C:\Users\Armero\AppData\Roaming\Code\User\globalStorage\pleiades.java-extension-pack-jdk\java\21\bin\java.exe
0x00007ffd23410000 - 0x00007ffd23608000 	C:\Windows\SYSTEM32\ntdll.dll
0x00007ffd21ac0000 - 0x00007ffd21b82000 	C:\Windows\System32\KERNEL32.DLL
0x00007ffd20d30000 - 0x00007ffd21026000 	C:\Windows\System32\KERNELBASE.dll
0x00007ffd21340000 - 0x00007ffd21440000 	C:\Windows\System32\ucrtbase.dll
0x00007ffd0f780000 - 0x00007ffd0f798000 	C:\Users\Armero\AppData\Roaming\Code\User\globalStorage\pleiades.java-extension-pack-jdk\java\21\bin\jli.dll
0x00007ffd215a0000 - 0x00007ffd2173d000 	C:\Windows\System32\USER32.dll
0x00007ffd21220000 - 0x00007ffd21242000 	C:\Windows\System32\win32u.dll
0x00007ffd22b40000 - 0x00007ffd22b6b000 	C:\Windows\System32\GDI32.dll
0x00007ffd20ab0000 - 0x00007ffd20bca000 	C:\Windows\System32\gdi32full.dll
0x00007ffd21250000 - 0x00007ffd212ed000 	C:\Windows\System32\msvcp_win.dll
0x00007ffd0f570000 - 0x00007ffd0f58e000 	C:\Users\Armero\AppData\Roaming\Code\User\globalStorage\pleiades.java-extension-pack-jdk\java\21\bin\VCRUNTIME140.dll
0x00007ffd13050000 - 0x00007ffd132ea000 	C:\Windows\WinSxS\amd64_microsoft.windows.common-controls_6595b64144ccf1df_6.0.19041.5794_none_60bcd33171f2783c\COMCTL32.dll
0x00007ffd22df0000 - 0x00007ffd22e8e000 	C:\Windows\System32\msvcrt.dll
0x00007ffd22b00000 - 0x00007ffd22b2f000 	C:\Windows\System32\IMM32.DLL
0x00007ffd1a9f0000 - 0x00007ffd1a9fc000 	C:\Users\Armero\AppData\Roaming\Code\User\globalStorage\pleiades.java-extension-pack-jdk\java\21\bin\vcruntime140_1.dll
0x00007ffd05560000 - 0x00007ffd055ed000 	C:\Users\Armero\AppData\Roaming\Code\User\globalStorage\pleiades.java-extension-pack-jdk\java\21\bin\msvcp140.dll
0x00007ffcdf860000 - 0x00007ffce05f0000 	C:\Users\Armero\AppData\Roaming\Code\User\globalStorage\pleiades.java-extension-pack-jdk\java\21\bin\server\jvm.dll
0x00007ffd22cb0000 - 0x00007ffd22d5f000 	C:\Windows\System32\ADVAPI32.dll
0x00007ffd21500000 - 0x00007ffd2159f000 	C:\Windows\System32\sechost.dll
0x00007ffd22150000 - 0x00007ffd22273000 	C:\Windows\System32\RPCRT4.dll
0x00007ffd20bd0000 - 0x00007ffd20bf7000 	C:\Windows\System32\bcrypt.dll
0x00007ffd23300000 - 0x00007ffd2336b000 	C:\Windows\System32\WS2_32.dll
0x00007ffd20910000 - 0x00007ffd2095b000 	C:\Windows\SYSTEM32\POWRPROF.dll
0x00007ffd1b260000 - 0x00007ffd1b287000 	C:\Windows\SYSTEM32\WINMM.dll
0x00007ffd14250000 - 0x00007ffd1425a000 	C:\Windows\SYSTEM32\VERSION.dll
0x00007ffd208f0000 - 0x00007ffd20902000 	C:\Windows\SYSTEM32\UMPDC.dll
0x00007ffd1e950000 - 0x00007ffd1e962000 	C:\Windows\SYSTEM32\kernel.appcore.dll
0x00007ffd1a3e0000 - 0x00007ffd1a3ea000 	C:\Users\Armero\AppData\Roaming\Code\User\globalStorage\pleiades.java-extension-pack-jdk\java\21\bin\jimage.dll
0x00007ffd13520000 - 0x00007ffd13721000 	C:\Windows\SYSTEM32\DBGHELP.DLL
0x00007ffd0ee20000 - 0x00007ffd0ee54000 	C:\Windows\SYSTEM32\dbgcore.DLL
0x00007ffd21190000 - 0x00007ffd21212000 	C:\Windows\System32\bcryptPrimitives.dll
0x00007ffd0f2f0000 - 0x00007ffd0f30f000 	C:\Users\Armero\AppData\Roaming\Code\User\globalStorage\pleiades.java-extension-pack-jdk\java\21\bin\java.dll
0x00007ffd22280000 - 0x00007ffd229ee000 	C:\Windows\System32\SHELL32.dll
0x00007ffd1eb50000 - 0x00007ffd1f2f3000 	C:\Windows\SYSTEM32\windows.storage.dll
0x00007ffd21c70000 - 0x00007ffd21fc3000 	C:\Windows\System32\combase.dll
0x00007ffd20410000 - 0x00007ffd2043b000 	C:\Windows\SYSTEM32\Wldp.dll
0x00007ffd22080000 - 0x00007ffd2214d000 	C:\Windows\System32\OLEAUT32.dll
0x00007ffd229f0000 - 0x00007ffd22a9d000 	C:\Windows\System32\SHCORE.dll
0x00007ffd22aa0000 - 0x00007ffd22af5000 	C:\Windows\System32\shlwapi.dll
0x00007ffd209e0000 - 0x00007ffd20a05000 	C:\Windows\SYSTEM32\profapi.dll
0x00007ffd03f40000 - 0x00007ffd04017000 	C:\Users\Armero\AppData\Roaming\Code\User\globalStorage\pleiades.java-extension-pack-jdk\java\21\bin\jsvml.dll
0x00007ffd19690000 - 0x00007ffd196a0000 	C:\Users\Armero\AppData\Roaming\Code\User\globalStorage\pleiades.java-extension-pack-jdk\java\21\bin\net.dll
0x00007ffd19b40000 - 0x00007ffd19c4a000 	C:\Windows\SYSTEM32\WINHTTP.dll
0x00007ffd20170000 - 0x00007ffd201dc000 	C:\Windows\system32\mswsock.dll
0x00007ffd0e730000 - 0x00007ffd0e746000 	C:\Users\Armero\AppData\Roaming\Code\User\globalStorage\pleiades.java-extension-pack-jdk\java\21\bin\nio.dll
0x00007ffd0e710000 - 0x00007ffd0e728000 	C:\Users\Armero\AppData\Roaming\Code\User\globalStorage\pleiades.java-extension-pack-jdk\java\21\bin\zip.dll
0x00007ffd0e6e0000 - 0x00007ffd0e704000 	C:\Users\Armero\AppData\Roaming\Code\User\globalStorage\pleiades.java-extension-pack-jdk\maven\latest\lib\jansi-native\Windows\x86_64\jansi.dll
0x00007ffd19400000 - 0x00007ffd19410000 	C:\Users\Armero\AppData\Roaming\Code\User\globalStorage\pleiades.java-extension-pack-jdk\java\21\bin\verify.dll
0x00007ffd1d5a0000 - 0x00007ffd1d5ae000 	C:\Users\Armero\AppData\Roaming\Code\User\globalStorage\pleiades.java-extension-pack-jdk\java\21\bin\sunmscapi.dll
0x00007ffd21030000 - 0x00007ffd2118d000 	C:\Windows\System32\CRYPT32.dll
0x00007ffd20480000 - 0x00007ffd204a7000 	C:\Windows\SYSTEM32\ncrypt.dll
0x00007ffd20440000 - 0x00007ffd2047b000 	C:\Windows\SYSTEM32\NTASN1.dll
0x00007ffd20370000 - 0x00007ffd20388000 	C:\Windows\SYSTEM32\CRYPTSP.dll
0x00007ffd1fa90000 - 0x00007ffd1fac8000 	C:\Windows\system32\rsaenh.dll
0x00007ffd209a0000 - 0x00007ffd209ce000 	C:\Windows\SYSTEM32\USERENV.dll
0x00007ffd20360000 - 0x00007ffd2036c000 	C:\Windows\SYSTEM32\CRYPTBASE.dll
0x00007ffd1fe50000 - 0x00007ffd1fe8b000 	C:\Windows\SYSTEM32\IPHLPAPI.DLL
0x00007ffd22b70000 - 0x00007ffd22b78000 	C:\Windows\System32\NSI.dll
0x00007ffd1fe90000 - 0x00007ffd1ff5a000 	C:\Windows\SYSTEM32\DNSAPI.dll
0x00007ffd17f70000 - 0x00007ffd17f7a000 	C:\Windows\System32\rasadhlp.dll
0x00007ffd17440000 - 0x00007ffd174c0000 	C:\Windows\System32\fwpuclnt.dll
0x00007ffd091b0000 - 0x00007ffd091b9000 	C:\Users\Armero\AppData\Roaming\Code\User\globalStorage\pleiades.java-extension-pack-jdk\java\21\bin\extnet.dll

dbghelp: loaded successfully - version: 4.0.5 - missing functions: none
symbol engine: initialized successfully - sym options: 0x614 - pdb path: .;C:\Users\Armero\AppData\Roaming\Code\User\globalStorage\pleiades.java-extension-pack-jdk\java\21\bin;C:\Windows\SYSTEM32;C:\Windows\WinSxS\amd64_microsoft.windows.common-controls_6595b64144ccf1df_6.0.19041.5794_none_60bcd33171f2783c;C:\Users\Armero\AppData\Roaming\Code\User\globalStorage\pleiades.java-extension-pack-jdk\java\21\bin\server;C:\Users\Armero\AppData\Roaming\Code\User\globalStorage\pleiades.java-extension-pack-jdk\maven\latest\lib\jansi-native\Windows\x86_64

VM Arguments:
jvm_args: -Dstdout.encoding=UTF-8 -Dstderr.encoding=UTF-8 --enable-native-access=ALL-UNNAMED -Dclassworlds.conf=C:\Users\Armero\AppData\Roaming\Code\User\globalStorage\pleiades.java-extension-pack-jdk\maven\latest\bin\m2.conf -Dmaven.home=C:\Users\Armero\AppData\Roaming\Code\User\globalStorage\pleiades.java-extension-pack-jdk\maven\latest -Dlibrary.jansi.path=C:\Users\Armero\AppData\Roaming\Code\User\globalStorage\pleiades.java-extension-pack-jdk\maven\latest\lib\jansi-native -Dmaven.multiModuleProjectDirectory=C:\Users\Armero\Documents\FinalDistribuidos\cliente_rest 
java_command: org.codehaus.plexus.classworlds.launcher.Launcher spring-boot:run
java_class_path (initial): C:\Users\Armero\AppData\Roaming\Code\User\globalStorage\pleiades.java-extension-pack-jdk\maven\latest\boot\plexus-classworlds-2.9.0.jar
Launcher Type: SUN_STANDARD

[Global flags]
     intx CICompilerCount                          = 3                                         {product} {ergonomic}
     uint ConcGCThreads                            = 1                                         {product} {ergonomic}
     uint G1ConcRefinementThreads                  = 4                                         {product} {ergonomic}
   size_t G1HeapRegionSize                         = 1048576                                   {product} {ergonomic}
    uintx GCDrainStackTargetSize                   = 64                                        {product} {ergonomic}
   size_t InitialHeapSize                          = 67108864                                  {product} {ergonomic}
   size_t MarkStackSize                            = 4194304                                   {product} {ergonomic}
   size_t MaxHeapSize                              = 1052770304                                {product} {ergonomic}
   size_t MaxNewSize                               = 631242752                                 {product} {ergonomic}
   size_t MinHeapDeltaBytes                        = 1048576                                   {product} {ergonomic}
   size_t MinHeapSize                              = 8388608                                   {product} {ergonomic}
    uintx NonNMethodCodeHeapSize                   = 5832780                                {pd product} {ergonomic}
    uintx NonProfiledCodeHeapSize                  = 122912730                              {pd product} {ergonomic}
    uintx ProfiledCodeHeapSize                     = 122912730                              {pd product} {ergonomic}
    uintx ReservedCodeCacheSize                    = 251658240                              {pd product} {ergonomic}
     bool SegmentedCodeCache                       = true                                      {product} {ergonomic}
   size_t SoftMaxHeapSize                          = 1052770304                             {manageable} {ergonomic}
     bool UseCompressedOops                        = true                           {product lp64_product} {ergonomic}
     bool UseG1GC                                  = true                                      {product} {ergonomic}
     bool UseLargePagesIndividualAllocation        = false                                  {pd product} {ergonomic}

Logging:
Log output configuration:
 #0: stdout all=warning uptime,level,tags foldmultilines=false
 #1: stderr all=off uptime,level,tags foldmultilines=false

Environment Variables:
JAVA_HOME=C:\Users\Armero\AppData\Roaming\Code\User\globalStorage\pleiades.java-extension-pack-jdk\java\21
JAVA_TOOL_OPTIONS=-Dstdout.encoding=UTF-8 -Dstderr.encoding=UTF-8
PATH=C:\Users\Armero\AppData\Roaming\Code\User\globalStorage\pleiades.java-extension-pack-jdk\gradle\latest\bin;C:\Users\Armero\AppData\Roaming\Code\User\globalStorage\pleiades.java-extension-pack-jdk\maven\latest\bin;C:\Users\Armero\AppData\Roaming\Code\User\globalStorage\pleiades.java-extension-pack-jdk\java\21\bin;C:\Program Files (x86)\VMware\VMware Workstation\bin\;C:\Program Files\BellSoft\LibericaJDK-17\bin\;C:\msys64\mingw64\bin;C:\Program Files\Common Files\Oracle\Java\javapath;C:\Windows\system32;C:\Windows;C:\Windows\System32\Wbem;C:\Windows\System32\WindowsPowerShell\v1.0\;C:\Windows\System32\OpenSSH\;C:\Program Files\Git\cmd;C:\Program Files\Microsoft SQL Server\150\Tools\Binn\;C:\Program Files\Microsoft SQL Server\Client SDK\ODBC\170\Tools\Binn\;C:\Program Files\dotnet\;C:\Program Files (x86)\Windows Kits\10\Windows Performance Toolkit\;C:\maven\bin;C:\Users\Armero\AppData\Local\Microsoft\WindowsApps;C:\Users\Armero\AppData\Local\Programs\Microsoft VS Code\bin;C:\Users\Armero\.dotnet\tools;C:\Program Files\JetBrains\IntelliJ IDEA 2024.2.1\bin;;c:\Users\Armero\.vscode\extensions\ms-python.debugpy-2025.8.0-win32-x64\bundled\scripts\noConfigScripts
USERNAME=Armero
LANG=en_US.UTF-8
OS=Windows_NT
PROCESSOR_IDENTIFIER=Intel64 Family 6 Model 42 Stepping 7, GenuineIntel
TMP=C:\Users\Armero\AppData\Local\Temp
TEMP=C:\Users\Armero\AppData\Local\Temp




Periodic native trim disabled

---------------  S Y S T E M  ---------------

OS:
 Windows 10 , 64 bit Build 19041 (10.0.19041.5794)
OS uptime: 0 days 5:16 hours

CPU: total 4 (initial active 4) (2 cores per cpu, 2 threads per core) family 6 model 42 stepping 7 microcode 0x2f, cx8, cmov, fxsr, ht, mmx, sse, sse2, sse3, ssse3, sse4.1, sse4.2, popcnt, tsc, tscinvbit, avx, clmul, vzeroupper, clflush, rdtscp
Processor Information for the first 4 processors :
  Max Mhz: 3300, Current Mhz: 3300, Mhz Limit: 3300

Memory: 4k page, system-wide physical 4008M (312M free)
TotalPageFile size 12200M (AvailPageFile size 8M)
current process WorkingSet (physical memory assigned to process): 151M, peak: 151M
current process commit charge ("private bytes"): 217M, peak: 217M

vm_info: OpenJDK 64-Bit Server VM (21.0.7+6-LTS) for windows-amd64 JRE (21.0.7+6-LTS), built on 2025-04-15T00:00:00Z by "admin" with MS VC++ 17.7 (VS2022)

END.
