#
# There is insufficient memory for the Java Runtime Environment to continue.
# Native memory allocation (malloc) failed to allocate 32744 bytes. Error detail: ChunkPool::allocate
# Possible reasons:
#   The system is out of physical RAM or swap space
#   This process is running with CompressedOops enabled, and the Java Heap may be blocking the growth of the native heap
# Possible solutions:
#   Reduce memory load on the system
#   Increase physical memory or swap space
#   Check if swap backing store is full
#   Decrease Java heap size (-Xmx/-Xms)
#   Decrease number of Java threads
#   Decrease Java thread stack sizes (-Xss)
#   Set larger code cache with -XX:ReservedCodeCacheSize=
#   JVM is running with Unscaled Compressed Oops mode in which the Java heap is
#     placed in the first 4GB address space. The Java Heap base address is the
#     maximum limit for the native heap growth. Please use -XX:HeapBaseMinAddress
#     to set the Java Heap base and to place the Java Heap above 4GB virtual address.
# This output file may be truncated or incomplete.
#
#  Out of Memory Error (arena.cpp:79), pid=6176, tid=2376
#
# JRE version: OpenJDK Runtime Environment (17.0.12+10) (build 17.0.12+10-LTS)
# Java VM: OpenJDK 64-Bit Server VM (17.0.12+10-LTS, mixed mode, sharing, tiered, compressed oops, compressed class ptrs, g1 gc, windows-amd64)
# No core dump will be written. Minidumps are not enabled by default on client versions of Windows
#

---------------  S U M M A R Y ------------

Command Line: -DwatchParentProcess=false -XX:+ExitOnOutOfMemoryError -XX:+HeapDumpOnOutOfMemoryError -XX:HeapDumpPath=c:\Users\Armero\AppData\Roaming\Code\User\globalStorage\redhat.vscode-xml -Xmx64M org.eclipse.lemminx.XMLServerLauncher

Host: Intel(R) Core(TM) i3-2120 CPU @ 3.30GHz, 4 cores, 3G,  Windows 10 , 64 bit Build 19041 (10.0.19041.5794)
Time: Sun Jun  8 20:50:20 2025 Hora est. Pacífico, Sudamérica elapsed time: 232.809441 seconds (0d 0h 3m 52s)

---------------  T H R E A D  ---------------

Current thread (0x00000248e4108d20):  JavaThread "C2 CompilerThread0" daemon [_thread_in_native, id=2376, stack(0x00000073d8d00000,0x00000073d8e00000)]


Current CompileTask:
C2: 232828 1873   !   4       com.google.gson.internal.bind.ReflectiveTypeAdapterFactory$1::write (184 bytes)

Stack: [0x00000073d8d00000,0x00000073d8e00000]
Native frames: (J=compiled Java code, j=interpreted, Vv=VM code, C=native code)
V  [jvm.dll+0x67f0a9]
V  [jvm.dll+0x835f48]
V  [jvm.dll+0x837a0e]
V  [jvm.dll+0x838073]
V  [jvm.dll+0x24877f]
V  [jvm.dll+0xac9d1]
V  [jvm.dll+0xace1c]
V  [jvm.dll+0x648f7e]
V  [jvm.dll+0x64877b]
V  [jvm.dll+0x6a625b]
V  [jvm.dll+0x34915b]
V  [jvm.dll+0x555e70]
V  [jvm.dll+0x560c91]
V  [jvm.dll+0x54c7b3]
V  [jvm.dll+0x2ad9fc]
V  [jvm.dll+0x697653]
V  [jvm.dll+0x68f616]
V  [jvm.dll+0x68ec60]
V  [jvm.dll+0x68cb6a]
V  [jvm.dll+0x1a8cbc]
V  [jvm.dll+0x1a981b]
V  [jvm.dll+0x2ad9fc]
V  [jvm.dll+0x697653]
V  [jvm.dll+0x68f616]
V  [jvm.dll+0x68ec60]
V  [jvm.dll+0x68cb6a]
V  [jvm.dll+0x1a8cbc]
V  [jvm.dll+0x2ad9fc]
V  [jvm.dll+0x697653]
V  [jvm.dll+0x68f616]
V  [jvm.dll+0x68ec60]
V  [jvm.dll+0x68cb6a]
V  [jvm.dll+0x1a8cbc]
V  [jvm.dll+0x1a981b]
V  [jvm.dll+0x2ad9fc]
V  [jvm.dll+0x697653]
V  [jvm.dll+0x68f616]
V  [jvm.dll+0x68ec60]
V  [jvm.dll+0x68cb6a]
V  [jvm.dll+0x1a8cbc]
V  [jvm.dll+0x1a981b]
V  [jvm.dll+0x2ad9fc]
V  [jvm.dll+0x697653]
V  [jvm.dll+0x68f616]
V  [jvm.dll+0x68ec60]
V  [jvm.dll+0x68cb6a]
V  [jvm.dll+0x1a8cbc]
V  [jvm.dll+0x1a981b]
V  [jvm.dll+0x2ad9fc]
V  [jvm.dll+0x697653]
V  [jvm.dll+0x68f616]
V  [jvm.dll+0x68ec60]
V  [jvm.dll+0x68cb6a]
V  [jvm.dll+0x1a8cbc]
V  [jvm.dll+0x1a981b]
V  [jvm.dll+0x2ad9fc]
V  [jvm.dll+0x697653]
V  [jvm.dll+0x68f616]
V  [jvm.dll+0x68ec60]
V  [jvm.dll+0x68cb6a]
V  [jvm.dll+0x1a8cbc]
V  [jvm.dll+0x1a981b]
V  [jvm.dll+0x2ad9fc]
V  [jvm.dll+0x697653]
V  [jvm.dll+0x68f616]
V  [jvm.dll+0x68ec60]
V  [jvm.dll+0x68cb6a]
V  [jvm.dll+0x1a8cbc]
V  [jvm.dll+0x2196a8]
V  [jvm.dll+0x1a5a60]
V  [jvm.dll+0x229959]
V  [jvm.dll+0x227aeb]
V  [jvm.dll+0x7eb0d8]
V  [jvm.dll+0x7e544c]
V  [jvm.dll+0x67df77]
C  [ucrtbase.dll+0x21bb2]
C  [KERNEL32.DLL+0x17374]
C  [ntdll.dll+0x4cc91]


---------------  P R O C E S S  ---------------

Threads class SMR info:
_java_thread_list=0x00000248e41ca720, length=17, elements={
0x00000248e40ea920, 0x00000248e40eb6b0, 0x00000248e4102470, 0x00000248e4104760,
0x00000248e4107040, 0x00000248e4107910, 0x00000248e4108d20, 0x00000248e41096e0,
0x00000248e41831f0, 0x00000248e436acd0, 0x00000248e4373470, 0x00000248e45f5950,
0x0000024889f09940, 0x00000248e43f6d80, 0x00000248e450b950, 0x00000248e450c650,
0x00000248e452b870
}

Java Threads: ( => current thread )
  0x00000248e40ea920 JavaThread "Reference Handler" daemon [_thread_blocked, id=6804, stack(0x00000073d8700000,0x00000073d8800000)]
  0x00000248e40eb6b0 JavaThread "Finalizer" daemon [_thread_blocked, id=5468, stack(0x00000073d8800000,0x00000073d8900000)]
  0x00000248e4102470 JavaThread "Signal Dispatcher" daemon [_thread_blocked, id=12152, stack(0x00000073d8900000,0x00000073d8a00000)]
  0x00000248e4104760 JavaThread "Attach Listener" daemon [_thread_blocked, id=3780, stack(0x00000073d8a00000,0x00000073d8b00000)]
  0x00000248e4107040 JavaThread "Service Thread" daemon [_thread_blocked, id=9724, stack(0x00000073d8b00000,0x00000073d8c00000)]
  0x00000248e4107910 JavaThread "Monitor Deflation Thread" daemon [_thread_blocked, id=2920, stack(0x00000073d8c00000,0x00000073d8d00000)]
=>0x00000248e4108d20 JavaThread "C2 CompilerThread0" daemon [_thread_in_native, id=2376, stack(0x00000073d8d00000,0x00000073d8e00000)]
  0x00000248e41096e0 JavaThread "C1 CompilerThread0" daemon [_thread_blocked, id=1716, stack(0x00000073d8e00000,0x00000073d8f00000)]
  0x00000248e41831f0 JavaThread "Sweeper thread" daemon [_thread_blocked, id=9640, stack(0x00000073d8f00000,0x00000073d9000000)]
  0x00000248e436acd0 JavaThread "Notification Thread" daemon [_thread_blocked, id=9744, stack(0x00000073d9000000,0x00000073d9100000)]
  0x00000248e4373470 JavaThread "Common-Cleaner" daemon [_thread_blocked, id=11232, stack(0x00000073d9200000,0x00000073d9300000)]
  0x00000248e45f5950 JavaThread "pool-4-thread-1" [_thread_in_native, id=12564, stack(0x00000073d9300000,0x00000073d9400000)]
  0x0000024889f09940 JavaThread "DestroyJavaVM" [_thread_blocked, id=6336, stack(0x00000073d8000000,0x00000073d8100000)]
  0x00000248e43f6d80 JavaThread "pool-5-thread-1" [_thread_blocked, id=9648, stack(0x00000073d9700000,0x00000073d9800000)]
  0x00000248e450b950 JavaThread "ForkJoinPool.commonPool-worker-2" daemon [_thread_blocked, id=7696, stack(0x00000073d9b00000,0x00000073d9c00000)]
  0x00000248e450c650 JavaThread "ForkJoinPool.commonPool-worker-3" daemon [_thread_blocked, id=7460, stack(0x00000073d7e00000,0x00000073d7f00000)]
  0x00000248e452b870 JavaThread "ForkJoinPool.commonPool-worker-4" daemon [_thread_blocked, id=8612, stack(0x00000073d7f00000,0x00000073d8000000)]

Other Threads:
  0x00000248e40e6db0 VMThread "VM Thread" [stack: 0x00000073d8600000,0x00000073d8700000] [id=1900]
  0x00000248e436d5c0 WatcherThread [stack: 0x00000073d9100000,0x00000073d9200000] [id=9148]
  0x0000024889f28db0 GCTaskThread "GC Thread#0" [stack: 0x00000073d8100000,0x00000073d8200000] [id=4628]
  0x00000248e45b8f50 GCTaskThread "GC Thread#1" [stack: 0x00000073d9400000,0x00000073d9500000] [id=12836]
  0x00000248e45b9210 GCTaskThread "GC Thread#2" [stack: 0x00000073d9500000,0x00000073d9600000] [id=12840]
  0x00000248e45b94d0 GCTaskThread "GC Thread#3" [stack: 0x00000073d9600000,0x00000073d9700000] [id=12844]
  0x0000024889f2d430 ConcurrentGCThread "G1 Main Marker" [stack: 0x00000073d8200000,0x00000073d8300000] [id=1552]
  0x0000024889f2dd60 ConcurrentGCThread "G1 Conc#0" [stack: 0x00000073d8300000,0x00000073d8400000] [id=9244]
  0x0000024889f7a270 ConcurrentGCThread "G1 Refine#0" [stack: 0x00000073d8400000,0x00000073d8500000] [id=896]
  0x0000024889f7abb0 ConcurrentGCThread "G1 Service" [stack: 0x00000073d8500000,0x00000073d8600000] [id=1728]

Threads with active compile tasks:
C2 CompilerThread0   234619 1873   !   4       com.google.gson.internal.bind.ReflectiveTypeAdapterFactory$1::write (184 bytes)

VM state: not at safepoint (normal execution)

VM Mutex/Monitor currently owned by a thread: None

Heap address: 0x00000000fc000000, size: 64 MB, Compressed Oops mode: 32-bit

CDS archive(s) mapped at: [0x00000248a3000000-0x00000248a3bb0000-0x00000248a3bb0000), size 12255232, SharedBaseAddress: 0x00000248a3000000, ArchiveRelocationMode: 1.
Compressed class space mapped at: 0x00000248a4000000-0x00000248e4000000, reserved size: 1073741824
Narrow klass base: 0x00000248a3000000, Narrow klass shift: 0, Narrow klass range: 0x100000000

GC Precious Log:
 CPUs: 4 total, 4 available
 Memory: 4008M
 Large Page Support: Disabled
 NUMA Support: Disabled
 Compressed Oops: Enabled (32-bit)
 Heap Region Size: 1M
 Heap Min Capacity: 8M
 Heap Initial Capacity: 64M
 Heap Max Capacity: 64M
 Pre-touch: Disabled
 Parallel Workers: 4
 Concurrent Workers: 1
 Concurrent Refinement Workers: 4
 Periodic GC: Disabled

Heap:
 garbage-first heap   total 65536K, used 9051K [0x00000000fc000000, 0x0000000100000000)
  region size 1024K, 7 young (7168K), 3 survivors (3072K)
 Metaspace       used 11128K, committed 11328K, reserved 1114112K
  class space    used 1345K, committed 1408K, reserved 1048576K

Heap Regions: E=young(eden), S=young(survivor), O=old, HS=humongous(starts), HC=humongous(continues), CS=collection set, F=free, OA=open archive, CA=closed archive, TAMS=top-at-mark-start (previous, next)
|   0|0x00000000fc000000, 0x00000000fc100000, 0x00000000fc100000|100%|HS|  |TAMS 0x00000000fc000000, 0x00000000fc000000| Complete 
|   1|0x00000000fc100000, 0x00000000fc200000, 0x00000000fc200000|100%| O|  |TAMS 0x00000000fc100000, 0x00000000fc100000| Untracked 
|   2|0x00000000fc200000, 0x00000000fc300000, 0x00000000fc300000|100%| O|  |TAMS 0x00000000fc200000, 0x00000000fc200000| Untracked 
|   3|0x00000000fc300000, 0x00000000fc340e00, 0x00000000fc400000| 25%| O|  |TAMS 0x00000000fc300000, 0x00000000fc300000| Untracked 
|   4|0x00000000fc400000, 0x00000000fc400000, 0x00000000fc500000|  0%| F|  |TAMS 0x00000000fc400000, 0x00000000fc400000| Untracked 
|   5|0x00000000fc500000, 0x00000000fc500000, 0x00000000fc600000|  0%| F|  |TAMS 0x00000000fc500000, 0x00000000fc500000| Untracked 
|   6|0x00000000fc600000, 0x00000000fc600000, 0x00000000fc700000|  0%| F|  |TAMS 0x00000000fc600000, 0x00000000fc600000| Untracked 
|   7|0x00000000fc700000, 0x00000000fc700000, 0x00000000fc800000|  0%| F|  |TAMS 0x00000000fc700000, 0x00000000fc700000| Untracked 
|   8|0x00000000fc800000, 0x00000000fc800000, 0x00000000fc900000|  0%| F|  |TAMS 0x00000000fc800000, 0x00000000fc800000| Untracked 
|   9|0x00000000fc900000, 0x00000000fc900000, 0x00000000fca00000|  0%| F|  |TAMS 0x00000000fc900000, 0x00000000fc900000| Untracked 
|  10|0x00000000fca00000, 0x00000000fca00000, 0x00000000fcb00000|  0%| F|  |TAMS 0x00000000fca00000, 0x00000000fca00000| Untracked 
|  11|0x00000000fcb00000, 0x00000000fcb00000, 0x00000000fcc00000|  0%| F|  |TAMS 0x00000000fcb00000, 0x00000000fcb00000| Untracked 
|  12|0x00000000fcc00000, 0x00000000fcc00000, 0x00000000fcd00000|  0%| F|  |TAMS 0x00000000fcc00000, 0x00000000fcc00000| Untracked 
|  13|0x00000000fcd00000, 0x00000000fcd00000, 0x00000000fce00000|  0%| F|  |TAMS 0x00000000fcd00000, 0x00000000fcd00000| Untracked 
|  14|0x00000000fce00000, 0x00000000fce00000, 0x00000000fcf00000|  0%| F|  |TAMS 0x00000000fce00000, 0x00000000fce00000| Untracked 
|  15|0x00000000fcf00000, 0x00000000fcf00000, 0x00000000fd000000|  0%| F|  |TAMS 0x00000000fcf00000, 0x00000000fcf00000| Untracked 
|  16|0x00000000fd000000, 0x00000000fd000000, 0x00000000fd100000|  0%| F|  |TAMS 0x00000000fd000000, 0x00000000fd000000| Untracked 
|  17|0x00000000fd100000, 0x00000000fd100000, 0x00000000fd200000|  0%| F|  |TAMS 0x00000000fd100000, 0x00000000fd100000| Untracked 
|  18|0x00000000fd200000, 0x00000000fd200000, 0x00000000fd300000|  0%| F|  |TAMS 0x00000000fd200000, 0x00000000fd200000| Untracked 
|  19|0x00000000fd300000, 0x00000000fd300000, 0x00000000fd400000|  0%| F|  |TAMS 0x00000000fd300000, 0x00000000fd300000| Untracked 
|  20|0x00000000fd400000, 0x00000000fd400000, 0x00000000fd500000|  0%| F|  |TAMS 0x00000000fd400000, 0x00000000fd400000| Untracked 
|  21|0x00000000fd500000, 0x00000000fd500000, 0x00000000fd600000|  0%| F|  |TAMS 0x00000000fd500000, 0x00000000fd500000| Untracked 
|  22|0x00000000fd600000, 0x00000000fd600000, 0x00000000fd700000|  0%| F|  |TAMS 0x00000000fd600000, 0x00000000fd600000| Untracked 
|  23|0x00000000fd700000, 0x00000000fd700000, 0x00000000fd800000|  0%| F|  |TAMS 0x00000000fd700000, 0x00000000fd700000| Untracked 
|  24|0x00000000fd800000, 0x00000000fd800000, 0x00000000fd900000|  0%| F|  |TAMS 0x00000000fd800000, 0x00000000fd800000| Untracked 
|  25|0x00000000fd900000, 0x00000000fd900000, 0x00000000fda00000|  0%| F|  |TAMS 0x00000000fd900000, 0x00000000fd900000| Untracked 
|  26|0x00000000fda00000, 0x00000000fda00000, 0x00000000fdb00000|  0%| F|  |TAMS 0x00000000fda00000, 0x00000000fda00000| Untracked 
|  27|0x00000000fdb00000, 0x00000000fdb00000, 0x00000000fdc00000|  0%| F|  |TAMS 0x00000000fdb00000, 0x00000000fdb00000| Untracked 
|  28|0x00000000fdc00000, 0x00000000fdc00000, 0x00000000fdd00000|  0%| F|  |TAMS 0x00000000fdc00000, 0x00000000fdc00000| Untracked 
|  29|0x00000000fdd00000, 0x00000000fdd00000, 0x00000000fde00000|  0%| F|  |TAMS 0x00000000fdd00000, 0x00000000fdd00000| Untracked 
|  30|0x00000000fde00000, 0x00000000fde00000, 0x00000000fdf00000|  0%| F|  |TAMS 0x00000000fde00000, 0x00000000fde00000| Untracked 
|  31|0x00000000fdf00000, 0x00000000fdf00000, 0x00000000fe000000|  0%| F|  |TAMS 0x00000000fdf00000, 0x00000000fdf00000| Untracked 
|  32|0x00000000fe000000, 0x00000000fe000000, 0x00000000fe100000|  0%| F|  |TAMS 0x00000000fe000000, 0x00000000fe000000| Untracked 
|  33|0x00000000fe100000, 0x00000000fe100000, 0x00000000fe200000|  0%| F|  |TAMS 0x00000000fe100000, 0x00000000fe100000| Untracked 
|  34|0x00000000fe200000, 0x00000000fe200000, 0x00000000fe300000|  0%| F|  |TAMS 0x00000000fe200000, 0x00000000fe200000| Untracked 
|  35|0x00000000fe300000, 0x00000000fe300000, 0x00000000fe400000|  0%| F|  |TAMS 0x00000000fe300000, 0x00000000fe300000| Untracked 
|  36|0x00000000fe400000, 0x00000000fe400000, 0x00000000fe500000|  0%| F|  |TAMS 0x00000000fe400000, 0x00000000fe400000| Untracked 
|  37|0x00000000fe500000, 0x00000000fe500000, 0x00000000fe600000|  0%| F|  |TAMS 0x00000000fe500000, 0x00000000fe500000| Untracked 
|  38|0x00000000fe600000, 0x00000000fe600000, 0x00000000fe700000|  0%| F|  |TAMS 0x00000000fe600000, 0x00000000fe600000| Untracked 
|  39|0x00000000fe700000, 0x00000000fe700000, 0x00000000fe800000|  0%| F|  |TAMS 0x00000000fe700000, 0x00000000fe700000| Untracked 
|  40|0x00000000fe800000, 0x00000000fe800000, 0x00000000fe900000|  0%| F|  |TAMS 0x00000000fe800000, 0x00000000fe800000| Untracked 
|  41|0x00000000fe900000, 0x00000000fe900000, 0x00000000fea00000|  0%| F|  |TAMS 0x00000000fe900000, 0x00000000fe900000| Untracked 
|  42|0x00000000fea00000, 0x00000000fea00000, 0x00000000feb00000|  0%| F|  |TAMS 0x00000000fea00000, 0x00000000fea00000| Untracked 
|  43|0x00000000feb00000, 0x00000000feb95ea0, 0x00000000fec00000| 58%| S|CS|TAMS 0x00000000feb00000, 0x00000000feb00000| Complete 
|  44|0x00000000fec00000, 0x00000000fed00000, 0x00000000fed00000|100%| S|CS|TAMS 0x00000000fec00000, 0x00000000fec00000| Complete 
|  45|0x00000000fed00000, 0x00000000fee00000, 0x00000000fee00000|100%| S|CS|TAMS 0x00000000fed00000, 0x00000000fed00000| Complete 
|  46|0x00000000fee00000, 0x00000000fee00000, 0x00000000fef00000|  0%| F|  |TAMS 0x00000000fee00000, 0x00000000fee00000| Untracked 
|  47|0x00000000fef00000, 0x00000000fef00000, 0x00000000ff000000|  0%| F|  |TAMS 0x00000000fef00000, 0x00000000fef00000| Untracked 
|  48|0x00000000ff000000, 0x00000000ff000000, 0x00000000ff100000|  0%| F|  |TAMS 0x00000000ff000000, 0x00000000ff000000| Untracked 
|  49|0x00000000ff100000, 0x00000000ff100000, 0x00000000ff200000|  0%| F|  |TAMS 0x00000000ff100000, 0x00000000ff100000| Untracked 
|  50|0x00000000ff200000, 0x00000000ff200000, 0x00000000ff300000|  0%| F|  |TAMS 0x00000000ff200000, 0x00000000ff200000| Untracked 
|  51|0x00000000ff300000, 0x00000000ff300000, 0x00000000ff400000|  0%| F|  |TAMS 0x00000000ff300000, 0x00000000ff300000| Untracked 
|  52|0x00000000ff400000, 0x00000000ff400000, 0x00000000ff500000|  0%| F|  |TAMS 0x00000000ff400000, 0x00000000ff400000| Untracked 
|  53|0x00000000ff500000, 0x00000000ff500000, 0x00000000ff600000|  0%| F|  |TAMS 0x00000000ff500000, 0x00000000ff500000| Untracked 
|  54|0x00000000ff600000, 0x00000000ff600000, 0x00000000ff700000|  0%| F|  |TAMS 0x00000000ff600000, 0x00000000ff600000| Untracked 
|  55|0x00000000ff700000, 0x00000000ff700000, 0x00000000ff800000|  0%| F|  |TAMS 0x00000000ff700000, 0x00000000ff700000| Untracked 
|  56|0x00000000ff800000, 0x00000000ff800000, 0x00000000ff900000|  0%| F|  |TAMS 0x00000000ff800000, 0x00000000ff800000| Untracked 
|  57|0x00000000ff900000, 0x00000000ff900000, 0x00000000ffa00000|  0%| F|  |TAMS 0x00000000ff900000, 0x00000000ff900000| Untracked 
|  58|0x00000000ffa00000, 0x00000000ffa00000, 0x00000000ffb00000|  0%| F|  |TAMS 0x00000000ffa00000, 0x00000000ffa00000| Untracked 
|  59|0x00000000ffb00000, 0x00000000ffb00000, 0x00000000ffc00000|  0%| F|  |TAMS 0x00000000ffb00000, 0x00000000ffb00000| Untracked 
|  60|0x00000000ffc00000, 0x00000000ffc71668, 0x00000000ffd00000| 44%| E|  |TAMS 0x00000000ffc00000, 0x00000000ffc00000| Complete 
|  61|0x00000000ffd00000, 0x00000000ffe00000, 0x00000000ffe00000|100%| E|CS|TAMS 0x00000000ffd00000, 0x00000000ffd00000| Complete 
|  62|0x00000000ffe00000, 0x00000000fff00000, 0x00000000fff00000|100%| E|CS|TAMS 0x00000000ffe00000, 0x00000000ffe00000| Complete 
|  63|0x00000000fff00000, 0x0000000100000000, 0x0000000100000000|100%| E|CS|TAMS 0x00000000fff00000, 0x00000000fff00000| Complete 

Card table byte_map: [0x0000024887e90000,0x0000024887eb0000] _byte_map_base: 0x00000248876b0000

Marking Bits (Prev, Next): (CMBitMap*) 0x0000024889f2a2f0, (CMBitMap*) 0x0000024889f2a330
 Prev Bits: [0x0000024889cf0000, 0x0000024889df0000)
 Next Bits: [0x00000248a0a40000, 0x00000248a0b40000)

Polling page: 0x0000024887d40000

Metaspace:

Usage:
  Non-class:      9.55 MB used.
      Class:      1.31 MB used.
       Both:     10.87 MB used.

Virtual space:
  Non-class space:       64.00 MB reserved,       9.69 MB ( 15%) committed,  1 nodes.
      Class space:        1.00 GB reserved,       1.38 MB ( <1%) committed,  1 nodes.
             Both:        1.06 GB reserved,      11.06 MB (  1%) committed. 

Chunk freelists:
   Non-Class:  5.78 MB
       Class:  14.51 MB
        Both:  20.29 MB

MaxMetaspaceSize: unlimited
CompressedClassSpaceSize: 1.00 GB
Initial GC threshold: 21.00 MB
Current GC threshold: 21.00 MB
CDS: on
MetaspaceReclaimPolicy: balanced
 - commit_granule_bytes: 65536.
 - commit_granule_words: 8192.
 - virtual_space_node_default_size: 8388608.
 - enlarge_chunks_in_place: 1.
 - new_chunks_are_fully_committed: 0.
 - uncommit_free_chunks: 1.
 - use_allocation_guard: 0.
 - handle_deallocations: 1.


Internal statistics:

num_allocs_failed_limit: 0.
num_arena_births: 144.
num_arena_deaths: 0.
num_vsnodes_births: 2.
num_vsnodes_deaths: 0.
num_space_committed: 177.
num_space_uncommitted: 0.
num_chunks_returned_to_freelist: 0.
num_chunks_taken_from_freelist: 476.
num_chunk_merges: 0.
num_chunk_splits: 336.
num_chunks_enlarged: 263.
num_inconsistent_stats: 0.

CodeHeap 'non-profiled nmethods': size=120000Kb used=565Kb max_used=565Kb free=119434Kb
 bounds [0x0000024899510000, 0x0000024899780000, 0x00000248a0a40000]
CodeHeap 'profiled nmethods': size=120000Kb used=4069Kb max_used=4069Kb free=115930Kb
 bounds [0x0000024891a40000, 0x0000024891e40000, 0x0000024898f70000]
CodeHeap 'non-nmethods': size=5760Kb used=1204Kb max_used=1224Kb free=4555Kb
 bounds [0x0000024898f70000, 0x00000248991e0000, 0x0000024899510000]
 total_blobs=2365 nmethods=1863 adapters=414
 compilation: enabled
              stopped_count=0, restarted_count=0
 full_count=0

Compilation events (20 events):
Event: 225.960 Thread 0x00000248e41096e0 nmethod 1866 0x0000024891e35a90 code [0x0000024891e35c20, 0x0000024891e35d58]
Event: 225.960 Thread 0x00000248e41096e0 1867       3       org.eclipse.lemminx.commons.TextDocument::positionAt (13 bytes)
Event: 225.961 Thread 0x00000248e41096e0 nmethod 1867 0x0000024891e35e10 code [0x0000024891e35fc0, 0x0000024891e362d8]
Event: 225.961 Thread 0x00000248e41096e0 1871       3       org.eclipse.lemminx.commons.TreeLineTracker::lineByOffset (95 bytes)
Event: 225.961 Thread 0x00000248e41096e0 nmethod 1871 0x0000024891e36410 code [0x0000024891e365e0, 0x0000024891e36a68]
Event: 225.961 Thread 0x00000248e41096e0 1868       3       org.eclipse.lemminx.commons.TreeLineTracker::getPositionAt (31 bytes)
Event: 225.962 Thread 0x00000248e41096e0 nmethod 1868 0x0000024891e36c90 code [0x0000024891e36e60, 0x0000024891e37178]
Event: 225.962 Thread 0x00000248e41096e0 1869       3       org.eclipse.lemminx.commons.TreeLineTracker::getLineNumberOfOffset (6 bytes)
Event: 225.962 Thread 0x00000248e41096e0 nmethod 1869 0x0000024891e37390 code [0x0000024891e37520, 0x0000024891e37668]
Event: 225.962 Thread 0x00000248e41096e0 1870       3       org.eclipse.lemminx.dom.DOMDocument::checkCanceled (17 bytes)
Event: 225.962 Thread 0x00000248e41096e0 nmethod 1870 0x0000024891e37710 code [0x0000024891e378c0, 0x0000024891e37ac8]
Event: 225.962 Thread 0x00000248e41096e0 1872       3       org.eclipse.lemminx.dom.DOMDocument::positionAt (13 bytes)
Event: 225.976 Thread 0x00000248e41096e0 nmethod 1872 0x0000024891e37b90 code [0x0000024891e37d80, 0x0000024891e382e8]
Event: 226.017 Thread 0x00000248e4108d20 1873   !   4       com.google.gson.internal.bind.ReflectiveTypeAdapterFactory$1::write (184 bytes)
Event: 226.055 Thread 0x00000248e41096e0 1875       3       com.google.gson.Gson$FutureTypeAdapter::write (10 bytes)
Event: 226.065 Thread 0x00000248e41096e0 nmethod 1875 0x0000024891e38510 code [0x0000024891e386e0, 0x0000024891e38a38]
Event: 226.142 Thread 0x00000248e41096e0 1878       3       java.lang.Integer::toString (55 bytes)
Event: 226.142 Thread 0x00000248e41096e0 nmethod 1878 0x0000024891e38b90 code [0x0000024891e38d60, 0x0000024891e390f8]
Event: 226.143 Thread 0x00000248e41096e0 1879       3       java.lang.Integer::toString (8 bytes)
Event: 226.143 Thread 0x00000248e41096e0 nmethod 1879 0x0000024891e39290 code [0x0000024891e39420, 0x0000024891e39568]

GC Heap History (4 events):
Event: 21.734 GC heap before
{Heap before GC invocations=0 (full 0):
 garbage-first heap   total 65536K, used 14336K [0x00000000fc000000, 0x0000000100000000)
  region size 1024K, 13 young (13312K), 0 survivors (0K)
 Metaspace       used 5153K, committed 5312K, reserved 1114112K
  class space    used 630K, committed 704K, reserved 1048576K
}
Event: 21.891 GC heap after
{Heap after GC invocations=1 (full 0):
 garbage-first heap   total 65536K, used 3380K [0x00000000fc000000, 0x0000000100000000)
  region size 1024K, 2 young (2048K), 2 survivors (2048K)
 Metaspace       used 5153K, committed 5312K, reserved 1114112K
  class space    used 630K, committed 704K, reserved 1048576K
}
Event: 39.562 GC heap before
{Heap before GC invocations=1 (full 0):
 garbage-first heap   total 65536K, used 18740K [0x00000000fc000000, 0x0000000100000000)
  region size 1024K, 18 young (18432K), 2 survivors (2048K)
 Metaspace       used 10455K, committed 10624K, reserved 1114112K
  class space    used 1273K, committed 1344K, reserved 1048576K
}
Event: 39.578 GC heap after
{Heap after GC invocations=2 (full 0):
 garbage-first heap   total 65536K, used 5979K [0x00000000fc000000, 0x0000000100000000)
  region size 1024K, 3 young (3072K), 3 survivors (3072K)
 Metaspace       used 10455K, committed 10624K, reserved 1114112K
  class space    used 1273K, committed 1344K, reserved 1048576K
}

Dll operation events (6 events):
Event: 0.937 Loaded shared library C:\Program Files\BellSoft\LibericaJDK-17\bin\java.dll
Event: 1.737 Loaded shared library C:\Program Files\BellSoft\LibericaJDK-17\bin\jsvml.dll
Event: 3.621 Loaded shared library C:\Program Files\BellSoft\LibericaJDK-17\bin\net.dll
Event: 3.897 Loaded shared library C:\Program Files\BellSoft\LibericaJDK-17\bin\nio.dll
Event: 4.915 Loaded shared library C:\Program Files\BellSoft\LibericaJDK-17\bin\zip.dll
Event: 6.491 Loaded shared library C:\Program Files\BellSoft\LibericaJDK-17\bin\jimage.dll

Deoptimization events (20 events):
Event: 39.512 Thread 0x00000248e452b870 DEOPT PACKING pc=0x0000024891d93780 sp=0x00000073d98fdaf0
Event: 39.512 Thread 0x00000248e452b870 DEOPT UNPACKING pc=0x0000024898fc7143 sp=0x00000073d98fcfb0 mode 0
Event: 39.539 Thread 0x00000248e452b870 DEOPT PACKING pc=0x0000024891d93780 sp=0x00000073d98fdaf0
Event: 39.539 Thread 0x00000248e452b870 DEOPT UNPACKING pc=0x0000024898fc7143 sp=0x00000073d98fcfb0 mode 0
Event: 39.806 Thread 0x00000248e452b870 Uncommon trap: trap_request=0xffffffde fr.pc=0x000002489958e2b4 relative=0x0000000000000114
Event: 39.806 Thread 0x00000248e452b870 Uncommon trap: reason=class_check action=maybe_recompile pc=0x000002489958e2b4 method=jdk.internal.misc.Unsafe.allocateUninitializedArray(Ljava/lang/Class;I)Ljava/lang/Object; @ 51 c2
Event: 39.806 Thread 0x00000248e452b870 DEOPT PACKING pc=0x000002489958e2b4 sp=0x00000073d98fd580
Event: 39.806 Thread 0x00000248e452b870 DEOPT UNPACKING pc=0x0000024898fc69a3 sp=0x00000073d98fd508 mode 2
Event: 39.806 Thread 0x00000248e452b870 Uncommon trap: trap_request=0xffffffde fr.pc=0x000002489958e2b4 relative=0x0000000000000114
Event: 39.806 Thread 0x00000248e452b870 Uncommon trap: reason=class_check action=maybe_recompile pc=0x000002489958e2b4 method=jdk.internal.misc.Unsafe.allocateUninitializedArray(Ljava/lang/Class;I)Ljava/lang/Object; @ 51 c2
Event: 39.806 Thread 0x00000248e452b870 DEOPT PACKING pc=0x000002489958e2b4 sp=0x00000073d98fd580
Event: 39.806 Thread 0x00000248e452b870 DEOPT UNPACKING pc=0x0000024898fc69a3 sp=0x00000073d98fd508 mode 2
Event: 39.806 Thread 0x00000248e452b870 Uncommon trap: trap_request=0xffffffde fr.pc=0x000002489958e2b4 relative=0x0000000000000114
Event: 39.806 Thread 0x00000248e452b870 Uncommon trap: reason=class_check action=maybe_recompile pc=0x000002489958e2b4 method=jdk.internal.misc.Unsafe.allocateUninitializedArray(Ljava/lang/Class;I)Ljava/lang/Object; @ 51 c2
Event: 39.806 Thread 0x00000248e452b870 DEOPT PACKING pc=0x000002489958e2b4 sp=0x00000073d98fd580
Event: 39.806 Thread 0x00000248e452b870 DEOPT UNPACKING pc=0x0000024898fc69a3 sp=0x00000073d98fd508 mode 2
Event: 39.806 Thread 0x00000248e452b870 Uncommon trap: trap_request=0xffffffde fr.pc=0x000002489958e2b4 relative=0x0000000000000114
Event: 39.806 Thread 0x00000248e452b870 Uncommon trap: reason=class_check action=maybe_recompile pc=0x000002489958e2b4 method=jdk.internal.misc.Unsafe.allocateUninitializedArray(Ljava/lang/Class;I)Ljava/lang/Object; @ 51 c2
Event: 39.806 Thread 0x00000248e452b870 DEOPT PACKING pc=0x000002489958e2b4 sp=0x00000073d98fd580
Event: 39.806 Thread 0x00000248e452b870 DEOPT UNPACKING pc=0x0000024898fc69a3 sp=0x00000073d98fd508 mode 2

Classes loaded (20 events):
Event: 39.165 Loading class sun/nio/ch/Util$1
Event: 39.184 Loading class sun/nio/ch/Util$1 done
Event: 39.184 Loading class sun/nio/ch/Util$BufferCache
Event: 39.184 Loading class sun/nio/ch/Util$BufferCache done
Event: 39.186 Loading class java/nio/DirectByteBuffer$Deallocator
Event: 39.198 Loading class java/nio/DirectByteBuffer$Deallocator done
Event: 39.199 Loading class sun/nio/ch/IOStatus
Event: 39.222 Loading class sun/nio/ch/IOStatus done
Event: 58.169 Loading class java/util/concurrent/CompletableFuture$UniApply
Event: 58.170 Loading class java/util/concurrent/CompletableFuture$UniCompletion
Event: 58.170 Loading class java/util/concurrent/CompletableFuture$UniCompletion done
Event: 58.170 Loading class java/util/concurrent/CompletableFuture$UniApply done
Event: 58.171 Loading class java/util/concurrent/CompletableFuture$UniAccept
Event: 58.171 Loading class java/util/concurrent/CompletableFuture$UniAccept done
Event: 58.171 Loading class java/util/concurrent/CompletableFuture$UniExceptionally
Event: 58.174 Loading class java/util/concurrent/CompletableFuture$UniExceptionally done
Event: 58.181 Loading class java/util/concurrent/CompletableFuture$Signaller
Event: 58.199 Loading class java/util/concurrent/CompletableFuture$Signaller done
Event: 90.602 Loading class java/lang/StrictMath
Event: 90.678 Loading class java/lang/StrictMath done

Classes unloaded (0 events):
No events

Classes redefined (0 events):
No events

Internal exceptions (18 events):
Event: 7.995 Thread 0x0000024889f09940 Exception <a 'java/lang/NoSuchMethodError'{0x00000000ffdc64b0}: 'void java.lang.invoke.DirectMethodHandle$Holder.invokeSpecial(java.lang.Object, java.lang.Object, java.lang.Object)'> (0x00000000ffdc64b0) 
thrown [s\src\hotspot\share\interpreter\linkResolver.cpp, line 759]
Event: 9.226 Thread 0x0000024889f09940 Exception <a 'java/lang/NoSuchMethodError'{0x00000000ffb1c990}: 'void java.lang.invoke.DirectMethodHandle$Holder.invokeStatic(java.lang.Object, java.lang.Object, java.lang.Object)'> (0x00000000ffb1c990) 
thrown [s\src\hotspot\share\interpreter\linkResolver.cpp, line 759]
Event: 10.180 Thread 0x0000024889f09940 Exception <a 'java/lang/NoSuchMethodError'{0x00000000ffbcc8d8}: 'void java.lang.invoke.DirectMethodHandle$Holder.invokeStatic(java.lang.Object, java.lang.Object, java.lang.Object, java.lang.Object)'> (0x00000000ffbcc8d8) 
thrown [s\src\hotspot\share\interpreter\linkResolver.cpp, line 759]
Event: 13.458 Thread 0x0000024889f09940 Exception <a 'java/lang/NoSuchMethodError'{0x00000000ff7d1068}: 'java.lang.Object java.lang.invoke.DirectMethodHandle$Holder.newInvokeSpecial(java.lang.Object, java.lang.Object, java.lang.Object, java.lang.Object, java.lang.Object)'> (0x00000000ff7d1068) 
thrown [s\src\hotspot\share\interpreter\linkResolver.cpp, line 759]
Event: 13.483 Thread 0x0000024889f09940 Exception <a 'java/lang/NoSuchMethodError'{0x00000000ff600408}: 'java.lang.Object java.lang.invoke.DirectMethodHandle$Holder.invokeInterface(java.lang.Object, java.lang.Object)'> (0x00000000ff600408) 
thrown [s\src\hotspot\share\interpreter\linkResolver.cpp, line 759]
Event: 13.488 Thread 0x0000024889f09940 Exception <a 'java/lang/IncompatibleClassChangeError'{0x00000000ff603cc0}: Found class java.lang.Object, but interface was expected> (0x00000000ff603cc0) 
thrown [s\src\hotspot\share\interpreter\linkResolver.cpp, line 826]
Event: 19.877 Thread 0x00000248e45f5950 Exception <a 'sun/nio/fs/WindowsException'{0x00000000ff32eb60}> (0x00000000ff32eb60) 
thrown [s\src\hotspot\share\prims\jni.cpp, line 516]
Event: 20.526 Thread 0x00000248e45f5950 Exception <a 'java/lang/NoSuchMethodError'{0x00000000ff347240}: 'java.lang.Object java.lang.invoke.DirectMethodHandle$Holder.invokeStaticInit(java.lang.Object)'> (0x00000000ff347240) 
thrown [s\src\hotspot\share\interpreter\linkResolver.cpp, line 759]
Event: 22.596 Thread 0x00000248e45f5950 Exception <a 'java/lang/ClassNotFoundException'{0x00000000ffe69780}: sun/util/logging/resources/spi/loggingProvider> (0x00000000ffe69780) 
thrown [s\src\hotspot\share\classfile\systemDictionary.cpp, line 256]
Event: 23.030 Thread 0x00000248e45f5950 Exception <a 'java/lang/NoSuchMethodError'{0x00000000ffd0b818}: 'int java.lang.invoke.DirectMethodHandle$Holder.invokeSpecial(java.lang.Object, java.lang.Object, java.lang.Object)'> (0x00000000ffd0b818) 
thrown [s\src\hotspot\share\interpreter\linkResolver.cpp, line 759]
Event: 25.400 Thread 0x00000248e45f5950 Exception <a 'java/lang/NoSuchMethodError'{0x00000000ffc24f58}: 'java.lang.Object java.lang.invoke.DirectMethodHandle$Holder.invokeStaticInit(java.lang.Object, int, int, int, int)'> (0x00000000ffc24f58) 
thrown [s\src\hotspot\share\interpreter\linkResolver.cpp, line 759]
Event: 29.188 Thread 0x00000248e45f5950 Exception <a 'java/lang/NoSuchMethodError'{0x00000000ffb0cb48}: 'java.lang.Object java.lang.invoke.DirectMethodHandle$Holder.invokeStaticInit(java.lang.Object, java.lang.Object, int, int, int, int)'> (0x00000000ffb0cb48) 
thrown [s\src\hotspot\share\interpreter\linkResolver.cpp, line 759]
Event: 29.612 Thread 0x00000248e45f5950 Exception <a 'sun/nio/fs/WindowsException'{0x00000000ffba7698}> (0x00000000ffba7698) 
thrown [s\src\hotspot\share\prims\jni.cpp, line 516]
Event: 29.660 Thread 0x00000248e452b870 Exception <a 'java/lang/NoSuchMethodError'{0x00000000ffbe8eb8}: 'int java.lang.invoke.DirectMethodHandle$Holder.invokeStaticInit(java.lang.Object, java.lang.Object)'> (0x00000000ffbe8eb8) 
thrown [s\src\hotspot\share\interpreter\linkResolver.cpp, line 759]
Event: 29.868 Thread 0x00000248e452b870 Exception <a 'java/lang/NoSuchMethodError'{0x00000000ffa4cc20}: 'java.lang.Object java.lang.invoke.DirectMethodHandle$Holder.invokeSpecial(java.lang.Object, java.lang.Object, int, long)'> (0x00000000ffa4cc20) 
thrown [s\src\hotspot\share\interpreter\linkResolver.cpp, line 759]
Event: 32.746 Thread 0x00000248e452b870 Implicit null exception at 0x000002489957420a to 0x00000248995744b0
Event: 34.430 Thread 0x00000248e452b870 Implicit null exception at 0x000002489954d60a to 0x000002489954d838
Event: 90.309 Thread 0x00000248e450b950 Exception <a 'java/lang/NoSuchMethodError'{0x00000000ffeb5cb0}: 'java.lang.Object java.lang.invoke.DirectMethodHandle$Holder.invokeStatic(java.lang.Object, int, java.lang.Object)'> (0x00000000ffeb5cb0) 
thrown [s\src\hotspot\share\interpreter\linkResolver.cpp, line 759]

VM Operations (20 events):
Event: 112.942 Executing VM operation: Cleanup
Event: 112.942 Executing VM operation: Cleanup done
Event: 113.945 Executing VM operation: Cleanup
Event: 113.945 Executing VM operation: Cleanup done
Event: 114.951 Executing VM operation: Cleanup
Event: 114.951 Executing VM operation: Cleanup done
Event: 121.109 Executing VM operation: HandshakeAllThreads
Event: 121.109 Executing VM operation: HandshakeAllThreads done
Event: 183.533 Executing VM operation: Cleanup
Event: 183.671 Executing VM operation: Cleanup done
Event: 187.694 Executing VM operation: Cleanup
Event: 187.835 Executing VM operation: Cleanup done
Event: 188.837 Executing VM operation: Cleanup
Event: 188.854 Executing VM operation: Cleanup done
Event: 189.857 Executing VM operation: Cleanup
Event: 189.891 Executing VM operation: Cleanup done
Event: 200.953 Executing VM operation: Cleanup
Event: 201.142 Executing VM operation: Cleanup done
Event: 226.287 Executing VM operation: Cleanup
Event: 226.302 Executing VM operation: Cleanup done

Events (20 events):
Event: 2.189 Thread 0x00000248e40ea920 Thread added: 0x00000248e40ea920
Event: 2.189 Thread 0x00000248e40eb6b0 Thread added: 0x00000248e40eb6b0
Event: 2.570 Thread 0x00000248e4102470 Thread added: 0x00000248e4102470
Event: 2.571 Thread 0x00000248e4104760 Thread added: 0x00000248e4104760
Event: 2.571 Thread 0x00000248e4107040 Thread added: 0x00000248e4107040
Event: 2.571 Thread 0x00000248e4107910 Thread added: 0x00000248e4107910
Event: 2.577 Thread 0x00000248e4108d20 Thread added: 0x00000248e4108d20
Event: 2.643 Thread 0x00000248e41096e0 Thread added: 0x00000248e41096e0
Event: 2.826 Thread 0x00000248e41831f0 Thread added: 0x00000248e41831f0
Event: 3.305 Thread 0x00000248e436acd0 Thread added: 0x00000248e436acd0
Event: 3.357 Thread 0x00000248e4373470 Thread added: 0x00000248e4373470
Event: 14.714 Thread 0x00000248e45f5950 Thread added: 0x00000248e45f5950
Event: 14.721 Thread 0x0000024889f09940 Thread exited: 0x0000024889f09940
Event: 14.721 Thread 0x0000024889f09940 Thread added: 0x0000024889f09940
Event: 29.471 Thread 0x00000248e43f6d80 Thread added: 0x00000248e43f6d80
Event: 29.555 Thread 0x00000248e452b870 Thread added: 0x00000248e452b870
Event: 58.201 Thread 0x00000248e450b950 Thread added: 0x00000248e450b950
Event: 111.171 Thread 0x00000248e450c650 Thread added: 0x00000248e450c650
Event: 177.560 Thread 0x00000248e452b870 Thread exited: 0x00000248e452b870
Event: 200.960 Thread 0x00000248e452b870 Thread added: 0x00000248e452b870


Dynamic libraries:
0x00007ff63b790000 - 0x00007ff63b79e000 	C:\Program Files\BellSoft\LibericaJDK-17\bin\java.exe
0x00007ffd23410000 - 0x00007ffd23608000 	C:\Windows\SYSTEM32\ntdll.dll
0x00007ffd21ac0000 - 0x00007ffd21b82000 	C:\Windows\System32\KERNEL32.DLL
0x00007ffd20d30000 - 0x00007ffd21026000 	C:\Windows\System32\KERNELBASE.dll
0x00007ffd21340000 - 0x00007ffd21440000 	C:\Windows\System32\ucrtbase.dll
0x00007ffd1ddd0000 - 0x00007ffd1dde7000 	C:\Program Files\BellSoft\LibericaJDK-17\bin\jli.dll
0x00007ffd215a0000 - 0x00007ffd2173d000 	C:\Windows\System32\USER32.dll
0x00007ffd21220000 - 0x00007ffd21242000 	C:\Windows\System32\win32u.dll
0x00007ffd22b40000 - 0x00007ffd22b6b000 	C:\Windows\System32\GDI32.dll
0x00007ffd20ab0000 - 0x00007ffd20bca000 	C:\Windows\System32\gdi32full.dll
0x00007ffd21250000 - 0x00007ffd212ed000 	C:\Windows\System32\msvcp_win.dll
0x00007ffd1dd90000 - 0x00007ffd1ddab000 	C:\Program Files\BellSoft\LibericaJDK-17\bin\VCRUNTIME140.dll
0x00007ffd13050000 - 0x00007ffd132ea000 	C:\Windows\WinSxS\amd64_microsoft.windows.common-controls_6595b64144ccf1df_6.0.19041.5794_none_60bcd33171f2783c\COMCTL32.dll
0x00007ffd22df0000 - 0x00007ffd22e8e000 	C:\Windows\System32\msvcrt.dll
0x00007ffd22b00000 - 0x00007ffd22b2f000 	C:\Windows\System32\IMM32.DLL
0x00007ffd1dd50000 - 0x00007ffd1dd5c000 	C:\Program Files\BellSoft\LibericaJDK-17\bin\vcruntime140_1.dll
0x00007ffcff990000 - 0x00007ffcffa1e000 	C:\Program Files\BellSoft\LibericaJDK-17\bin\msvcp140.dll
0x00007ffcd0600000 - 0x00007ffcd126d000 	C:\Program Files\BellSoft\LibericaJDK-17\bin\server\jvm.dll
0x00007ffd22cb0000 - 0x00007ffd22d5f000 	C:\Windows\System32\ADVAPI32.dll
0x00007ffd21500000 - 0x00007ffd2159f000 	C:\Windows\System32\sechost.dll
0x00007ffd22150000 - 0x00007ffd22273000 	C:\Windows\System32\RPCRT4.dll
0x00007ffd20bd0000 - 0x00007ffd20bf7000 	C:\Windows\System32\bcrypt.dll
0x00007ffd23300000 - 0x00007ffd2336b000 	C:\Windows\System32\WS2_32.dll
0x00007ffd20910000 - 0x00007ffd2095b000 	C:\Windows\SYSTEM32\POWRPROF.dll
0x00007ffd0ac10000 - 0x00007ffd0ac37000 	C:\Windows\SYSTEM32\WINMM.dll
0x00007ffd14250000 - 0x00007ffd1425a000 	C:\Windows\SYSTEM32\VERSION.dll
0x00007ffd208f0000 - 0x00007ffd20902000 	C:\Windows\SYSTEM32\UMPDC.dll
0x00007ffd1e950000 - 0x00007ffd1e962000 	C:\Windows\SYSTEM32\kernel.appcore.dll
0x00007ffd1d3a0000 - 0x00007ffd1d3aa000 	C:\Program Files\BellSoft\LibericaJDK-17\bin\jimage.dll
0x00007ffd13520000 - 0x00007ffd13721000 	C:\Windows\SYSTEM32\DBGHELP.DLL
0x00007ffd0ee20000 - 0x00007ffd0ee54000 	C:\Windows\SYSTEM32\dbgcore.DLL
0x00007ffd21190000 - 0x00007ffd21212000 	C:\Windows\System32\bcryptPrimitives.dll
0x00007ffd17650000 - 0x00007ffd17675000 	C:\Program Files\BellSoft\LibericaJDK-17\bin\java.dll
0x00007ffcffda0000 - 0x00007ffcffe77000 	C:\Program Files\BellSoft\LibericaJDK-17\bin\jsvml.dll
0x00007ffd22280000 - 0x00007ffd229ee000 	C:\Windows\System32\SHELL32.dll
0x00007ffd1eb50000 - 0x00007ffd1f2f3000 	C:\Windows\SYSTEM32\windows.storage.dll
0x00007ffd21c70000 - 0x00007ffd21fc3000 	C:\Windows\System32\combase.dll
0x00007ffd20410000 - 0x00007ffd2043b000 	C:\Windows\SYSTEM32\Wldp.dll
0x00007ffd22080000 - 0x00007ffd2214d000 	C:\Windows\System32\OLEAUT32.dll
0x00007ffd229f0000 - 0x00007ffd22a9d000 	C:\Windows\System32\SHCORE.dll
0x00007ffd22aa0000 - 0x00007ffd22af5000 	C:\Windows\System32\shlwapi.dll
0x00007ffd209e0000 - 0x00007ffd20a05000 	C:\Windows\SYSTEM32\profapi.dll
0x00007ffd1a260000 - 0x00007ffd1a279000 	C:\Program Files\BellSoft\LibericaJDK-17\bin\net.dll
0x00007ffd19b40000 - 0x00007ffd19c4a000 	C:\Windows\SYSTEM32\WINHTTP.dll
0x00007ffd20170000 - 0x00007ffd201dc000 	C:\Windows\system32\mswsock.dll
0x00007ffd18e60000 - 0x00007ffd18e76000 	C:\Program Files\BellSoft\LibericaJDK-17\bin\nio.dll
0x00007ffd0f860000 - 0x00007ffd0f878000 	C:\Program Files\BellSoft\LibericaJDK-17\bin\zip.dll
0x00007ffd20370000 - 0x00007ffd20388000 	C:\Windows\SYSTEM32\CRYPTSP.dll
0x00007ffd1fa90000 - 0x00007ffd1fac8000 	C:\Windows\system32\rsaenh.dll
0x00007ffd209a0000 - 0x00007ffd209ce000 	C:\Windows\SYSTEM32\USERENV.dll
0x00007ffd20360000 - 0x00007ffd2036c000 	C:\Windows\SYSTEM32\CRYPTBASE.dll
0x00007ffd1fe50000 - 0x00007ffd1fe8b000 	C:\Windows\SYSTEM32\IPHLPAPI.DLL
0x00007ffd22b70000 - 0x00007ffd22b78000 	C:\Windows\System32\NSI.dll
0x00007ffd1b140000 - 0x00007ffd1b157000 	C:\Windows\SYSTEM32\dhcpcsvc6.DLL
0x00007ffd1af30000 - 0x00007ffd1af4d000 	C:\Windows\SYSTEM32\dhcpcsvc.DLL
0x00007ffd1fe90000 - 0x00007ffd1ff5a000 	C:\Windows\SYSTEM32\DNSAPI.dll

dbghelp: loaded successfully - version: 4.0.5 - missing functions: none
symbol engine: initialized successfully - sym options: 0x614 - pdb path: .;C:\Program Files\BellSoft\LibericaJDK-17\bin;C:\Windows\SYSTEM32;C:\Windows\WinSxS\amd64_microsoft.windows.common-controls_6595b64144ccf1df_6.0.19041.5794_none_60bcd33171f2783c;C:\Program Files\BellSoft\LibericaJDK-17\bin\server

VM Arguments:
jvm_args: -DwatchParentProcess=false -XX:+ExitOnOutOfMemoryError -XX:+HeapDumpOnOutOfMemoryError -XX:HeapDumpPath=c:\Users\Armero\AppData\Roaming\Code\User\globalStorage\redhat.vscode-xml -Xmx64M 
java_command: org.eclipse.lemminx.XMLServerLauncher
java_class_path (initial): c:\Users\Armero\.vscode\extensions\redhat.vscode-xml-0.29.0-win32-x64\server\org.eclipse.lemminx-0.31.0-uber.jar
Launcher Type: SUN_STANDARD

[Global flags]
     intx CICompilerCount                          = 3                                         {product} {ergonomic}
     uint ConcGCThreads                            = 1                                         {product} {ergonomic}
     bool ExitOnOutOfMemoryError                   = true                                      {product} {command line}
     uint G1ConcRefinementThreads                  = 4                                         {product} {ergonomic}
   size_t G1HeapRegionSize                         = 1048576                                   {product} {ergonomic}
    uintx GCDrainStackTargetSize                   = 64                                        {product} {ergonomic}
     bool HeapDumpOnOutOfMemoryError               = true                                   {manageable} {command line}
    ccstr HeapDumpPath                             = c:\Users\Armero\AppData\Roaming\Code\User\globalStorage\redhat.vscode-xml         {manageable} {command line}
   size_t InitialHeapSize                          = 67108864                                  {product} {ergonomic}
   size_t MarkStackSize                            = 4194304                                   {product} {ergonomic}
   size_t MaxHeapSize                              = 67108864                                  {product} {command line}
   size_t MaxNewSize                               = 39845888                                  {product} {ergonomic}
   size_t MinHeapDeltaBytes                        = 1048576                                   {product} {ergonomic}
   size_t MinHeapSize                              = 8388608                                   {product} {ergonomic}
    uintx NonNMethodCodeHeapSize                   = 5832780                                {pd product} {ergonomic}
    uintx NonProfiledCodeHeapSize                  = 122912730                              {pd product} {ergonomic}
    uintx ProfiledCodeHeapSize                     = 122912730                              {pd product} {ergonomic}
    uintx ReservedCodeCacheSize                    = 251658240                              {pd product} {ergonomic}
     bool SegmentedCodeCache                       = true                                      {product} {ergonomic}
   size_t SoftMaxHeapSize                          = 67108864                               {manageable} {ergonomic}
     bool UseCompressedClassPointers               = true                           {product lp64_product} {ergonomic}
     bool UseCompressedOops                        = true                           {product lp64_product} {ergonomic}
     bool UseG1GC                                  = true                                      {product} {ergonomic}
     bool UseLargePagesIndividualAllocation        = false                                  {pd product} {ergonomic}

Logging:
Log output configuration:
 #0: stdout all=warning uptime,level,tags
 #1: stderr all=off uptime,level,tags

Environment Variables:
JAVA_HOME=C:\Program Files\BellSoft\LibericaJDK-17\
PATH=C:\Program Files (x86)\VMware\VMware Workstation\bin\;C:\Program Files\BellSoft\LibericaJDK-17\bin\;C:\msys64\mingw64\bin;C:\Program Files\Common Files\Oracle\Java\javapath;C:\Windows\system32;C:\Windows;C:\Windows\System32\Wbem;C:\Windows\System32\WindowsPowerShell\v1.0\;C:\Windows\System32\OpenSSH\;C:\Program Files\Git\cmd;C:\Program Files\Microsoft SQL Server\150\Tools\Binn\;C:\Program Files\Microsoft SQL Server\Client SDK\ODBC\170\Tools\Binn\;C:\Program Files\dotnet\;C:\Program Files (x86)\Windows Kits\10\Windows Performance Toolkit\;C:\maven\bin;C:\Users\Armero\AppData\Local\Microsoft\WindowsApps;C:\Users\Armero\AppData\Local\Programs\Microsoft VS Code\bin;C:\Users\Armero\.dotnet\tools;C:\Program Files\JetBrains\IntelliJ IDEA 2024.2.1\bin;
USERNAME=Armero
OS=Windows_NT
PROCESSOR_IDENTIFIER=Intel64 Family 6 Model 42 Stepping 7, GenuineIntel
TMP=C:\Users\Armero\AppData\Local\Temp
TEMP=C:\Users\Armero\AppData\Local\Temp



Periodic native trim disabled


---------------  S Y S T E M  ---------------

OS:
 Windows 10 , 64 bit Build 19041 (10.0.19041.5794)
OS uptime: 0 days 2:00 hours

CPU: total 4 (initial active 4) (2 cores per cpu, 2 threads per core) family 6 model 42 stepping 7 microcode 0x2f, cx8, cmov, fxsr, ht, mmx, sse, sse2, sse3, ssse3, sse4.1, sse4.2, popcnt, tsc, tscinvbit, avx, clmul, vzeroupper, clflush
Processor Information for all 4 processors :
  Max Mhz: 3300, Current Mhz: 3300, Mhz Limit: 3300

Memory: 4k page, system-wide physical 4008M (139M free)
TotalPageFile size 12200M (AvailPageFile size 71M)
current process WorkingSet (physical memory assigned to process): 23M, peak: 70M
current process commit charge ("private bytes"): 154M, peak: 157M

vm_info: OpenJDK 64-Bit Server VM (17.0.12+10-LTS) for windows-amd64 JRE (17.0.12+10-LTS), built on Jul 12 2024 12:22:16 by "" with MS VC++ 17.1 (VS2022)

END.
