#
# There is insufficient memory for the Java Runtime Environment to continue.
# Native memory allocation (malloc) failed to allocate 962176 bytes. Error detail: Chunk::new
# Possible reasons:
#   The system is out of physical RAM or swap space
#   This process is running with CompressedOops enabled, and the Java Heap may be blocking the growth of the native heap
# Possible solutions:
#   Reduce memory load on the system
#   Increase physical memory or swap space
#   Check if swap backing store is full
#   Decrease Java heap size (-Xmx/-Xms)
#   Decrease number of Java threads
#   Decrease Java thread stack sizes (-Xss)
#   Set larger code cache with -XX:ReservedCodeCacheSize=
#   JVM is running with Unscaled Compressed Oops mode in which the Java heap is
#     placed in the first 4GB address space. The Java Heap base address is the
#     maximum limit for the native heap growth. Please use -XX:HeapBaseMinAddress
#     to set the Java Heap base and to place the Java Heap above 4GB virtual address.
# This output file may be truncated or incomplete.
#
#  Out of Memory Error (arena.cpp:168), pid=9660, tid=3996
#
# JRE version: OpenJDK Runtime Environment Temurin-21.0.7+6 (21.0.7+6) (build 21.0.7+6-LTS)
# Java VM: OpenJDK 64-Bit Server VM Temurin-21.0.7+6 (21.0.7+6-LTS, mixed mode, sharing, tiered, compressed oops, compressed class ptrs, g1 gc, windows-amd64)
# No core dump will be written. Minidumps are not enabled by default on client versions of Windows
#

---------------  S U M M A R Y ------------

Command Line: -Dstdout.encoding=UTF-8 -Dstderr.encoding=UTF-8 --enable-native-access=ALL-UNNAMED -Dclassworlds.conf=C:\Users\Armero\AppData\Roaming\Code\User\globalStorage\pleiades.java-extension-pack-jdk\maven\latest\bin\m2.conf -Dmaven.home=C:\Users\Armero\AppData\Roaming\Code\User\globalStorage\pleiades.java-extension-pack-jdk\maven\latest -Dlibrary.jansi.path=C:\Users\Armero\AppData\Roaming\Code\User\globalStorage\pleiades.java-extension-pack-jdk\maven\latest\lib\jansi-native -Dmaven.multiModuleProjectDirectory=C:\Users\Armero\Documents\FinalDistribuidos\deporte_service org.codehaus.plexus.classworlds.launcher.Launcher spring-boot:run

Host: Intel(R) Core(TM) i3-2120 CPU @ 3.30GHz, 4 cores, 3G,  Windows 10 , 64 bit Build 19041 (10.0.19041.5794)
Time: Sun Jun  8 21:14:51 2025 Hora est. Pacífico, Sudamérica elapsed time: 23.869045 seconds (0d 0h 0m 23s)

---------------  T H R E A D  ---------------

Current thread (0x000001c6fd140f30):  JavaThread "C2 CompilerThread0" daemon [_thread_in_native, id=3996, stack(0x000000446c600000,0x000000446c700000) (1024K)]


Current CompileTask:
C2:23869 4708       4       java.lang.invoke.MethodType::makeImpl (109 bytes)

Stack: [0x000000446c600000,0x000000446c700000]
Native frames: (J=compiled Java code, j=interpreted, Vv=VM code, C=native code)
V  [jvm.dll+0x6ce119]
V  [jvm.dll+0x8a84a1]
V  [jvm.dll+0x8aa9ce]
V  [jvm.dll+0x8ab0b3]
V  [jvm.dll+0x27f8a6]
V  [jvm.dll+0xc507d]
V  [jvm.dll+0xc55b3]
V  [jvm.dll+0x2f2c6d]
V  [jvm.dll+0x5f6bca]
V  [jvm.dll+0x250cb2]
V  [jvm.dll+0x24947c]
V  [jvm.dll+0x246fc4]
V  [jvm.dll+0x1c760e]
V  [jvm.dll+0x25695a]
V  [jvm.dll+0x254efa]
V  [jvm.dll+0x3f03f6]
V  [jvm.dll+0x851f6b]
V  [jvm.dll+0x6cc7dd]
C  [ucrtbase.dll+0x21bb2]
C  [KERNEL32.DLL+0x17374]
C  [ntdll.dll+0x4cc91]


---------------  P R O C E S S  ---------------

Threads class SMR info:
_java_thread_list=0x000001c6fde71dc0, length=12, elements={
0x000001c6a1022ef0, 0x000001c6fd124970, 0x000001c6fd125830, 0x000001c6fd129400,
0x000001c6fd12b620, 0x000001c6fd12e080, 0x000001c6fd12eee0, 0x000001c6fd140f30,
0x000001c6fd1419c0, 0x000001c6fd2a4800, 0x000001c6fd2ae470, 0x000001c6fde76750
}

Java Threads: ( => current thread )
  0x000001c6a1022ef0 JavaThread "main"                              [_thread_in_vm, id=9084, stack(0x000000446b800000,0x000000446b900000) (1024K)]
  0x000001c6fd124970 JavaThread "Reference Handler"          daemon [_thread_blocked, id=10280, stack(0x000000446c000000,0x000000446c100000) (1024K)]
  0x000001c6fd125830 JavaThread "Finalizer"                  daemon [_thread_blocked, id=4032, stack(0x000000446c100000,0x000000446c200000) (1024K)]
  0x000001c6fd129400 JavaThread "Signal Dispatcher"          daemon [_thread_blocked, id=1260, stack(0x000000446c200000,0x000000446c300000) (1024K)]
  0x000001c6fd12b620 JavaThread "Attach Listener"            daemon [_thread_blocked, id=10920, stack(0x000000446c300000,0x000000446c400000) (1024K)]
  0x000001c6fd12e080 JavaThread "Service Thread"             daemon [_thread_blocked, id=1724, stack(0x000000446c400000,0x000000446c500000) (1024K)]
  0x000001c6fd12eee0 JavaThread "Monitor Deflation Thread"   daemon [_thread_blocked, id=13272, stack(0x000000446c500000,0x000000446c600000) (1024K)]
=>0x000001c6fd140f30 JavaThread "C2 CompilerThread0"         daemon [_thread_in_native, id=3996, stack(0x000000446c600000,0x000000446c700000) (1024K)]
  0x000001c6fd1419c0 JavaThread "C1 CompilerThread0"         daemon [_thread_blocked, id=10848, stack(0x000000446c700000,0x000000446c800000) (1024K)]
  0x000001c6fd2a4800 JavaThread "Notification Thread"        daemon [_thread_blocked, id=9700, stack(0x000000446c800000,0x000000446c900000) (1024K)]
  0x000001c6fd2ae470 JavaThread "Common-Cleaner"             daemon [_thread_blocked, id=11572, stack(0x000000446c900000,0x000000446ca00000) (1024K)]
  0x000001c6fde76750 JavaThread "Thread-1"                   daemon [_thread_blocked, id=8748, stack(0x000000446ca00000,0x000000446cb00000) (1024K)]
Total: 12

Other Threads:
  0x000001c6a10df910 VMThread "VM Thread"                           [id=12644, stack(0x000000446bf00000,0x000000446c000000) (1024K)]
  0x000001c6a10d0a50 WatcherThread "VM Periodic Task Thread"        [id=4800, stack(0x000000446be00000,0x000000446bf00000) (1024K)]
  0x000001c6a1057d00 WorkerThread "GC Thread#0"                     [id=6352, stack(0x000000446b900000,0x000000446ba00000) (1024K)]
  0x000001c6fd3e9550 WorkerThread "GC Thread#1"                     [id=11112, stack(0x000000446cb00000,0x000000446cc00000) (1024K)]
  0x000001c6fd973e90 WorkerThread "GC Thread#2"                     [id=13196, stack(0x000000446cc00000,0x000000446cd00000) (1024K)]
  0x000001c6fd974230 WorkerThread "GC Thread#3"                     [id=11320, stack(0x000000446cd00000,0x000000446ce00000) (1024K)]
  0x000001c6a1060a60 ConcurrentGCThread "G1 Main Marker"            [id=12900, stack(0x000000446ba00000,0x000000446bb00000) (1024K)]
  0x000001c6a1061710 WorkerThread "G1 Conc#0"                       [id=2252, stack(0x000000446bb00000,0x000000446bc00000) (1024K)]
  0x000001c6a10bc7c0 ConcurrentGCThread "G1 Refine#0"               [id=4396, stack(0x000000446bc00000,0x000000446bd00000) (1024K)]
  0x000001c6a10bd4e0 ConcurrentGCThread "G1 Service"                [id=9416, stack(0x000000446bd00000,0x000000446be00000) (1024K)]
Total: 10

Threads with active compile tasks:
C2 CompilerThread0  23958 4708       4       java.lang.invoke.MethodType::makeImpl (109 bytes)
Total: 1

VM state: not at safepoint (normal execution)

VM Mutex/Monitor currently owned by a thread: None

Heap address: 0x00000000c1400000, size: 1004 MB, Compressed Oops mode: 32-bit

CDS archive(s) mapped at: [0x000001c6bc000000-0x000001c6bcc80000-0x000001c6bcc80000), size 13107200, SharedBaseAddress: 0x000001c6bc000000, ArchiveRelocationMode: 1.
Compressed class space mapped at: 0x000001c6bd000000-0x000001c6fd000000, reserved size: 1073741824
Narrow klass base: 0x000001c6bc000000, Narrow klass shift: 0, Narrow klass range: 0x100000000

GC Precious Log:
 CardTable entry size: 512
 Card Set container configuration: InlinePtr #cards 5 size 8 Array Of Cards #cards 12 size 40 Howl #buckets 4 coarsen threshold 1843 Howl Bitmap #cards 512 size 80 coarsen threshold 460 Card regions per heap region 1 cards per card region 2048
 CPUs: 4 total, 4 available
 Memory: 4008M
 Large Page Support: Disabled
 NUMA Support: Disabled
 Compressed Oops: Enabled (32-bit)
 Heap Region Size: 1M
 Heap Min Capacity: 8M
 Heap Initial Capacity: 64M
 Heap Max Capacity: 1004M
 Pre-touch: Disabled
 Parallel Workers: 4
 Concurrent Workers: 1
 Concurrent Refinement Workers: 4
 Periodic GC: Disabled

Heap:
 garbage-first heap   total 65536K, used 47779K [0x00000000c1400000, 0x0000000100000000)
  region size 1024K, 37 young (37888K), 3 survivors (3072K)
 Metaspace       used 17062K, committed 17280K, reserved 1114112K
  class space    used 1904K, committed 1984K, reserved 1048576K

Heap Regions: E=young(eden), S=young(survivor), O=old, HS=humongous(starts), HC=humongous(continues), CS=collection set, F=free, TAMS=top-at-mark-start, PB=parsable bottom
|   0|0x00000000c1400000, 0x00000000c1500000, 0x00000000c1500000|100%| O|  |TAMS 0x00000000c1400000| PB 0x00000000c1400000| Untracked 
|   1|0x00000000c1500000, 0x00000000c1600000, 0x00000000c1600000|100%| O|  |TAMS 0x00000000c1500000| PB 0x00000000c1500000| Untracked 
|   2|0x00000000c1600000, 0x00000000c1700000, 0x00000000c1700000|100%| O|  |TAMS 0x00000000c1600000| PB 0x00000000c1600000| Untracked 
|   3|0x00000000c1700000, 0x00000000c1800000, 0x00000000c1800000|100%| O|  |TAMS 0x00000000c1700000| PB 0x00000000c1700000| Untracked 
|   4|0x00000000c1800000, 0x00000000c1900000, 0x00000000c1900000|100%| O|  |TAMS 0x00000000c1800000| PB 0x00000000c1800000| Untracked 
|   5|0x00000000c1900000, 0x00000000c1a00000, 0x00000000c1a00000|100%| O|  |TAMS 0x00000000c1900000| PB 0x00000000c1900000| Untracked 
|   6|0x00000000c1a00000, 0x00000000c1b00000, 0x00000000c1b00000|100%| O|  |TAMS 0x00000000c1a00000| PB 0x00000000c1a00000| Untracked 
|   7|0x00000000c1b00000, 0x00000000c1c00000, 0x00000000c1c00000|100%| O|  |TAMS 0x00000000c1b00000| PB 0x00000000c1b00000| Untracked 
|   8|0x00000000c1c00000, 0x00000000c1d00000, 0x00000000c1d00000|100%| O|  |TAMS 0x00000000c1c00000| PB 0x00000000c1c00000| Untracked 
|   9|0x00000000c1d00000, 0x00000000c1e00000, 0x00000000c1e00000|100%| O|  |TAMS 0x00000000c1d00000| PB 0x00000000c1d00000| Untracked 
|  10|0x00000000c1e00000, 0x00000000c1ee8ce0, 0x00000000c1f00000| 90%| O|  |TAMS 0x00000000c1e00000| PB 0x00000000c1e00000| Untracked 
|  11|0x00000000c1f00000, 0x00000000c1f00000, 0x00000000c2000000|  0%| F|  |TAMS 0x00000000c1f00000| PB 0x00000000c1f00000| Untracked 
|  12|0x00000000c2000000, 0x00000000c2000000, 0x00000000c2100000|  0%| F|  |TAMS 0x00000000c2000000| PB 0x00000000c2000000| Untracked 
|  13|0x00000000c2100000, 0x00000000c2100000, 0x00000000c2200000|  0%| F|  |TAMS 0x00000000c2100000| PB 0x00000000c2100000| Untracked 
|  14|0x00000000c2200000, 0x00000000c2200000, 0x00000000c2300000|  0%| F|  |TAMS 0x00000000c2200000| PB 0x00000000c2200000| Untracked 
|  15|0x00000000c2300000, 0x00000000c2300000, 0x00000000c2400000|  0%| F|  |TAMS 0x00000000c2300000| PB 0x00000000c2300000| Untracked 
|  16|0x00000000c2400000, 0x00000000c2400000, 0x00000000c2500000|  0%| F|  |TAMS 0x00000000c2400000| PB 0x00000000c2400000| Untracked 
|  17|0x00000000c2500000, 0x00000000c2500000, 0x00000000c2600000|  0%| F|  |TAMS 0x00000000c2500000| PB 0x00000000c2500000| Untracked 
|  18|0x00000000c2600000, 0x00000000c2600000, 0x00000000c2700000|  0%| F|  |TAMS 0x00000000c2600000| PB 0x00000000c2600000| Untracked 
|  19|0x00000000c2700000, 0x00000000c2700000, 0x00000000c2800000|  0%| F|  |TAMS 0x00000000c2700000| PB 0x00000000c2700000| Untracked 
|  20|0x00000000c2800000, 0x00000000c2800000, 0x00000000c2900000|  0%| F|  |TAMS 0x00000000c2800000| PB 0x00000000c2800000| Untracked 
|  21|0x00000000c2900000, 0x00000000c2900000, 0x00000000c2a00000|  0%| F|  |TAMS 0x00000000c2900000| PB 0x00000000c2900000| Untracked 
|  22|0x00000000c2a00000, 0x00000000c2a00000, 0x00000000c2b00000|  0%| F|  |TAMS 0x00000000c2a00000| PB 0x00000000c2a00000| Untracked 
|  23|0x00000000c2b00000, 0x00000000c2b00000, 0x00000000c2c00000|  0%| F|  |TAMS 0x00000000c2b00000| PB 0x00000000c2b00000| Untracked 
|  24|0x00000000c2c00000, 0x00000000c2cc0310, 0x00000000c2d00000| 75%| S|CS|TAMS 0x00000000c2c00000| PB 0x00000000c2c00000| Complete 
|  25|0x00000000c2d00000, 0x00000000c2e00000, 0x00000000c2e00000|100%| S|CS|TAMS 0x00000000c2d00000| PB 0x00000000c2d00000| Complete 
|  26|0x00000000c2e00000, 0x00000000c2e00000, 0x00000000c2f00000|  0%| F|  |TAMS 0x00000000c2e00000| PB 0x00000000c2e00000| Untracked 
|  27|0x00000000c2f00000, 0x00000000c2f00000, 0x00000000c3000000|  0%| F|  |TAMS 0x00000000c2f00000| PB 0x00000000c2f00000| Untracked 
|  28|0x00000000c3000000, 0x00000000c3000000, 0x00000000c3100000|  0%| F|  |TAMS 0x00000000c3000000| PB 0x00000000c3000000| Untracked 
|  29|0x00000000c3100000, 0x00000000c3180000, 0x00000000c3200000| 50%| E|  |TAMS 0x00000000c3100000| PB 0x00000000c3100000| Complete 
|  30|0x00000000c3200000, 0x00000000c3300000, 0x00000000c3300000|100%| S|CS|TAMS 0x00000000c3200000| PB 0x00000000c3200000| Complete 
|  31|0x00000000c3300000, 0x00000000c3400000, 0x00000000c3400000|100%| E|CS|TAMS 0x00000000c3300000| PB 0x00000000c3300000| Complete 
|  32|0x00000000c3400000, 0x00000000c3500000, 0x00000000c3500000|100%| E|CS|TAMS 0x00000000c3400000| PB 0x00000000c3400000| Complete 
|  33|0x00000000c3500000, 0x00000000c3600000, 0x00000000c3600000|100%| E|CS|TAMS 0x00000000c3500000| PB 0x00000000c3500000| Complete 
|  34|0x00000000c3600000, 0x00000000c3700000, 0x00000000c3700000|100%| E|CS|TAMS 0x00000000c3600000| PB 0x00000000c3600000| Complete 
|  35|0x00000000c3700000, 0x00000000c3800000, 0x00000000c3800000|100%| E|CS|TAMS 0x00000000c3700000| PB 0x00000000c3700000| Complete 
|  36|0x00000000c3800000, 0x00000000c3900000, 0x00000000c3900000|100%| E|CS|TAMS 0x00000000c3800000| PB 0x00000000c3800000| Complete 
|  37|0x00000000c3900000, 0x00000000c3a00000, 0x00000000c3a00000|100%| E|CS|TAMS 0x00000000c3900000| PB 0x00000000c3900000| Complete 
|  38|0x00000000c3a00000, 0x00000000c3b00000, 0x00000000c3b00000|100%| E|CS|TAMS 0x00000000c3a00000| PB 0x00000000c3a00000| Complete 
|  39|0x00000000c3b00000, 0x00000000c3c00000, 0x00000000c3c00000|100%| E|CS|TAMS 0x00000000c3b00000| PB 0x00000000c3b00000| Complete 
|  40|0x00000000c3c00000, 0x00000000c3d00000, 0x00000000c3d00000|100%| E|CS|TAMS 0x00000000c3c00000| PB 0x00000000c3c00000| Complete 
|  41|0x00000000c3d00000, 0x00000000c3e00000, 0x00000000c3e00000|100%| E|CS|TAMS 0x00000000c3d00000| PB 0x00000000c3d00000| Complete 
|  42|0x00000000c3e00000, 0x00000000c3f00000, 0x00000000c3f00000|100%| E|CS|TAMS 0x00000000c3e00000| PB 0x00000000c3e00000| Complete 
|  43|0x00000000c3f00000, 0x00000000c4000000, 0x00000000c4000000|100%| E|CS|TAMS 0x00000000c3f00000| PB 0x00000000c3f00000| Complete 
|  44|0x00000000c4000000, 0x00000000c4100000, 0x00000000c4100000|100%| E|CS|TAMS 0x00000000c4000000| PB 0x00000000c4000000| Complete 
|  45|0x00000000c4100000, 0x00000000c4200000, 0x00000000c4200000|100%| E|CS|TAMS 0x00000000c4100000| PB 0x00000000c4100000| Complete 
|  46|0x00000000c4200000, 0x00000000c4300000, 0x00000000c4300000|100%| E|CS|TAMS 0x00000000c4200000| PB 0x00000000c4200000| Complete 
|  47|0x00000000c4300000, 0x00000000c4400000, 0x00000000c4400000|100%| E|CS|TAMS 0x00000000c4300000| PB 0x00000000c4300000| Complete 
|  48|0x00000000c4400000, 0x00000000c4500000, 0x00000000c4500000|100%| E|CS|TAMS 0x00000000c4400000| PB 0x00000000c4400000| Complete 
|  49|0x00000000c4500000, 0x00000000c4600000, 0x00000000c4600000|100%| E|CS|TAMS 0x00000000c4500000| PB 0x00000000c4500000| Complete 
|  50|0x00000000c4600000, 0x00000000c4700000, 0x00000000c4700000|100%| E|CS|TAMS 0x00000000c4600000| PB 0x00000000c4600000| Complete 
|  51|0x00000000c4700000, 0x00000000c4800000, 0x00000000c4800000|100%| E|CS|TAMS 0x00000000c4700000| PB 0x00000000c4700000| Complete 
|  52|0x00000000c4800000, 0x00000000c4900000, 0x00000000c4900000|100%| E|CS|TAMS 0x00000000c4800000| PB 0x00000000c4800000| Complete 
|  53|0x00000000c4900000, 0x00000000c4a00000, 0x00000000c4a00000|100%| E|CS|TAMS 0x00000000c4900000| PB 0x00000000c4900000| Complete 
|  54|0x00000000c4a00000, 0x00000000c4b00000, 0x00000000c4b00000|100%| E|CS|TAMS 0x00000000c4a00000| PB 0x00000000c4a00000| Complete 
|  55|0x00000000c4b00000, 0x00000000c4c00000, 0x00000000c4c00000|100%| E|CS|TAMS 0x00000000c4b00000| PB 0x00000000c4b00000| Complete 
|  56|0x00000000c4c00000, 0x00000000c4d00000, 0x00000000c4d00000|100%| E|CS|TAMS 0x00000000c4c00000| PB 0x00000000c4c00000| Complete 
|  57|0x00000000c4d00000, 0x00000000c4e00000, 0x00000000c4e00000|100%| E|CS|TAMS 0x00000000c4d00000| PB 0x00000000c4d00000| Complete 
|  58|0x00000000c4e00000, 0x00000000c4f00000, 0x00000000c4f00000|100%| E|CS|TAMS 0x00000000c4e00000| PB 0x00000000c4e00000| Complete 
|  59|0x00000000c4f00000, 0x00000000c5000000, 0x00000000c5000000|100%| E|CS|TAMS 0x00000000c4f00000| PB 0x00000000c4f00000| Complete 
|  60|0x00000000c5000000, 0x00000000c5100000, 0x00000000c5100000|100%| E|CS|TAMS 0x00000000c5000000| PB 0x00000000c5000000| Complete 
|  61|0x00000000c5100000, 0x00000000c5200000, 0x00000000c5200000|100%| E|CS|TAMS 0x00000000c5100000| PB 0x00000000c5100000| Complete 
|  62|0x00000000c5200000, 0x00000000c5300000, 0x00000000c5300000|100%| E|CS|TAMS 0x00000000c5200000| PB 0x00000000c5200000| Complete 
|  63|0x00000000c5300000, 0x00000000c5400000, 0x00000000c5400000|100%| E|CS|TAMS 0x00000000c5300000| PB 0x00000000c5300000| Complete 

Card table byte_map: [0x000001c6b8920000,0x000001c6b8b20000] _byte_map_base: 0x000001c6b8316000

Marking Bits: (CMBitMap*) 0x000001c6a1058400
 Bits: [0x000001c6b8b20000, 0x000001c6b9ad0000)

Polling page: 0x000001c69ece0000

Metaspace:

Usage:
  Non-class:     14.80 MB used.
      Class:      1.86 MB used.
       Both:     16.66 MB used.

Virtual space:
  Non-class space:       64.00 MB reserved,      14.94 MB ( 23%) committed,  1 nodes.
      Class space:        1.00 GB reserved,       1.94 MB ( <1%) committed,  1 nodes.
             Both:        1.06 GB reserved,      16.88 MB (  2%) committed. 

Chunk freelists:
   Non-Class:  1.00 MB
       Class:  13.88 MB
        Both:  14.88 MB

MaxMetaspaceSize: unlimited
CompressedClassSpaceSize: 1.00 GB
Initial GC threshold: 21.00 MB
Current GC threshold: 21.00 MB
CDS: on
 - commit_granule_bytes: 65536.
 - commit_granule_words: 8192.
 - virtual_space_node_default_size: 8388608.
 - enlarge_chunks_in_place: 1.
 - use_allocation_guard: 0.


Internal statistics:

num_allocs_failed_limit: 0.
num_arena_births: 182.
num_arena_deaths: 0.
num_vsnodes_births: 2.
num_vsnodes_deaths: 0.
num_space_committed: 270.
num_space_uncommitted: 0.
num_chunks_returned_to_freelist: 0.
num_chunks_taken_from_freelist: 737.
num_chunk_merges: 0.
num_chunk_splits: 526.
num_chunks_enlarged: 432.
num_inconsistent_stats: 0.

CodeHeap 'non-profiled nmethods': size=120000Kb used=2250Kb max_used=2250Kb free=117749Kb
 bounds [0x000001c6b11f0000, 0x000001c6b1460000, 0x000001c6b8720000]
CodeHeap 'profiled nmethods': size=120000Kb used=9932Kb max_used=9932Kb free=110067Kb
 bounds [0x000001c6a9720000, 0x000001c6aa0e0000, 0x000001c6b0c50000]
CodeHeap 'non-nmethods': size=5760Kb used=1402Kb max_used=1447Kb free=4357Kb
 bounds [0x000001c6b0c50000, 0x000001c6b0ec0000, 0x000001c6b11f0000]
 total_blobs=5232 nmethods=4735 adapters=401
 compilation: enabled
              stopped_count=0, restarted_count=0
 full_count=0

Compilation events (20 events):
Event: 23.630 Thread 0x000001c6fd1419c0 4710       3       org.eclipse.sisu.plexus.DefaultPlexusBeans$Itr::next (5 bytes)
Event: 23.631 Thread 0x000001c6fd1419c0 nmethod 4710 0x000001c6aa0b2e10 code [0x000001c6aa0b2fe0, 0x000001c6aa0b34a0]
Event: 23.631 Thread 0x000001c6fd1419c0 4711       3       org.eclipse.sisu.plexus.DefaultPlexusBeans$Itr::next (20 bytes)
Event: 23.631 Thread 0x000001c6fd1419c0 nmethod 4711 0x000001c6aa0b3610 code [0x000001c6aa0b37e0, 0x000001c6aa0b3c48]
Event: 23.634 Thread 0x000001c6fd1419c0 4713       3       java.util.zip.ZipFile$Source::getMetaVersion (221 bytes)
Event: 23.634 Thread 0x000001c6fd1419c0 nmethod 4713 0x000001c6aa0b3d90 code [0x000001c6aa0b3f80, 0x000001c6aa0b4670]
Event: 23.634 Thread 0x000001c6fd1419c0 4712       3       java.util.zip.ZipFile$Source::isSignatureRelated (227 bytes)
Event: 23.635 Thread 0x000001c6fd1419c0 nmethod 4712 0x000001c6aa0b4890 code [0x000001c6aa0b4a60, 0x000001c6aa0b5068]
Event: 23.639 Thread 0x000001c6fd1419c0 4714       3       org.codehaus.plexus.classworlds.realm.Entry::matches (282 bytes)
Event: 23.645 Thread 0x000001c6fd1419c0 nmethod 4714 0x000001c6aa0b5290 code [0x000001c6aa0b5940, 0x000001c6aa0b8ed0]
Event: 23.645 Thread 0x000001c6fd1419c0 4715       3       com.google.common.collect.ImmutableSet$Builder::add (31 bytes)
Event: 23.646 Thread 0x000001c6fd1419c0 nmethod 4715 0x000001c6aa0ba190 code [0x000001c6aa0ba3c0, 0x000001c6aa0bac40]
Event: 23.646 Thread 0x000001c6fd1419c0 4716       3       com.google.common.collect.ImmutableSet$Builder::copyIfNecessary (17 bytes)
Event: 23.646 Thread 0x000001c6fd1419c0 nmethod 4716 0x000001c6aa0baf10 code [0x000001c6aa0bb100, 0x000001c6aa0bb538]
Event: 23.648 Thread 0x000001c6fd1419c0 4717       3       java.util.ArrayList::set (24 bytes)
Event: 23.649 Thread 0x000001c6fd1419c0 nmethod 4717 0x000001c6aa0bb690 code [0x000001c6aa0bb860, 0x000001c6aa0bbca8]
Event: 23.649 Thread 0x000001c6fd1419c0 4718       3       com.google.inject.internal.util.SourceProvider::shouldBeSkipped (35 bytes)
Event: 23.649 Thread 0x000001c6fd1419c0 nmethod 4718 0x000001c6aa0bbe90 code [0x000001c6aa0bc080, 0x000001c6aa0bc568]
Event: 23.650 Thread 0x000001c6fd1419c0 4719       3       sun.reflect.annotation.TypeAnnotation$LocationInfo::filter (68 bytes)
Event: 23.651 Thread 0x000001c6fd1419c0 nmethod 4719 0x000001c6aa0bc710 code [0x000001c6aa0bc940, 0x000001c6aa0bd2d8]

GC Heap History (10 events):
Event: 6.554 GC heap before
{Heap before GC invocations=0 (full 0):
 garbage-first heap   total 65536K, used 12288K [0x00000000c1400000, 0x0000000100000000)
  region size 1024K, 13 young (13312K), 0 survivors (0K)
 Metaspace       used 3627K, committed 3712K, reserved 1114112K
  class space    used 364K, committed 384K, reserved 1048576K
}
Event: 6.590 GC heap after
{Heap after GC invocations=1 (full 0):
 garbage-first heap   total 65536K, used 3200K [0x00000000c1400000, 0x0000000100000000)
  region size 1024K, 2 young (2048K), 2 survivors (2048K)
 Metaspace       used 3627K, committed 3712K, reserved 1114112K
  class space    used 364K, committed 384K, reserved 1048576K
}
Event: 7.971 GC heap before
{Heap before GC invocations=1 (full 0):
 garbage-first heap   total 65536K, used 18560K [0x00000000c1400000, 0x0000000100000000)
  region size 1024K, 17 young (17408K), 2 survivors (2048K)
 Metaspace       used 5964K, committed 6144K, reserved 1114112K
  class space    used 692K, committed 768K, reserved 1048576K
}
Event: 7.979 GC heap after
{Heap after GC invocations=2 (full 0):
 garbage-first heap   total 65536K, used 4087K [0x00000000c1400000, 0x0000000100000000)
  region size 1024K, 1 young (1024K), 1 survivors (1024K)
 Metaspace       used 5964K, committed 6144K, reserved 1114112K
  class space    used 692K, committed 768K, reserved 1048576K
}
Event: 13.612 GC heap before
{Heap before GC invocations=2 (full 0):
 garbage-first heap   total 65536K, used 40951K [0x00000000c1400000, 0x0000000100000000)
  region size 1024K, 38 young (38912K), 1 survivors (1024K)
 Metaspace       used 12076K, committed 12288K, reserved 1114112K
  class space    used 1434K, committed 1536K, reserved 1048576K
}
Event: 13.624 GC heap after
{Heap after GC invocations=3 (full 0):
 garbage-first heap   total 65536K, used 6540K [0x00000000c1400000, 0x0000000100000000)
  region size 1024K, 4 young (4096K), 4 survivors (4096K)
 Metaspace       used 12076K, committed 12288K, reserved 1114112K
  class space    used 1434K, committed 1536K, reserved 1048576K
}
Event: 18.114 GC heap before
{Heap before GC invocations=3 (full 0):
 garbage-first heap   total 65536K, used 41356K [0x00000000c1400000, 0x0000000100000000)
  region size 1024K, 38 young (38912K), 4 survivors (4096K)
 Metaspace       used 15632K, committed 15872K, reserved 1114112K
  class space    used 1802K, committed 1920K, reserved 1048576K
}
Event: 18.139 GC heap after
{Heap after GC invocations=4 (full 0):
 garbage-first heap   total 65536K, used 11536K [0x00000000c1400000, 0x0000000100000000)
  region size 1024K, 5 young (5120K), 5 survivors (5120K)
 Metaspace       used 15632K, committed 15872K, reserved 1114112K
  class space    used 1802K, committed 1920K, reserved 1048576K
}
Event: 20.941 GC heap before
{Heap before GC invocations=4 (full 0):
 garbage-first heap   total 65536K, used 45328K [0x00000000c1400000, 0x0000000100000000)
  region size 1024K, 38 young (38912K), 5 survivors (5120K)
 Metaspace       used 16281K, committed 16576K, reserved 1114112K
  class space    used 1856K, committed 1984K, reserved 1048576K
}
Event: 20.964 GC heap after
{Heap after GC invocations=5 (full 0):
 garbage-first heap   total 65536K, used 13987K [0x00000000c1400000, 0x0000000100000000)
  region size 1024K, 3 young (3072K), 3 survivors (3072K)
 Metaspace       used 16281K, committed 16576K, reserved 1114112K
  class space    used 1856K, committed 1984K, reserved 1048576K
}

Dll operation events (8 events):
Event: 0.080 Loaded shared library C:\Users\Armero\AppData\Roaming\Code\User\globalStorage\pleiades.java-extension-pack-jdk\java\21\bin\java.dll
Event: 0.767 Loaded shared library C:\Users\Armero\AppData\Roaming\Code\User\globalStorage\pleiades.java-extension-pack-jdk\java\21\bin\jsvml.dll
Event: 0.846 Loaded shared library C:\Users\Armero\AppData\Roaming\Code\User\globalStorage\pleiades.java-extension-pack-jdk\java\21\bin\net.dll
Event: 0.861 Loaded shared library C:\Users\Armero\AppData\Roaming\Code\User\globalStorage\pleiades.java-extension-pack-jdk\java\21\bin\nio.dll
Event: 0.897 Loaded shared library C:\Users\Armero\AppData\Roaming\Code\User\globalStorage\pleiades.java-extension-pack-jdk\java\21\bin\zip.dll
Event: 2.267 Loaded shared library C:\Users\Armero\AppData\Roaming\Code\User\globalStorage\pleiades.java-extension-pack-jdk\maven\latest\lib\jansi-native\Windows\x86_64\jansi.dll
Event: 4.694 Loaded shared library C:\Users\Armero\AppData\Roaming\Code\User\globalStorage\pleiades.java-extension-pack-jdk\java\21\bin\verify.dll
Event: 4.818 Loaded shared library C:\Users\Armero\AppData\Roaming\Code\User\globalStorage\pleiades.java-extension-pack-jdk\java\21\bin\jimage.dll

Deoptimization events (20 events):
Event: 23.528 Thread 0x000001c6a1022ef0 Uncommon trap: trap_request=0xffffffbe fr.pc=0x000001c6b141c6fc relative=0x000000000000023c
Event: 23.528 Thread 0x000001c6a1022ef0 Uncommon trap: reason=profile_predicate action=maybe_recompile pc=0x000001c6b141c6fc method=java.util.HashMap.keysToArray([Ljava/lang/Object;)[Ljava/lang/Object; @ 36 c2
Event: 23.528 Thread 0x000001c6a1022ef0 DEOPT PACKING pc=0x000001c6b141c6fc sp=0x000000446b8fc2d0
Event: 23.528 Thread 0x000001c6a1022ef0 DEOPT UNPACKING pc=0x000001c6b0ca46a2 sp=0x000000446b8fc270 mode 2
Event: 23.528 Thread 0x000001c6a1022ef0 Uncommon trap: trap_request=0xffffffbe fr.pc=0x000001c6b141c6fc relative=0x000000000000023c
Event: 23.528 Thread 0x000001c6a1022ef0 Uncommon trap: reason=profile_predicate action=maybe_recompile pc=0x000001c6b141c6fc method=java.util.HashMap.keysToArray([Ljava/lang/Object;)[Ljava/lang/Object; @ 36 c2
Event: 23.528 Thread 0x000001c6a1022ef0 DEOPT PACKING pc=0x000001c6b141c6fc sp=0x000000446b8fc1f0
Event: 23.528 Thread 0x000001c6a1022ef0 DEOPT UNPACKING pc=0x000001c6b0ca46a2 sp=0x000000446b8fc190 mode 2
Event: 23.611 Thread 0x000001c6a1022ef0 Uncommon trap: trap_request=0xffffff6e fr.pc=0x000001c6b134f548 relative=0x00000000000001a8
Event: 23.611 Thread 0x000001c6a1022ef0 Uncommon trap: reason=loop_limit_check action=maybe_recompile pc=0x000001c6b134f548 method=java.lang.StringLatin1.lastIndexOf([BII)I @ 19 c2
Event: 23.611 Thread 0x000001c6a1022ef0 DEOPT PACKING pc=0x000001c6b134f548 sp=0x000000446b8fd770
Event: 23.611 Thread 0x000001c6a1022ef0 DEOPT UNPACKING pc=0x000001c6b0ca46a2 sp=0x000000446b8fd628 mode 2
Event: 23.614 Thread 0x000001c6a1022ef0 Uncommon trap: trap_request=0xffffff45 fr.pc=0x000001c6b13798fc relative=0x000000000000005c
Event: 23.614 Thread 0x000001c6a1022ef0 Uncommon trap: reason=unstable_if action=reinterpret pc=0x000001c6b13798fc method=org.codehaus.plexus.util.StringUtils.isNotEmpty(Ljava/lang/String;)Z @ 8 c2
Event: 23.614 Thread 0x000001c6a1022ef0 DEOPT PACKING pc=0x000001c6b13798fc sp=0x000000446b8fdb70
Event: 23.614 Thread 0x000001c6a1022ef0 DEOPT UNPACKING pc=0x000001c6b0ca46a2 sp=0x000000446b8fdb00 mode 2
Event: 23.640 Thread 0x000001c6a1022ef0 Uncommon trap: trap_request=0xffffff45 fr.pc=0x000001c6b1238cc8 relative=0x0000000000000088
Event: 23.640 Thread 0x000001c6a1022ef0 Uncommon trap: reason=unstable_if action=reinterpret pc=0x000001c6b1238cc8 method=sun.net.www.ParseUtil.firstEncodeIndex(Ljava/lang/String;)I @ 51 c2
Event: 23.640 Thread 0x000001c6a1022ef0 DEOPT PACKING pc=0x000001c6b1238cc8 sp=0x000000446b8fd4b0
Event: 23.640 Thread 0x000001c6a1022ef0 DEOPT UNPACKING pc=0x000001c6b0ca46a2 sp=0x000000446b8fd438 mode 2

Classes loaded (20 events):
Event: 16.301 Loading class java/util/stream/IntPipeline$Head
Event: 16.301 Loading class java/util/stream/IntPipeline
Event: 16.302 Loading class java/util/stream/IntPipeline done
Event: 16.302 Loading class java/util/stream/IntPipeline$Head done
Event: 16.321 Loading class java/util/StringTokenizer
Event: 16.322 Loading class java/util/StringTokenizer done
Event: 16.656 Loading class java/util/stream/Streams$RangeIntSpliterator
Event: 16.657 Loading class java/util/stream/Streams$RangeIntSpliterator done
Event: 18.216 Loading class java/util/stream/MatchOps$MatchKind
Event: 18.216 Loading class java/util/stream/MatchOps$MatchKind done
Event: 18.217 Loading class java/util/stream/MatchOps
Event: 18.217 Loading class java/util/stream/MatchOps done
Event: 18.217 Loading class java/util/stream/MatchOps$MatchOp
Event: 18.217 Loading class java/util/stream/MatchOps$MatchOp done
Event: 18.217 Loading class java/util/stream/MatchOps$BooleanTerminalSink
Event: 18.217 Loading class java/util/stream/MatchOps$BooleanTerminalSink done
Event: 18.220 Loading class java/util/stream/MatchOps$1MatchSink
Event: 18.220 Loading class java/util/stream/MatchOps$1MatchSink done
Event: 22.136 Loading class sun/nio/cs/ISO_8859_1$Decoder
Event: 22.137 Loading class sun/nio/cs/ISO_8859_1$Decoder done

Classes unloaded (0 events):
No events

Classes redefined (0 events):
No events

Internal exceptions (20 events):
Event: 11.182 Thread 0x000001c6a1022ef0 Exception <a 'java/lang/NoSuchMethodError'{0x00000000c3433a70}: 'java.lang.Object java.lang.invoke.DirectMethodHandle$Holder.invokeSpecial(java.lang.Object, java.lang.Object, java.lang.Object, int, java.lang.Object)'> (0x00000000c3433a70) 
thrown [s\src\hotspot\share\interpreter\linkResolver.cpp, line 773]
Event: 11.184 Thread 0x000001c6a1022ef0 Exception <a 'java/lang/NoSuchMethodError'{0x00000000c343bdc0}: 'int java.lang.invoke.DirectMethodHandle$Holder.invokeSpecial(java.lang.Object, java.lang.Object, java.lang.Object, int)'> (0x00000000c343bdc0) 
thrown [s\src\hotspot\share\interpreter\linkResolver.cpp, line 773]
Event: 11.318 Thread 0x000001c6a1022ef0 Implicit null exception at 0x000001c6b127603d to 0x000001c6b12761d0
Event: 11.326 Thread 0x000001c6a1022ef0 Exception <a 'java/lang/NoSuchMethodError'{0x00000000c3461120}: 'java.lang.Object java.lang.invoke.Invokers$Holder.invokeExact_MT(java.lang.Object, int, java.lang.Object)'> (0x00000000c3461120) 
thrown [s\src\hotspot\share\interpreter\linkResolver.cpp, line 773]
Event: 13.914 Thread 0x000001c6a1022ef0 Exception <a 'java/lang/NoSuchMethodError'{0x00000000c529d888}: 'void java.lang.invoke.Invokers$Holder.invokeExact_MT(java.lang.Object, java.lang.Object, java.lang.Object, java.lang.Object)'> (0x00000000c529d888) 
thrown [s\src\hotspot\share\interpreter\linkResolver.cpp, line 773]
Event: 14.207 Thread 0x000001c6a1022ef0 Exception <a 'java/lang/NoClassDefFoundError'{0x00000000c512ee40}: com/google/inject/servlet/ServletModuleTargetVisitor> (0x00000000c512ee40) 
thrown [s\src\hotspot\share\classfile\systemDictionary.cpp, line 301]
Event: 14.656 Thread 0x000001c6a1022ef0 Exception <a 'java/lang/NoSuchMethodError'{0x00000000c50f98c8}: 'void java.lang.invoke.DirectMethodHandle$Holder.invokeVirtual(java.lang.Object, java.lang.Object)'> (0x00000000c50f98c8) 
thrown [s\src\hotspot\share\interpreter\linkResolver.cpp, line 773]
Event: 14.948 Thread 0x000001c6a1022ef0 Exception <a 'java/lang/NoSuchMethodError'{0x00000000c4f79d28}: 'java.lang.Object java.lang.invoke.DirectMethodHandle$Holder.invokeStaticInit(java.lang.Object, int, int, int, int)'> (0x00000000c4f79d28) 
thrown [s\src\hotspot\share\interpreter\linkResolver.cpp, line 773]
Event: 15.950 Thread 0x000001c6a1022ef0 Implicit null exception at 0x000001c6b1223824 to 0x000001c6b1223e54
Event: 15.950 Thread 0x000001c6a1022ef0 Implicit null exception at 0x000001c6b121fe20 to 0x000001c6b1220444
Event: 16.045 Thread 0x000001c6a1022ef0 Implicit null exception at 0x000001c6b12eed0d to 0x000001c6b12ef5f0
Event: 16.116 Thread 0x000001c6a1022ef0 Exception <a 'java/lang/NoSuchMethodError'{0x00000000c499b268}: 'void java.lang.invoke.DirectMethodHandle$Holder.invokeSpecial(java.lang.Object, java.lang.Object, java.lang.Object, java.lang.Object, java.lang.Object)'> (0x00000000c499b268) 
thrown [s\src\hotspot\share\interpreter\linkResolver.cpp, line 773]
Event: 16.137 Thread 0x000001c6a1022ef0 Exception <a 'java/lang/NoSuchMethodError'{0x00000000c49b5d90}: 'void java.lang.invoke.DirectMethodHandle$Holder.invokeSpecial(java.lang.Object, java.lang.Object, java.lang.Object, java.lang.Object, java.lang.Object, java.lang.Object)'> (0x00000000c49b5d90) 
thrown [s\src\hotspot\share\interpreter\linkResolver.cpp, line 773]
Event: 16.209 Thread 0x000001c6a1022ef0 Exception <a 'java/lang/NoSuchMethodError'{0x00000000c48ce2c0}: 'java.lang.Object java.lang.invoke.DirectMethodHandle$Holder.invokeVirtual(java.lang.Object, java.lang.Object, java.lang.Object)'> (0x00000000c48ce2c0) 
thrown [s\src\hotspot\share\interpreter\linkResolver.cpp, line 773]
Event: 16.336 Thread 0x000001c6a1022ef0 Exception <a 'java/lang/NoSuchMethodError'{0x00000000c46547a8}: 'void java.lang.invoke.DirectMethodHandle$Holder.invokeVirtual(java.lang.Object, java.lang.Object, int)'> (0x00000000c46547a8) 
thrown [s\src\hotspot\share\interpreter\linkResolver.cpp, line 773]
Event: 16.337 Thread 0x000001c6a1022ef0 Exception <a 'java/lang/NoSuchMethodError'{0x00000000c46585b8}: 'void java.lang.invoke.DirectMethodHandle$Holder.invokeSpecial(java.lang.Object, java.lang.Object, java.lang.Object, int)'> (0x00000000c46585b8) 
thrown [s\src\hotspot\share\interpreter\linkResolver.cpp, line 773]
Event: 16.337 Thread 0x000001c6a1022ef0 Exception <a 'java/lang/NoSuchMethodError'{0x00000000c465bc98}: 'void java.lang.invoke.DelegatingMethodHandle$Holder.reinvoke_L(java.lang.Object, java.lang.Object, int)'> (0x00000000c465bc98) 
thrown [s\src\hotspot\share\interpreter\linkResolver.cpp, line 773]
Event: 18.463 Thread 0x000001c6a1022ef0 Implicit null exception at 0x000001c6b12ae31a to 0x000001c6b12ae524
Event: 22.344 Thread 0x000001c6a1022ef0 Implicit null exception at 0x000001c6b12d88bd to 0x000001c6b12d8941
Event: 23.231 Thread 0x000001c6a1022ef0 Exception <a 'java/lang/NoSuchMethodError'{0x00000000c3cec8f0}: 'java.lang.Object java.lang.invoke.DirectMethodHandle$Holder.newInvokeSpecial(java.lang.Object, java.lang.Object, java.lang.Object, java.lang.Object, java.lang.Object, java.lang.Object, java.lang.Object)'> (0x00000000c3cec8f0) 
thrown [s\src\hotspot\share\interpreter\linkResolver.cpp, line 773]

ZGC Phase Switch (0 events):
No events

VM Operations (20 events):
Event: 15.845 Executing VM operation: Cleanup
Event: 15.845 Executing VM operation: Cleanup done
Event: 15.847 Executing VM operation: HandshakeAllThreads (Deoptimize)
Event: 15.847 Executing VM operation: HandshakeAllThreads (Deoptimize) done
Event: 16.847 Executing VM operation: Cleanup
Event: 16.863 Executing VM operation: Cleanup done
Event: 17.870 Executing VM operation: Cleanup
Event: 17.870 Executing VM operation: Cleanup done
Event: 18.114 Executing VM operation: G1CollectForAllocation (G1 Evacuation Pause)
Event: 18.139 Executing VM operation: G1CollectForAllocation (G1 Evacuation Pause) done
Event: 19.148 Executing VM operation: Cleanup
Event: 19.148 Executing VM operation: Cleanup done
Event: 20.161 Executing VM operation: Cleanup
Event: 20.162 Executing VM operation: Cleanup done
Event: 20.941 Executing VM operation: G1CollectForAllocation (G1 Evacuation Pause)
Event: 20.964 Executing VM operation: G1CollectForAllocation (G1 Evacuation Pause) done
Event: 21.977 Executing VM operation: Cleanup
Event: 21.978 Executing VM operation: Cleanup done
Event: 22.986 Executing VM operation: Cleanup
Event: 22.986 Executing VM operation: Cleanup done

Memory protections (0 events):
No events

Nmethod flushes (0 events):
No events

Events (14 events):
Event: 0.370 Thread 0x000001c6a1022ef0 Thread added: 0x000001c6a1022ef0
Event: 0.693 Thread 0x000001c6a1022ef0 Thread added: 0x000001c6fd124970
Event: 0.694 Thread 0x000001c6a1022ef0 Thread added: 0x000001c6fd125830
Event: 0.695 Thread 0x000001c6a1022ef0 Thread added: 0x000001c6fd129400
Event: 0.695 Thread 0x000001c6a1022ef0 Thread added: 0x000001c6fd12b620
Event: 0.695 Thread 0x000001c6a1022ef0 Thread added: 0x000001c6fd12e080
Event: 0.695 Thread 0x000001c6a1022ef0 Thread added: 0x000001c6fd12eee0
Event: 0.698 Thread 0x000001c6a1022ef0 Thread added: 0x000001c6fd140f30
Event: 0.698 Thread 0x000001c6a1022ef0 Thread added: 0x000001c6fd1419c0
Event: 0.801 Thread 0x000001c6a1022ef0 Thread added: 0x000001c6fd2a4800
Event: 0.819 Thread 0x000001c6a1022ef0 Thread added: 0x000001c6fd2ae470
Event: 2.224 Thread 0x000001c6a1022ef0 Thread added: 0x000001c6fd65a180
Event: 8.594 Thread 0x000001c6fd65a180 Thread exited: 0x000001c6fd65a180
Event: 15.665 Thread 0x000001c6a1022ef0 Thread added: 0x000001c6fde76750


Dynamic libraries:
0x00007ff777730000 - 0x00007ff77773e000 	C:\Users\Armero\AppData\Roaming\Code\User\globalStorage\pleiades.java-extension-pack-jdk\java\21\bin\java.exe
0x00007ffd23410000 - 0x00007ffd23608000 	C:\Windows\SYSTEM32\ntdll.dll
0x00007ffd21ac0000 - 0x00007ffd21b82000 	C:\Windows\System32\KERNEL32.DLL
0x00007ffd20d30000 - 0x00007ffd21026000 	C:\Windows\System32\KERNELBASE.dll
0x00007ffd21340000 - 0x00007ffd21440000 	C:\Windows\System32\ucrtbase.dll
0x00007ffd1ddb0000 - 0x00007ffd1ddc8000 	C:\Users\Armero\AppData\Roaming\Code\User\globalStorage\pleiades.java-extension-pack-jdk\java\21\bin\jli.dll
0x00007ffd215a0000 - 0x00007ffd2173d000 	C:\Windows\System32\USER32.dll
0x00007ffd21220000 - 0x00007ffd21242000 	C:\Windows\System32\win32u.dll
0x00007ffd22b40000 - 0x00007ffd22b6b000 	C:\Windows\System32\GDI32.dll
0x00007ffd20ab0000 - 0x00007ffd20bca000 	C:\Windows\System32\gdi32full.dll
0x00007ffd21250000 - 0x00007ffd212ed000 	C:\Windows\System32\msvcp_win.dll
0x00007ffd1a350000 - 0x00007ffd1a36e000 	C:\Users\Armero\AppData\Roaming\Code\User\globalStorage\pleiades.java-extension-pack-jdk\java\21\bin\VCRUNTIME140.dll
0x00007ffd13050000 - 0x00007ffd132ea000 	C:\Windows\WinSxS\amd64_microsoft.windows.common-controls_6595b64144ccf1df_6.0.19041.5794_none_60bcd33171f2783c\COMCTL32.dll
0x00007ffd22df0000 - 0x00007ffd22e8e000 	C:\Windows\System32\msvcrt.dll
0x00007ffd22b00000 - 0x00007ffd22b2f000 	C:\Windows\System32\IMM32.DLL
0x00007ffd1d3b0000 - 0x00007ffd1d3bc000 	C:\Users\Armero\AppData\Roaming\Code\User\globalStorage\pleiades.java-extension-pack-jdk\java\21\bin\vcruntime140_1.dll
0x00007ffd0f1e0000 - 0x00007ffd0f26d000 	C:\Users\Armero\AppData\Roaming\Code\User\globalStorage\pleiades.java-extension-pack-jdk\java\21\bin\msvcp140.dll
0x00007ffcf31f0000 - 0x00007ffcf3f80000 	C:\Users\Armero\AppData\Roaming\Code\User\globalStorage\pleiades.java-extension-pack-jdk\java\21\bin\server\jvm.dll
0x00007ffd22cb0000 - 0x00007ffd22d5f000 	C:\Windows\System32\ADVAPI32.dll
0x00007ffd21500000 - 0x00007ffd2159f000 	C:\Windows\System32\sechost.dll
0x00007ffd22150000 - 0x00007ffd22273000 	C:\Windows\System32\RPCRT4.dll
0x00007ffd20bd0000 - 0x00007ffd20bf7000 	C:\Windows\System32\bcrypt.dll
0x00007ffd23300000 - 0x00007ffd2336b000 	C:\Windows\System32\WS2_32.dll
0x00007ffd20910000 - 0x00007ffd2095b000 	C:\Windows\SYSTEM32\POWRPROF.dll
0x00007ffd0ac10000 - 0x00007ffd0ac37000 	C:\Windows\SYSTEM32\WINMM.dll
0x00007ffd14250000 - 0x00007ffd1425a000 	C:\Windows\SYSTEM32\VERSION.dll
0x00007ffd208f0000 - 0x00007ffd20902000 	C:\Windows\SYSTEM32\UMPDC.dll
0x00007ffd1e950000 - 0x00007ffd1e962000 	C:\Windows\SYSTEM32\kernel.appcore.dll
0x00007ffd1a340000 - 0x00007ffd1a34a000 	C:\Users\Armero\AppData\Roaming\Code\User\globalStorage\pleiades.java-extension-pack-jdk\java\21\bin\jimage.dll
0x00007ffd13520000 - 0x00007ffd13721000 	C:\Windows\SYSTEM32\DBGHELP.DLL
0x00007ffd0ee20000 - 0x00007ffd0ee54000 	C:\Windows\SYSTEM32\dbgcore.DLL
0x00007ffd21190000 - 0x00007ffd21212000 	C:\Windows\System32\bcryptPrimitives.dll
0x00007ffd1a320000 - 0x00007ffd1a33f000 	C:\Users\Armero\AppData\Roaming\Code\User\globalStorage\pleiades.java-extension-pack-jdk\java\21\bin\java.dll
0x00007ffd22280000 - 0x00007ffd229ee000 	C:\Windows\System32\SHELL32.dll
0x00007ffd1eb50000 - 0x00007ffd1f2f3000 	C:\Windows\SYSTEM32\windows.storage.dll
0x00007ffd21c70000 - 0x00007ffd21fc3000 	C:\Windows\System32\combase.dll
0x00007ffd20410000 - 0x00007ffd2043b000 	C:\Windows\SYSTEM32\Wldp.dll
0x00007ffd22080000 - 0x00007ffd2214d000 	C:\Windows\System32\OLEAUT32.dll
0x00007ffd229f0000 - 0x00007ffd22a9d000 	C:\Windows\System32\SHCORE.dll
0x00007ffd22aa0000 - 0x00007ffd22af5000 	C:\Windows\System32\shlwapi.dll
0x00007ffd209e0000 - 0x00007ffd20a05000 	C:\Windows\SYSTEM32\profapi.dll
0x00007ffcf98d0000 - 0x00007ffcf99a7000 	C:\Users\Armero\AppData\Roaming\Code\User\globalStorage\pleiades.java-extension-pack-jdk\java\21\bin\jsvml.dll
0x00007ffd18060000 - 0x00007ffd18070000 	C:\Users\Armero\AppData\Roaming\Code\User\globalStorage\pleiades.java-extension-pack-jdk\java\21\bin\net.dll
0x00007ffd19b40000 - 0x00007ffd19c4a000 	C:\Windows\SYSTEM32\WINHTTP.dll
0x00007ffd20170000 - 0x00007ffd201dc000 	C:\Windows\system32\mswsock.dll
0x00007ffd18040000 - 0x00007ffd18056000 	C:\Users\Armero\AppData\Roaming\Code\User\globalStorage\pleiades.java-extension-pack-jdk\java\21\bin\nio.dll
0x00007ffd18020000 - 0x00007ffd18038000 	C:\Users\Armero\AppData\Roaming\Code\User\globalStorage\pleiades.java-extension-pack-jdk\java\21\bin\zip.dll
0x00007ffcf9580000 - 0x00007ffcf95a4000 	C:\Users\Armero\AppData\Roaming\Code\User\globalStorage\pleiades.java-extension-pack-jdk\maven\latest\lib\jansi-native\Windows\x86_64\jansi.dll
0x00007ffd051e0000 - 0x00007ffd051f0000 	C:\Users\Armero\AppData\Roaming\Code\User\globalStorage\pleiades.java-extension-pack-jdk\java\21\bin\verify.dll

dbghelp: loaded successfully - version: 4.0.5 - missing functions: none
symbol engine: initialized successfully - sym options: 0x614 - pdb path: .;C:\Users\Armero\AppData\Roaming\Code\User\globalStorage\pleiades.java-extension-pack-jdk\java\21\bin;C:\Windows\SYSTEM32;C:\Windows\WinSxS\amd64_microsoft.windows.common-controls_6595b64144ccf1df_6.0.19041.5794_none_60bcd33171f2783c;C:\Users\Armero\AppData\Roaming\Code\User\globalStorage\pleiades.java-extension-pack-jdk\java\21\bin\server;C:\Users\Armero\AppData\Roaming\Code\User\globalStorage\pleiades.java-extension-pack-jdk\maven\latest\lib\jansi-native\Windows\x86_64

VM Arguments:
jvm_args: -Dstdout.encoding=UTF-8 -Dstderr.encoding=UTF-8 --enable-native-access=ALL-UNNAMED -Dclassworlds.conf=C:\Users\Armero\AppData\Roaming\Code\User\globalStorage\pleiades.java-extension-pack-jdk\maven\latest\bin\m2.conf -Dmaven.home=C:\Users\Armero\AppData\Roaming\Code\User\globalStorage\pleiades.java-extension-pack-jdk\maven\latest -Dlibrary.jansi.path=C:\Users\Armero\AppData\Roaming\Code\User\globalStorage\pleiades.java-extension-pack-jdk\maven\latest\lib\jansi-native -Dmaven.multiModuleProjectDirectory=C:\Users\Armero\Documents\FinalDistribuidos\deporte_service 
java_command: org.codehaus.plexus.classworlds.launcher.Launcher spring-boot:run
java_class_path (initial): C:\Users\Armero\AppData\Roaming\Code\User\globalStorage\pleiades.java-extension-pack-jdk\maven\latest\boot\plexus-classworlds-2.9.0.jar
Launcher Type: SUN_STANDARD

[Global flags]
     intx CICompilerCount                          = 3                                         {product} {ergonomic}
     uint ConcGCThreads                            = 1                                         {product} {ergonomic}
     uint G1ConcRefinementThreads                  = 4                                         {product} {ergonomic}
   size_t G1HeapRegionSize                         = 1048576                                   {product} {ergonomic}
    uintx GCDrainStackTargetSize                   = 64                                        {product} {ergonomic}
   size_t InitialHeapSize                          = 67108864                                  {product} {ergonomic}
   size_t MarkStackSize                            = 4194304                                   {product} {ergonomic}
   size_t MaxHeapSize                              = 1052770304                                {product} {ergonomic}
   size_t MaxNewSize                               = 631242752                                 {product} {ergonomic}
   size_t MinHeapDeltaBytes                        = 1048576                                   {product} {ergonomic}
   size_t MinHeapSize                              = 8388608                                   {product} {ergonomic}
    uintx NonNMethodCodeHeapSize                   = 5832780                                {pd product} {ergonomic}
    uintx NonProfiledCodeHeapSize                  = 122912730                              {pd product} {ergonomic}
    uintx ProfiledCodeHeapSize                     = 122912730                              {pd product} {ergonomic}
    uintx ReservedCodeCacheSize                    = 251658240                              {pd product} {ergonomic}
     bool SegmentedCodeCache                       = true                                      {product} {ergonomic}
   size_t SoftMaxHeapSize                          = 1052770304                             {manageable} {ergonomic}
     bool UseCompressedOops                        = true                           {product lp64_product} {ergonomic}
     bool UseG1GC                                  = true                                      {product} {ergonomic}
     bool UseLargePagesIndividualAllocation        = false                                  {pd product} {ergonomic}

Logging:
Log output configuration:
 #0: stdout all=warning uptime,level,tags foldmultilines=false
 #1: stderr all=off uptime,level,tags foldmultilines=false

Environment Variables:
JAVA_HOME=C:\Users\Armero\AppData\Roaming\Code\User\globalStorage\pleiades.java-extension-pack-jdk\java\21
JAVA_TOOL_OPTIONS=-Dstdout.encoding=UTF-8 -Dstderr.encoding=UTF-8
PATH=C:\Users\Armero\AppData\Roaming\Code\User\globalStorage\pleiades.java-extension-pack-jdk\gradle\latest\bin;C:\Users\Armero\AppData\Roaming\Code\User\globalStorage\pleiades.java-extension-pack-jdk\maven\latest\bin;C:\Users\Armero\AppData\Roaming\Code\User\globalStorage\pleiades.java-extension-pack-jdk\java\21\bin;C:\Program Files (x86)\VMware\VMware Workstation\bin\;C:\Program Files\BellSoft\LibericaJDK-17\bin\;C:\msys64\mingw64\bin;C:\Program Files\Common Files\Oracle\Java\javapath;C:\Windows\system32;C:\Windows;C:\Windows\System32\Wbem;C:\Windows\System32\WindowsPowerShell\v1.0\;C:\Windows\System32\OpenSSH\;C:\Program Files\Git\cmd;C:\Program Files\Microsoft SQL Server\150\Tools\Binn\;C:\Program Files\Microsoft SQL Server\Client SDK\ODBC\170\Tools\Binn\;C:\Program Files\dotnet\;C:\Program Files (x86)\Windows Kits\10\Windows Performance Toolkit\;C:\maven\bin;C:\Users\Armero\AppData\Local\Microsoft\WindowsApps;C:\Users\Armero\AppData\Local\Programs\Microsoft VS Code\bin;C:\Users\Armero\.dotnet\tools;C:\Program Files\JetBrains\IntelliJ IDEA 2024.2.1\bin;
USERNAME=Armero
LANG=en_US.UTF-8
OS=Windows_NT
PROCESSOR_IDENTIFIER=Intel64 Family 6 Model 42 Stepping 7, GenuineIntel
TMP=C:\Users\Armero\AppData\Local\Temp
TEMP=C:\Users\Armero\AppData\Local\Temp




Periodic native trim disabled

---------------  S Y S T E M  ---------------

OS:
 Windows 10 , 64 bit Build 19041 (10.0.19041.5794)
OS uptime: 0 days 2:24 hours

CPU: total 4 (initial active 4) (2 cores per cpu, 2 threads per core) family 6 model 42 stepping 7 microcode 0x2f, cx8, cmov, fxsr, ht, mmx, sse, sse2, sse3, ssse3, sse4.1, sse4.2, popcnt, tsc, tscinvbit, avx, clmul, vzeroupper, clflush, rdtscp
Processor Information for the first 4 processors :
  Max Mhz: 3300, Current Mhz: 3300, Mhz Limit: 3300

Memory: 4k page, system-wide physical 4008M (165M free)
TotalPageFile size 12200M (AvailPageFile size 0M)
current process WorkingSet (physical memory assigned to process): 136M, peak: 143M
current process commit charge ("private bytes"): 180M, peak: 192M

vm_info: OpenJDK 64-Bit Server VM (21.0.7+6-LTS) for windows-amd64 JRE (21.0.7+6-LTS), built on 2025-04-15T00:00:00Z by "admin" with MS VC++ 17.7 (VS2022)

END.
