#
# There is insufficient memory for the Java Runtime Environment to continue.
# Native memory allocation (mmap) failed to map 65536 bytes. Error detail: Failed to commit metaspace.
# Possible reasons:
#   The system is out of physical RAM or swap space
#   This process is running with CompressedOops enabled, and the Java Heap may be blocking the growth of the native heap
# Possible solutions:
#   Reduce memory load on the system
#   Increase physical memory or swap space
#   Check if swap backing store is full
#   Decrease Java heap size (-Xmx/-Xms)
#   Decrease number of Java threads
#   Decrease Java thread stack sizes (-Xss)
#   Set larger code cache with -XX:ReservedCodeCacheSize=
#   JVM is running with Unscaled Compressed Oops mode in which the Java heap is
#     placed in the first 4GB address space. The Java Heap base address is the
#     maximum limit for the native heap growth. Please use -XX:HeapBaseMinAddress
#     to set the Java Heap base and to place the Java Heap above 4GB virtual address.
# This output file may be truncated or incomplete.
#
#  Out of Memory Error (virtualSpaceNode.cpp:113), pid=13152, tid=5756
#
# JRE version: OpenJDK Runtime Environment Temurin-21.0.7+6 (21.0.7+6) (build 21.0.7+6-LTS)
# Java VM: OpenJDK 64-Bit Server VM Temurin-21.0.7+6 (21.0.7+6-LTS, mixed mode, emulated-client, sharing, tiered, compressed oops, compressed class ptrs, g1 gc, windows-amd64)
# No core dump will be written. Minidumps are not enabled by default on client versions of Windows
#

---------------  S U M M A R Y ------------

Command Line: -Dstdout.encoding=UTF-8 -Dstderr.encoding=UTF-8 -XX:TieredStopAtLevel=1 co.edu.unicauca.deporte_service.DeportesServiceApplication

Host: Intel(R) Core(TM) i3-2120 CPU @ 3.30GHz, 4 cores, 3G,  Windows 10 , 64 bit Build 19041 (10.0.19041.5794)
Time: Sun Jun  8 21:15:43 2025 Hora est. Pacífico, Sudamérica elapsed time: 10.952762 seconds (0d 0h 0m 10s)

---------------  T H R E A D  ---------------

Current thread (0x000001c8eba81420):  JavaThread "main"             [_thread_in_vm, id=5756, stack(0x000000248c800000,0x000000248c900000) (1024K)]

Stack: [0x000000248c800000,0x000000248c900000]
Native frames: (J=compiled Java code, j=interpreted, Vv=VM code, C=native code)
V  [jvm.dll+0x6ce119]
V  [jvm.dll+0x8a84a1]
V  [jvm.dll+0x8aa9ce]
V  [jvm.dll+0x8ab0b3]
V  [jvm.dll+0x27f8a6]
V  [jvm.dll+0x8a41ee]
V  [jvm.dll+0x670575]
V  [jvm.dll+0x1e474c]
V  [jvm.dll+0x1e451e]
V  [jvm.dll+0x672e72]
V  [jvm.dll+0x672c92]
V  [jvm.dll+0x670f4e]
V  [jvm.dll+0x6ae14c]
V  [jvm.dll+0x3bef05]
V  [jvm.dll+0x3bee25]
V  [jvm.dll+0x3d4f67]
C  0x000001c8f6458d9c

The last pc belongs to anewarray (printed below).
Java frames: (J=compiled Java code, j=interpreted, Vv=VM code)
j  org.apache.tomcat.util.buf.EncodedSolidusHandling.$values()[Lorg/apache/tomcat/util/buf/EncodedSolidusHandling;+1
j  org.apache.tomcat.util.buf.EncodedSolidusHandling.<clinit>()V+45
v  ~StubRoutines::call_stub 0x000001c8f644100d
j  org.apache.catalina.connector.Connector.<init>(Ljava/lang/String;)V+125
j  org.springframework.boot.web.embedded.tomcat.TomcatServletWebServerFactory.getWebServer([Lorg/springframework/boot/web/servlet/ServletContextInitializer;)Lorg/springframework/boot/web/server/WebServer;+102
j  org.springframework.boot.web.servlet.context.ServletWebServerApplicationContext.createWebServer()V+67
j  org.springframework.boot.web.servlet.context.ServletWebServerApplicationContext.onRefresh()V+5
j  org.springframework.context.support.AbstractApplicationContext.refresh()V+85
j  org.springframework.boot.web.servlet.context.ServletWebServerApplicationContext.refresh()V+1
j  org.springframework.boot.SpringApplication.refresh(Lorg/springframework/context/ConfigurableApplicationContext;)V+1
j  org.springframework.boot.SpringApplication.refreshContext(Lorg/springframework/context/ConfigurableApplicationContext;)V+16
j  org.springframework.boot.SpringApplication.run([Ljava/lang/String;)Lorg/springframework/context/ConfigurableApplicationContext;+110
j  org.springframework.boot.SpringApplication.run([Ljava/lang/Class;[Ljava/lang/String;)Lorg/springframework/context/ConfigurableApplicationContext;+9
j  org.springframework.boot.SpringApplication.run(Ljava/lang/Class;[Ljava/lang/String;)Lorg/springframework/context/ConfigurableApplicationContext;+9
j  co.edu.unicauca.deporte_service.DeportesServiceApplication.main([Ljava/lang/String;)V+3
v  ~StubRoutines::call_stub 0x000001c8f644100d
anewarray  189 anewarray  [0x000001c8f6458d20, 0x000001c8f6458e10]  240 bytes
[MachCode]
  0x000001c8f6458d20: 8b04 2448 | 83c4 0845 | 0fb7 4501 | 410f c841 | c1e8 1048 | 8b55 e848 | 8b52 0848 | 8b52 08e8 
  0x000001c8f6458d40: 0500 0000 | e9ab 0000 | 004c 8bc8 | 488d 4424 | 084c 896d | c049 8bcf | c5f8 7749 | 89af a803 
  0x000001c8f6458d60: 0000 4989 | 8798 0300 | 0048 83ec | 2040 f6c4 | 0f0f 8419 | 0000 0048 | 83ec 0848 | b8f0 4e5c 
  0x000001c8f6458d80: f3fc 7f00 | 00ff d048 | 83c4 08e9 | 0c00 0000 | 48b8 f04e | 5cf3 fc7f | 0000 ffd0 | 4883 c420 
  0x000001c8f6458da0: 49c7 8798 | 0300 0000 | 0000 0049 | c787 a803 | 0000 0000 | 0000 49c7 | 87a0 0300 | 0000 0000 
  0x000001c8f6458dc0: 00c5 f877 | 4983 7f08 | 000f 8405 | 0000 00e9 | 2c81 feff | 498b 87f0 | 0300 0049 | c787 f003 
  0x000001c8f6458de0: 0000 0000 | 0000 4c8b | 6dc0 4c8b | 75c8 4e8d | 74f5 00c3 | 410f b65d | 0349 83c5 | 0349 bab0 
  0x000001c8f6458e00: 20eb f3fc | 7f00 0041 | ff24 da0f | 1f44 0000 
[/MachCode]

---------------  P R O C E S S  ---------------

Threads class SMR info:
_java_thread_list=0x000001c8fd8103b0, length=11, elements={
0x000001c8eba81420, 0x000001c8fca65ff0, 0x000001c8fca66eb0, 0x000001c8fca69390,
0x000001c8fca6af50, 0x000001c8fca6d9b0, 0x000001c8fca70410, 0x000001c8fca70e60,
0x000001c8fcb94ee0, 0x000001c8fcb9b720, 0x000001c8fcf63bc0
}

Java Threads: ( => current thread )
=>0x000001c8eba81420 JavaThread "main"                              [_thread_in_vm, id=5756, stack(0x000000248c800000,0x000000248c900000) (1024K)]
  0x000001c8fca65ff0 JavaThread "Reference Handler"          daemon [_thread_blocked, id=4192, stack(0x000000248d100000,0x000000248d200000) (1024K)]
  0x000001c8fca66eb0 JavaThread "Finalizer"                  daemon [_thread_blocked, id=5408, stack(0x000000248d200000,0x000000248d300000) (1024K)]
  0x000001c8fca69390 JavaThread "Signal Dispatcher"          daemon [_thread_blocked, id=12920, stack(0x000000248d300000,0x000000248d400000) (1024K)]
  0x000001c8fca6af50 JavaThread "Attach Listener"            daemon [_thread_blocked, id=3844, stack(0x000000248d400000,0x000000248d500000) (1024K)]
  0x000001c8fca6d9b0 JavaThread "Service Thread"             daemon [_thread_blocked, id=7732, stack(0x000000248d500000,0x000000248d600000) (1024K)]
  0x000001c8fca70410 JavaThread "Monitor Deflation Thread"   daemon [_thread_blocked, id=2328, stack(0x000000248d600000,0x000000248d700000) (1024K)]
  0x000001c8fca70e60 JavaThread "C1 CompilerThread0"         daemon [_thread_blocked, id=6396, stack(0x000000248d700000,0x000000248d800000) (1024K)]
  0x000001c8fcb94ee0 JavaThread "Notification Thread"        daemon [_thread_blocked, id=7060, stack(0x000000248d800000,0x000000248d900000) (1024K)]
  0x000001c8fcb9b720 JavaThread "Common-Cleaner"             daemon [_thread_blocked, id=4000, stack(0x000000248d900000,0x000000248da00000) (1024K)]
  0x000001c8fcf63bc0 JavaThread "C1 CompilerThread1"         daemon [_thread_blocked, id=7444, stack(0x000000248da00000,0x000000248db00000) (1024K)]
Total: 11

Other Threads:
  0x000001c8ede0c330 VMThread "VM Thread"                           [id=13044, stack(0x000000248d000000,0x000000248d100000) (1024K)]
  0x000001c8eddfb630 WatcherThread "VM Periodic Task Thread"        [id=10732, stack(0x000000248cf00000,0x000000248d000000) (1024K)]
  0x000001c8edd81d10 WorkerThread "GC Thread#0"                     [id=13248, stack(0x000000248ca00000,0x000000248cb00000) (1024K)]
  0x000001c8fd250530 WorkerThread "GC Thread#1"                     [id=6456, stack(0x000000248db00000,0x000000248dc00000) (1024K)]
  0x000001c8fd28c070 WorkerThread "GC Thread#2"                     [id=11168, stack(0x000000248dc00000,0x000000248dd00000) (1024K)]
  0x000001c8fd28c410 WorkerThread "GC Thread#3"                     [id=3348, stack(0x000000248dd00000,0x000000248de00000) (1024K)]
  0x000001c8edd8aa70 ConcurrentGCThread "G1 Main Marker"            [id=5856, stack(0x000000248cb00000,0x000000248cc00000) (1024K)]
  0x000001c8edd8b570 WorkerThread "G1 Conc#0"                       [id=2964, stack(0x000000248cc00000,0x000000248cd00000) (1024K)]
  0x000001c8edde4860 ConcurrentGCThread "G1 Refine#0"               [id=11800, stack(0x000000248cd00000,0x000000248ce00000) (1024K)]
  0x000001c8edde6c80 ConcurrentGCThread "G1 Service"                [id=2256, stack(0x000000248ce00000,0x000000248cf00000) (1024K)]
Total: 10

Threads with active compile tasks:
Total: 0

VM state: not at safepoint (normal execution)

VM Mutex/Monitor currently owned by a thread:  ([mutex/lock_event])
[0x00007ffcf3e9c308] Metaspace_lock - owner thread: 0x000001c8eba81420
[0x00007ffcf3e9d008] MultiArray_lock - owner thread: 0x000001c8eba81420

Heap address: 0x00000000c1400000, size: 1004 MB, Compressed Oops mode: 32-bit

CDS archive(s) mapped at: [0x000001c880000000-0x000001c880c80000-0x000001c880c80000), size 13107200, SharedBaseAddress: 0x000001c880000000, ArchiveRelocationMode: 1.
Compressed class space mapped at: 0x000001c881000000-0x000001c8c1000000, reserved size: 1073741824
Narrow klass base: 0x000001c880000000, Narrow klass shift: 0, Narrow klass range: 0x100000000

GC Precious Log:
 CardTable entry size: 512
 Card Set container configuration: InlinePtr #cards 5 size 8 Array Of Cards #cards 12 size 40 Howl #buckets 4 coarsen threshold 1843 Howl Bitmap #cards 512 size 80 coarsen threshold 460 Card regions per heap region 1 cards per card region 2048
 CPUs: 4 total, 4 available
 Memory: 4008M
 Large Page Support: Disabled
 NUMA Support: Disabled
 Compressed Oops: Enabled (32-bit)
 Heap Region Size: 1M
 Heap Min Capacity: 8M
 Heap Initial Capacity: 64M
 Heap Max Capacity: 1004M
 Pre-touch: Disabled
 Parallel Workers: 4
 Concurrent Workers: 1
 Concurrent Refinement Workers: 4
 Periodic GC: Disabled

Heap:
 garbage-first heap   total 48128K, used 19382K [0x00000000c1400000, 0x0000000100000000)
  region size 1024K, 9 young (9216K), 2 survivors (2048K)
 Metaspace       used 22094K, committed 22592K, reserved 1114112K
  class space    used 3065K, committed 3264K, reserved 1048576K

Heap Regions: E=young(eden), S=young(survivor), O=old, HS=humongous(starts), HC=humongous(continues), CS=collection set, F=free, TAMS=top-at-mark-start, PB=parsable bottom
|   0|0x00000000c1400000, 0x00000000c1500000, 0x00000000c1500000|100%| O|  |TAMS 0x00000000c1400000| PB 0x00000000c1400000| Untracked 
|   1|0x00000000c1500000, 0x00000000c1600000, 0x00000000c1600000|100%| O|  |TAMS 0x00000000c1500000| PB 0x00000000c1500000| Untracked 
|   2|0x00000000c1600000, 0x00000000c1700000, 0x00000000c1700000|100%| O|  |TAMS 0x00000000c1600000| PB 0x00000000c1600000| Untracked 
|   3|0x00000000c1700000, 0x00000000c1800000, 0x00000000c1800000|100%| O|  |TAMS 0x00000000c1700000| PB 0x00000000c1700000| Untracked 
|   4|0x00000000c1800000, 0x00000000c1900000, 0x00000000c1900000|100%| O|  |TAMS 0x00000000c1800000| PB 0x00000000c1800000| Untracked 
|   5|0x00000000c1900000, 0x00000000c1a00000, 0x00000000c1a00000|100%| O|  |TAMS 0x00000000c1900000| PB 0x00000000c1900000| Untracked 
|   6|0x00000000c1a00000, 0x00000000c1b00000, 0x00000000c1b00000|100%| O|  |TAMS 0x00000000c1a00000| PB 0x00000000c1a00000| Untracked 
|   7|0x00000000c1b00000, 0x00000000c1c00000, 0x00000000c1c00000|100%| O|  |TAMS 0x00000000c1b00000| PB 0x00000000c1b00000| Untracked 
|   8|0x00000000c1c00000, 0x00000000c1d00000, 0x00000000c1d00000|100%| O|  |TAMS 0x00000000c1c00000| PB 0x00000000c1c00000| Untracked 
|   9|0x00000000c1d00000, 0x00000000c1e00000, 0x00000000c1e00000|100%| O|  |TAMS 0x00000000c1d00000| PB 0x00000000c1d00000| Untracked 
|  10|0x00000000c1e00000, 0x00000000c1f00000, 0x00000000c1f00000|100%| O|  |TAMS 0x00000000c1e00000| PB 0x00000000c1e00000| Untracked 
|  11|0x00000000c1f00000, 0x00000000c1fa0bc0, 0x00000000c2000000| 62%| O|Cm|TAMS 0x00000000c1f00000| PB 0x00000000c1f00000| Complete 
|  12|0x00000000c2000000, 0x00000000c2000000, 0x00000000c2100000|  0%| F|  |TAMS 0x00000000c2000000| PB 0x00000000c2000000| Untracked 
|  13|0x00000000c2100000, 0x00000000c2100000, 0x00000000c2200000|  0%| F|  |TAMS 0x00000000c2100000| PB 0x00000000c2100000| Untracked 
|  14|0x00000000c2200000, 0x00000000c2200000, 0x00000000c2300000|  0%| F|  |TAMS 0x00000000c2200000| PB 0x00000000c2200000| Untracked 
|  15|0x00000000c2300000, 0x00000000c2300000, 0x00000000c2400000|  0%| F|  |TAMS 0x00000000c2300000| PB 0x00000000c2300000| Untracked 
|  16|0x00000000c2400000, 0x00000000c2400000, 0x00000000c2500000|  0%| F|  |TAMS 0x00000000c2400000| PB 0x00000000c2400000| Untracked 
|  17|0x00000000c2500000, 0x00000000c2500000, 0x00000000c2600000|  0%| F|  |TAMS 0x00000000c2500000| PB 0x00000000c2500000| Untracked 
|  18|0x00000000c2600000, 0x00000000c2600000, 0x00000000c2700000|  0%| F|  |TAMS 0x00000000c2600000| PB 0x00000000c2600000| Untracked 
|  19|0x00000000c2700000, 0x00000000c2700000, 0x00000000c2800000|  0%| F|  |TAMS 0x00000000c2700000| PB 0x00000000c2700000| Untracked 
|  20|0x00000000c2800000, 0x00000000c2800000, 0x00000000c2900000|  0%| F|  |TAMS 0x00000000c2800000| PB 0x00000000c2800000| Untracked 
|  21|0x00000000c2900000, 0x00000000c2900000, 0x00000000c2a00000|  0%| F|  |TAMS 0x00000000c2900000| PB 0x00000000c2900000| Untracked 
|  22|0x00000000c2a00000, 0x00000000c2a00000, 0x00000000c2b00000|  0%| F|  |TAMS 0x00000000c2a00000| PB 0x00000000c2a00000| Untracked 
|  23|0x00000000c2b00000, 0x00000000c2b00000, 0x00000000c2c00000|  0%| F|  |TAMS 0x00000000c2b00000| PB 0x00000000c2b00000| Untracked 
|  24|0x00000000c2c00000, 0x00000000c2c00000, 0x00000000c2d00000|  0%| F|  |TAMS 0x00000000c2c00000| PB 0x00000000c2c00000| Untracked 
|  25|0x00000000c2d00000, 0x00000000c2d00000, 0x00000000c2e00000|  0%| F|  |TAMS 0x00000000c2d00000| PB 0x00000000c2d00000| Untracked 
|  26|0x00000000c2e00000, 0x00000000c2e00000, 0x00000000c2f00000|  0%| F|  |TAMS 0x00000000c2e00000| PB 0x00000000c2e00000| Untracked 
|  27|0x00000000c2f00000, 0x00000000c2f00000, 0x00000000c3000000|  0%| F|  |TAMS 0x00000000c2f00000| PB 0x00000000c2f00000| Untracked 
|  28|0x00000000c3000000, 0x00000000c3000000, 0x00000000c3100000|  0%| F|  |TAMS 0x00000000c3000000| PB 0x00000000c3000000| Untracked 
|  29|0x00000000c3100000, 0x00000000c3100000, 0x00000000c3200000|  0%| F|  |TAMS 0x00000000c3100000| PB 0x00000000c3100000| Untracked 
|  30|0x00000000c3200000, 0x00000000c3200000, 0x00000000c3300000|  0%| F|  |TAMS 0x00000000c3200000| PB 0x00000000c3200000| Untracked 
|  31|0x00000000c3300000, 0x00000000c3300000, 0x00000000c3400000|  0%| F|  |TAMS 0x00000000c3300000| PB 0x00000000c3300000| Untracked 
|  32|0x00000000c3400000, 0x00000000c3400000, 0x00000000c3500000|  0%| F|  |TAMS 0x00000000c3400000| PB 0x00000000c3400000| Untracked 
|  33|0x00000000c3500000, 0x00000000c3500000, 0x00000000c3600000|  0%| F|  |TAMS 0x00000000c3500000| PB 0x00000000c3500000| Untracked 
|  34|0x00000000c3600000, 0x00000000c3600000, 0x00000000c3700000|  0%| F|  |TAMS 0x00000000c3600000| PB 0x00000000c3600000| Untracked 
|  35|0x00000000c3700000, 0x00000000c3700000, 0x00000000c3800000|  0%| F|  |TAMS 0x00000000c3700000| PB 0x00000000c3700000| Untracked 
|  36|0x00000000c3800000, 0x00000000c3800000, 0x00000000c3900000|  0%| F|  |TAMS 0x00000000c3800000| PB 0x00000000c3800000| Untracked 
|  37|0x00000000c3900000, 0x00000000c3900000, 0x00000000c3a00000|  0%| F|  |TAMS 0x00000000c3900000| PB 0x00000000c3900000| Untracked 
|  38|0x00000000c3a00000, 0x00000000c3a80000, 0x00000000c3b00000| 50%| E|  |TAMS 0x00000000c3a00000| PB 0x00000000c3a00000| Complete 
|  39|0x00000000c3b00000, 0x00000000c3c00000, 0x00000000c3c00000|100%| E|CS|TAMS 0x00000000c3b00000| PB 0x00000000c3b00000| Complete 
|  40|0x00000000c3c00000, 0x00000000c3d00000, 0x00000000c3d00000|100%| E|CS|TAMS 0x00000000c3c00000| PB 0x00000000c3c00000| Complete 
|  41|0x00000000c3d00000, 0x00000000c3e00000, 0x00000000c3e00000|100%| E|CS|TAMS 0x00000000c3d00000| PB 0x00000000c3d00000| Complete 
|  42|0x00000000c3e00000, 0x00000000c3f00000, 0x00000000c3f00000|100%| E|CS|TAMS 0x00000000c3e00000| PB 0x00000000c3e00000| Complete 
|  43|0x00000000c3f00000, 0x00000000c4000000, 0x00000000c4000000|100%| E|CS|TAMS 0x00000000c3f00000| PB 0x00000000c3f00000| Complete 
|  53|0x00000000c4900000, 0x00000000c494cf18, 0x00000000c4a00000| 30%| S|CS|TAMS 0x00000000c4900000| PB 0x00000000c4900000| Complete 
|  54|0x00000000c4a00000, 0x00000000c4b00000, 0x00000000c4b00000|100%| S|CS|TAMS 0x00000000c4a00000| PB 0x00000000c4a00000| Complete 
|  63|0x00000000c5300000, 0x00000000c5400000, 0x00000000c5400000|100%| E|CS|TAMS 0x00000000c5300000| PB 0x00000000c5300000| Complete 

Card table byte_map: [0x000001c8f9440000,0x000001c8f9640000] _byte_map_base: 0x000001c8f8e36000

Marking Bits: (CMBitMap*) 0x000001c8edd82410
 Bits: [0x000001c8f9640000, 0x000001c8fa5f0000)

Polling page: 0x000001c8ebbc0000

Metaspace:

Usage:
  Non-class:     18.58 MB used.
      Class:      2.99 MB used.
       Both:     21.58 MB used.

Virtual space:
  Non-class space:       64.00 MB reserved,      18.88 MB ( 29%) committed,  1 nodes.
      Class space:        1.00 GB reserved,       3.19 MB ( <1%) committed,  1 nodes.
             Both:        1.06 GB reserved,      22.06 MB (  2%) committed. 

Chunk freelists:
   Non-Class:  12.91 MB
       Class:  12.61 MB
        Both:  25.52 MB

MaxMetaspaceSize: unlimited
CompressedClassSpaceSize: 1.00 GB
Initial GC threshold: 21.00 MB
Current GC threshold: 35.12 MB
CDS: on
 - commit_granule_bytes: 65536.
 - commit_granule_words: 8192.
 - virtual_space_node_default_size: 8388608.
 - enlarge_chunks_in_place: 1.
 - use_allocation_guard: 0.


Internal statistics:

num_allocs_failed_limit: 3.
num_arena_births: 536.
num_arena_deaths: 0.
num_vsnodes_births: 2.
num_vsnodes_deaths: 0.
num_space_committed: 353.
num_space_uncommitted: 0.
num_chunks_returned_to_freelist: 3.
num_chunks_taken_from_freelist: 1345.
num_chunk_merges: 3.
num_chunk_splits: 926.
num_chunks_enlarged: 659.
num_inconsistent_stats: 0.

CodeCache: size=49152Kb used=7050Kb max_used=7050Kb free=42102Kb
 bounds [0x000001c8f6440000, 0x000001c8f6b30000, 0x000001c8f9440000]
 total_blobs=3875 nmethods=3359 adapters=439
 compilation: enabled
              stopped_count=0, restarted_count=0
 full_count=0

Compilation events (20 events):
Event: 10.694 Thread 0x000001c8fcf63bc0 3347       1       sun.security.provider.SHA::implCompress (13 bytes)
Event: 10.694 Thread 0x000001c8fcf63bc0 nmethod 3347 0x000001c8f6b1e190 code [0x000001c8f6b1e360, 0x000001c8f6b1e570]
Event: 10.694 Thread 0x000001c8fca70e60 3348       1       sun.security.provider.SHA::implCompressCheck (18 bytes)
Event: 10.695 Thread 0x000001c8fcf63bc0 3349       1       sun.security.provider.ByteArrayAccess::b2iBig64 (231 bytes)
Event: 10.695 Thread 0x000001c8fca70e60 nmethod 3348 0x000001c8f6b1e710 code [0x000001c8f6b1e8c0, 0x000001c8f6b1ea90]
Event: 10.700 Thread 0x000001c8fca70e60 3350       1       java.util.concurrent.atomic.AtomicLong::get (5 bytes)
Event: 10.700 Thread 0x000001c8fca70e60 nmethod 3350 0x000001c8f6b1ec10 code [0x000001c8f6b1eda0, 0x000001c8f6b1ee70]
Event: 10.700 Thread 0x000001c8fcf63bc0 nmethod 3349 0x000001c8f6b1ef10 code [0x000001c8f6b1f180, 0x000001c8f6b1fa18]
Event: 10.701 Thread 0x000001c8fca70e60 3351       1       java.util.concurrent.atomic.AtomicLong::compareAndSet (13 bytes)
Event: 10.701 Thread 0x000001c8fcf63bc0 3352       1       java.util.Random::nextBoolean (14 bytes)
Event: 10.701 Thread 0x000001c8fca70e60 nmethod 3351 0x000001c8f6b20390 code [0x000001c8f6b20520, 0x000001c8f6b20608]
Event: 10.701 Thread 0x000001c8fcf63bc0 nmethod 3352 0x000001c8f6b20690 code [0x000001c8f6b20840, 0x000001c8f6b20948]
Event: 10.701 Thread 0x000001c8fca70e60 3353       1       java.util.Random::next (47 bytes)
Event: 10.702 Thread 0x000001c8fca70e60 nmethod 3353 0x000001c8f6b20a10 code [0x000001c8f6b20ba0, 0x000001c8f6b20cf0]
Event: 10.705 Thread 0x000001c8fca70e60 3356       1       java.lang.invoke.LambdaForm::arguments (47 bytes)
Event: 10.706 Thread 0x000001c8fca70e60 nmethod 3356 0x000001c8f6b21410 code [0x000001c8f6b21600, 0x000001c8f6b21a90]
Event: 10.716 Thread 0x000001c8fcf63bc0 3357       1       java.lang.Integer::rotateRight (9 bytes)
Event: 10.717 Thread 0x000001c8fcf63bc0 nmethod 3357 0x000001c8f6b21e10 code [0x000001c8f6b21fa0, 0x000001c8f6b22058]
Event: 10.783 Thread 0x000001c8fcf63bc0 3359       1       java.nio.Buffer::hasRemaining (17 bytes)
Event: 10.783 Thread 0x000001c8fcf63bc0 nmethod 3359 0x000001c8f6b22510 code [0x000001c8f6b226a0, 0x000001c8f6b22780]

GC Heap History (10 events):
Event: 1.687 GC heap before
{Heap before GC invocations=0 (full 0):
 garbage-first heap   total 65536K, used 13312K [0x00000000c1400000, 0x0000000100000000)
  region size 1024K, 13 young (13312K), 0 survivors (0K)
 Metaspace       used 2855K, committed 3072K, reserved 1114112K
  class space    used 377K, committed 512K, reserved 1048576K
}
Event: 1.697 GC heap after
{Heap after GC invocations=1 (full 0):
 garbage-first heap   total 65536K, used 4224K [0x00000000c1400000, 0x0000000100000000)
  region size 1024K, 2 young (2048K), 2 survivors (2048K)
 Metaspace       used 2855K, committed 3072K, reserved 1114112K
  class space    used 377K, committed 512K, reserved 1048576K
}
Event: 2.827 GC heap before
{Heap before GC invocations=1 (full 0):
 garbage-first heap   total 65536K, used 19584K [0x00000000c1400000, 0x0000000100000000)
  region size 1024K, 17 young (17408K), 2 survivors (2048K)
 Metaspace       used 6422K, committed 6656K, reserved 1114112K
  class space    used 930K, committed 1024K, reserved 1048576K
}
Event: 2.837 GC heap after
{Heap after GC invocations=2 (full 0):
 garbage-first heap   total 65536K, used 5667K [0x00000000c1400000, 0x0000000100000000)
  region size 1024K, 2 young (2048K), 2 survivors (2048K)
 Metaspace       used 6422K, committed 6656K, reserved 1114112K
  class space    used 930K, committed 1024K, reserved 1048576K
}
Event: 4.041 GC heap before
{Heap before GC invocations=2 (full 0):
 garbage-first heap   total 65536K, used 41507K [0x00000000c1400000, 0x0000000100000000)
  region size 1024K, 38 young (38912K), 2 survivors (2048K)
 Metaspace       used 15594K, committed 15872K, reserved 1114112K
  class space    used 2075K, committed 2176K, reserved 1048576K
}
Event: 4.051 GC heap after
{Heap after GC invocations=3 (full 0):
 garbage-first heap   total 65536K, used 9136K [0x00000000c1400000, 0x0000000100000000)
  region size 1024K, 5 young (5120K), 5 survivors (5120K)
 Metaspace       used 15594K, committed 15872K, reserved 1114112K
  class space    used 2075K, committed 2176K, reserved 1048576K
}
Event: 7.953 GC heap before
{Heap before GC invocations=3 (full 0):
 garbage-first heap   total 65536K, used 42928K [0x00000000c1400000, 0x0000000100000000)
  region size 1024K, 38 young (38912K), 5 survivors (5120K)
 Metaspace       used 19368K, committed 19840K, reserved 1114112K
  class space    used 2644K, committed 2880K, reserved 1048576K
}
Event: 7.968 GC heap after
{Heap after GC invocations=4 (full 0):
 garbage-first heap   total 65536K, used 11938K [0x00000000c1400000, 0x0000000100000000)
  region size 1024K, 4 young (4096K), 4 survivors (4096K)
 Metaspace       used 19368K, committed 19840K, reserved 1114112K
  class space    used 2644K, committed 2880K, reserved 1048576K
}
Event: 9.718 GC heap before
{Heap before GC invocations=4 (full 0):
 garbage-first heap   total 65536K, used 20130K [0x00000000c1400000, 0x0000000100000000)
  region size 1024K, 13 young (13312K), 4 survivors (4096K)
 Metaspace       used 21116K, committed 21504K, reserved 1114112K
  class space    used 2877K, committed 3072K, reserved 1048576K
}
Event: 9.733 GC heap after
{Heap after GC invocations=5 (full 0):
 garbage-first heap   total 65536K, used 13238K [0x00000000c1400000, 0x0000000100000000)
  region size 1024K, 2 young (2048K), 2 survivors (2048K)
 Metaspace       used 21116K, committed 21504K, reserved 1114112K
  class space    used 2877K, committed 3072K, reserved 1048576K
}

Dll operation events (6 events):
Event: 0.060 Loaded shared library C:\Users\Armero\AppData\Roaming\Code\User\globalStorage\pleiades.java-extension-pack-jdk\java\21\bin\java.dll
Event: 0.390 Loaded shared library C:\Users\Armero\AppData\Roaming\Code\User\globalStorage\pleiades.java-extension-pack-jdk\java\21\bin\net.dll
Event: 0.394 Loaded shared library C:\Users\Armero\AppData\Roaming\Code\User\globalStorage\pleiades.java-extension-pack-jdk\java\21\bin\nio.dll
Event: 0.408 Loaded shared library C:\Users\Armero\AppData\Roaming\Code\User\globalStorage\pleiades.java-extension-pack-jdk\java\21\bin\zip.dll
Event: 0.797 Loaded shared library C:\Users\Armero\AppData\Roaming\Code\User\globalStorage\pleiades.java-extension-pack-jdk\java\21\bin\jimage.dll
Event: 3.991 Loaded shared library C:\Users\Armero\AppData\Roaming\Code\User\globalStorage\pleiades.java-extension-pack-jdk\java\21\bin\sunmscapi.dll

Deoptimization events (0 events):
No events

Classes loaded (20 events):
Event: 10.604 Loading class sun/security/provider/SeedGenerator$1
Event: 10.605 Loading class sun/security/provider/SeedGenerator$1 done
Event: 10.605 Loading class sun/security/provider/ByteArrayAccess
Event: 10.610 Loading class sun/security/provider/ByteArrayAccess done
Event: 10.610 Loading class sun/security/provider/ByteArrayAccess$BE
Event: 10.610 Loading class sun/security/provider/ByteArrayAccess$BE done
Event: 10.671 Loading class java/net/NetworkInterface$1
Event: 10.671 Loading class java/net/NetworkInterface$1 done
Event: 10.714 Loading class sun/security/provider/AbstractDrbg$NonceProvider
Event: 10.714 Loading class sun/security/provider/AbstractDrbg$NonceProvider done
Event: 10.715 Loading class sun/security/provider/SHA2$SHA256
Event: 10.715 Loading class sun/security/provider/SHA2
Event: 10.716 Loading class sun/security/provider/SHA2 done
Event: 10.716 Loading class sun/security/provider/SHA2$SHA256 done
Event: 10.718 Loading class sun/nio/fs/WindowsPath$1
Event: 10.719 Loading class sun/nio/fs/WindowsPath$1 done
Event: 10.720 Loading class java/io/DeleteOnExitHook
Event: 10.721 Loading class java/io/DeleteOnExitHook done
Event: 10.721 Loading class java/io/DeleteOnExitHook$1
Event: 10.722 Loading class java/io/DeleteOnExitHook$1 done

Classes unloaded (0 events):
No events

Classes redefined (0 events):
No events

Internal exceptions (20 events):
Event: 8.479 Thread 0x000001c8eba81420 Exception <a 'java/lang/NoClassDefFoundError'{0x00000000c5122120}: org/flywaydb/core/Flyway> (0x00000000c5122120) 
thrown [s\src\hotspot\share\classfile\systemDictionary.cpp, line 301]
Event: 8.480 Thread 0x000001c8eba81420 Exception <a 'java/lang/NoClassDefFoundError'{0x00000000c5123d58}: liquibase/integration/spring/SpringLiquibase> (0x00000000c5123d58) 
thrown [s\src\hotspot\share\classfile\systemDictionary.cpp, line 301]
Event: 8.679 Thread 0x000001c8eba81420 Exception <a 'java/lang/NoSuchMethodError'{0x00000000c5041208}: 'void java.lang.invoke.DirectMethodHandle$Holder.invokeSpecial(java.lang.Object, java.lang.Object, java.lang.Object, java.lang.Object, java.lang.Object, java.lang.Object)'> (0x00000000c5041208) 
thrown [s\src\hotspot\share\interpreter\linkResolver.cpp, line 773]
Event: 8.809 Thread 0x000001c8eba81420 Exception <a 'java/lang/NoSuchMethodError'{0x00000000c4f318e8}: 'void java.lang.invoke.DirectMethodHandle$Holder.invokeVirtual(java.lang.Object, java.lang.Object, int)'> (0x00000000c4f318e8) 
thrown [s\src\hotspot\share\interpreter\linkResolver.cpp, line 773]
Event: 8.836 Thread 0x000001c8eba81420 Exception <a 'java/lang/NoSuchMethodError'{0x00000000c4f35940}: 'int java.lang.invoke.DirectMethodHandle$Holder.invokeSpecial(java.lang.Object, java.lang.Object, java.lang.Object, int)'> (0x00000000c4f35940) 
thrown [s\src\hotspot\share\interpreter\linkResolver.cpp, line 773]
Event: 8.839 Thread 0x000001c8eba81420 Exception <a 'java/lang/NoSuchMethodError'{0x00000000c4f479a8}: 'java.lang.Object java.lang.invoke.DirectMethodHandle$Holder.invokeStatic(java.lang.Object, java.lang.Object, java.lang.Object, java.lang.Object, int)'> (0x00000000c4f479a8) 
thrown [s\src\hotspot\share\interpreter\linkResolver.cpp, line 773]
Event: 8.844 Thread 0x000001c8eba81420 Exception <a 'java/lang/NoSuchMethodError'{0x00000000c4f51f20}: 'void java.lang.invoke.DelegatingMethodHandle$Holder.reinvoke_L(java.lang.Object, java.lang.Object, int)'> (0x00000000c4f51f20) 
thrown [s\src\hotspot\share\interpreter\linkResolver.cpp, line 773]
Event: 9.010 Thread 0x000001c8eba81420 Exception <a 'java/lang/NoSuchMethodError'{0x00000000c4fda320}: 'java.lang.Object java.lang.invoke.DirectMethodHandle$Holder.invokeVirtual(java.lang.Object, java.lang.Object, java.lang.Object, java.lang.Object, java.lang.Object)'> (0x00000000c4fda320) 
thrown [s\src\hotspot\share\interpreter\linkResolver.cpp, line 773]
Event: 9.658 Thread 0x000001c8eba81420 Exception <a 'java/lang/NoSuchMethodError'{0x00000000c4b0ce00}: 'java.lang.reflect.Field[] java.lang.Class.getDeclaredFields(java.lang.Class)'> (0x00000000c4b0ce00) 
thrown [s\src\hotspot\share\interpreter\linkResolver.cpp, line 773]
Event: 9.684 Thread 0x000001c8eba81420 Exception <a 'java/lang/NoSuchMethodError'{0x00000000c4b8b210}: 'java.lang.Object java.lang.invoke.DirectMethodHandle$Holder.invokeVirtual(java.lang.Object, java.lang.Object, java.lang.Object, java.lang.Object, java.lang.Object, java.lang.Object)'> (0x00000000c4b8b210) 
thrown [s\src\hotspot\share\interpreter\linkResolver.cpp, line 773]
Event: 9.849 Thread 0x000001c8eba81420 Exception <a 'java/lang/NoSuchMethodError'{0x00000000c53e8f28}: 'void java.lang.invoke.DirectMethodHandle$Holder.invokeInterface(java.lang.Object, java.lang.Object, int)'> (0x00000000c53e8f28) 
thrown [s\src\hotspot\share\interpreter\linkResolver.cpp, line 773]
Event: 9.864 Thread 0x000001c8eba81420 Exception <a 'java/lang/IncompatibleClassChangeError'{0x00000000c3f2c6e8}: Found class java.lang.Object, but interface was expected> (0x00000000c3f2c6e8) 
thrown [s\src\hotspot\share\interpreter\linkResolver.cpp, line 840]
Event: 9.865 Thread 0x000001c8eba81420 Exception <a 'java/lang/NoSuchMethodError'{0x00000000c3f3ac50}: 'int java.lang.invoke.DirectMethodHandle$Holder.invokeSpecialIFC(java.lang.Object, java.lang.Object, java.lang.Object)'> (0x00000000c3f3ac50) 
thrown [s\src\hotspot\share\interpreter\linkResolver.cpp, line 773]
Event: 9.878 Thread 0x000001c8eba81420 Exception <a 'java/lang/NoSuchMethodError'{0x00000000c3f50168}: 'void java.lang.invoke.DirectMethodHandle$Holder.invokeStatic(java.lang.Object, int, java.lang.Object)'> (0x00000000c3f50168) 
thrown [s\src\hotspot\share\interpreter\linkResolver.cpp, line 773]
Event: 9.946 Thread 0x000001c8eba81420 Exception <a 'java/lang/NoSuchMethodError'{0x00000000c3f876b0}: 'void java.lang.invoke.DirectMethodHandle$Holder.invokeStatic(java.lang.Object, java.lang.Object, java.lang.Object, int, java.lang.Object)'> (0x00000000c3f876b0) 
thrown [s\src\hotspot\share\interpreter\linkResolver.cpp, line 773]
Event: 9.947 Thread 0x000001c8eba81420 Exception <a 'java/lang/NoSuchMethodError'{0x00000000c3f8e050}: 'java.lang.Object java.lang.invoke.DirectMethodHandle$Holder.newInvokeSpecial(java.lang.Object, java.lang.Object, java.lang.Object, int)'> (0x00000000c3f8e050) 
thrown [s\src\hotspot\share\interpreter\linkResolver.cpp, line 773]
Event: 9.948 Thread 0x000001c8eba81420 Exception <a 'java/lang/NoSuchMethodError'{0x00000000c3f91fa0}: 'java.lang.Object java.lang.invoke.DirectMethodHandle$Holder.invokeSpecial(java.lang.Object, java.lang.Object, java.lang.Object, java.lang.Object, int)'> (0x00000000c3f91fa0) 
thrown [s\src\hotspot\share\interpreter\linkResolver.cpp, line 773]
Event: 9.948 Thread 0x000001c8eba81420 Exception <a 'java/lang/NoSuchMethodError'{0x00000000c3f95448}: 'java.lang.Object java.lang.invoke.Invokers$Holder.linkToTargetMethod(java.lang.Object, java.lang.Object, int, java.lang.Object)'> (0x00000000c3f95448) 
thrown [s\src\hotspot\share\interpreter\linkResolver.cpp, line 773]
Event: 10.580 Thread 0x000001c8eba81420 Exception <a 'java/lang/NoSuchMethodError'{0x00000000c3b862a0}: 'java.lang.Object java.lang.invoke.DirectMethodHandle$Holder.invokeStaticInit(java.lang.Object, int, int, int, int)'> (0x00000000c3b862a0) 
thrown [s\src\hotspot\share\interpreter\linkResolver.cpp, line 773]
Event: 10.710 Thread 0x000001c8eba81420 Exception <a 'java/lang/NoSuchMethodError'{0x00000000c3a49810}: 'java.lang.Object java.lang.invoke.DirectMethodHandle$Holder.invokeStaticInit(java.lang.Object, java.lang.Object, int, int, int, int)'> (0x00000000c3a49810) 
thrown [s\src\hotspot\share\interpreter\linkResolver.cpp, line 773]

ZGC Phase Switch (0 events):
No events

VM Operations (20 events):
Event: 7.844 Executing VM operation: HandshakeAllThreads (Deoptimize)
Event: 7.844 Executing VM operation: HandshakeAllThreads (Deoptimize) done
Event: 7.953 Executing VM operation: G1CollectForAllocation (G1 Evacuation Pause)
Event: 7.968 Executing VM operation: G1CollectForAllocation (G1 Evacuation Pause) done
Event: 8.777 Executing VM operation: HandshakeAllThreads (Deoptimize)
Event: 8.777 Executing VM operation: HandshakeAllThreads (Deoptimize) done
Event: 8.789 Executing VM operation: HandshakeAllThreads (Deoptimize)
Event: 8.789 Executing VM operation: HandshakeAllThreads (Deoptimize) done
Event: 9.698 Executing VM operation: HandshakeAllThreads (Deoptimize)
Event: 9.698 Executing VM operation: HandshakeAllThreads (Deoptimize) done
Event: 9.698 Executing VM operation: Cleanup
Event: 9.698 Executing VM operation: Cleanup done
Event: 9.718 Executing VM operation: CollectForMetadataAllocation (Metadata GC Threshold)
Event: 9.733 Executing VM operation: CollectForMetadataAllocation (Metadata GC Threshold) done
Event: 9.762 Executing VM operation: G1PauseRemark
Event: 9.766 Executing VM operation: G1PauseRemark done
Event: 9.780 Executing VM operation: G1PauseCleanup
Event: 9.780 Executing VM operation: G1PauseCleanup done
Event: 10.618 Executing VM operation: HandshakeAllThreads (Deoptimize)
Event: 10.618 Executing VM operation: HandshakeAllThreads (Deoptimize) done

Memory protections (0 events):
No events

Nmethod flushes (0 events):
No events

Events (15 events):
Event: 0.123 Thread 0x000001c8eba81420 Thread added: 0x000001c8eba81420
Event: 0.190 Thread 0x000001c8eba81420 Thread added: 0x000001c8fca65ff0
Event: 0.190 Thread 0x000001c8eba81420 Thread added: 0x000001c8fca66eb0
Event: 0.190 Thread 0x000001c8eba81420 Thread added: 0x000001c8fca69390
Event: 0.190 Thread 0x000001c8eba81420 Thread added: 0x000001c8fca6af50
Event: 0.190 Thread 0x000001c8eba81420 Thread added: 0x000001c8fca6d9b0
Event: 0.191 Thread 0x000001c8eba81420 Thread added: 0x000001c8fca70410
Event: 0.191 Thread 0x000001c8eba81420 Thread added: 0x000001c8fca70e60
Event: 0.367 Thread 0x000001c8eba81420 Thread added: 0x000001c8fcb94ee0
Event: 0.376 Thread 0x000001c8eba81420 Thread added: 0x000001c8fcb9b720
Event: 1.137 Thread 0x000001c8fca70e60 Thread added: 0x000001c8fcf63bc0
Event: 2.878 Thread 0x000001c8eba81420 Thread added: 0x000001c8fd417850
Event: 3.972 Thread 0x000001c8eba81420 Thread added: 0x000001c8fd880f30
Event: 4.056 Thread 0x000001c8fd880f30 Thread exited: 0x000001c8fd880f30
Event: 4.080 Thread 0x000001c8fd417850 Thread exited: 0x000001c8fd417850


Dynamic libraries:
0x00007ff777730000 - 0x00007ff77773e000 	C:\Users\Armero\AppData\Roaming\Code\User\globalStorage\pleiades.java-extension-pack-jdk\java\21\bin\java.exe
0x00007ffd23410000 - 0x00007ffd23608000 	C:\Windows\SYSTEM32\ntdll.dll
0x00007ffd21ac0000 - 0x00007ffd21b82000 	C:\Windows\System32\KERNEL32.DLL
0x00007ffd20d30000 - 0x00007ffd21026000 	C:\Windows\System32\KERNELBASE.dll
0x00007ffd21340000 - 0x00007ffd21440000 	C:\Windows\System32\ucrtbase.dll
0x00007ffd1ddb0000 - 0x00007ffd1ddc8000 	C:\Users\Armero\AppData\Roaming\Code\User\globalStorage\pleiades.java-extension-pack-jdk\java\21\bin\jli.dll
0x00007ffd215a0000 - 0x00007ffd2173d000 	C:\Windows\System32\USER32.dll
0x00007ffd21220000 - 0x00007ffd21242000 	C:\Windows\System32\win32u.dll
0x00007ffd22b40000 - 0x00007ffd22b6b000 	C:\Windows\System32\GDI32.dll
0x00007ffd20ab0000 - 0x00007ffd20bca000 	C:\Windows\System32\gdi32full.dll
0x00007ffd21250000 - 0x00007ffd212ed000 	C:\Windows\System32\msvcp_win.dll
0x00007ffd1a350000 - 0x00007ffd1a36e000 	C:\Users\Armero\AppData\Roaming\Code\User\globalStorage\pleiades.java-extension-pack-jdk\java\21\bin\VCRUNTIME140.dll
0x00007ffd13050000 - 0x00007ffd132ea000 	C:\Windows\WinSxS\amd64_microsoft.windows.common-controls_6595b64144ccf1df_6.0.19041.5794_none_60bcd33171f2783c\COMCTL32.dll
0x00007ffd22df0000 - 0x00007ffd22e8e000 	C:\Windows\System32\msvcrt.dll
0x00007ffd22b00000 - 0x00007ffd22b2f000 	C:\Windows\System32\IMM32.DLL
0x00007ffd1d3b0000 - 0x00007ffd1d3bc000 	C:\Users\Armero\AppData\Roaming\Code\User\globalStorage\pleiades.java-extension-pack-jdk\java\21\bin\vcruntime140_1.dll
0x00007ffd0f1e0000 - 0x00007ffd0f26d000 	C:\Users\Armero\AppData\Roaming\Code\User\globalStorage\pleiades.java-extension-pack-jdk\java\21\bin\msvcp140.dll
0x00007ffcf31f0000 - 0x00007ffcf3f80000 	C:\Users\Armero\AppData\Roaming\Code\User\globalStorage\pleiades.java-extension-pack-jdk\java\21\bin\server\jvm.dll
0x00007ffd22cb0000 - 0x00007ffd22d5f000 	C:\Windows\System32\ADVAPI32.dll
0x00007ffd21500000 - 0x00007ffd2159f000 	C:\Windows\System32\sechost.dll
0x00007ffd22150000 - 0x00007ffd22273000 	C:\Windows\System32\RPCRT4.dll
0x00007ffd20bd0000 - 0x00007ffd20bf7000 	C:\Windows\System32\bcrypt.dll
0x00007ffd23300000 - 0x00007ffd2336b000 	C:\Windows\System32\WS2_32.dll
0x00007ffd20910000 - 0x00007ffd2095b000 	C:\Windows\SYSTEM32\POWRPROF.dll
0x00007ffd0ac10000 - 0x00007ffd0ac37000 	C:\Windows\SYSTEM32\WINMM.dll
0x00007ffd14250000 - 0x00007ffd1425a000 	C:\Windows\SYSTEM32\VERSION.dll
0x00007ffd208f0000 - 0x00007ffd20902000 	C:\Windows\SYSTEM32\UMPDC.dll
0x00007ffd1e950000 - 0x00007ffd1e962000 	C:\Windows\SYSTEM32\kernel.appcore.dll
0x00007ffd1a340000 - 0x00007ffd1a34a000 	C:\Users\Armero\AppData\Roaming\Code\User\globalStorage\pleiades.java-extension-pack-jdk\java\21\bin\jimage.dll
0x00007ffd13520000 - 0x00007ffd13721000 	C:\Windows\SYSTEM32\DBGHELP.DLL
0x00007ffd0ee20000 - 0x00007ffd0ee54000 	C:\Windows\SYSTEM32\dbgcore.DLL
0x00007ffd21190000 - 0x00007ffd21212000 	C:\Windows\System32\bcryptPrimitives.dll
0x00007ffd1a320000 - 0x00007ffd1a33f000 	C:\Users\Armero\AppData\Roaming\Code\User\globalStorage\pleiades.java-extension-pack-jdk\java\21\bin\java.dll
0x00007ffd22280000 - 0x00007ffd229ee000 	C:\Windows\System32\SHELL32.dll
0x00007ffd1eb50000 - 0x00007ffd1f2f3000 	C:\Windows\SYSTEM32\windows.storage.dll
0x00007ffd21c70000 - 0x00007ffd21fc3000 	C:\Windows\System32\combase.dll
0x00007ffd20410000 - 0x00007ffd2043b000 	C:\Windows\SYSTEM32\Wldp.dll
0x00007ffd22080000 - 0x00007ffd2214d000 	C:\Windows\System32\OLEAUT32.dll
0x00007ffd229f0000 - 0x00007ffd22a9d000 	C:\Windows\System32\SHCORE.dll
0x00007ffd22aa0000 - 0x00007ffd22af5000 	C:\Windows\System32\shlwapi.dll
0x00007ffd209e0000 - 0x00007ffd20a05000 	C:\Windows\SYSTEM32\profapi.dll
0x00007ffd18060000 - 0x00007ffd18070000 	C:\Users\Armero\AppData\Roaming\Code\User\globalStorage\pleiades.java-extension-pack-jdk\java\21\bin\net.dll
0x00007ffd19b40000 - 0x00007ffd19c4a000 	C:\Windows\SYSTEM32\WINHTTP.dll
0x00007ffd20170000 - 0x00007ffd201dc000 	C:\Windows\system32\mswsock.dll
0x00007ffd18040000 - 0x00007ffd18056000 	C:\Users\Armero\AppData\Roaming\Code\User\globalStorage\pleiades.java-extension-pack-jdk\java\21\bin\nio.dll
0x00007ffd18020000 - 0x00007ffd18038000 	C:\Users\Armero\AppData\Roaming\Code\User\globalStorage\pleiades.java-extension-pack-jdk\java\21\bin\zip.dll
0x00007ffd0f570000 - 0x00007ffd0f57e000 	C:\Users\Armero\AppData\Roaming\Code\User\globalStorage\pleiades.java-extension-pack-jdk\java\21\bin\sunmscapi.dll
0x00007ffd21030000 - 0x00007ffd2118d000 	C:\Windows\System32\CRYPT32.dll
0x00007ffd20480000 - 0x00007ffd204a7000 	C:\Windows\SYSTEM32\ncrypt.dll
0x00007ffd20440000 - 0x00007ffd2047b000 	C:\Windows\SYSTEM32\NTASN1.dll
0x00007ffd20370000 - 0x00007ffd20388000 	C:\Windows\SYSTEM32\CRYPTSP.dll
0x00007ffd1fa90000 - 0x00007ffd1fac8000 	C:\Windows\system32\rsaenh.dll
0x00007ffd209a0000 - 0x00007ffd209ce000 	C:\Windows\SYSTEM32\USERENV.dll
0x00007ffd20360000 - 0x00007ffd2036c000 	C:\Windows\SYSTEM32\CRYPTBASE.dll
0x00007ffd1fe50000 - 0x00007ffd1fe8b000 	C:\Windows\SYSTEM32\IPHLPAPI.DLL
0x00007ffd22b70000 - 0x00007ffd22b78000 	C:\Windows\System32\NSI.dll

dbghelp: loaded successfully - version: 4.0.5 - missing functions: none
symbol engine: initialized successfully - sym options: 0x614 - pdb path: .;C:\Users\Armero\AppData\Roaming\Code\User\globalStorage\pleiades.java-extension-pack-jdk\java\21\bin;C:\Windows\SYSTEM32;C:\Windows\WinSxS\amd64_microsoft.windows.common-controls_6595b64144ccf1df_6.0.19041.5794_none_60bcd33171f2783c;C:\Users\Armero\AppData\Roaming\Code\User\globalStorage\pleiades.java-extension-pack-jdk\java\21\bin\server

VM Arguments:
jvm_args: -Dstdout.encoding=UTF-8 -Dstderr.encoding=UTF-8 -XX:TieredStopAtLevel=1 
java_command: co.edu.unicauca.deporte_service.DeportesServiceApplication
java_class_path (initial): C:\Users\Armero\Documents\FinalDistribuidos\deporte_service\target\classes;C:\Users\Armero\.m2\repository\org\springframework\data\spring-data-rest-webmvc\4.3.13-SNAPSHOT\spring-data-rest-webmvc-4.3.13-SNAPSHOT.jar;C:\Users\Armero\.m2\repository\org\springframework\data\spring-data-rest-core\4.3.13-SNAPSHOT\spring-data-rest-core-4.3.13-SNAPSHOT.jar;C:\Users\Armero\.m2\repository\org\springframework\spring-tx\6.1.21-SNAPSHOT\spring-tx-6.1.21-SNAPSHOT.jar;C:\Users\Armero\.m2\repository\org\springframework\hateoas\spring-hateoas\2.3.4\spring-hateoas-2.3.4.jar;C:\Users\Armero\.m2\repository\org\springframework\data\spring-data-commons\3.3.13-SNAPSHOT\spring-data-commons-3.3.13-SNAPSHOT.jar;C:\Users\Armero\.m2\repository\org\springframework\plugin\spring-plugin-core\3.0.0\spring-plugin-core-3.0.0.jar;C:\Users\Armero\.m2\repository\org\atteo\evo-inflector\1.3\evo-inflector-1.3.jar;C:\Users\Armero\.m2\repository\com\fasterxml\jackson\core\jackson-databind\2.17.3\jackson-databind-2.17.3.jar;C:\Users\Armero\.m2\repository\com\fasterxml\jackson\core\jackson-core\2.17.3\jackson-core-2.17.3.jar;C:\Users\Armero\.m2\repository\com\fasterxml\jackson\core\jackson-annotations\2.17.3\jackson-annotations-2.17.3.jar;C:\Users\Armero\.m2\repository\org\slf4j\slf4j-api\2.0.17\slf4j-api-2.0.17.jar;C:\Users\Armero\.m2\repository\org\springframework\boot\spring-boot\3.3.13-SNAPSHOT\spring-boot-3.3.13-SNAPSHOT.jar;C:\Users\Armero\.m2\repository\org\springframework\boot\spring-boot-autoconfigure\3.3.13-SNAPSHOT\spring-boot-autoconfigure-3.3.13-SNAPSHOT.jar;C:\Users\Armero\.m2\repository\ch\qos\logback\logback-classic\1.5.18\logback-classic-1.5.18.jar;C:\Users\Armero\.m2\repository\ch\qos\logback\logback-core\1.5.18\logback-core-1.5.18.jar;C:\Users\Armero\.m2\repository\org\apache\logging\log4j\log4j-to-slf4j\2.23.1\log4j-to-slf4j-2.23.1.jar;C:\Users\Armero\.m2\repository\org\apache\logging\log4j\log4j-api\2.23.1\log4j-api-2.23.1.jar;C:\Users\Armero\.m2\repository\org\slf4j\jul-to-slf4j\2.0.17\jul-to-slf4j-2.0.17.jar;C:\Users\Armero\.m2\repository\jakarta\annotation\jakarta.annotation-api\2.1.1\jakarta.annotation-api-2.1.1.jar;C:\Users\Armero\.m2\repository\org\yaml\snakeyaml\2.2\snakeyaml-2.2.jar;C:\Users\Armero\.m2\repository\com\fasterxml\jackson\datatype\jackson-datatype-jdk8\2.17.3\jackson-datatype-jdk8-2.17.3.jar;C:\Users\Armero\.m2\repository\com\fasterxml\jackson\datatype\jackson-datatype-jsr310\2.17.3\jackson-datatype-jsr310-2.17.3.jar;C:\Users\Armero\.m2\repository\com\fasterxml\jackson\module\jackson-module-parameter-names\2.17.3\jackson-module-parameter-names-2.17.3.jar;C:\Users\Armero\.m2\repository\org\apache\tomcat\embed\tomcat-embed-core\10.1.41\tomcat-embed-core-10.1.41.jar;C:\Users\Armero\.m2\repository\org\apache\tomcat\embed\tomcat-embed-el\10.1.41\tomcat-embed-el-10.1.41.jar;C:\Users\Armero\.m2\repository\org\apache\tomcat\embed\tomcat-embed-websocket\10.1.41\tomcat-embed-websocket-10.1.41.jar;C:\Users\Armero\.m2\repository\org\springframework\spring-web\6.1.21-SNAPSHOT\spring-web-6.1.21-SNAPSHOT.jar;C:\Users\Armero\.m2\repository\org\springframework\spring-beans\6.1.21-SNAPSHOT\spring-beans-6.1.21-SNAPSHOT.jar;C:\Users\Armero\.m2\repository\io\micrometer\micrometer-observation\1.13.15-SNAPSHOT\micrometer-observation-1.13.15-SNAPSHOT.jar;C:\Users\Armero\.m2\repository\io\micrometer\micrometer-commons\1.13.15-SNAPSHOT\micrometer-commons-1.13.15-SNAPSHOT.jar;C:\Users\Armero\.m2\repository\org\springframework\spring-webmvc\6.1.21-SNAPSHOT\spring-webmvc-6.1.21-SNAPSHOT.jar;C:\Users\Armero\.m2\repository\org\springframework\spring-aop\6.1.21-SNAPSHOT\spring-aop-6.1.21-SNAPSHOT.jar;C:\Users\Armero\.m2\repository\org\springframework\spring-context\6.1.21-SNAPSHOT\spring-context-6.1.21-SNAPSHOT.jar;C:\Users\Armero\.m2\repository\org\springframework\spring-expression\6.1.21-SNAPSHOT\spring-expression-6.1.21-SNAPSHOT.jar;C:\Users\Armero\.m2\repository\com\sun\xml\messaging\saaj\saaj-impl\3.0.4\saaj-impl-3.0.4.jar;C:\Users\Armero\.m2\repository\jakarta\xml\soap\jakarta.xml.soap-api\3.0.2\jakarta.xml.soap-api-3.0.2.jar;C:\Users\Armero\.m2\repository\org\jvnet\staxex\stax-ex\2.1.0\stax-ex-2.1.0.jar;C:\Users\Armero\.m2\repository\jakarta\activation\jakarta.activation-api\2.1.3\jakarta.activation-api-2.1.3.jar;C:\Users\Armero\.m2\repository\org\eclipse\angus\angus-activation\2.0.2\angus-activation-2.0.2.jar;C:\Users\Armero\.m2\repository\jakarta\xml\ws\jakarta.xml.ws-api\4.0.2\jakarta.xml.ws-api-4.0.2.jar;C:\Users\Armero\.m2\repository\org\springframework\spring-oxm\6.1.21-SNAPSHOT\spring-oxm-6.1.21-SNAPSHOT.jar;C:\Users\Armero\.m2\repository\org\springframework\ws\spring-ws-core\4.0.15-SNAPSHOT\spring-ws-core-4.0.15-SNAPSHOT.jar;C:\Users\Armero\.m2\repository\org\springframework\ws\spring-xml\4.0.15-SNAPSHOT\spring-xml-4.0.15-SNAPSHOT.jar;C:\Users\Armero\.m2\repository\org\glassfish\jaxb\jaxb-runtime\4.0.5\jaxb-runtime-4.0.5.jar;C:\Users\Armero\.m2\repository\org\glassfish\jaxb\jaxb-core\4.0.5\jaxb-core-4.0.5.jar;C:\Users\Armero\.m2\repository\org\glassfish\jaxb\txw2\4.0.5\txw2-4.0.5.jar;C:\Users\Armero\.m2\repository\com\sun\istack\istack-commons-runtime\4.1.2\istack-commons-runtime-4.1.2.jar;C:\Users\Armero\.m2\repository\org\springframework\spring-messaging\6.1.21-SNAPSHOT\spring-messaging-6.1.21-SNAPSHOT.jar;C:\Users\Armero\.m2\repository\org\springframework\spring-websocket\6.1.21-SNAPSHOT\spring-websocket-6.1.21-SNAPSHOT.jar;C:\Users\Armero\.m2\repository\com\jayway\jsonpath\json-path\2.9.0\json-path-2.9.0.jar;C:\Users\Armero\.m2\repository\jakarta\xml\bind\jakarta.xml.bind-api\4.0.2\jakarta.xml.bind-api-4.0.2.jar;C:\Users\Armero\.m2\repository\net\minidev\json-smart\2.5.2\json-smart-2.5.2.jar;C:\Users\Armero\.m2\repository\net\minidev\accessors-smart\2.5.2\accessors-smart-2.5.2.jar;C:\Users\Armero\.m2\repository\org\ow2\asm\asm\9.7.1\asm-9.7.1.jar;C:\Users\Armero\.m2\repository\org\springframework\spring-core\6.1.21-SNAPSHOT\spring-core-6.1.21-SNAPSHOT.jar;C:\Users\Armero\.m2\repository\org\springframework\spring-jcl\6.1.21-SNAPSHOT\spring-jcl-6.1.21-SNAPSHOT.jar
Launcher Type: SUN_STANDARD

[Global flags]
     intx CICompilerCount                          = 3                                         {product} {ergonomic}
     uint ConcGCThreads                            = 1                                         {product} {ergonomic}
     uint G1ConcRefinementThreads                  = 4                                         {product} {ergonomic}
   size_t G1HeapRegionSize                         = 1048576                                   {product} {ergonomic}
    uintx GCDrainStackTargetSize                   = 64                                        {product} {ergonomic}
   size_t InitialHeapSize                          = 67108864                                  {product} {ergonomic}
   size_t MarkStackSize                            = 4194304                                   {product} {ergonomic}
   size_t MaxHeapSize                              = 1052770304                                {product} {ergonomic}
   size_t MaxNewSize                               = 631242752                                 {product} {ergonomic}
   size_t MinHeapDeltaBytes                        = 1048576                                   {product} {ergonomic}
   size_t MinHeapSize                              = 8388608                                   {product} {ergonomic}
    uintx NonNMethodCodeHeapSize                   = 4096                                   {pd product} {ergonomic}
    uintx NonProfiledCodeHeapSize                  = 0                                      {pd product} {ergonomic}
     bool ProfileInterpreter                       = false                                  {pd product} {command line}
    uintx ProfiledCodeHeapSize                     = 0                                      {pd product} {ergonomic}
   size_t SoftMaxHeapSize                          = 1052770304                             {manageable} {ergonomic}
     intx TieredStopAtLevel                        = 1                                         {product} {command line}
     bool UseCompressedOops                        = true                           {product lp64_product} {ergonomic}
     bool UseG1GC                                  = true                                      {product} {ergonomic}
     bool UseLargePagesIndividualAllocation        = false                                  {pd product} {ergonomic}

Logging:
Log output configuration:
 #0: stdout all=warning uptime,level,tags foldmultilines=false
 #1: stderr all=off uptime,level,tags foldmultilines=false

Environment Variables:
JAVA_HOME=C:\Users\Armero\AppData\Roaming\Code\User\globalStorage\pleiades.java-extension-pack-jdk\java\21
JAVA_TOOL_OPTIONS=-Dstdout.encoding=UTF-8 -Dstderr.encoding=UTF-8
PATH=C:\Users\Armero\AppData\Roaming\Code\User\globalStorage\pleiades.java-extension-pack-jdk\gradle\latest\bin;C:\Users\Armero\AppData\Roaming\Code\User\globalStorage\pleiades.java-extension-pack-jdk\maven\latest\bin;C:\Users\Armero\AppData\Roaming\Code\User\globalStorage\pleiades.java-extension-pack-jdk\java\21\bin;C:\Program Files (x86)\VMware\VMware Workstation\bin\;C:\Program Files\BellSoft\LibericaJDK-17\bin\;C:\msys64\mingw64\bin;C:\Program Files\Common Files\Oracle\Java\javapath;C:\Windows\system32;C:\Windows;C:\Windows\System32\Wbem;C:\Windows\System32\WindowsPowerShell\v1.0\;C:\Windows\System32\OpenSSH\;C:\Program Files\Git\cmd;C:\Program Files\Microsoft SQL Server\150\Tools\Binn\;C:\Program Files\Microsoft SQL Server\Client SDK\ODBC\170\Tools\Binn\;C:\Program Files\dotnet\;C:\Program Files (x86)\Windows Kits\10\Windows Performance Toolkit\;C:\maven\bin;C:\Users\Armero\AppData\Local\Microsoft\WindowsApps;C:\Users\Armero\AppData\Local\Programs\Microsoft VS Code\bin;C:\Users\Armero\.dotnet\tools;C:\Program Files\JetBrains\IntelliJ IDEA 2024.2.1\bin;
USERNAME=Armero
LANG=en_US.UTF-8
OS=Windows_NT
PROCESSOR_IDENTIFIER=Intel64 Family 6 Model 42 Stepping 7, GenuineIntel
TMP=C:\Users\Armero\AppData\Local\Temp
TEMP=C:\Users\Armero\AppData\Local\Temp




Periodic native trim disabled

---------------  S Y S T E M  ---------------

OS:
 Windows 10 , 64 bit Build 19041 (10.0.19041.5794)
OS uptime: 0 days 2:25 hours

CPU: total 4 (initial active 4) (2 cores per cpu, 2 threads per core) family 6 model 42 stepping 7 microcode 0x2f, cx8, cmov, fxsr, ht, mmx, sse, sse2, sse3, ssse3, sse4.1, sse4.2, popcnt, tsc, tscinvbit, avx, clmul, vzeroupper, clflush, rdtscp
Processor Information for the first 4 processors :
  Max Mhz: 3300, Current Mhz: 3300, Mhz Limit: 3300

Memory: 4k page, system-wide physical 4008M (196M free)
TotalPageFile size 12200M (AvailPageFile size 80M)
current process WorkingSet (physical memory assigned to process): 112M, peak: 128M
current process commit charge ("private bytes"): 155M, peak: 171M

vm_info: OpenJDK 64-Bit Server VM (21.0.7+6-LTS) for windows-amd64 JRE (21.0.7+6-LTS), built on 2025-04-15T00:00:00Z by "admin" with MS VC++ 17.7 (VS2022)

END.
