#
# There is insufficient memory for the Java Runtime Environment to continue.
# Native memory allocation (malloc) failed to allocate 32744 bytes. Error detail: Chunk::new
# Possible reasons:
#   The system is out of physical RAM or swap space
#   This process is running with CompressedOops enabled, and the Java Heap may be blocking the growth of the native heap
# Possible solutions:
#   Reduce memory load on the system
#   Increase physical memory or swap space
#   Check if swap backing store is full
#   Decrease Java heap size (-Xmx/-Xms)
#   Decrease number of Java threads
#   Decrease Java thread stack sizes (-Xss)
#   Set larger code cache with -XX:ReservedCodeCacheSize=
#   JVM is running with Unscaled Compressed Oops mode in which the Java heap is
#     placed in the first 4GB address space. The Java Heap base address is the
#     maximum limit for the native heap growth. Please use -XX:HeapBaseMinAddress
#     to set the Java Heap base and to place the Java Heap above 4GB virtual address.
# This output file may be truncated or incomplete.
#
#  Out of Memory Error (arena.cpp:168), pid=12888, tid=13008
#
# JRE version: OpenJDK Runtime Environment Temurin-21.0.7+6 (21.0.7+6) (build 21.0.7+6-LTS)
# Java VM: OpenJDK 64-Bit Server VM Temurin-21.0.7+6 (21.0.7+6-LTS, mixed mode, sharing, tiered, compressed oops, compressed class ptrs, g1 gc, windows-amd64)
# No core dump will be written. Minidumps are not enabled by default on client versions of Windows
#

---------------  S U M M A R Y ------------

Command Line: -Dstdout.encoding=UTF-8 -Dstderr.encoding=UTF-8 --enable-native-access=ALL-UNNAMED -Dclassworlds.conf=C:\Users\Armero\AppData\Roaming\Code\User\globalStorage\pleiades.java-extension-pack-jdk\maven\latest\bin\m2.conf -Dmaven.home=C:\Users\Armero\AppData\Roaming\Code\User\globalStorage\pleiades.java-extension-pack-jdk\maven\latest -Dlibrary.jansi.path=C:\Users\Armero\AppData\Roaming\Code\User\globalStorage\pleiades.java-extension-pack-jdk\maven\latest\lib\jansi-native -Dmaven.multiModuleProjectDirectory=C:\Users\Armero\Documents\FinalDistribuidos\deporte_service org.codehaus.plexus.classworlds.launcher.Launcher spring-boot:run

Host: Intel(R) Core(TM) i3-2120 CPU @ 3.30GHz, 4 cores, 3G,  Windows 10 , 64 bit Build 19041 (10.0.19041.5794)
Time: Sun Jun  8 20:51:48 2025 Hora est. Pacífico, Sudamérica elapsed time: 223.372688 seconds (0d 0h 3m 43s)

---------------  T H R E A D  ---------------

Current thread (0x00000137a87733c0):  JavaThread "C2 CompilerThread0" daemon [_thread_in_native, id=13008, stack(0x0000002438b00000,0x0000002438c00000) (1024K)]


Current CompileTask:
C2:223372 4585       4       org.eclipse.aether.util.graph.transformer.ConflictResolver::gatherConflictItems (111 bytes)

Stack: [0x0000002438b00000,0x0000002438c00000]
Native frames: (J=compiled Java code, j=interpreted, Vv=VM code, C=native code)
V  [jvm.dll+0x6ce119]
V  [jvm.dll+0x8a84a1]
V  [jvm.dll+0x8aa9ce]
V  [jvm.dll+0x8ab0b3]
V  [jvm.dll+0x27f8a6]
V  [jvm.dll+0xc507d]
V  [jvm.dll+0xc55b3]
V  [jvm.dll+0xa1e56]
V  [jvm.dll+0x65711d]
V  [jvm.dll+0x65ca8d]
V  [jvm.dll+0x65d9c6]
V  [jvm.dll+0x65bd5e]
V  [jvm.dll+0x247975]
V  [jvm.dll+0x2470cf]
V  [jvm.dll+0x1c760e]
V  [jvm.dll+0x25695a]
V  [jvm.dll+0x254efa]
V  [jvm.dll+0x3f03f6]
V  [jvm.dll+0x851f6b]
V  [jvm.dll+0x6cc7dd]
C  [ucrtbase.dll+0x21bb2]
C  [KERNEL32.DLL+0x17374]
C  [ntdll.dll+0x4cc91]


---------------  P R O C E S S  ---------------

Threads class SMR info:
_java_thread_list=0x00000137ee8423e0, length=12, elements={
0x000001378b69f750, 0x00000137a8768e50, 0x00000137a8769b60, 0x00000137a876f740,
0x00000137a87711a0, 0x00000137a8771bf0, 0x00000137a8772640, 0x00000137a87733c0,
0x00000137a877be90, 0x00000137a88c22a0, 0x00000137a88cd300, 0x00000137a88fb090
}

Java Threads: ( => current thread )
  0x000001378b69f750 JavaThread "main"                              [_thread_in_Java, id=12440, stack(0x0000002437d00000,0x0000002437e00000) (1024K)]
  0x00000137a8768e50 JavaThread "Reference Handler"          daemon [_thread_blocked, id=12664, stack(0x0000002438500000,0x0000002438600000) (1024K)]
  0x00000137a8769b60 JavaThread "Finalizer"                  daemon [_thread_blocked, id=12648, stack(0x0000002438600000,0x0000002438700000) (1024K)]
  0x00000137a876f740 JavaThread "Signal Dispatcher"          daemon [_thread_blocked, id=13012, stack(0x0000002438700000,0x0000002438800000) (1024K)]
  0x00000137a87711a0 JavaThread "Attach Listener"            daemon [_thread_blocked, id=12968, stack(0x0000002438800000,0x0000002438900000) (1024K)]
  0x00000137a8771bf0 JavaThread "Service Thread"             daemon [_thread_blocked, id=7864, stack(0x0000002438900000,0x0000002438a00000) (1024K)]
  0x00000137a8772640 JavaThread "Monitor Deflation Thread"   daemon [_thread_blocked, id=8220, stack(0x0000002438a00000,0x0000002438b00000) (1024K)]
=>0x00000137a87733c0 JavaThread "C2 CompilerThread0"         daemon [_thread_in_native, id=13008, stack(0x0000002438b00000,0x0000002438c00000) (1024K)]
  0x00000137a877be90 JavaThread "C1 CompilerThread0"         daemon [_thread_blocked, id=1652, stack(0x0000002438c00000,0x0000002438d00000) (1024K)]
  0x00000137a88c22a0 JavaThread "Notification Thread"        daemon [_thread_blocked, id=5352, stack(0x0000002438d00000,0x0000002438e00000) (1024K)]
  0x00000137a88cd300 JavaThread "Common-Cleaner"             daemon [_thread_blocked, id=5164, stack(0x0000002438e00000,0x0000002438f00000) (1024K)]
  0x00000137a88fb090 JavaThread "Thread-1"                   daemon [_thread_blocked, id=4800, stack(0x0000002439200000,0x0000002439300000) (1024K)]
Total: 12

Other Threads:
  0x000001378d923ab0 VMThread "VM Thread"                           [id=7484, stack(0x0000002438400000,0x0000002438500000) (1024K)]
  0x000001378d9146e0 WatcherThread "VM Periodic Task Thread"        [id=12480, stack(0x0000002438300000,0x0000002438400000) (1024K)]
  0x000001378d898770 WorkerThread "GC Thread#0"                     [id=12908, stack(0x0000002437e00000,0x0000002437f00000) (1024K)]
  0x00000137a8b30020 WorkerThread "GC Thread#1"                     [id=9420, stack(0x0000002438f00000,0x0000002439000000) (1024K)]
  0x00000137a8acdac0 WorkerThread "GC Thread#2"                     [id=8260, stack(0x0000002439000000,0x0000002439100000) (1024K)]
  0x00000137a8c2b160 WorkerThread "GC Thread#3"                     [id=11832, stack(0x0000002439100000,0x0000002439200000) (1024K)]
  0x000001378d8a24e0 ConcurrentGCThread "G1 Main Marker"            [id=7364, stack(0x0000002437f00000,0x0000002438000000) (1024K)]
  0x000001378d8a3190 WorkerThread "G1 Conc#0"                       [id=2964, stack(0x0000002438000000,0x0000002438100000) (1024K)]
  0x000001378d902a10 ConcurrentGCThread "G1 Refine#0"               [id=12684, stack(0x0000002438100000,0x0000002438200000) (1024K)]
  0x000001378d9044a0 ConcurrentGCThread "G1 Service"                [id=7504, stack(0x0000002438200000,0x0000002438300000) (1024K)]
Total: 10

Threads with active compile tasks:
C2 CompilerThread0  224129 4585       4       org.eclipse.aether.util.graph.transformer.ConflictResolver::gatherConflictItems (111 bytes)
Total: 1

VM state: not at safepoint (normal execution)

VM Mutex/Monitor currently owned by a thread: None

Heap address: 0x00000000c1400000, size: 1004 MB, Compressed Oops mode: 32-bit

CDS archive(s) mapped at: [0x00000137a9000000-0x00000137a9c80000-0x00000137a9c80000), size 13107200, SharedBaseAddress: 0x00000137a9000000, ArchiveRelocationMode: 1.
Compressed class space mapped at: 0x00000137aa000000-0x00000137ea000000, reserved size: 1073741824
Narrow klass base: 0x00000137a9000000, Narrow klass shift: 0, Narrow klass range: 0x100000000

GC Precious Log:
 CardTable entry size: 512
 Card Set container configuration: InlinePtr #cards 5 size 8 Array Of Cards #cards 12 size 40 Howl #buckets 4 coarsen threshold 1843 Howl Bitmap #cards 512 size 80 coarsen threshold 460 Card regions per heap region 1 cards per card region 2048
 CPUs: 4 total, 4 available
 Memory: 4008M
 Large Page Support: Disabled
 NUMA Support: Disabled
 Compressed Oops: Enabled (32-bit)
 Heap Region Size: 1M
 Heap Min Capacity: 8M
 Heap Initial Capacity: 64M
 Heap Max Capacity: 1004M
 Pre-touch: Disabled
 Parallel Workers: 4
 Concurrent Workers: 1
 Concurrent Refinement Workers: 4
 Periodic GC: Disabled

Heap:
 garbage-first heap   total 65536K, used 35094K [0x00000000c1400000, 0x0000000100000000)
  region size 1024K, 23 young (23552K), 1 survivors (1024K)
 Metaspace       used 16764K, committed 17024K, reserved 1114112K
  class space    used 1871K, committed 1984K, reserved 1048576K

Heap Regions: E=young(eden), S=young(survivor), O=old, HS=humongous(starts), HC=humongous(continues), CS=collection set, F=free, TAMS=top-at-mark-start, PB=parsable bottom
|   0|0x00000000c1400000, 0x00000000c1500000, 0x00000000c1500000|100%| O|  |TAMS 0x00000000c1400000| PB 0x00000000c1400000| Untracked 
|   1|0x00000000c1500000, 0x00000000c1600000, 0x00000000c1600000|100%| O|  |TAMS 0x00000000c1500000| PB 0x00000000c1500000| Untracked 
|   2|0x00000000c1600000, 0x00000000c1700000, 0x00000000c1700000|100%| O|  |TAMS 0x00000000c1600000| PB 0x00000000c1600000| Untracked 
|   3|0x00000000c1700000, 0x00000000c1800000, 0x00000000c1800000|100%| O|  |TAMS 0x00000000c1700000| PB 0x00000000c1700000| Untracked 
|   4|0x00000000c1800000, 0x00000000c1900000, 0x00000000c1900000|100%| O|  |TAMS 0x00000000c1800000| PB 0x00000000c1800000| Untracked 
|   5|0x00000000c1900000, 0x00000000c1a00000, 0x00000000c1a00000|100%| O|  |TAMS 0x00000000c1900000| PB 0x00000000c1900000| Untracked 
|   6|0x00000000c1a00000, 0x00000000c1b00000, 0x00000000c1b00000|100%| O|  |TAMS 0x00000000c1a00000| PB 0x00000000c1a00000| Untracked 
|   7|0x00000000c1b00000, 0x00000000c1c00000, 0x00000000c1c00000|100%| O|  |TAMS 0x00000000c1b00000| PB 0x00000000c1b00000| Untracked 
|   8|0x00000000c1c00000, 0x00000000c1d00000, 0x00000000c1d00000|100%| O|  |TAMS 0x00000000c1c00000| PB 0x00000000c1c00000| Untracked 
|   9|0x00000000c1d00000, 0x00000000c1e00000, 0x00000000c1e00000|100%| O|  |TAMS 0x00000000c1d00000| PB 0x00000000c1d00000| Untracked 
|  10|0x00000000c1e00000, 0x00000000c1f00000, 0x00000000c1f00000|100%| O|  |TAMS 0x00000000c1e00000| PB 0x00000000c1e00000| Untracked 
|  11|0x00000000c1f00000, 0x00000000c2000000, 0x00000000c2000000|100%| O|  |TAMS 0x00000000c1f00000| PB 0x00000000c1f00000| Untracked 
|  12|0x00000000c2000000, 0x00000000c2100000, 0x00000000c2100000|100%| O|  |TAMS 0x00000000c2000000| PB 0x00000000c2000000| Untracked 
|  13|0x00000000c2100000, 0x00000000c21b9d40, 0x00000000c2200000| 72%| O|  |TAMS 0x00000000c2100000| PB 0x00000000c2100000| Untracked 
|  14|0x00000000c2200000, 0x00000000c2200000, 0x00000000c2300000|  0%| F|  |TAMS 0x00000000c2200000| PB 0x00000000c2200000| Untracked 
|  15|0x00000000c2300000, 0x00000000c2300000, 0x00000000c2400000|  0%| F|  |TAMS 0x00000000c2300000| PB 0x00000000c2300000| Untracked 
|  16|0x00000000c2400000, 0x00000000c2400000, 0x00000000c2500000|  0%| F|  |TAMS 0x00000000c2400000| PB 0x00000000c2400000| Untracked 
|  17|0x00000000c2500000, 0x00000000c2500000, 0x00000000c2600000|  0%| F|  |TAMS 0x00000000c2500000| PB 0x00000000c2500000| Untracked 
|  18|0x00000000c2600000, 0x00000000c2600000, 0x00000000c2700000|  0%| F|  |TAMS 0x00000000c2600000| PB 0x00000000c2600000| Untracked 
|  19|0x00000000c2700000, 0x00000000c2700000, 0x00000000c2800000|  0%| F|  |TAMS 0x00000000c2700000| PB 0x00000000c2700000| Untracked 
|  20|0x00000000c2800000, 0x00000000c2800000, 0x00000000c2900000|  0%| F|  |TAMS 0x00000000c2800000| PB 0x00000000c2800000| Untracked 
|  21|0x00000000c2900000, 0x00000000c2900000, 0x00000000c2a00000|  0%| F|  |TAMS 0x00000000c2900000| PB 0x00000000c2900000| Untracked 
|  22|0x00000000c2a00000, 0x00000000c2a00000, 0x00000000c2b00000|  0%| F|  |TAMS 0x00000000c2a00000| PB 0x00000000c2a00000| Untracked 
|  23|0x00000000c2b00000, 0x00000000c2b00000, 0x00000000c2c00000|  0%| F|  |TAMS 0x00000000c2b00000| PB 0x00000000c2b00000| Untracked 
|  24|0x00000000c2c00000, 0x00000000c2c00000, 0x00000000c2d00000|  0%| F|  |TAMS 0x00000000c2c00000| PB 0x00000000c2c00000| Untracked 
|  25|0x00000000c2d00000, 0x00000000c2d00000, 0x00000000c2e00000|  0%| F|  |TAMS 0x00000000c2d00000| PB 0x00000000c2d00000| Untracked 
|  26|0x00000000c2e00000, 0x00000000c2e00000, 0x00000000c2f00000|  0%| F|  |TAMS 0x00000000c2e00000| PB 0x00000000c2e00000| Untracked 
|  27|0x00000000c2f00000, 0x00000000c2f00000, 0x00000000c3000000|  0%| F|  |TAMS 0x00000000c2f00000| PB 0x00000000c2f00000| Untracked 
|  28|0x00000000c3000000, 0x00000000c3000000, 0x00000000c3100000|  0%| F|  |TAMS 0x00000000c3000000| PB 0x00000000c3000000| Untracked 
|  29|0x00000000c3100000, 0x00000000c3100000, 0x00000000c3200000|  0%| F|  |TAMS 0x00000000c3100000| PB 0x00000000c3100000| Untracked 
|  30|0x00000000c3200000, 0x00000000c3200000, 0x00000000c3300000|  0%| F|  |TAMS 0x00000000c3200000| PB 0x00000000c3200000| Untracked 
|  31|0x00000000c3300000, 0x00000000c3300000, 0x00000000c3400000|  0%| F|  |TAMS 0x00000000c3300000| PB 0x00000000c3300000| Untracked 
|  32|0x00000000c3400000, 0x00000000c3400000, 0x00000000c3500000|  0%| F|  |TAMS 0x00000000c3400000| PB 0x00000000c3400000| Untracked 
|  33|0x00000000c3500000, 0x00000000c3500000, 0x00000000c3600000|  0%| F|  |TAMS 0x00000000c3500000| PB 0x00000000c3500000| Untracked 
|  34|0x00000000c3600000, 0x00000000c3600000, 0x00000000c3700000|  0%| F|  |TAMS 0x00000000c3600000| PB 0x00000000c3600000| Untracked 
|  35|0x00000000c3700000, 0x00000000c3700000, 0x00000000c3800000|  0%| F|  |TAMS 0x00000000c3700000| PB 0x00000000c3700000| Untracked 
|  36|0x00000000c3800000, 0x00000000c3800000, 0x00000000c3900000|  0%| F|  |TAMS 0x00000000c3800000| PB 0x00000000c3800000| Untracked 
|  37|0x00000000c3900000, 0x00000000c3900000, 0x00000000c3a00000|  0%| F|  |TAMS 0x00000000c3900000| PB 0x00000000c3900000| Untracked 
|  38|0x00000000c3a00000, 0x00000000c3a00000, 0x00000000c3b00000|  0%| F|  |TAMS 0x00000000c3a00000| PB 0x00000000c3a00000| Untracked 
|  39|0x00000000c3b00000, 0x00000000c3b00000, 0x00000000c3c00000|  0%| F|  |TAMS 0x00000000c3b00000| PB 0x00000000c3b00000| Untracked 
|  40|0x00000000c3c00000, 0x00000000c3c00000, 0x00000000c3d00000|  0%| F|  |TAMS 0x00000000c3c00000| PB 0x00000000c3c00000| Untracked 
|  41|0x00000000c3d00000, 0x00000000c3d4c288, 0x00000000c3e00000| 29%| E|  |TAMS 0x00000000c3d00000| PB 0x00000000c3d00000| Complete 
|  42|0x00000000c3e00000, 0x00000000c3f00000, 0x00000000c3f00000|100%| E|CS|TAMS 0x00000000c3e00000| PB 0x00000000c3e00000| Complete 
|  43|0x00000000c3f00000, 0x00000000c4000000, 0x00000000c4000000|100%| E|CS|TAMS 0x00000000c3f00000| PB 0x00000000c3f00000| Complete 
|  44|0x00000000c4000000, 0x00000000c4100000, 0x00000000c4100000|100%| E|  |TAMS 0x00000000c4000000| PB 0x00000000c4000000| Complete 
|  45|0x00000000c4100000, 0x00000000c4200000, 0x00000000c4200000|100%| E|CS|TAMS 0x00000000c4100000| PB 0x00000000c4100000| Complete 
|  46|0x00000000c4200000, 0x00000000c4300000, 0x00000000c4300000|100%| E|CS|TAMS 0x00000000c4200000| PB 0x00000000c4200000| Complete 
|  47|0x00000000c4300000, 0x00000000c4400000, 0x00000000c4400000|100%| E|CS|TAMS 0x00000000c4300000| PB 0x00000000c4300000| Complete 
|  48|0x00000000c4400000, 0x00000000c4500000, 0x00000000c4500000|100%| E|CS|TAMS 0x00000000c4400000| PB 0x00000000c4400000| Complete 
|  49|0x00000000c4500000, 0x00000000c4600000, 0x00000000c4600000|100%| E|CS|TAMS 0x00000000c4500000| PB 0x00000000c4500000| Complete 
|  50|0x00000000c4600000, 0x00000000c4700000, 0x00000000c4700000|100%| E|CS|TAMS 0x00000000c4600000| PB 0x00000000c4600000| Complete 
|  51|0x00000000c4700000, 0x00000000c4800000, 0x00000000c4800000|100%| E|CS|TAMS 0x00000000c4700000| PB 0x00000000c4700000| Complete 
|  52|0x00000000c4800000, 0x00000000c4900000, 0x00000000c4900000|100%| E|CS|TAMS 0x00000000c4800000| PB 0x00000000c4800000| Complete 
|  53|0x00000000c4900000, 0x00000000c4a00000, 0x00000000c4a00000|100%| E|CS|TAMS 0x00000000c4900000| PB 0x00000000c4900000| Complete 
|  54|0x00000000c4a00000, 0x00000000c4b00000, 0x00000000c4b00000|100%| E|CS|TAMS 0x00000000c4a00000| PB 0x00000000c4a00000| Complete 
|  55|0x00000000c4b00000, 0x00000000c4c00000, 0x00000000c4c00000|100%| E|CS|TAMS 0x00000000c4b00000| PB 0x00000000c4b00000| Complete 
|  56|0x00000000c4c00000, 0x00000000c4d00000, 0x00000000c4d00000|100%| E|CS|TAMS 0x00000000c4c00000| PB 0x00000000c4c00000| Complete 
|  57|0x00000000c4d00000, 0x00000000c4e00000, 0x00000000c4e00000|100%| E|CS|TAMS 0x00000000c4d00000| PB 0x00000000c4d00000| Complete 
|  58|0x00000000c4e00000, 0x00000000c4f00000, 0x00000000c4f00000|100%| E|CS|TAMS 0x00000000c4e00000| PB 0x00000000c4e00000| Complete 
|  59|0x00000000c4f00000, 0x00000000c5000000, 0x00000000c5000000|100%| E|CS|TAMS 0x00000000c4f00000| PB 0x00000000c4f00000| Complete 
|  60|0x00000000c5000000, 0x00000000c5100000, 0x00000000c5100000|100%| E|CS|TAMS 0x00000000c5000000| PB 0x00000000c5000000| Complete 
|  61|0x00000000c5100000, 0x00000000c5200000, 0x00000000c5200000|100%| E|CS|TAMS 0x00000000c5100000| PB 0x00000000c5100000| Complete 
|  62|0x00000000c5200000, 0x00000000c528bca0, 0x00000000c5300000| 54%| S|CS|TAMS 0x00000000c5200000| PB 0x00000000c5200000| Complete 
|  63|0x00000000c5300000, 0x00000000c5400000, 0x00000000c5400000|100%| E|CS|TAMS 0x00000000c5300000| PB 0x00000000c5300000| Complete 

Card table byte_map: [0x00000137a5160000,0x00000137a5360000] _byte_map_base: 0x00000137a4b56000

Marking Bits: (CMBitMap*) 0x000001378d898e70
 Bits: [0x00000137a5360000, 0x00000137a6310000)

Polling page: 0x000001378b600000

Metaspace:

Usage:
  Non-class:     14.54 MB used.
      Class:      1.83 MB used.
       Both:     16.37 MB used.

Virtual space:
  Non-class space:       64.00 MB reserved,      14.69 MB ( 23%) committed,  1 nodes.
      Class space:        1.00 GB reserved,       1.94 MB ( <1%) committed,  1 nodes.
             Both:        1.06 GB reserved,      16.62 MB (  2%) committed. 

Chunk freelists:
   Non-Class:  1.22 MB
       Class:  13.92 MB
        Both:  15.14 MB

MaxMetaspaceSize: unlimited
CompressedClassSpaceSize: 1.00 GB
Initial GC threshold: 21.00 MB
Current GC threshold: 21.00 MB
CDS: on
 - commit_granule_bytes: 65536.
 - commit_granule_words: 8192.
 - virtual_space_node_default_size: 8388608.
 - enlarge_chunks_in_place: 1.
 - use_allocation_guard: 0.


Internal statistics:

num_allocs_failed_limit: 0.
num_arena_births: 178.
num_arena_deaths: 0.
num_vsnodes_births: 2.
num_vsnodes_deaths: 0.
num_space_committed: 266.
num_space_uncommitted: 0.
num_chunks_returned_to_freelist: 0.
num_chunks_taken_from_freelist: 709.
num_chunk_merges: 0.
num_chunk_splits: 509.
num_chunks_enlarged: 425.
num_inconsistent_stats: 0.

CodeHeap 'non-profiled nmethods': size=120000Kb used=2213Kb max_used=2213Kb free=117786Kb
 bounds [0x000001379da30000, 0x000001379dca0000, 0x00000137a4f60000]
CodeHeap 'profiled nmethods': size=120000Kb used=9635Kb max_used=9635Kb free=110364Kb
 bounds [0x0000013795f60000, 0x00000137968d0000, 0x000001379d490000]
CodeHeap 'non-nmethods': size=5760Kb used=1399Kb max_used=1449Kb free=4360Kb
 bounds [0x000001379d490000, 0x000001379d700000, 0x000001379da30000]
 total_blobs=5091 nmethods=4598 adapters=397
 compilation: enabled
              stopped_count=0, restarted_count=0
 full_count=0

Compilation events (20 events):
Event: 223.022 Thread 0x00000137a877be90 nmethod 4581 0x000001379dc57910 code [0x000001379dc57aa0, 0x000001379dc57b68]
Event: 223.022 Thread 0x00000137a877be90 4582       1       org.eclipse.aether.util.graph.transformer.ConflictResolver$ConflictContext::getItems (5 bytes)
Event: 223.022 Thread 0x00000137a877be90 nmethod 4582 0x000001379dc57c10 code [0x000001379dc57da0, 0x000001379dc57e68]
Event: 223.039 Thread 0x00000137a877be90 4583       1       org.eclipse.aether.util.version.GenericVersionConstraint::getRange (5 bytes)
Event: 223.044 Thread 0x00000137a877be90 nmethod 4583 0x000001379dc57f10 code [0x000001379dc580a0, 0x000001379dc58168]
Event: 223.055 Thread 0x00000137a87733c0 4584       4       java.util.HashMap::getNode (150 bytes)
Event: 223.060 Thread 0x00000137a87733c0 nmethod 4584 0x000001379dc58210 code [0x000001379dc583c0, 0x000001379dc586b0]
Event: 223.068 Thread 0x00000137a87733c0 4585       4       org.eclipse.aether.util.graph.transformer.ConflictResolver::gatherConflictItems (111 bytes)
Event: 223.112 Thread 0x00000137a877be90 4588       1       org.eclipse.aether.util.graph.transformer.ConflictResolver$ConflictItem::getNode (5 bytes)
Event: 223.112 Thread 0x00000137a877be90 nmethod 4588 0x000001379dc58890 code [0x000001379dc58a20, 0x000001379dc58ae8]
Event: 223.112 Thread 0x00000137a877be90 4589       1       org.eclipse.aether.graph.DefaultDependencyNode::getVersionConstraint (5 bytes)
Event: 223.112 Thread 0x00000137a877be90 nmethod 4589 0x000001379dc58b90 code [0x000001379dc58d20, 0x000001379dc58de8]
Event: 223.115 Thread 0x00000137a877be90 4590       1       org.eclipse.aether.graph.DefaultDependencyNode::getVersion (5 bytes)
Event: 223.115 Thread 0x00000137a877be90 nmethod 4590 0x000001379dc58e90 code [0x000001379dc59020, 0x000001379dc590e8]
Event: 223.115 Thread 0x00000137a877be90 4591       1       org.eclipse.aether.util.graph.transformer.ConflictResolver$ConflictItem::getOptionalities (5 bytes)
Event: 223.115 Thread 0x00000137a877be90 nmethod 4591 0x000001379dc59190 code [0x000001379dc59320, 0x000001379dc593e8]
Event: 223.117 Thread 0x00000137a877be90 4592   !   3       java.util.ArrayList$Itr::remove (68 bytes)
Event: 223.117 Thread 0x00000137a877be90 nmethod 4592 0x00000137968c1390 code [0x00000137968c15a0, 0x00000137968c1b18]
Event: 223.146 Thread 0x00000137a877be90 4595       3       org.eclipse.aether.graph.DefaultDependencyNode::setRequestContext (15 bytes)
Event: 223.146 Thread 0x00000137a877be90 nmethod 4595 0x00000137968c1d90 code [0x00000137968c1f40, 0x00000137968c20e8]

GC Heap History (12 events):
Event: 12.285 GC heap before
{Heap before GC invocations=0 (full 0):
 garbage-first heap   total 65536K, used 12288K [0x00000000c1400000, 0x0000000100000000)
  region size 1024K, 13 young (13312K), 0 survivors (0K)
 Metaspace       used 3629K, committed 3712K, reserved 1114112K
  class space    used 364K, committed 384K, reserved 1048576K
}
Event: 12.401 GC heap after
{Heap after GC invocations=1 (full 0):
 garbage-first heap   total 65536K, used 3200K [0x00000000c1400000, 0x0000000100000000)
  region size 1024K, 2 young (2048K), 2 survivors (2048K)
 Metaspace       used 3629K, committed 3712K, reserved 1114112K
  class space    used 364K, committed 384K, reserved 1048576K
}
Event: 16.711 GC heap before
{Heap before GC invocations=1 (full 0):
 garbage-first heap   total 65536K, used 18560K [0x00000000c1400000, 0x0000000100000000)
  region size 1024K, 17 young (17408K), 2 survivors (2048K)
 Metaspace       used 5972K, committed 6144K, reserved 1114112K
  class space    used 692K, committed 768K, reserved 1048576K
}
Event: 16.721 GC heap after
{Heap after GC invocations=2 (full 0):
 garbage-first heap   total 65536K, used 3964K [0x00000000c1400000, 0x0000000100000000)
  region size 1024K, 1 young (1024K), 1 survivors (1024K)
 Metaspace       used 5972K, committed 6144K, reserved 1114112K
  class space    used 692K, committed 768K, reserved 1048576K
}
Event: 27.621 GC heap before
{Heap before GC invocations=2 (full 0):
 garbage-first heap   total 65536K, used 40828K [0x00000000c1400000, 0x0000000100000000)
  region size 1024K, 38 young (38912K), 1 survivors (1024K)
 Metaspace       used 12103K, committed 12288K, reserved 1114112K
  class space    used 1438K, committed 1536K, reserved 1048576K
}
Event: 27.637 GC heap after
{Heap after GC invocations=3 (full 0):
 garbage-first heap   total 65536K, used 6530K [0x00000000c1400000, 0x0000000100000000)
  region size 1024K, 4 young (4096K), 4 survivors (4096K)
 Metaspace       used 12103K, committed 12288K, reserved 1114112K
  class space    used 1438K, committed 1536K, reserved 1048576K
}
Event: 72.793 GC heap before
{Heap before GC invocations=3 (full 0):
 garbage-first heap   total 65536K, used 41346K [0x00000000c1400000, 0x0000000100000000)
  region size 1024K, 38 young (38912K), 4 survivors (4096K)
 Metaspace       used 15646K, committed 15872K, reserved 1114112K
  class space    used 1803K, committed 1920K, reserved 1048576K
}
Event: 73.040 GC heap after
{Heap after GC invocations=4 (full 0):
 garbage-first heap   total 65536K, used 11130K [0x00000000c1400000, 0x0000000100000000)
  region size 1024K, 5 young (5120K), 5 survivors (5120K)
 Metaspace       used 15646K, committed 15872K, reserved 1114112K
  class space    used 1803K, committed 1920K, reserved 1048576K
}
Event: 188.242 GC heap before
{Heap before GC invocations=4 (full 0):
 garbage-first heap   total 65536K, used 44922K [0x00000000c1400000, 0x0000000100000000)
  region size 1024K, 38 young (38912K), 5 survivors (5120K)
 Metaspace       used 16292K, committed 16576K, reserved 1114112K
  class space    used 1856K, committed 1984K, reserved 1048576K
}
Event: 188.925 GC heap after
{Heap after GC invocations=5 (full 0):
 garbage-first heap   total 65536K, used 13986K [0x00000000c1400000, 0x0000000100000000)
  region size 1024K, 3 young (3072K), 3 survivors (3072K)
 Metaspace       used 16292K, committed 16576K, reserved 1114112K
  class space    used 1856K, committed 1984K, reserved 1048576K
}
Event: 189.127 GC heap before
{Heap before GC invocations=5 (full 0):
 garbage-first heap   total 65536K, used 15010K [0x00000000c1400000, 0x0000000100000000)
  region size 1024K, 4 young (4096K), 3 survivors (3072K)
 Metaspace       used 16319K, committed 16576K, reserved 1114112K
  class space    used 1856K, committed 1984K, reserved 1048576K
}
Event: 189.175 GC heap after
{Heap after GC invocations=6 (full 0):
 garbage-first heap   total 65536K, used 14614K [0x00000000c1400000, 0x0000000100000000)
  region size 1024K, 1 young (1024K), 1 survivors (1024K)
 Metaspace       used 16319K, committed 16576K, reserved 1114112K
  class space    used 1856K, committed 1984K, reserved 1048576K
}

Dll operation events (8 events):
Event: 0.448 Loaded shared library C:\Users\Armero\AppData\Roaming\Code\User\globalStorage\pleiades.java-extension-pack-jdk\java\21\bin\java.dll
Event: 0.620 Loaded shared library C:\Users\Armero\AppData\Roaming\Code\User\globalStorage\pleiades.java-extension-pack-jdk\java\21\bin\jsvml.dll
Event: 2.467 Loaded shared library C:\Users\Armero\AppData\Roaming\Code\User\globalStorage\pleiades.java-extension-pack-jdk\java\21\bin\net.dll
Event: 3.064 Loaded shared library C:\Users\Armero\AppData\Roaming\Code\User\globalStorage\pleiades.java-extension-pack-jdk\java\21\bin\nio.dll
Event: 3.246 Loaded shared library C:\Users\Armero\AppData\Roaming\Code\User\globalStorage\pleiades.java-extension-pack-jdk\java\21\bin\zip.dll
Event: 7.829 Loaded shared library C:\Users\Armero\AppData\Roaming\Code\User\globalStorage\pleiades.java-extension-pack-jdk\java\21\bin\jimage.dll
Event: 7.933 Loaded shared library C:\Users\Armero\AppData\Roaming\Code\User\globalStorage\pleiades.java-extension-pack-jdk\maven\latest\lib\jansi-native\Windows\x86_64\jansi.dll
Event: 8.216 Loaded shared library C:\Users\Armero\AppData\Roaming\Code\User\globalStorage\pleiades.java-extension-pack-jdk\java\21\bin\verify.dll

Deoptimization events (20 events):
Event: 219.940 Thread 0x000001378b69f750 Uncommon trap: trap_request=0xffffff76 fr.pc=0x000001379db950d8 relative=0x0000000000000658
Event: 219.940 Thread 0x000001378b69f750 Uncommon trap: reason=predicate action=maybe_recompile pc=0x000001379db950d8 method=java.nio.charset.CharsetDecoder.decode(Ljava/nio/ByteBuffer;Ljava/nio/CharBuffer;Z)Ljava/nio/charset/CoderResult; @ 54 c2
Event: 219.940 Thread 0x000001378b69f750 DEOPT PACKING pc=0x000001379db950d8 sp=0x0000002437dfbea0
Event: 219.940 Thread 0x000001378b69f750 DEOPT UNPACKING pc=0x000001379d4e46a2 sp=0x0000002437dfbdd8 mode 2
Event: 219.964 Thread 0x000001378b69f750 Uncommon trap: trap_request=0xffffff76 fr.pc=0x000001379daa74cc relative=0x00000000000002ec
Event: 219.964 Thread 0x000001378b69f750 Uncommon trap: reason=predicate action=maybe_recompile pc=0x000001379daa74cc method=java.nio.charset.CharsetDecoder.decode(Ljava/nio/ByteBuffer;Ljava/nio/CharBuffer;Z)Ljava/nio/charset/CoderResult; @ 54 c2
Event: 219.964 Thread 0x000001378b69f750 DEOPT PACKING pc=0x000001379daa74cc sp=0x0000002437dfbe20
Event: 219.965 Thread 0x000001378b69f750 DEOPT UNPACKING pc=0x000001379d4e46a2 sp=0x0000002437dfbdd0 mode 2
Event: 222.877 Thread 0x000001378b69f750 Uncommon trap: trap_request=0xffffff45 fr.pc=0x000001379dbf2224 relative=0x0000000000000264
Event: 222.877 Thread 0x000001378b69f750 Uncommon trap: reason=unstable_if action=reinterpret pc=0x000001379dbf2224 method=java.util.HashMap.getNode(Ljava/lang/Object;)Ljava/util/HashMap$Node; @ 57 c2
Event: 222.877 Thread 0x000001378b69f750 DEOPT PACKING pc=0x000001379dbf2224 sp=0x0000002437dfd5c0
Event: 222.877 Thread 0x000001378b69f750 DEOPT UNPACKING pc=0x000001379d4e46a2 sp=0x0000002437dfd4d0 mode 2
Event: 222.877 Thread 0x000001378b69f750 Uncommon trap: trap_request=0xffffff45 fr.pc=0x000001379dbefe2c relative=0x000000000000026c
Event: 222.877 Thread 0x000001378b69f750 Uncommon trap: reason=unstable_if action=reinterpret pc=0x000001379dbefe2c method=java.util.HashMap.getNode(Ljava/lang/Object;)Ljava/util/HashMap$Node; @ 57 c2
Event: 222.877 Thread 0x000001378b69f750 DEOPT PACKING pc=0x000001379dbefe2c sp=0x0000002437dfd550
Event: 222.877 Thread 0x000001378b69f750 DEOPT UNPACKING pc=0x000001379d4e46a2 sp=0x0000002437dfd4d0 mode 2
Event: 222.892 Thread 0x000001378b69f750 Uncommon trap: trap_request=0xffffff45 fr.pc=0x000001379dabb950 relative=0x00000000000000b0
Event: 222.892 Thread 0x000001378b69f750 Uncommon trap: reason=unstable_if action=reinterpret pc=0x000001379dabb950 method=java.util.HashMap.hash(Ljava/lang/Object;)I @ 1 c2
Event: 222.892 Thread 0x000001378b69f750 DEOPT PACKING pc=0x000001379dabb950 sp=0x0000002437dfd4c0
Event: 222.894 Thread 0x000001378b69f750 DEOPT UNPACKING pc=0x000001379d4e46a2 sp=0x0000002437dfd458 mode 2

Classes loaded (20 events):
Event: 34.826 Loading class java/util/stream/IntPipeline$Head
Event: 34.845 Loading class java/util/stream/IntPipeline
Event: 34.860 Loading class java/util/stream/IntPipeline done
Event: 34.860 Loading class java/util/stream/IntPipeline$Head done
Event: 34.889 Loading class java/util/StringTokenizer
Event: 34.913 Loading class java/util/StringTokenizer done
Event: 35.867 Loading class java/util/stream/Streams$RangeIntSpliterator
Event: 35.950 Loading class java/util/stream/Streams$RangeIntSpliterator done
Event: 73.159 Loading class java/util/stream/MatchOps$MatchKind
Event: 73.160 Loading class java/util/stream/MatchOps$MatchKind done
Event: 73.160 Loading class java/util/stream/MatchOps
Event: 73.160 Loading class java/util/stream/MatchOps done
Event: 73.160 Loading class java/util/stream/MatchOps$MatchOp
Event: 73.171 Loading class java/util/stream/MatchOps$MatchOp done
Event: 73.171 Loading class java/util/stream/MatchOps$BooleanTerminalSink
Event: 73.171 Loading class java/util/stream/MatchOps$BooleanTerminalSink done
Event: 73.172 Loading class java/util/stream/MatchOps$1MatchSink
Event: 73.172 Loading class java/util/stream/MatchOps$1MatchSink done
Event: 219.834 Loading class sun/nio/cs/ISO_8859_1$Decoder
Event: 219.889 Loading class sun/nio/cs/ISO_8859_1$Decoder done

Classes unloaded (0 events):
No events

Classes redefined (0 events):
No events

Internal exceptions (20 events):
Event: 22.338 Thread 0x000001378b69f750 Exception <a 'java/lang/NoSuchMethodError'{0x00000000c34133d8}: 'java.lang.Object java.lang.invoke.DirectMethodHandle$Holder.invokeSpecial(java.lang.Object, java.lang.Object, java.lang.Object, java.lang.Object, long)'> (0x00000000c34133d8) 
thrown [s\src\hotspot\share\interpreter\linkResolver.cpp, line 773]
Event: 22.349 Thread 0x000001378b69f750 Exception <a 'java/lang/NoSuchMethodError'{0x00000000c341ef50}: 'java.lang.Object java.lang.invoke.DirectMethodHandle$Holder.invokeSpecial(java.lang.Object, java.lang.Object, java.lang.Object, int, java.lang.Object)'> (0x00000000c341ef50) 
thrown [s\src\hotspot\share\interpreter\linkResolver.cpp, line 773]
Event: 22.350 Thread 0x000001378b69f750 Exception <a 'java/lang/NoSuchMethodError'{0x00000000c34272a0}: 'int java.lang.invoke.DirectMethodHandle$Holder.invokeSpecial(java.lang.Object, java.lang.Object, java.lang.Object, int)'> (0x00000000c34272a0) 
thrown [s\src\hotspot\share\interpreter\linkResolver.cpp, line 773]
Event: 22.378 Thread 0x000001378b69f750 Implicit null exception at 0x000001379dab3f3d to 0x000001379dab40d0
Event: 22.409 Thread 0x000001378b69f750 Exception <a 'java/lang/NoSuchMethodError'{0x00000000c344c368}: 'java.lang.Object java.lang.invoke.Invokers$Holder.invokeExact_MT(java.lang.Object, int, java.lang.Object)'> (0x00000000c344c368) 
thrown [s\src\hotspot\share\interpreter\linkResolver.cpp, line 773]
Event: 28.156 Thread 0x000001378b69f750 Exception <a 'java/lang/NoSuchMethodError'{0x00000000c529dc20}: 'void java.lang.invoke.Invokers$Holder.invokeExact_MT(java.lang.Object, java.lang.Object, java.lang.Object, java.lang.Object)'> (0x00000000c529dc20) 
thrown [s\src\hotspot\share\interpreter\linkResolver.cpp, line 773]
Event: 28.417 Thread 0x000001378b69f750 Exception <a 'java/lang/NoClassDefFoundError'{0x00000000c5135828}: com/google/inject/servlet/ServletModuleTargetVisitor> (0x00000000c5135828) 
thrown [s\src\hotspot\share\classfile\systemDictionary.cpp, line 301]
Event: 29.586 Thread 0x000001378b69f750 Exception <a 'java/lang/NoSuchMethodError'{0x00000000c50f9d18}: 'void java.lang.invoke.DirectMethodHandle$Holder.invokeVirtual(java.lang.Object, java.lang.Object)'> (0x00000000c50f9d18) 
thrown [s\src\hotspot\share\interpreter\linkResolver.cpp, line 773]
Event: 30.242 Thread 0x000001378b69f750 Exception <a 'java/lang/NoSuchMethodError'{0x00000000c4f7a1e8}: 'java.lang.Object java.lang.invoke.DirectMethodHandle$Holder.invokeStaticInit(java.lang.Object, int, int, int, int)'> (0x00000000c4f7a1e8) 
thrown [s\src\hotspot\share\interpreter\linkResolver.cpp, line 773]
Event: 32.903 Thread 0x000001378b69f750 Implicit null exception at 0x000001379da85a24 to 0x000001379da86054
Event: 32.903 Thread 0x000001378b69f750 Implicit null exception at 0x000001379da5ef20 to 0x000001379da5f544
Event: 33.013 Thread 0x000001378b69f750 Implicit null exception at 0x000001379dabea09 to 0x000001379dabf254
Event: 33.572 Thread 0x000001378b69f750 Exception <a 'java/lang/NoSuchMethodError'{0x00000000c4990cd0}: 'void java.lang.invoke.DirectMethodHandle$Holder.invokeSpecial(java.lang.Object, java.lang.Object, java.lang.Object, java.lang.Object, java.lang.Object)'> (0x00000000c4990cd0) 
thrown [s\src\hotspot\share\interpreter\linkResolver.cpp, line 773]
Event: 33.673 Thread 0x000001378b69f750 Exception <a 'java/lang/NoSuchMethodError'{0x00000000c49ab7f8}: 'void java.lang.invoke.DirectMethodHandle$Holder.invokeSpecial(java.lang.Object, java.lang.Object, java.lang.Object, java.lang.Object, java.lang.Object, java.lang.Object)'> (0x00000000c49ab7f8) 
thrown [s\src\hotspot\share\interpreter\linkResolver.cpp, line 773]
Event: 34.238 Thread 0x000001378b69f750 Exception <a 'java/lang/NoSuchMethodError'{0x00000000c48c3d70}: 'java.lang.Object java.lang.invoke.DirectMethodHandle$Holder.invokeVirtual(java.lang.Object, java.lang.Object, java.lang.Object)'> (0x00000000c48c3d70) 
thrown [s\src\hotspot\share\interpreter\linkResolver.cpp, line 773]
Event: 35.005 Thread 0x000001378b69f750 Exception <a 'java/lang/NoSuchMethodError'{0x00000000c464e890}: 'void java.lang.invoke.DirectMethodHandle$Holder.invokeVirtual(java.lang.Object, java.lang.Object, int)'> (0x00000000c464e890) 
thrown [s\src\hotspot\share\interpreter\linkResolver.cpp, line 773]
Event: 35.009 Thread 0x000001378b69f750 Exception <a 'java/lang/NoSuchMethodError'{0x00000000c46526a0}: 'void java.lang.invoke.DirectMethodHandle$Holder.invokeSpecial(java.lang.Object, java.lang.Object, java.lang.Object, int)'> (0x00000000c46526a0) 
thrown [s\src\hotspot\share\interpreter\linkResolver.cpp, line 773]
Event: 35.013 Thread 0x000001378b69f750 Exception <a 'java/lang/NoSuchMethodError'{0x00000000c4655d80}: 'void java.lang.invoke.DelegatingMethodHandle$Holder.reinvoke_L(java.lang.Object, java.lang.Object, int)'> (0x00000000c4655d80) 
thrown [s\src\hotspot\share\interpreter\linkResolver.cpp, line 773]
Event: 110.266 Thread 0x000001378b69f750 Implicit null exception at 0x000001379daeb518 to 0x000001379daeb704
Event: 222.877 Thread 0x000001378b69f750 Implicit null exception at 0x000001379dabb8bd to 0x000001379dabb941

ZGC Phase Switch (0 events):
No events

VM Operations (20 events):
Event: 212.491 Executing VM operation: Cleanup
Event: 212.505 Executing VM operation: Cleanup done
Event: 213.510 Executing VM operation: Cleanup
Event: 213.527 Executing VM operation: Cleanup done
Event: 214.530 Executing VM operation: Cleanup
Event: 214.530 Executing VM operation: Cleanup done
Event: 215.546 Executing VM operation: Cleanup
Event: 215.756 Executing VM operation: Cleanup done
Event: 216.759 Executing VM operation: Cleanup
Event: 216.759 Executing VM operation: Cleanup done
Event: 217.770 Executing VM operation: Cleanup
Event: 217.770 Executing VM operation: Cleanup done
Event: 219.796 Executing VM operation: Cleanup
Event: 219.796 Executing VM operation: Cleanup done
Event: 220.809 Executing VM operation: Cleanup
Event: 220.809 Executing VM operation: Cleanup done
Event: 221.814 Executing VM operation: Cleanup
Event: 221.831 Executing VM operation: Cleanup done
Event: 222.839 Executing VM operation: Cleanup
Event: 222.855 Executing VM operation: Cleanup done

Memory protections (0 events):
No events

Nmethod flushes (0 events):
No events

Events (14 events):
Event: 0.507 Thread 0x000001378b69f750 Thread added: 0x000001378b69f750
Event: 0.543 Thread 0x000001378b69f750 Thread added: 0x00000137a8768e50
Event: 0.543 Thread 0x000001378b69f750 Thread added: 0x00000137a8769b60
Event: 0.544 Thread 0x000001378b69f750 Thread added: 0x00000137a876f740
Event: 0.547 Thread 0x000001378b69f750 Thread added: 0x00000137a87711a0
Event: 0.548 Thread 0x000001378b69f750 Thread added: 0x00000137a8771bf0
Event: 0.548 Thread 0x000001378b69f750 Thread added: 0x00000137a8772640
Event: 0.549 Thread 0x000001378b69f750 Thread added: 0x00000137a87733c0
Event: 0.592 Thread 0x000001378b69f750 Thread added: 0x00000137a877be90
Event: 0.749 Thread 0x000001378b69f750 Thread added: 0x00000137a88c22a0
Event: 1.009 Thread 0x000001378b69f750 Thread added: 0x00000137a88cd300
Event: 7.797 Thread 0x000001378b69f750 Thread added: 0x00000137a8aa8d30
Event: 8.883 Thread 0x00000137a8aa8d30 Thread exited: 0x00000137a8aa8d30
Event: 31.283 Thread 0x000001378b69f750 Thread added: 0x00000137a88fb090


Dynamic libraries:
0x00007ff777730000 - 0x00007ff77773e000 	C:\Users\Armero\AppData\Roaming\Code\User\globalStorage\pleiades.java-extension-pack-jdk\java\21\bin\java.exe
0x00007ffd23410000 - 0x00007ffd23608000 	C:\Windows\SYSTEM32\ntdll.dll
0x00007ffd21ac0000 - 0x00007ffd21b82000 	C:\Windows\System32\KERNEL32.DLL
0x00007ffd20d30000 - 0x00007ffd21026000 	C:\Windows\System32\KERNELBASE.dll
0x00007ffd21340000 - 0x00007ffd21440000 	C:\Windows\System32\ucrtbase.dll
0x00007ffd1ddb0000 - 0x00007ffd1ddc8000 	C:\Users\Armero\AppData\Roaming\Code\User\globalStorage\pleiades.java-extension-pack-jdk\java\21\bin\jli.dll
0x00007ffd1a350000 - 0x00007ffd1a36e000 	C:\Users\Armero\AppData\Roaming\Code\User\globalStorage\pleiades.java-extension-pack-jdk\java\21\bin\VCRUNTIME140.dll
0x00007ffd215a0000 - 0x00007ffd2173d000 	C:\Windows\System32\USER32.dll
0x00007ffd13050000 - 0x00007ffd132ea000 	C:\Windows\WinSxS\amd64_microsoft.windows.common-controls_6595b64144ccf1df_6.0.19041.5794_none_60bcd33171f2783c\COMCTL32.dll
0x00007ffd21220000 - 0x00007ffd21242000 	C:\Windows\System32\win32u.dll
0x00007ffd22b40000 - 0x00007ffd22b6b000 	C:\Windows\System32\GDI32.dll
0x00007ffd22df0000 - 0x00007ffd22e8e000 	C:\Windows\System32\msvcrt.dll
0x00007ffd20ab0000 - 0x00007ffd20bca000 	C:\Windows\System32\gdi32full.dll
0x00007ffd21250000 - 0x00007ffd212ed000 	C:\Windows\System32\msvcp_win.dll
0x00007ffd22b00000 - 0x00007ffd22b2f000 	C:\Windows\System32\IMM32.DLL
0x00007ffd1d3b0000 - 0x00007ffd1d3bc000 	C:\Users\Armero\AppData\Roaming\Code\User\globalStorage\pleiades.java-extension-pack-jdk\java\21\bin\vcruntime140_1.dll
0x00007ffd0f1e0000 - 0x00007ffd0f26d000 	C:\Users\Armero\AppData\Roaming\Code\User\globalStorage\pleiades.java-extension-pack-jdk\java\21\bin\msvcp140.dll
0x00007ffcf31f0000 - 0x00007ffcf3f80000 	C:\Users\Armero\AppData\Roaming\Code\User\globalStorage\pleiades.java-extension-pack-jdk\java\21\bin\server\jvm.dll
0x00007ffd22cb0000 - 0x00007ffd22d5f000 	C:\Windows\System32\ADVAPI32.dll
0x00007ffd21500000 - 0x00007ffd2159f000 	C:\Windows\System32\sechost.dll
0x00007ffd22150000 - 0x00007ffd22273000 	C:\Windows\System32\RPCRT4.dll
0x00007ffd20bd0000 - 0x00007ffd20bf7000 	C:\Windows\System32\bcrypt.dll
0x00007ffd23300000 - 0x00007ffd2336b000 	C:\Windows\System32\WS2_32.dll
0x00007ffd20910000 - 0x00007ffd2095b000 	C:\Windows\SYSTEM32\POWRPROF.dll
0x00007ffd0ac10000 - 0x00007ffd0ac37000 	C:\Windows\SYSTEM32\WINMM.dll
0x00007ffd14250000 - 0x00007ffd1425a000 	C:\Windows\SYSTEM32\VERSION.dll
0x00007ffd208f0000 - 0x00007ffd20902000 	C:\Windows\SYSTEM32\UMPDC.dll
0x00007ffd1e950000 - 0x00007ffd1e962000 	C:\Windows\SYSTEM32\kernel.appcore.dll
0x00007ffd1a340000 - 0x00007ffd1a34a000 	C:\Users\Armero\AppData\Roaming\Code\User\globalStorage\pleiades.java-extension-pack-jdk\java\21\bin\jimage.dll
0x00007ffd13520000 - 0x00007ffd13721000 	C:\Windows\SYSTEM32\DBGHELP.DLL
0x00007ffd0ee20000 - 0x00007ffd0ee54000 	C:\Windows\SYSTEM32\dbgcore.DLL
0x00007ffd21190000 - 0x00007ffd21212000 	C:\Windows\System32\bcryptPrimitives.dll
0x00007ffd1a320000 - 0x00007ffd1a33f000 	C:\Users\Armero\AppData\Roaming\Code\User\globalStorage\pleiades.java-extension-pack-jdk\java\21\bin\java.dll
0x00007ffd22280000 - 0x00007ffd229ee000 	C:\Windows\System32\SHELL32.dll
0x00007ffd1eb50000 - 0x00007ffd1f2f3000 	C:\Windows\SYSTEM32\windows.storage.dll
0x00007ffd21c70000 - 0x00007ffd21fc3000 	C:\Windows\System32\combase.dll
0x00007ffd20410000 - 0x00007ffd2043b000 	C:\Windows\SYSTEM32\Wldp.dll
0x00007ffd22080000 - 0x00007ffd2214d000 	C:\Windows\System32\OLEAUT32.dll
0x00007ffd229f0000 - 0x00007ffd22a9d000 	C:\Windows\System32\SHCORE.dll
0x00007ffd22aa0000 - 0x00007ffd22af5000 	C:\Windows\System32\shlwapi.dll
0x00007ffd209e0000 - 0x00007ffd20a05000 	C:\Windows\SYSTEM32\profapi.dll
0x00007ffcf98d0000 - 0x00007ffcf99a7000 	C:\Users\Armero\AppData\Roaming\Code\User\globalStorage\pleiades.java-extension-pack-jdk\java\21\bin\jsvml.dll
0x00007ffd18060000 - 0x00007ffd18070000 	C:\Users\Armero\AppData\Roaming\Code\User\globalStorage\pleiades.java-extension-pack-jdk\java\21\bin\net.dll
0x00007ffd19b40000 - 0x00007ffd19c4a000 	C:\Windows\SYSTEM32\WINHTTP.dll
0x00007ffd20170000 - 0x00007ffd201dc000 	C:\Windows\system32\mswsock.dll
0x00007ffd18040000 - 0x00007ffd18056000 	C:\Users\Armero\AppData\Roaming\Code\User\globalStorage\pleiades.java-extension-pack-jdk\java\21\bin\nio.dll
0x00007ffd18020000 - 0x00007ffd18038000 	C:\Users\Armero\AppData\Roaming\Code\User\globalStorage\pleiades.java-extension-pack-jdk\java\21\bin\zip.dll
0x00007ffcf9580000 - 0x00007ffcf95a4000 	C:\Users\Armero\AppData\Roaming\Code\User\globalStorage\pleiades.java-extension-pack-jdk\maven\latest\lib\jansi-native\Windows\x86_64\jansi.dll
0x00007ffd051e0000 - 0x00007ffd051f0000 	C:\Users\Armero\AppData\Roaming\Code\User\globalStorage\pleiades.java-extension-pack-jdk\java\21\bin\verify.dll

dbghelp: loaded successfully - version: 4.0.5 - missing functions: none
symbol engine: initialized successfully - sym options: 0x614 - pdb path: .;C:\Users\Armero\AppData\Roaming\Code\User\globalStorage\pleiades.java-extension-pack-jdk\java\21\bin;C:\Windows\SYSTEM32;C:\Windows\WinSxS\amd64_microsoft.windows.common-controls_6595b64144ccf1df_6.0.19041.5794_none_60bcd33171f2783c;C:\Users\Armero\AppData\Roaming\Code\User\globalStorage\pleiades.java-extension-pack-jdk\java\21\bin\server;C:\Users\Armero\AppData\Roaming\Code\User\globalStorage\pleiades.java-extension-pack-jdk\maven\latest\lib\jansi-native\Windows\x86_64

VM Arguments:
jvm_args: -Dstdout.encoding=UTF-8 -Dstderr.encoding=UTF-8 --enable-native-access=ALL-UNNAMED -Dclassworlds.conf=C:\Users\Armero\AppData\Roaming\Code\User\globalStorage\pleiades.java-extension-pack-jdk\maven\latest\bin\m2.conf -Dmaven.home=C:\Users\Armero\AppData\Roaming\Code\User\globalStorage\pleiades.java-extension-pack-jdk\maven\latest -Dlibrary.jansi.path=C:\Users\Armero\AppData\Roaming\Code\User\globalStorage\pleiades.java-extension-pack-jdk\maven\latest\lib\jansi-native -Dmaven.multiModuleProjectDirectory=C:\Users\Armero\Documents\FinalDistribuidos\deporte_service 
java_command: org.codehaus.plexus.classworlds.launcher.Launcher spring-boot:run
java_class_path (initial): C:\Users\Armero\AppData\Roaming\Code\User\globalStorage\pleiades.java-extension-pack-jdk\maven\latest\boot\plexus-classworlds-2.9.0.jar
Launcher Type: SUN_STANDARD

[Global flags]
     intx CICompilerCount                          = 3                                         {product} {ergonomic}
     uint ConcGCThreads                            = 1                                         {product} {ergonomic}
     uint G1ConcRefinementThreads                  = 4                                         {product} {ergonomic}
   size_t G1HeapRegionSize                         = 1048576                                   {product} {ergonomic}
    uintx GCDrainStackTargetSize                   = 64                                        {product} {ergonomic}
   size_t InitialHeapSize                          = 67108864                                  {product} {ergonomic}
   size_t MarkStackSize                            = 4194304                                   {product} {ergonomic}
   size_t MaxHeapSize                              = 1052770304                                {product} {ergonomic}
   size_t MaxNewSize                               = 631242752                                 {product} {ergonomic}
   size_t MinHeapDeltaBytes                        = 1048576                                   {product} {ergonomic}
   size_t MinHeapSize                              = 8388608                                   {product} {ergonomic}
    uintx NonNMethodCodeHeapSize                   = 5832780                                {pd product} {ergonomic}
    uintx NonProfiledCodeHeapSize                  = 122912730                              {pd product} {ergonomic}
    uintx ProfiledCodeHeapSize                     = 122912730                              {pd product} {ergonomic}
    uintx ReservedCodeCacheSize                    = 251658240                              {pd product} {ergonomic}
     bool SegmentedCodeCache                       = true                                      {product} {ergonomic}
   size_t SoftMaxHeapSize                          = 1052770304                             {manageable} {ergonomic}
     bool UseCompressedOops                        = true                           {product lp64_product} {ergonomic}
     bool UseG1GC                                  = true                                      {product} {ergonomic}
     bool UseLargePagesIndividualAllocation        = false                                  {pd product} {ergonomic}

Logging:
Log output configuration:
 #0: stdout all=warning uptime,level,tags foldmultilines=false
 #1: stderr all=off uptime,level,tags foldmultilines=false

Environment Variables:
JAVA_HOME=C:\Users\Armero\AppData\Roaming\Code\User\globalStorage\pleiades.java-extension-pack-jdk\java\21
JAVA_TOOL_OPTIONS=-Dstdout.encoding=UTF-8 -Dstderr.encoding=UTF-8
PATH=C:\Users\Armero\AppData\Roaming\Code\User\globalStorage\pleiades.java-extension-pack-jdk\gradle\latest\bin;C:\Users\Armero\AppData\Roaming\Code\User\globalStorage\pleiades.java-extension-pack-jdk\maven\latest\bin;C:\Users\Armero\AppData\Roaming\Code\User\globalStorage\pleiades.java-extension-pack-jdk\java\21\bin;C:\Program Files (x86)\VMware\VMware Workstation\bin\;C:\Program Files\BellSoft\LibericaJDK-17\bin\;C:\msys64\mingw64\bin;C:\Program Files\Common Files\Oracle\Java\javapath;C:\Windows\system32;C:\Windows;C:\Windows\System32\Wbem;C:\Windows\System32\WindowsPowerShell\v1.0\;C:\Windows\System32\OpenSSH\;C:\Program Files\Git\cmd;C:\Program Files\Microsoft SQL Server\150\Tools\Binn\;C:\Program Files\Microsoft SQL Server\Client SDK\ODBC\170\Tools\Binn\;C:\Program Files\dotnet\;C:\Program Files (x86)\Windows Kits\10\Windows Performance Toolkit\;C:\maven\bin;C:\Users\Armero\AppData\Local\Microsoft\WindowsApps;C:\Users\Armero\AppData\Local\Programs\Microsoft VS Code\bin;C:\Users\Armero\.dotnet\tools;C:\Program Files\JetBrains\IntelliJ IDEA 2024.2.1\bin;
USERNAME=Armero
LANG=en_US.UTF-8
OS=Windows_NT
PROCESSOR_IDENTIFIER=Intel64 Family 6 Model 42 Stepping 7, GenuineIntel
TMP=C:\Users\Armero\AppData\Local\Temp
TEMP=C:\Users\Armero\AppData\Local\Temp




Periodic native trim disabled

---------------  S Y S T E M  ---------------

OS:
 Windows 10 , 64 bit Build 19041 (10.0.19041.5794)
OS uptime: 0 days 2:01 hours

CPU: total 4 (initial active 4) (2 cores per cpu, 2 threads per core) family 6 model 42 stepping 7 microcode 0x2f, cx8, cmov, fxsr, ht, mmx, sse, sse2, sse3, ssse3, sse4.1, sse4.2, popcnt, tsc, tscinvbit, avx, clmul, vzeroupper, clflush, rdtscp
Processor Information for the first 4 processors :
  Max Mhz: 3300, Current Mhz: 3300, Mhz Limit: 3300

Memory: 4k page, system-wide physical 4008M (269M free)
TotalPageFile size 12200M (AvailPageFile size 204M)
current process WorkingSet (physical memory assigned to process): 47M, peak: 119M
current process commit charge ("private bytes"): 173M, peak: 192M

vm_info: OpenJDK 64-Bit Server VM (21.0.7+6-LTS) for windows-amd64 JRE (21.0.7+6-LTS), built on 2025-04-15T00:00:00Z by "admin" with MS VC++ 17.7 (VS2022)

END.
