#
# There is insufficient memory for the Java Runtime Environment to continue.
# Native memory allocation (malloc) failed to allocate 2109296 bytes. Error detail: Chunk::new
# Possible reasons:
#   The system is out of physical RAM or swap space
#   This process is running with CompressedOops enabled, and the Java Heap may be blocking the growth of the native heap
# Possible solutions:
#   Reduce memory load on the system
#   Increase physical memory or swap space
#   Check if swap backing store is full
#   Decrease Java heap size (-Xmx/-Xms)
#   Decrease number of Java threads
#   Decrease Java thread stack sizes (-Xss)
#   Set larger code cache with -XX:ReservedCodeCacheSize=
#   JVM is running with Unscaled Compressed Oops mode in which the Java heap is
#     placed in the first 4GB address space. The Java Heap base address is the
#     maximum limit for the native heap growth. Please use -XX:HeapBaseMinAddress
#     to set the Java Heap base and to place the Java Heap above 4GB virtual address.
# This output file may be truncated or incomplete.
#
#  Out of Memory Error (arena.cpp:168), pid=12924, tid=12840
#
# JRE version: OpenJDK Runtime Environment Temurin-21.0.7+6 (21.0.7+6) (build 21.0.7+6-LTS)
# Java VM: OpenJDK 64-Bit Server VM Temurin-21.0.7+6 (21.0.7+6-LTS, mixed mode, sharing, tiered, compressed oops, compressed class ptrs, g1 gc, windows-amd64)
# No core dump will be written. Minidumps are not enabled by default on client versions of Windows
#

---------------  S U M M A R Y ------------

Command Line: -Dstdout.encoding=UTF-8 -Dstderr.encoding=UTF-8 --enable-native-access=ALL-UNNAMED -Dclassworlds.conf=C:\Users\Armero\AppData\Roaming\Code\User\globalStorage\pleiades.java-extension-pack-jdk\maven\latest\bin\m2.conf -Dmaven.home=C:\Users\Armero\AppData\Roaming\Code\User\globalStorage\pleiades.java-extension-pack-jdk\maven\latest -Dlibrary.jansi.path=C:\Users\Armero\AppData\Roaming\Code\User\globalStorage\pleiades.java-extension-pack-jdk\maven\latest\lib\jansi-native -Dmaven.multiModuleProjectDirectory=C:\Users\Armero\Documents\FinalDistribuidos\orquestador_service org.codehaus.plexus.classworlds.launcher.Launcher spring-boot:run

Host: Intel(R) Core(TM) i3-2120 CPU @ 3.30GHz, 4 cores, 3G,  Windows 10 , 64 bit Build 19041 (10.0.19041.5794)
Time: Sun Jun  8 23:04:03 2025 Hora est. Pacífico, Sudamérica elapsed time: 14.019243 seconds (0d 0h 0m 14s)

---------------  T H R E A D  ---------------

Current thread (0x000001afa3ea4fe0):  JavaThread "C2 CompilerThread0" daemon [_thread_in_native, id=12840, stack(0x0000009285c00000,0x0000009285d00000) (1024K)]


Current CompileTask:
C2:14019 8173   !   4       java.nio.file.FileTreeWalker::next (144 bytes)

Stack: [0x0000009285c00000,0x0000009285d00000]
Native frames: (J=compiled Java code, j=interpreted, Vv=VM code, C=native code)
V  [jvm.dll+0x6ce119]
V  [jvm.dll+0x8a84a1]
V  [jvm.dll+0x8aa9ce]
V  [jvm.dll+0x8ab0b3]
V  [jvm.dll+0x27f8a6]
V  [jvm.dll+0xc507d]
V  [jvm.dll+0xc55b3]
V  [jvm.dll+0x3b68f2]
V  [jvm.dll+0x382aa5]
V  [jvm.dll+0x381f0a]
V  [jvm.dll+0x247af0]
V  [jvm.dll+0x2470cf]
V  [jvm.dll+0x1c760e]
V  [jvm.dll+0x25695a]
V  [jvm.dll+0x254efa]
V  [jvm.dll+0x3f03f6]
V  [jvm.dll+0x851f6b]
V  [jvm.dll+0x6cc7dd]
C  [ucrtbase.dll+0x21bb2]
C  [KERNEL32.DLL+0x17374]
C  [ntdll.dll+0x4cc91]


---------------  P R O C E S S  ---------------

Threads class SMR info:
_java_thread_list=0x000001afeb3350e0, length=12, elements={
0x000001af86c9acc0, 0x000001afa3e8b980, 0x000001afa3e8c840, 0x000001afa3e93790,
0x000001afa3e98870, 0x000001afa3e981e0, 0x000001afa3e95a80, 0x000001afa3ea4fe0,
0x000001afa3ea5fd0, 0x000001afa3e967a0, 0x000001afa3e974c0, 0x000001afa3e96e30
}

Java Threads: ( => current thread )
  0x000001af86c9acc0 JavaThread "main"                              [_thread_in_native, id=9448, stack(0x0000009284e00000,0x0000009284f00000) (1024K)]
  0x000001afa3e8b980 JavaThread "Reference Handler"          daemon [_thread_blocked, id=3188, stack(0x0000009285600000,0x0000009285700000) (1024K)]
  0x000001afa3e8c840 JavaThread "Finalizer"                  daemon [_thread_blocked, id=2148, stack(0x0000009285700000,0x0000009285800000) (1024K)]
  0x000001afa3e93790 JavaThread "Signal Dispatcher"          daemon [_thread_blocked, id=7404, stack(0x0000009285800000,0x0000009285900000) (1024K)]
  0x000001afa3e98870 JavaThread "Attach Listener"            daemon [_thread_blocked, id=1900, stack(0x0000009285900000,0x0000009285a00000) (1024K)]
  0x000001afa3e981e0 JavaThread "Service Thread"             daemon [_thread_blocked, id=12392, stack(0x0000009285a00000,0x0000009285b00000) (1024K)]
  0x000001afa3e95a80 JavaThread "Monitor Deflation Thread"   daemon [_thread_blocked, id=11644, stack(0x0000009285b00000,0x0000009285c00000) (1024K)]
=>0x000001afa3ea4fe0 JavaThread "C2 CompilerThread0"         daemon [_thread_in_native, id=12840, stack(0x0000009285c00000,0x0000009285d00000) (1024K)]
  0x000001afa3ea5fd0 JavaThread "C1 CompilerThread0"         daemon [_thread_blocked, id=7780, stack(0x0000009285d00000,0x0000009285e00000) (1024K)]
  0x000001afa3e967a0 JavaThread "Notification Thread"        daemon [_thread_blocked, id=9444, stack(0x0000009285e00000,0x0000009285f00000) (1024K)]
  0x000001afa3e974c0 JavaThread "Common-Cleaner"             daemon [_thread_blocked, id=13180, stack(0x0000009285f00000,0x0000009286000000) (1024K)]
  0x000001afa3e96e30 JavaThread "Thread-1"                   daemon [_thread_blocked, id=12476, stack(0x0000009286400000,0x0000009286500000) (1024K)]
Total: 12

Other Threads:
  0x000001af86c6b9b0 VMThread "VM Thread"                           [id=11840, stack(0x0000009285500000,0x0000009285600000) (1024K)]
  0x000001af89037ab0 WatcherThread "VM Periodic Task Thread"        [id=13120, stack(0x0000009285400000,0x0000009285500000) (1024K)]
  0x000001af86c6b270 WorkerThread "GC Thread#0"                     [id=5724, stack(0x0000009284f00000,0x0000009285000000) (1024K)]
  0x000001af86c6bd50 WorkerThread "GC Thread#1"                     [id=3260, stack(0x0000009286000000,0x0000009286100000) (1024K)]
  0x000001af86c6c490 WorkerThread "GC Thread#2"                     [id=6560, stack(0x0000009286100000,0x0000009286200000) (1024K)]
  0x000001afe9a6af50 WorkerThread "GC Thread#3"                     [id=8432, stack(0x0000009286200000,0x0000009286300000) (1024K)]
  0x000001af88fc7c00 ConcurrentGCThread "G1 Main Marker"            [id=6696, stack(0x0000009285000000,0x0000009285100000) (1024K)]
  0x000001af86c6b610 WorkerThread "G1 Conc#0"                       [id=5308, stack(0x0000009285100000,0x0000009285200000) (1024K)]
  0x000001af890235e0 ConcurrentGCThread "G1 Refine#0"               [id=13160, stack(0x0000009285200000,0x0000009285300000) (1024K)]
  0x000001af89024150 ConcurrentGCThread "G1 Service"                [id=4640, stack(0x0000009285300000,0x0000009285400000) (1024K)]
Total: 10

Threads with active compile tasks:
C2 CompilerThread0  14070 8173   !   4       java.nio.file.FileTreeWalker::next (144 bytes)
Total: 1

VM state: not at safepoint (normal execution)

VM Mutex/Monitor currently owned by a thread: None

Heap address: 0x00000000c1400000, size: 1004 MB, Compressed Oops mode: 32-bit

CDS archive(s) mapped at: [0x000001afa4000000-0x000001afa4c80000-0x000001afa4c80000), size 13107200, SharedBaseAddress: 0x000001afa4000000, ArchiveRelocationMode: 1.
Compressed class space mapped at: 0x000001afa5000000-0x000001afe5000000, reserved size: 1073741824
Narrow klass base: 0x000001afa4000000, Narrow klass shift: 0, Narrow klass range: 0x100000000

GC Precious Log:
 CardTable entry size: 512
 Card Set container configuration: InlinePtr #cards 5 size 8 Array Of Cards #cards 12 size 40 Howl #buckets 4 coarsen threshold 1843 Howl Bitmap #cards 512 size 80 coarsen threshold 460 Card regions per heap region 1 cards per card region 2048
 CPUs: 4 total, 4 available
 Memory: 4008M
 Large Page Support: Disabled
 NUMA Support: Disabled
 Compressed Oops: Enabled (32-bit)
 Heap Region Size: 1M
 Heap Min Capacity: 8M
 Heap Initial Capacity: 64M
 Heap Max Capacity: 1004M
 Pre-touch: Disabled
 Parallel Workers: 4
 Concurrent Workers: 1
 Concurrent Refinement Workers: 4
 Periodic GC: Disabled

Heap:
 garbage-first heap   total 151552K, used 64347K [0x00000000c1400000, 0x0000000100000000)
  region size 1024K, 16 young (16384K), 5 survivors (5120K)
 Metaspace       used 32427K, committed 32960K, reserved 1114112K
  class space    used 3615K, committed 3840K, reserved 1048576K

Heap Regions: E=young(eden), S=young(survivor), O=old, HS=humongous(starts), HC=humongous(continues), CS=collection set, F=free, TAMS=top-at-mark-start, PB=parsable bottom
|   0|0x00000000c1400000, 0x00000000c1500000, 0x00000000c1500000|100%| O|  |TAMS 0x00000000c1400000| PB 0x00000000c1400000| Untracked 
|   1|0x00000000c1500000, 0x00000000c1600000, 0x00000000c1600000|100%| O|  |TAMS 0x00000000c1500000| PB 0x00000000c1500000| Untracked 
|   2|0x00000000c1600000, 0x00000000c1700000, 0x00000000c1700000|100%| O|  |TAMS 0x00000000c1600000| PB 0x00000000c1600000| Untracked 
|   3|0x00000000c1700000, 0x00000000c1800000, 0x00000000c1800000|100%| O|  |TAMS 0x00000000c1700000| PB 0x00000000c1700000| Untracked 
|   4|0x00000000c1800000, 0x00000000c1900000, 0x00000000c1900000|100%| O|  |TAMS 0x00000000c1800000| PB 0x00000000c1800000| Untracked 
|   5|0x00000000c1900000, 0x00000000c1a00000, 0x00000000c1a00000|100%| O|  |TAMS 0x00000000c1900000| PB 0x00000000c1900000| Untracked 
|   6|0x00000000c1a00000, 0x00000000c1b00000, 0x00000000c1b00000|100%| O|  |TAMS 0x00000000c1a00000| PB 0x00000000c1a00000| Untracked 
|   7|0x00000000c1b00000, 0x00000000c1c00000, 0x00000000c1c00000|100%| O|  |TAMS 0x00000000c1b00000| PB 0x00000000c1b00000| Untracked 
|   8|0x00000000c1c00000, 0x00000000c1d00000, 0x00000000c1d00000|100%| O|  |TAMS 0x00000000c1c00000| PB 0x00000000c1c00000| Untracked 
|   9|0x00000000c1d00000, 0x00000000c1e00000, 0x00000000c1e00000|100%| O|  |TAMS 0x00000000c1d00000| PB 0x00000000c1d00000| Untracked 
|  10|0x00000000c1e00000, 0x00000000c1f00000, 0x00000000c1f00000|100%| O|  |TAMS 0x00000000c1e00000| PB 0x00000000c1e00000| Untracked 
|  11|0x00000000c1f00000, 0x00000000c2000000, 0x00000000c2000000|100%|HS|  |TAMS 0x00000000c1f00000| PB 0x00000000c1f00000| Complete 
|  12|0x00000000c2000000, 0x00000000c2100000, 0x00000000c2100000|100%|HC|  |TAMS 0x00000000c2000000| PB 0x00000000c2000000| Complete 
|  13|0x00000000c2100000, 0x00000000c2200000, 0x00000000c2200000|100%|HS|  |TAMS 0x00000000c2100000| PB 0x00000000c2100000| Complete 
|  14|0x00000000c2200000, 0x00000000c2300000, 0x00000000c2300000|100%|HC|  |TAMS 0x00000000c2200000| PB 0x00000000c2200000| Complete 
|  15|0x00000000c2300000, 0x00000000c2400000, 0x00000000c2400000|100%| O|  |TAMS 0x00000000c2300000| PB 0x00000000c2300000| Untracked 
|  16|0x00000000c2400000, 0x00000000c2500000, 0x00000000c2500000|100%| O|  |TAMS 0x00000000c2400000| PB 0x00000000c2400000| Untracked 
|  17|0x00000000c2500000, 0x00000000c2600000, 0x00000000c2600000|100%| O|  |TAMS 0x00000000c2500000| PB 0x00000000c2500000| Untracked 
|  18|0x00000000c2600000, 0x00000000c2700000, 0x00000000c2700000|100%| O|  |TAMS 0x00000000c2600000| PB 0x00000000c2600000| Untracked 
|  19|0x00000000c2700000, 0x00000000c2800000, 0x00000000c2800000|100%| O|  |TAMS 0x00000000c2700000| PB 0x00000000c2700000| Untracked 
|  20|0x00000000c2800000, 0x00000000c2900000, 0x00000000c2900000|100%| O|  |TAMS 0x00000000c2800000| PB 0x00000000c2800000| Untracked 
|  21|0x00000000c2900000, 0x00000000c2a00000, 0x00000000c2a00000|100%| O|  |TAMS 0x00000000c2900000| PB 0x00000000c2900000| Untracked 
|  22|0x00000000c2a00000, 0x00000000c2b00000, 0x00000000c2b00000|100%| O|  |TAMS 0x00000000c2a00000| PB 0x00000000c2a00000| Untracked 
|  23|0x00000000c2b00000, 0x00000000c2c00000, 0x00000000c2c00000|100%| O|  |TAMS 0x00000000c2b00000| PB 0x00000000c2b00000| Untracked 
|  24|0x00000000c2c00000, 0x00000000c2d00000, 0x00000000c2d00000|100%| O|  |TAMS 0x00000000c2c00000| PB 0x00000000c2c00000| Untracked 
|  25|0x00000000c2d00000, 0x00000000c2e00000, 0x00000000c2e00000|100%|HS|  |TAMS 0x00000000c2d00000| PB 0x00000000c2d00000| Complete 
|  26|0x00000000c2e00000, 0x00000000c2f00000, 0x00000000c2f00000|100%|HC|  |TAMS 0x00000000c2e00000| PB 0x00000000c2e00000| Complete 
|  27|0x00000000c2f00000, 0x00000000c3000000, 0x00000000c3000000|100%| O|  |TAMS 0x00000000c2f00000| PB 0x00000000c2f00000| Untracked 
|  28|0x00000000c3000000, 0x00000000c3100000, 0x00000000c3100000|100%| S|CS|TAMS 0x00000000c3000000| PB 0x00000000c3000000| Complete 
|  29|0x00000000c3100000, 0x00000000c3200000, 0x00000000c3200000|100%| S|CS|TAMS 0x00000000c3100000| PB 0x00000000c3100000| Complete 
|  30|0x00000000c3200000, 0x00000000c3300000, 0x00000000c3300000|100%| S|CS|TAMS 0x00000000c3200000| PB 0x00000000c3200000| Complete 
|  31|0x00000000c3300000, 0x00000000c3400000, 0x00000000c3400000|100%| O|  |TAMS 0x00000000c3300000| PB 0x00000000c3300000| Untracked 
|  32|0x00000000c3400000, 0x00000000c3500000, 0x00000000c3500000|100%| O|  |TAMS 0x00000000c3400000| PB 0x00000000c3400000| Untracked 
|  33|0x00000000c3500000, 0x00000000c3600000, 0x00000000c3600000|100%| O|  |TAMS 0x00000000c3500000| PB 0x00000000c3500000| Untracked 
|  34|0x00000000c3600000, 0x00000000c3700000, 0x00000000c3700000|100%| O|  |TAMS 0x00000000c3600000| PB 0x00000000c3600000| Untracked 
|  35|0x00000000c3700000, 0x00000000c3800000, 0x00000000c3800000|100%| O|  |TAMS 0x00000000c3700000| PB 0x00000000c3700000| Untracked 
|  36|0x00000000c3800000, 0x00000000c3900000, 0x00000000c3900000|100%| O|  |TAMS 0x00000000c3800000| PB 0x00000000c3800000| Untracked 
|  37|0x00000000c3900000, 0x00000000c3a00000, 0x00000000c3a00000|100%| O|  |TAMS 0x00000000c3900000| PB 0x00000000c3900000| Untracked 
|  38|0x00000000c3a00000, 0x00000000c3b00000, 0x00000000c3b00000|100%| S|CS|TAMS 0x00000000c3a00000| PB 0x00000000c3a00000| Complete 
|  39|0x00000000c3b00000, 0x00000000c3c00000, 0x00000000c3c00000|100%| S|CS|TAMS 0x00000000c3b00000| PB 0x00000000c3b00000| Complete 
|  40|0x00000000c3c00000, 0x00000000c3c00000, 0x00000000c3d00000|  0%| F|  |TAMS 0x00000000c3c00000| PB 0x00000000c3c00000| Untracked 
|  41|0x00000000c3d00000, 0x00000000c3d00000, 0x00000000c3e00000|  0%| F|  |TAMS 0x00000000c3d00000| PB 0x00000000c3d00000| Untracked 
|  42|0x00000000c3e00000, 0x00000000c3e00000, 0x00000000c3f00000|  0%| F|  |TAMS 0x00000000c3e00000| PB 0x00000000c3e00000| Untracked 
|  43|0x00000000c3f00000, 0x00000000c3f00000, 0x00000000c4000000|  0%| F|  |TAMS 0x00000000c3f00000| PB 0x00000000c3f00000| Untracked 
|  44|0x00000000c4000000, 0x00000000c4000000, 0x00000000c4100000|  0%| F|  |TAMS 0x00000000c4000000| PB 0x00000000c4000000| Untracked 
|  45|0x00000000c4100000, 0x00000000c4100000, 0x00000000c4200000|  0%| F|  |TAMS 0x00000000c4100000| PB 0x00000000c4100000| Untracked 
|  46|0x00000000c4200000, 0x00000000c4200000, 0x00000000c4300000|  0%| F|  |TAMS 0x00000000c4200000| PB 0x00000000c4200000| Untracked 
|  47|0x00000000c4300000, 0x00000000c4300000, 0x00000000c4400000|  0%| F|  |TAMS 0x00000000c4300000| PB 0x00000000c4300000| Untracked 
|  48|0x00000000c4400000, 0x00000000c4400000, 0x00000000c4500000|  0%| F|  |TAMS 0x00000000c4400000| PB 0x00000000c4400000| Untracked 
|  49|0x00000000c4500000, 0x00000000c4500000, 0x00000000c4600000|  0%| F|  |TAMS 0x00000000c4500000| PB 0x00000000c4500000| Untracked 
|  50|0x00000000c4600000, 0x00000000c4600000, 0x00000000c4700000|  0%| F|  |TAMS 0x00000000c4600000| PB 0x00000000c4600000| Untracked 
|  51|0x00000000c4700000, 0x00000000c4700000, 0x00000000c4800000|  0%| F|  |TAMS 0x00000000c4700000| PB 0x00000000c4700000| Untracked 
|  52|0x00000000c4800000, 0x00000000c4800000, 0x00000000c4900000|  0%| F|  |TAMS 0x00000000c4800000| PB 0x00000000c4800000| Untracked 
|  53|0x00000000c4900000, 0x00000000c4900000, 0x00000000c4a00000|  0%| F|  |TAMS 0x00000000c4900000| PB 0x00000000c4900000| Untracked 
|  54|0x00000000c4a00000, 0x00000000c4a00000, 0x00000000c4b00000|  0%| F|  |TAMS 0x00000000c4a00000| PB 0x00000000c4a00000| Untracked 
|  55|0x00000000c4b00000, 0x00000000c4b00000, 0x00000000c4c00000|  0%| F|  |TAMS 0x00000000c4b00000| PB 0x00000000c4b00000| Untracked 
|  56|0x00000000c4c00000, 0x00000000c4c00000, 0x00000000c4d00000|  0%| F|  |TAMS 0x00000000c4c00000| PB 0x00000000c4c00000| Untracked 
|  57|0x00000000c4d00000, 0x00000000c4d00000, 0x00000000c4e00000|  0%| F|  |TAMS 0x00000000c4d00000| PB 0x00000000c4d00000| Untracked 
|  58|0x00000000c4e00000, 0x00000000c4e00000, 0x00000000c4f00000|  0%| F|  |TAMS 0x00000000c4e00000| PB 0x00000000c4e00000| Untracked 
|  59|0x00000000c4f00000, 0x00000000c4f00000, 0x00000000c5000000|  0%| F|  |TAMS 0x00000000c4f00000| PB 0x00000000c4f00000| Untracked 
|  60|0x00000000c5000000, 0x00000000c5000000, 0x00000000c5100000|  0%| F|  |TAMS 0x00000000c5000000| PB 0x00000000c5000000| Untracked 
|  61|0x00000000c5100000, 0x00000000c5100000, 0x00000000c5200000|  0%| F|  |TAMS 0x00000000c5100000| PB 0x00000000c5100000| Untracked 
|  62|0x00000000c5200000, 0x00000000c5200000, 0x00000000c5300000|  0%| F|  |TAMS 0x00000000c5200000| PB 0x00000000c5200000| Untracked 
|  63|0x00000000c5300000, 0x00000000c5300000, 0x00000000c5400000|  0%| F|  |TAMS 0x00000000c5300000| PB 0x00000000c5300000| Untracked 
|  64|0x00000000c5400000, 0x00000000c5400000, 0x00000000c5500000|  0%| F|  |TAMS 0x00000000c5400000| PB 0x00000000c5400000| Untracked 
|  65|0x00000000c5500000, 0x00000000c5500000, 0x00000000c5600000|  0%| F|  |TAMS 0x00000000c5500000| PB 0x00000000c5500000| Untracked 
|  66|0x00000000c5600000, 0x00000000c5600000, 0x00000000c5700000|  0%| F|  |TAMS 0x00000000c5600000| PB 0x00000000c5600000| Untracked 
|  67|0x00000000c5700000, 0x00000000c5700000, 0x00000000c5800000|  0%| F|  |TAMS 0x00000000c5700000| PB 0x00000000c5700000| Untracked 
|  68|0x00000000c5800000, 0x00000000c5800000, 0x00000000c5900000|  0%| F|  |TAMS 0x00000000c5800000| PB 0x00000000c5800000| Untracked 
|  69|0x00000000c5900000, 0x00000000c5900000, 0x00000000c5a00000|  0%| F|  |TAMS 0x00000000c5900000| PB 0x00000000c5900000| Untracked 
|  70|0x00000000c5a00000, 0x00000000c5a00000, 0x00000000c5b00000|  0%| F|  |TAMS 0x00000000c5a00000| PB 0x00000000c5a00000| Untracked 
|  71|0x00000000c5b00000, 0x00000000c5b00000, 0x00000000c5c00000|  0%| F|  |TAMS 0x00000000c5b00000| PB 0x00000000c5b00000| Untracked 
|  72|0x00000000c5c00000, 0x00000000c5c00000, 0x00000000c5d00000|  0%| F|  |TAMS 0x00000000c5c00000| PB 0x00000000c5c00000| Untracked 
|  73|0x00000000c5d00000, 0x00000000c5d00000, 0x00000000c5e00000|  0%| F|  |TAMS 0x00000000c5d00000| PB 0x00000000c5d00000| Untracked 
|  74|0x00000000c5e00000, 0x00000000c5e00000, 0x00000000c5f00000|  0%| F|  |TAMS 0x00000000c5e00000| PB 0x00000000c5e00000| Untracked 
|  75|0x00000000c5f00000, 0x00000000c5f00000, 0x00000000c6000000|  0%| F|  |TAMS 0x00000000c5f00000| PB 0x00000000c5f00000| Untracked 
|  76|0x00000000c6000000, 0x00000000c6000000, 0x00000000c6100000|  0%| F|  |TAMS 0x00000000c6000000| PB 0x00000000c6000000| Untracked 
|  77|0x00000000c6100000, 0x00000000c6100000, 0x00000000c6200000|  0%| F|  |TAMS 0x00000000c6100000| PB 0x00000000c6100000| Untracked 
|  78|0x00000000c6200000, 0x00000000c6200000, 0x00000000c6300000|  0%| F|  |TAMS 0x00000000c6200000| PB 0x00000000c6200000| Untracked 
|  79|0x00000000c6300000, 0x00000000c6300000, 0x00000000c6400000|  0%| F|  |TAMS 0x00000000c6300000| PB 0x00000000c6300000| Untracked 
|  80|0x00000000c6400000, 0x00000000c6400000, 0x00000000c6500000|  0%| F|  |TAMS 0x00000000c6400000| PB 0x00000000c6400000| Untracked 
|  81|0x00000000c6500000, 0x00000000c6500000, 0x00000000c6600000|  0%| F|  |TAMS 0x00000000c6500000| PB 0x00000000c6500000| Untracked 
|  82|0x00000000c6600000, 0x00000000c6600000, 0x00000000c6700000|  0%| F|  |TAMS 0x00000000c6600000| PB 0x00000000c6600000| Untracked 
|  83|0x00000000c6700000, 0x00000000c6700000, 0x00000000c6800000|  0%| F|  |TAMS 0x00000000c6700000| PB 0x00000000c6700000| Untracked 
|  84|0x00000000c6800000, 0x00000000c6800000, 0x00000000c6900000|  0%| F|  |TAMS 0x00000000c6800000| PB 0x00000000c6800000| Untracked 
|  85|0x00000000c6900000, 0x00000000c6900000, 0x00000000c6a00000|  0%| F|  |TAMS 0x00000000c6900000| PB 0x00000000c6900000| Untracked 
|  86|0x00000000c6a00000, 0x00000000c6a00000, 0x00000000c6b00000|  0%| F|  |TAMS 0x00000000c6a00000| PB 0x00000000c6a00000| Untracked 
|  87|0x00000000c6b00000, 0x00000000c6b00000, 0x00000000c6c00000|  0%| F|  |TAMS 0x00000000c6b00000| PB 0x00000000c6b00000| Untracked 
|  88|0x00000000c6c00000, 0x00000000c6c00000, 0x00000000c6d00000|  0%| F|  |TAMS 0x00000000c6c00000| PB 0x00000000c6c00000| Untracked 
|  89|0x00000000c6d00000, 0x00000000c6d00000, 0x00000000c6e00000|  0%| F|  |TAMS 0x00000000c6d00000| PB 0x00000000c6d00000| Untracked 
|  90|0x00000000c6e00000, 0x00000000c6e00000, 0x00000000c6f00000|  0%| F|  |TAMS 0x00000000c6e00000| PB 0x00000000c6e00000| Untracked 
|  91|0x00000000c6f00000, 0x00000000c6f00000, 0x00000000c7000000|  0%| F|  |TAMS 0x00000000c6f00000| PB 0x00000000c6f00000| Untracked 
|  92|0x00000000c7000000, 0x00000000c7000000, 0x00000000c7100000|  0%| F|  |TAMS 0x00000000c7000000| PB 0x00000000c7000000| Untracked 
|  93|0x00000000c7100000, 0x00000000c7100000, 0x00000000c7200000|  0%| F|  |TAMS 0x00000000c7100000| PB 0x00000000c7100000| Untracked 
|  94|0x00000000c7200000, 0x00000000c7200000, 0x00000000c7300000|  0%| F|  |TAMS 0x00000000c7200000| PB 0x00000000c7200000| Untracked 
|  95|0x00000000c7300000, 0x00000000c7300000, 0x00000000c7400000|  0%| F|  |TAMS 0x00000000c7300000| PB 0x00000000c7300000| Untracked 
|  96|0x00000000c7400000, 0x00000000c7400000, 0x00000000c7500000|  0%| F|  |TAMS 0x00000000c7400000| PB 0x00000000c7400000| Untracked 
|  97|0x00000000c7500000, 0x00000000c7500000, 0x00000000c7600000|  0%| F|  |TAMS 0x00000000c7500000| PB 0x00000000c7500000| Untracked 
|  98|0x00000000c7600000, 0x00000000c7600000, 0x00000000c7700000|  0%| F|  |TAMS 0x00000000c7600000| PB 0x00000000c7600000| Untracked 
|  99|0x00000000c7700000, 0x00000000c7700000, 0x00000000c7800000|  0%| F|  |TAMS 0x00000000c7700000| PB 0x00000000c7700000| Untracked 
| 100|0x00000000c7800000, 0x00000000c7800000, 0x00000000c7900000|  0%| F|  |TAMS 0x00000000c7800000| PB 0x00000000c7800000| Untracked 
| 101|0x00000000c7900000, 0x00000000c7900000, 0x00000000c7a00000|  0%| F|  |TAMS 0x00000000c7900000| PB 0x00000000c7900000| Untracked 
| 102|0x00000000c7a00000, 0x00000000c7a00000, 0x00000000c7b00000|  0%| F|  |TAMS 0x00000000c7a00000| PB 0x00000000c7a00000| Untracked 
| 103|0x00000000c7b00000, 0x00000000c7b00000, 0x00000000c7c00000|  0%| F|  |TAMS 0x00000000c7b00000| PB 0x00000000c7b00000| Untracked 
| 104|0x00000000c7c00000, 0x00000000c7c00000, 0x00000000c7d00000|  0%| F|  |TAMS 0x00000000c7c00000| PB 0x00000000c7c00000| Untracked 
| 105|0x00000000c7d00000, 0x00000000c7d00000, 0x00000000c7e00000|  0%| F|  |TAMS 0x00000000c7d00000| PB 0x00000000c7d00000| Untracked 
| 106|0x00000000c7e00000, 0x00000000c7e00000, 0x00000000c7f00000|  0%| F|  |TAMS 0x00000000c7e00000| PB 0x00000000c7e00000| Untracked 
| 107|0x00000000c7f00000, 0x00000000c7f00000, 0x00000000c8000000|  0%| F|  |TAMS 0x00000000c7f00000| PB 0x00000000c7f00000| Untracked 
| 108|0x00000000c8000000, 0x00000000c8000000, 0x00000000c8100000|  0%| F|  |TAMS 0x00000000c8000000| PB 0x00000000c8000000| Untracked 
| 109|0x00000000c8100000, 0x00000000c8100000, 0x00000000c8200000|  0%| F|  |TAMS 0x00000000c8100000| PB 0x00000000c8100000| Untracked 
| 110|0x00000000c8200000, 0x00000000c8200000, 0x00000000c8300000|  0%| F|  |TAMS 0x00000000c8200000| PB 0x00000000c8200000| Untracked 
| 111|0x00000000c8300000, 0x00000000c8300000, 0x00000000c8400000|  0%| F|  |TAMS 0x00000000c8300000| PB 0x00000000c8300000| Untracked 
| 112|0x00000000c8400000, 0x00000000c8400000, 0x00000000c8500000|  0%| F|  |TAMS 0x00000000c8400000| PB 0x00000000c8400000| Untracked 
| 113|0x00000000c8500000, 0x00000000c8500000, 0x00000000c8600000|  0%| F|  |TAMS 0x00000000c8500000| PB 0x00000000c8500000| Untracked 
| 114|0x00000000c8600000, 0x00000000c8600000, 0x00000000c8700000|  0%| F|  |TAMS 0x00000000c8600000| PB 0x00000000c8600000| Untracked 
| 115|0x00000000c8700000, 0x00000000c8700000, 0x00000000c8800000|  0%| F|  |TAMS 0x00000000c8700000| PB 0x00000000c8700000| Untracked 
| 116|0x00000000c8800000, 0x00000000c8800000, 0x00000000c8900000|  0%| F|  |TAMS 0x00000000c8800000| PB 0x00000000c8800000| Untracked 
| 117|0x00000000c8900000, 0x00000000c8900000, 0x00000000c8a00000|  0%| F|  |TAMS 0x00000000c8900000| PB 0x00000000c8900000| Untracked 
| 118|0x00000000c8a00000, 0x00000000c8a00000, 0x00000000c8b00000|  0%| F|  |TAMS 0x00000000c8a00000| PB 0x00000000c8a00000| Untracked 
| 119|0x00000000c8b00000, 0x00000000c8b00000, 0x00000000c8c00000|  0%| F|  |TAMS 0x00000000c8b00000| PB 0x00000000c8b00000| Untracked 
| 120|0x00000000c8c00000, 0x00000000c8c00000, 0x00000000c8d00000|  0%| F|  |TAMS 0x00000000c8c00000| PB 0x00000000c8c00000| Untracked 
| 121|0x00000000c8d00000, 0x00000000c8d00000, 0x00000000c8e00000|  0%| F|  |TAMS 0x00000000c8d00000| PB 0x00000000c8d00000| Untracked 
| 122|0x00000000c8e00000, 0x00000000c8e10010, 0x00000000c8f00000|  6%| E|  |TAMS 0x00000000c8e00000| PB 0x00000000c8e00000| Complete 
| 123|0x00000000c8f00000, 0x00000000c8ff0070, 0x00000000c9000000| 93%| E|  |TAMS 0x00000000c8f00000| PB 0x00000000c8f00000| Complete 
| 124|0x00000000c9000000, 0x00000000c9100000, 0x00000000c9100000|100%| E|CS|TAMS 0x00000000c9000000| PB 0x00000000c9000000| Complete 
| 125|0x00000000c9100000, 0x00000000c9200000, 0x00000000c9200000|100%| E|CS|TAMS 0x00000000c9100000| PB 0x00000000c9100000| Complete 
| 126|0x00000000c9200000, 0x00000000c9300000, 0x00000000c9300000|100%| E|CS|TAMS 0x00000000c9200000| PB 0x00000000c9200000| Complete 
| 127|0x00000000c9300000, 0x00000000c9400000, 0x00000000c9400000|100%| E|CS|TAMS 0x00000000c9300000| PB 0x00000000c9300000| Complete 
| 128|0x00000000c9400000, 0x00000000c9500000, 0x00000000c9500000|100%| E|CS|TAMS 0x00000000c9400000| PB 0x00000000c9400000| Complete 
| 129|0x00000000c9500000, 0x00000000c9600000, 0x00000000c9600000|100%| E|CS|TAMS 0x00000000c9500000| PB 0x00000000c9500000| Complete 
| 130|0x00000000c9600000, 0x00000000c9700000, 0x00000000c9700000|100%| E|CS|TAMS 0x00000000c9600000| PB 0x00000000c9600000| Complete 
| 131|0x00000000c9700000, 0x00000000c9800000, 0x00000000c9800000|100%| E|CS|TAMS 0x00000000c9700000| PB 0x00000000c9700000| Complete 
| 132|0x00000000c9800000, 0x00000000c9900000, 0x00000000c9900000|100%| E|CS|TAMS 0x00000000c9800000| PB 0x00000000c9800000| Complete 
| 133|0x00000000c9900000, 0x00000000c9a00000, 0x00000000c9a00000|100%| E|CS|TAMS 0x00000000c9900000| PB 0x00000000c9900000| Complete 
| 990|0x00000000ff200000, 0x00000000ff2d6d98, 0x00000000ff300000| 83%| O|  |TAMS 0x00000000ff200000| PB 0x00000000ff200000| Untracked 
| 991|0x00000000ff300000, 0x00000000ff400000, 0x00000000ff400000|100%| O|  |TAMS 0x00000000ff300000| PB 0x00000000ff300000| Untracked 
| 992|0x00000000ff400000, 0x00000000ff500000, 0x00000000ff500000|100%| O|  |TAMS 0x00000000ff400000| PB 0x00000000ff400000| Untracked 
| 993|0x00000000ff500000, 0x00000000ff600000, 0x00000000ff600000|100%| O|  |TAMS 0x00000000ff500000| PB 0x00000000ff500000| Untracked 
| 994|0x00000000ff600000, 0x00000000ff700000, 0x00000000ff700000|100%| O|  |TAMS 0x00000000ff600000| PB 0x00000000ff600000| Untracked 
| 995|0x00000000ff700000, 0x00000000ff800000, 0x00000000ff800000|100%| O|  |TAMS 0x00000000ff700000| PB 0x00000000ff700000| Untracked 
| 996|0x00000000ff800000, 0x00000000ff900000, 0x00000000ff900000|100%| O|  |TAMS 0x00000000ff800000| PB 0x00000000ff800000| Untracked 
| 997|0x00000000ff900000, 0x00000000ffa00000, 0x00000000ffa00000|100%| O|  |TAMS 0x00000000ff900000| PB 0x00000000ff900000| Untracked 
| 998|0x00000000ffa00000, 0x00000000ffb00000, 0x00000000ffb00000|100%| O|  |TAMS 0x00000000ffa00000| PB 0x00000000ffa00000| Untracked 
| 999|0x00000000ffb00000, 0x00000000ffc00000, 0x00000000ffc00000|100%| O|  |TAMS 0x00000000ffb00000| PB 0x00000000ffb00000| Untracked 
|1000|0x00000000ffc00000, 0x00000000ffd00000, 0x00000000ffd00000|100%| O|  |TAMS 0x00000000ffc00000| PB 0x00000000ffc00000| Untracked 
|1001|0x00000000ffd00000, 0x00000000ffe00000, 0x00000000ffe00000|100%| O|  |TAMS 0x00000000ffd00000| PB 0x00000000ffd00000| Untracked 
|1002|0x00000000ffe00000, 0x00000000fff00000, 0x00000000fff00000|100%| O|  |TAMS 0x00000000ffe00000| PB 0x00000000ffe00000| Untracked 
|1003|0x00000000fff00000, 0x0000000100000000, 0x0000000100000000|100%| O|  |TAMS 0x00000000fff00000| PB 0x00000000fff00000| Untracked 

Card table byte_map: [0x000001afa0880000,0x000001afa0a80000] _byte_map_base: 0x000001afa0276000

Marking Bits: (CMBitMap*) 0x000001af88fbf5a0
 Bits: [0x000001afa0a80000, 0x000001afa1a30000)

Polling page: 0x000001af86c40000

Metaspace:

Usage:
  Non-class:     28.14 MB used.
      Class:      3.53 MB used.
       Both:     31.67 MB used.

Virtual space:
  Non-class space:       64.00 MB reserved,      28.44 MB ( 44%) committed,  1 nodes.
      Class space:        1.00 GB reserved,       3.75 MB ( <1%) committed,  1 nodes.
             Both:        1.06 GB reserved,      32.19 MB (  3%) committed. 

Chunk freelists:
   Non-Class:  3.23 MB
       Class:  12.20 MB
        Both:  15.44 MB

MaxMetaspaceSize: unlimited
CompressedClassSpaceSize: 1.00 GB
Initial GC threshold: 21.00 MB
Current GC threshold: 36.06 MB
CDS: on
 - commit_granule_bytes: 65536.
 - commit_granule_words: 8192.
 - virtual_space_node_default_size: 8388608.
 - enlarge_chunks_in_place: 1.
 - use_allocation_guard: 0.


Internal statistics:

num_allocs_failed_limit: 6.
num_arena_births: 560.
num_arena_deaths: 0.
num_vsnodes_births: 2.
num_vsnodes_deaths: 0.
num_space_committed: 515.
num_space_uncommitted: 0.
num_chunks_returned_to_freelist: 6.
num_chunks_taken_from_freelist: 1776.
num_chunk_merges: 6.
num_chunk_splits: 1242.
num_chunks_enlarged: 923.
num_inconsistent_stats: 0.

CodeHeap 'non-profiled nmethods': size=120000Kb used=4037Kb max_used=4037Kb free=115962Kb
 bounds [0x000001af99150000, 0x000001af99550000, 0x000001afa0680000]
CodeHeap 'profiled nmethods': size=120000Kb used=17838Kb max_used=17838Kb free=102162Kb
 bounds [0x000001af91680000, 0x000001af927f0000, 0x000001af98bb0000]
CodeHeap 'non-nmethods': size=5760Kb used=1469Kb max_used=1506Kb free=4290Kb
 bounds [0x000001af98bb0000, 0x000001af98e20000, 0x000001af99150000]
 total_blobs=8785 nmethods=8235 adapters=454
 compilation: enabled
              stopped_count=0, restarted_count=0
 full_count=0

Compilation events (20 events):
Event: 13.673 Thread 0x000001afa3ea5fd0 8248       2       java.util.Collections$SetFromMap::iterator (10 bytes)
Event: 13.673 Thread 0x000001afa3ea5fd0 nmethod 8248 0x000001af927e3410 code [0x000001af927e35c0, 0x000001af927e36f8]
Event: 13.711 Thread 0x000001afa3ea5fd0 8249       2       java.net.URL::<init> (438 bytes)
Event: 13.714 Thread 0x000001afa3ea5fd0 nmethod 8249 0x000001af927e3790 code [0x000001af927e3c00, 0x000001af927e5250]
Event: 13.714 Thread 0x000001afa3ea5fd0 8250       2       java.lang.Class::searchMethods (104 bytes)
Event: 13.715 Thread 0x000001afa3ea5fd0 nmethod 8250 0x000001af927e5e90 code [0x000001af927e60a0, 0x000001af927e6518]
Event: 13.715 Thread 0x000001afa3ea5fd0 8251       2       java.lang.WeakPairMap$Pair::lookup (10 bytes)
Event: 13.716 Thread 0x000001afa3ea5fd0 nmethod 8251 0x000001af927e6890 code [0x000001af927e6a60, 0x000001af927e6dd8]
Event: 13.716 Thread 0x000001afa3ea5fd0 8252       2       java.lang.WeakPairMap$Pair$Lookup::<init> (21 bytes)
Event: 13.716 Thread 0x000001afa3ea5fd0 nmethod 8252 0x000001af927e6f10 code [0x000001af927e70e0, 0x000001af927e7410]
Event: 13.734 Thread 0x000001afa3ea5fd0 8253       3       lombok.launch.ClassFileMetaData::decodeString (181 bytes)
Event: 13.734 Thread 0x000001afa3ea5fd0 nmethod 8253 0x000001af927e7590 code [0x000001af927e7760, 0x000001af927e7c40]
Event: 13.760 Thread 0x000001afa3ea5fd0 8256       2       java.lang.invoke.LambdaForm$MH/0x000001afa514c400::invoke (34 bytes)
Event: 13.760 Thread 0x000001afa3ea5fd0 nmethod 8256 0x000001af927e7e90 code [0x000001af927e8040, 0x000001af927e8288]
Event: 13.760 Thread 0x000001afa3ea5fd0 8257       2       java.lang.invoke.DirectMethodHandle::staticBase (8 bytes)
Event: 13.760 Thread 0x000001afa3ea5fd0 nmethod 8257 0x000001af927e8410 code [0x000001af927e85a0, 0x000001af927e86c8]
Event: 13.761 Thread 0x000001afa3ea5fd0 8258 %     3       lombok.launch.PackageShader::apply @ 76 (252 bytes)
Event: 13.763 Thread 0x000001afa3ea5fd0 nmethod 8258% 0x000001af927e8790 code [0x000001af927e8a00, 0x000001af927e9870]
Event: 13.765 Thread 0x000001afa3ea5fd0 8259       3       lombok.launch.PackageShader::apply (252 bytes)
Event: 13.766 Thread 0x000001afa3ea5fd0 nmethod 8259 0x000001af927ea010 code [0x000001af927ea260, 0x000001af927ead10]

GC Heap History (20 events):
Event: 6.707 GC heap before
{Heap before GC invocations=6 (full 0):
 garbage-first heap   total 65536K, used 41159K [0x00000000c1400000, 0x0000000100000000)
  region size 1024K, 23 young (23552K), 4 survivors (4096K)
 Metaspace       used 17836K, committed 18112K, reserved 1114112K
  class space    used 1993K, committed 2112K, reserved 1048576K
}
Event: 6.718 GC heap after
{Heap after GC invocations=7 (full 0):
 garbage-first heap   total 65536K, used 23799K [0x00000000c1400000, 0x0000000100000000)
  region size 1024K, 3 young (3072K), 3 survivors (3072K)
 Metaspace       used 17836K, committed 18112K, reserved 1114112K
  class space    used 1993K, committed 2112K, reserved 1048576K
}
Event: 6.741 GC heap before
{Heap before GC invocations=7 (full 0):
 garbage-first heap   total 65536K, used 36087K [0x00000000c1400000, 0x0000000100000000)
  region size 1024K, 4 young (4096K), 3 survivors (3072K)
 Metaspace       used 17836K, committed 18112K, reserved 1114112K
  class space    used 1993K, committed 2112K, reserved 1048576K
}
Event: 6.746 GC heap after
{Heap after GC invocations=8 (full 0):
 garbage-first heap   total 78848K, used 35703K [0x00000000c1400000, 0x0000000100000000)
  region size 1024K, 3 young (3072K), 3 survivors (3072K)
 Metaspace       used 17836K, committed 18112K, reserved 1114112K
  class space    used 1993K, committed 2112K, reserved 1048576K
}
Event: 8.037 GC heap before
{Heap before GC invocations=8 (full 0):
 garbage-first heap   total 78848K, used 68471K [0x00000000c1400000, 0x0000000100000000)
  region size 1024K, 24 young (24576K), 3 survivors (3072K)
 Metaspace       used 20624K, committed 20928K, reserved 1114112K
  class space    used 2302K, committed 2432K, reserved 1048576K
}
Event: 8.045 GC heap after
{Heap after GC invocations=9 (full 0):
 garbage-first heap   total 78848K, used 16227K [0x00000000c1400000, 0x0000000100000000)
  region size 1024K, 4 young (4096K), 4 survivors (4096K)
 Metaspace       used 20624K, committed 20928K, reserved 1114112K
  class space    used 2302K, committed 2432K, reserved 1048576K
}
Event: 8.216 GC heap before
{Heap before GC invocations=9 (full 0):
 garbage-first heap   total 78848K, used 29539K [0x00000000c1400000, 0x0000000100000000)
  region size 1024K, 14 young (14336K), 4 survivors (4096K)
 Metaspace       used 21259K, committed 21504K, reserved 1114112K
  class space    used 2394K, committed 2496K, reserved 1048576K
}
Event: 8.229 GC heap after
{Heap after GC invocations=10 (full 0):
 garbage-first heap   total 78848K, used 23771K [0x00000000c1400000, 0x0000000100000000)
  region size 1024K, 6 young (6144K), 6 survivors (6144K)
 Metaspace       used 21259K, committed 21504K, reserved 1114112K
  class space    used 2394K, committed 2496K, reserved 1048576K
}
Event: 9.550 GC heap before
{Heap before GC invocations=11 (full 0):
 garbage-first heap   total 78848K, used 64731K [0x00000000c1400000, 0x0000000100000000)
  region size 1024K, 46 young (47104K), 6 survivors (6144K)
 Metaspace       used 27293K, committed 27648K, reserved 1114112K
  class space    used 3054K, committed 3200K, reserved 1048576K
}
Event: 9.579 GC heap after
{Heap after GC invocations=12 (full 0):
 garbage-first heap   total 82944K, used 35840K [0x00000000c1400000, 0x0000000100000000)
  region size 1024K, 6 young (6144K), 6 survivors (6144K)
 Metaspace       used 27293K, committed 27648K, reserved 1114112K
  class space    used 3054K, committed 3200K, reserved 1048576K
}
Event: 10.432 GC heap before
{Heap before GC invocations=12 (full 0):
 garbage-first heap   total 82944K, used 66560K [0x00000000c1400000, 0x0000000100000000)
  region size 1024K, 37 young (37888K), 6 survivors (6144K)
 Metaspace       used 29048K, committed 29440K, reserved 1114112K
  class space    used 3256K, committed 3456K, reserved 1048576K
}
Event: 10.448 GC heap after
{Heap after GC invocations=13 (full 0):
 garbage-first heap   total 82944K, used 37376K [0x00000000c1400000, 0x0000000100000000)
  region size 1024K, 2 young (2048K), 2 survivors (2048K)
 Metaspace       used 29048K, committed 29440K, reserved 1114112K
  class space    used 3256K, committed 3456K, reserved 1048576K
}
Event: 11.163 GC heap before
{Heap before GC invocations=13 (full 0):
 garbage-first heap   total 82944K, used 70144K [0x00000000c1400000, 0x0000000100000000)
  region size 1024K, 34 young (34816K), 2 survivors (2048K)
 Metaspace       used 29912K, committed 30400K, reserved 1114112K
  class space    used 3344K, committed 3584K, reserved 1048576K
}
Event: 11.171 GC heap after
{Heap after GC invocations=14 (full 0):
 garbage-first heap   total 82944K, used 37888K [0x00000000c1400000, 0x0000000100000000)
  region size 1024K, 2 young (2048K), 2 survivors (2048K)
 Metaspace       used 29912K, committed 30400K, reserved 1114112K
  class space    used 3344K, committed 3584K, reserved 1048576K
}
Event: 12.442 GC heap before
{Heap before GC invocations=14 (full 0):
 garbage-first heap   total 82944K, used 71680K [0x00000000c1400000, 0x0000000100000000)
  region size 1024K, 35 young (35840K), 2 survivors (2048K)
 Metaspace       used 31915K, committed 32384K, reserved 1114112K
  class space    used 3570K, committed 3776K, reserved 1048576K
}
Event: 12.454 GC heap after
{Heap after GC invocations=15 (full 0):
 garbage-first heap   total 82944K, used 39287K [0x00000000c1400000, 0x0000000100000000)
  region size 1024K, 4 young (4096K), 4 survivors (4096K)
 Metaspace       used 31915K, committed 32384K, reserved 1114112K
  class space    used 3570K, committed 3776K, reserved 1048576K
}
Event: 12.946 GC heap before
{Heap before GC invocations=15 (full 0):
 garbage-first heap   total 82944K, used 41335K [0x00000000c1400000, 0x0000000100000000)
  region size 1024K, 7 young (7168K), 4 survivors (4096K)
 Metaspace       used 31917K, committed 32384K, reserved 1114112K
  class space    used 3570K, committed 3776K, reserved 1048576K
}
Event: 12.954 GC heap after
{Heap after GC invocations=16 (full 0):
 garbage-first heap   total 82944K, used 39595K [0x00000000c1400000, 0x0000000100000000)
  region size 1024K, 3 young (3072K), 3 survivors (3072K)
 Metaspace       used 31917K, committed 32384K, reserved 1114112K
  class space    used 3570K, committed 3776K, reserved 1048576K
}
Event: 13.516 GC heap before
{Heap before GC invocations=16 (full 0):
 garbage-first heap   total 82944K, used 76459K [0x00000000c1400000, 0x0000000100000000)
  region size 1024K, 37 young (37888K), 3 survivors (3072K)
 Metaspace       used 31949K, committed 32512K, reserved 1114112K
  class space    used 3571K, committed 3840K, reserved 1048576K
}
Event: 13.548 GC heap after
{Heap after GC invocations=17 (full 0):
 garbage-first heap   total 151552K, used 55131K [0x00000000c1400000, 0x0000000100000000)
  region size 1024K, 5 young (5120K), 5 survivors (5120K)
 Metaspace       used 31949K, committed 32512K, reserved 1114112K
  class space    used 3571K, committed 3840K, reserved 1048576K
}

Dll operation events (8 events):
Event: 0.011 Loaded shared library C:\Users\Armero\AppData\Roaming\Code\User\globalStorage\pleiades.java-extension-pack-jdk\java\21\bin\java.dll
Event: 0.059 Loaded shared library C:\Users\Armero\AppData\Roaming\Code\User\globalStorage\pleiades.java-extension-pack-jdk\java\21\bin\jsvml.dll
Event: 0.093 Loaded shared library C:\Users\Armero\AppData\Roaming\Code\User\globalStorage\pleiades.java-extension-pack-jdk\java\21\bin\net.dll
Event: 0.098 Loaded shared library C:\Users\Armero\AppData\Roaming\Code\User\globalStorage\pleiades.java-extension-pack-jdk\java\21\bin\nio.dll
Event: 0.105 Loaded shared library C:\Users\Armero\AppData\Roaming\Code\User\globalStorage\pleiades.java-extension-pack-jdk\java\21\bin\zip.dll
Event: 0.374 Loaded shared library C:\Users\Armero\AppData\Roaming\Code\User\globalStorage\pleiades.java-extension-pack-jdk\java\21\bin\jimage.dll
Event: 0.380 Loaded shared library C:\Users\Armero\AppData\Roaming\Code\User\globalStorage\pleiades.java-extension-pack-jdk\maven\latest\lib\jansi-native\Windows\x86_64\jansi.dll
Event: 0.404 Loaded shared library C:\Users\Armero\AppData\Roaming\Code\User\globalStorage\pleiades.java-extension-pack-jdk\java\21\bin\verify.dll

Deoptimization events (20 events):
Event: 12.976 Thread 0x000001af86c9acc0 DEOPT PACKING pc=0x000001af994ce268 sp=0x0000009284efd420
Event: 12.976 Thread 0x000001af86c9acc0 DEOPT UNPACKING pc=0x000001af98c046a2 sp=0x0000009284efd400 mode 2
Event: 12.976 Thread 0x000001af86c9acc0 Uncommon trap: trap_request=0xffffffde fr.pc=0x000001af994ce268 relative=0x0000000000002ca8
Event: 12.976 Thread 0x000001af86c9acc0 Uncommon trap: reason=class_check action=maybe_recompile pc=0x000001af994ce268 method=com.sun.tools.javac.code.Symtab.lookupPackage(Lcom/sun/tools/javac/code/Symbol$ModuleSymbol;Lcom/sun/tools/javac/util/Name;Z)Lcom/sun/tools/javac/code/Symbol$PackageSymb
Event: 12.976 Thread 0x000001af86c9acc0 DEOPT PACKING pc=0x000001af994ce268 sp=0x0000009284efd420
Event: 12.976 Thread 0x000001af86c9acc0 DEOPT UNPACKING pc=0x000001af98c046a2 sp=0x0000009284efd400 mode 2
Event: 12.976 Thread 0x000001af86c9acc0 Uncommon trap: trap_request=0xffffffde fr.pc=0x000001af994ce268 relative=0x0000000000002ca8
Event: 12.976 Thread 0x000001af86c9acc0 Uncommon trap: reason=class_check action=maybe_recompile pc=0x000001af994ce268 method=com.sun.tools.javac.code.Symtab.lookupPackage(Lcom/sun/tools/javac/code/Symbol$ModuleSymbol;Lcom/sun/tools/javac/util/Name;Z)Lcom/sun/tools/javac/code/Symbol$PackageSymb
Event: 12.976 Thread 0x000001af86c9acc0 DEOPT PACKING pc=0x000001af994ce268 sp=0x0000009284efd420
Event: 12.976 Thread 0x000001af86c9acc0 DEOPT UNPACKING pc=0x000001af98c046a2 sp=0x0000009284efd400 mode 2
Event: 12.979 Thread 0x000001af86c9acc0 DEOPT PACKING pc=0x000001af9227f74e sp=0x0000009284efca60
Event: 12.979 Thread 0x000001af86c9acc0 DEOPT UNPACKING pc=0x000001af98c04e42 sp=0x0000009284efbfe0 mode 0
Event: 13.430 Thread 0x000001af86c9acc0 DEOPT PACKING pc=0x000001af92295218 sp=0x0000009284efcca0
Event: 13.430 Thread 0x000001af86c9acc0 DEOPT UNPACKING pc=0x000001af98c04e42 sp=0x0000009284efc1e0 mode 0
Event: 13.594 Thread 0x000001af86c9acc0 Uncommon trap: trap_request=0xffffff45 fr.pc=0x000001af99516d00 relative=0x00000000000009e0
Event: 13.594 Thread 0x000001af86c9acc0 Uncommon trap: reason=unstable_if action=reinterpret pc=0x000001af99516d00 method=com.sun.tools.javac.code.Types$15.visitClassType(Lcom/sun/tools/javac/code/Type$ClassType;Ljava/lang/Void;)Lcom/sun/tools/javac/code/Type; @ 43 c2
Event: 13.594 Thread 0x000001af86c9acc0 DEOPT PACKING pc=0x000001af99516d00 sp=0x0000009284efce30
Event: 13.594 Thread 0x000001af86c9acc0 DEOPT UNPACKING pc=0x000001af98c046a2 sp=0x0000009284efcdf0 mode 2
Event: 13.734 Thread 0x000001af86c9acc0 DEOPT PACKING pc=0x000001af927df90b sp=0x0000009284efc690
Event: 13.734 Thread 0x000001af86c9acc0 DEOPT UNPACKING pc=0x000001af98c04e42 sp=0x0000009284efbb00 mode 0

Classes loaded (20 events):
Event: 11.625 Loading class java/lang/invoke/MethodHandleImpl$Makers$2
Event: 11.625 Loading class java/lang/invoke/MethodHandleImpl$Makers$2 done
Event: 11.625 Loading class java/lang/invoke/MethodHandleImpl$Makers$3
Event: 11.625 Loading class java/lang/invoke/MethodHandleImpl$Makers$3 done
Event: 11.630 Loading class java/lang/runtime/ObjectMethods$1
Event: 11.630 Loading class java/lang/runtime/ObjectMethods$1 done
Event: 11.636 Loading class java/lang/invoke/DirectMethodHandle$1
Event: 11.636 Loading class java/lang/invoke/DirectMethodHandle$1 done
Event: 11.640 Loading class java/util/function/ToIntBiFunction
Event: 11.640 Loading class java/util/function/ToIntBiFunction done
Event: 11.993 Loading class java/lang/invoke/MethodHandleImpl$CountingWrapper
Event: 11.993 Loading class java/lang/invoke/MethodHandleImpl$CountingWrapper done
Event: 12.155 Loading class java/util/EnumMap$Values
Event: 12.156 Loading class java/util/EnumMap$Values done
Event: 12.156 Loading class java/util/EnumMap$ValueIterator
Event: 12.157 Loading class java/util/EnumMap$ValueIterator done
Event: 12.157 Loading class java/util/WeakHashMap$KeyIterator
Event: 12.157 Loading class java/util/WeakHashMap$KeyIterator done
Event: 13.651 Loading class jdk/internal/module/IllegalAccessLogger
Event: 13.651 Loading class jdk/internal/module/IllegalAccessLogger done

Classes unloaded (0 events):
No events

Classes redefined (0 events):
No events

Internal exceptions (20 events):
Event: 13.589 Thread 0x000001af86c9acc0 Exception <a 'sun/nio/fs/WindowsException'{0x00000000c98e0190}> (0x00000000c98e0190) 
thrown [s\src\hotspot\share\prims\jni.cpp, line 520]
Event: 13.589 Thread 0x000001af86c9acc0 Exception <a 'sun/nio/fs/WindowsException'{0x00000000c98e0e68}> (0x00000000c98e0e68) 
thrown [s\src\hotspot\share\prims\jni.cpp, line 520]
Event: 13.589 Thread 0x000001af86c9acc0 Exception <a 'sun/nio/fs/WindowsException'{0x00000000c98ea1b8}> (0x00000000c98ea1b8) 
thrown [s\src\hotspot\share\prims\jni.cpp, line 520]
Event: 13.592 Thread 0x000001af86c9acc0 Exception <a 'sun/nio/fs/WindowsException'{0x00000000c9704fa0}> (0x00000000c9704fa0) 
thrown [s\src\hotspot\share\prims\jni.cpp, line 520]
Event: 13.592 Thread 0x000001af86c9acc0 Exception <a 'sun/nio/fs/WindowsException'{0x00000000c9705d38}> (0x00000000c9705d38) 
thrown [s\src\hotspot\share\prims\jni.cpp, line 520]
Event: 13.598 Thread 0x000001af86c9acc0 Exception <a 'sun/nio/fs/WindowsException'{0x00000000c972b670}> (0x00000000c972b670) 
thrown [s\src\hotspot\share\prims\jni.cpp, line 520]
Event: 13.598 Thread 0x000001af86c9acc0 Exception <a 'sun/nio/fs/WindowsException'{0x00000000c972c330}> (0x00000000c972c330) 
thrown [s\src\hotspot\share\prims\jni.cpp, line 520]
Event: 13.598 Thread 0x000001af86c9acc0 Exception <a 'sun/nio/fs/WindowsException'{0x00000000c9737168}> (0x00000000c9737168) 
thrown [s\src\hotspot\share\prims\jni.cpp, line 520]
Event: 13.599 Thread 0x000001af86c9acc0 Exception <a 'sun/nio/fs/WindowsException'{0x00000000c97512a8}> (0x00000000c97512a8) 
thrown [s\src\hotspot\share\prims\jni.cpp, line 520]
Event: 13.600 Thread 0x000001af86c9acc0 Exception <a 'sun/nio/fs/WindowsException'{0x00000000c9752028}> (0x00000000c9752028) 
thrown [s\src\hotspot\share\prims\jni.cpp, line 520]
Event: 13.601 Thread 0x000001af86c9acc0 Exception <a 'sun/nio/fs/WindowsException'{0x00000000c9754a90}> (0x00000000c9754a90) 
thrown [s\src\hotspot\share\prims\jni.cpp, line 520]
Event: 13.601 Thread 0x000001af86c9acc0 Exception <a 'sun/nio/fs/WindowsException'{0x00000000c9755740}> (0x00000000c9755740) 
thrown [s\src\hotspot\share\prims\jni.cpp, line 520]
Event: 13.601 Thread 0x000001af86c9acc0 Exception <a 'sun/nio/fs/WindowsException'{0x00000000c975ebf8}> (0x00000000c975ebf8) 
thrown [s\src\hotspot\share\prims\jni.cpp, line 520]
Event: 13.603 Thread 0x000001af86c9acc0 Exception <a 'sun/nio/fs/WindowsException'{0x00000000c9779578}> (0x00000000c9779578) 
thrown [s\src\hotspot\share\prims\jni.cpp, line 520]
Event: 13.603 Thread 0x000001af86c9acc0 Exception <a 'sun/nio/fs/WindowsException'{0x00000000c977a2e8}> (0x00000000c977a2e8) 
thrown [s\src\hotspot\share\prims\jni.cpp, line 520]
Event: 13.604 Thread 0x000001af86c9acc0 Exception <a 'sun/nio/fs/WindowsException'{0x00000000c977d468}> (0x00000000c977d468) 
thrown [s\src\hotspot\share\prims\jni.cpp, line 520]
Event: 13.604 Thread 0x000001af86c9acc0 Exception <a 'sun/nio/fs/WindowsException'{0x00000000c977e140}> (0x00000000c977e140) 
thrown [s\src\hotspot\share\prims\jni.cpp, line 520]
Event: 13.604 Thread 0x000001af86c9acc0 Exception <a 'sun/nio/fs/WindowsException'{0x00000000c978d258}> (0x00000000c978d258) 
thrown [s\src\hotspot\share\prims\jni.cpp, line 520]
Event: 13.606 Thread 0x000001af86c9acc0 Exception <a 'sun/nio/fs/WindowsException'{0x00000000c97b9040}> (0x00000000c97b9040) 
thrown [s\src\hotspot\share\prims\jni.cpp, line 520]
Event: 13.606 Thread 0x000001af86c9acc0 Exception <a 'sun/nio/fs/WindowsException'{0x00000000c97b9dd8}> (0x00000000c97b9dd8) 
thrown [s\src\hotspot\share\prims\jni.cpp, line 520]

ZGC Phase Switch (0 events):
No events

VM Operations (20 events):
Event: 11.556 Executing VM operation: ICBufferFull
Event: 11.556 Executing VM operation: ICBufferFull done
Event: 11.576 Executing VM operation: HandshakeAllThreads (Deoptimize)
Event: 11.576 Executing VM operation: HandshakeAllThreads (Deoptimize) done
Event: 11.577 Executing VM operation: HandshakeAllThreads (Deoptimize)
Event: 11.577 Executing VM operation: HandshakeAllThreads (Deoptimize) done
Event: 11.666 Executing VM operation: ICBufferFull
Event: 11.666 Executing VM operation: ICBufferFull done
Event: 11.958 Executing VM operation: HandshakeAllThreads (Deoptimize)
Event: 11.958 Executing VM operation: HandshakeAllThreads (Deoptimize) done
Event: 11.971 Executing VM operation: ICBufferFull
Event: 11.971 Executing VM operation: ICBufferFull done
Event: 12.237 Executing VM operation: ICBufferFull
Event: 12.237 Executing VM operation: ICBufferFull done
Event: 12.441 Executing VM operation: G1CollectForAllocation (G1 Evacuation Pause)
Event: 12.454 Executing VM operation: G1CollectForAllocation (G1 Evacuation Pause) done
Event: 12.946 Executing VM operation: G1TryInitiateConcMark (G1 Humongous Allocation)
Event: 12.954 Executing VM operation: G1TryInitiateConcMark (G1 Humongous Allocation) done
Event: 13.516 Executing VM operation: G1CollectForAllocation (G1 Evacuation Pause)
Event: 13.549 Executing VM operation: G1CollectForAllocation (G1 Evacuation Pause) done

Memory protections (0 events):
No events

Nmethod flushes (0 events):
No events

Events (16 events):
Event: 0.034 Thread 0x000001af86c9acc0 Thread added: 0x000001af86c9acc0
Event: 0.056 Thread 0x000001af86c9acc0 Thread added: 0x000001afa3e8b980
Event: 0.056 Thread 0x000001af86c9acc0 Thread added: 0x000001afa3e8c840
Event: 0.057 Thread 0x000001af86c9acc0 Thread added: 0x000001afa3e93790
Event: 0.057 Thread 0x000001af86c9acc0 Thread added: 0x000001afa3e98870
Event: 0.057 Thread 0x000001af86c9acc0 Thread added: 0x000001afa3e981e0
Event: 0.057 Thread 0x000001af86c9acc0 Thread added: 0x000001afa3e95a80
Event: 0.057 Thread 0x000001af86c9acc0 Thread added: 0x000001afa3ea4fe0
Event: 0.057 Thread 0x000001af86c9acc0 Thread added: 0x000001afa3ea5fd0
Event: 0.085 Thread 0x000001af86c9acc0 Thread added: 0x000001afa3e967a0
Event: 0.088 Thread 0x000001af86c9acc0 Thread added: 0x000001afa3e974c0
Event: 0.372 Thread 0x000001af86c9acc0 Thread added: 0x000001afa3e96110
Event: 0.605 Thread 0x000001afa3e96110 Thread exited: 0x000001afa3e96110
Event: 1.078 Thread 0x000001afa3ea4fe0 Thread added: 0x000001afe9b04500
Event: 2.811 Thread 0x000001af86c9acc0 Thread added: 0x000001afa3e96e30
Event: 8.025 Thread 0x000001afe9b04500 Thread exited: 0x000001afe9b04500


Dynamic libraries:
0x00007ff6f7cc0000 - 0x00007ff6f7cce000 	C:\Users\Armero\AppData\Roaming\Code\User\globalStorage\pleiades.java-extension-pack-jdk\java\21\bin\java.exe
0x00007ffd23410000 - 0x00007ffd23608000 	C:\Windows\SYSTEM32\ntdll.dll
0x00007ffd21ac0000 - 0x00007ffd21b82000 	C:\Windows\System32\KERNEL32.DLL
0x00007ffd20d30000 - 0x00007ffd21026000 	C:\Windows\System32\KERNELBASE.dll
0x00007ffd21340000 - 0x00007ffd21440000 	C:\Windows\System32\ucrtbase.dll
0x00007ffd1a2a0000 - 0x00007ffd1a2b8000 	C:\Users\Armero\AppData\Roaming\Code\User\globalStorage\pleiades.java-extension-pack-jdk\java\21\bin\jli.dll
0x00007ffd19890000 - 0x00007ffd198ae000 	C:\Users\Armero\AppData\Roaming\Code\User\globalStorage\pleiades.java-extension-pack-jdk\java\21\bin\VCRUNTIME140.dll
0x00007ffd215a0000 - 0x00007ffd2173d000 	C:\Windows\System32\USER32.dll
0x00007ffd21220000 - 0x00007ffd21242000 	C:\Windows\System32\win32u.dll
0x00007ffd13050000 - 0x00007ffd132ea000 	C:\Windows\WinSxS\amd64_microsoft.windows.common-controls_6595b64144ccf1df_6.0.19041.5794_none_60bcd33171f2783c\COMCTL32.dll
0x00007ffd22b40000 - 0x00007ffd22b6b000 	C:\Windows\System32\GDI32.dll
0x00007ffd22df0000 - 0x00007ffd22e8e000 	C:\Windows\System32\msvcrt.dll
0x00007ffd20ab0000 - 0x00007ffd20bca000 	C:\Windows\System32\gdi32full.dll
0x00007ffd21250000 - 0x00007ffd212ed000 	C:\Windows\System32\msvcp_win.dll
0x00007ffd22b00000 - 0x00007ffd22b2f000 	C:\Windows\System32\IMM32.DLL
0x00007ffd1dd20000 - 0x00007ffd1dd2c000 	C:\Users\Armero\AppData\Roaming\Code\User\globalStorage\pleiades.java-extension-pack-jdk\java\21\bin\vcruntime140_1.dll
0x00007ffd09150000 - 0x00007ffd091dd000 	C:\Users\Armero\AppData\Roaming\Code\User\globalStorage\pleiades.java-extension-pack-jdk\java\21\bin\msvcp140.dll
0x00007ffcf3b30000 - 0x00007ffcf48c0000 	C:\Users\Armero\AppData\Roaming\Code\User\globalStorage\pleiades.java-extension-pack-jdk\java\21\bin\server\jvm.dll
0x00007ffd22cb0000 - 0x00007ffd22d5f000 	C:\Windows\System32\ADVAPI32.dll
0x00007ffd21500000 - 0x00007ffd2159f000 	C:\Windows\System32\sechost.dll
0x00007ffd22150000 - 0x00007ffd22273000 	C:\Windows\System32\RPCRT4.dll
0x00007ffd20bd0000 - 0x00007ffd20bf7000 	C:\Windows\System32\bcrypt.dll
0x00007ffd23300000 - 0x00007ffd2336b000 	C:\Windows\System32\WS2_32.dll
0x00007ffd20910000 - 0x00007ffd2095b000 	C:\Windows\SYSTEM32\POWRPROF.dll
0x00007ffd0ac10000 - 0x00007ffd0ac37000 	C:\Windows\SYSTEM32\WINMM.dll
0x00007ffd14250000 - 0x00007ffd1425a000 	C:\Windows\SYSTEM32\VERSION.dll
0x00007ffd208f0000 - 0x00007ffd20902000 	C:\Windows\SYSTEM32\UMPDC.dll
0x00007ffd1e950000 - 0x00007ffd1e962000 	C:\Windows\SYSTEM32\kernel.appcore.dll
0x00007ffd1dca0000 - 0x00007ffd1dcaa000 	C:\Users\Armero\AppData\Roaming\Code\User\globalStorage\pleiades.java-extension-pack-jdk\java\21\bin\jimage.dll
0x00007ffd13520000 - 0x00007ffd13721000 	C:\Windows\SYSTEM32\DBGHELP.DLL
0x00007ffd0ee20000 - 0x00007ffd0ee54000 	C:\Windows\SYSTEM32\dbgcore.DLL
0x00007ffd21190000 - 0x00007ffd21212000 	C:\Windows\System32\bcryptPrimitives.dll
0x00007ffd196a0000 - 0x00007ffd196bf000 	C:\Users\Armero\AppData\Roaming\Code\User\globalStorage\pleiades.java-extension-pack-jdk\java\21\bin\java.dll
0x00007ffd22280000 - 0x00007ffd229ee000 	C:\Windows\System32\SHELL32.dll
0x00007ffd1eb50000 - 0x00007ffd1f2f3000 	C:\Windows\SYSTEM32\windows.storage.dll
0x00007ffd21c70000 - 0x00007ffd21fc3000 	C:\Windows\System32\combase.dll
0x00007ffd20410000 - 0x00007ffd2043b000 	C:\Windows\SYSTEM32\Wldp.dll
0x00007ffd22080000 - 0x00007ffd2214d000 	C:\Windows\System32\OLEAUT32.dll
0x00007ffd229f0000 - 0x00007ffd22a9d000 	C:\Windows\System32\SHCORE.dll
0x00007ffd22aa0000 - 0x00007ffd22af5000 	C:\Windows\System32\shlwapi.dll
0x00007ffd209e0000 - 0x00007ffd20a05000 	C:\Windows\SYSTEM32\profapi.dll
0x00007ffd00020000 - 0x00007ffd000f7000 	C:\Users\Armero\AppData\Roaming\Code\User\globalStorage\pleiades.java-extension-pack-jdk\java\21\bin\jsvml.dll
0x00007ffd1d7b0000 - 0x00007ffd1d7c0000 	C:\Users\Armero\AppData\Roaming\Code\User\globalStorage\pleiades.java-extension-pack-jdk\java\21\bin\net.dll
0x00007ffd19b40000 - 0x00007ffd19c4a000 	C:\Windows\SYSTEM32\WINHTTP.dll
0x00007ffd20170000 - 0x00007ffd201dc000 	C:\Windows\system32\mswsock.dll
0x00007ffd19680000 - 0x00007ffd19696000 	C:\Users\Armero\AppData\Roaming\Code\User\globalStorage\pleiades.java-extension-pack-jdk\java\21\bin\nio.dll
0x00007ffd19630000 - 0x00007ffd19648000 	C:\Users\Armero\AppData\Roaming\Code\User\globalStorage\pleiades.java-extension-pack-jdk\java\21\bin\zip.dll
0x00007ffd19210000 - 0x00007ffd19234000 	C:\Users\Armero\AppData\Roaming\Code\User\globalStorage\pleiades.java-extension-pack-jdk\maven\latest\lib\jansi-native\Windows\x86_64\jansi.dll
0x00007ffd19880000 - 0x00007ffd19890000 	C:\Users\Armero\AppData\Roaming\Code\User\globalStorage\pleiades.java-extension-pack-jdk\java\21\bin\verify.dll

dbghelp: loaded successfully - version: 4.0.5 - missing functions: none
symbol engine: initialized successfully - sym options: 0x614 - pdb path: .;C:\Users\Armero\AppData\Roaming\Code\User\globalStorage\pleiades.java-extension-pack-jdk\java\21\bin;C:\Windows\SYSTEM32;C:\Windows\WinSxS\amd64_microsoft.windows.common-controls_6595b64144ccf1df_6.0.19041.5794_none_60bcd33171f2783c;C:\Users\Armero\AppData\Roaming\Code\User\globalStorage\pleiades.java-extension-pack-jdk\java\21\bin\server;C:\Users\Armero\AppData\Roaming\Code\User\globalStorage\pleiades.java-extension-pack-jdk\maven\latest\lib\jansi-native\Windows\x86_64

VM Arguments:
jvm_args: -Dstdout.encoding=UTF-8 -Dstderr.encoding=UTF-8 --enable-native-access=ALL-UNNAMED -Dclassworlds.conf=C:\Users\Armero\AppData\Roaming\Code\User\globalStorage\pleiades.java-extension-pack-jdk\maven\latest\bin\m2.conf -Dmaven.home=C:\Users\Armero\AppData\Roaming\Code\User\globalStorage\pleiades.java-extension-pack-jdk\maven\latest -Dlibrary.jansi.path=C:\Users\Armero\AppData\Roaming\Code\User\globalStorage\pleiades.java-extension-pack-jdk\maven\latest\lib\jansi-native -Dmaven.multiModuleProjectDirectory=C:\Users\Armero\Documents\FinalDistribuidos\orquestador_service 
java_command: org.codehaus.plexus.classworlds.launcher.Launcher spring-boot:run
java_class_path (initial): C:\Users\Armero\AppData\Roaming\Code\User\globalStorage\pleiades.java-extension-pack-jdk\maven\latest\boot\plexus-classworlds-2.9.0.jar
Launcher Type: SUN_STANDARD

[Global flags]
     intx CICompilerCount                          = 3                                         {product} {ergonomic}
     uint ConcGCThreads                            = 1                                         {product} {ergonomic}
     uint G1ConcRefinementThreads                  = 4                                         {product} {ergonomic}
   size_t G1HeapRegionSize                         = 1048576                                   {product} {ergonomic}
    uintx GCDrainStackTargetSize                   = 64                                        {product} {ergonomic}
   size_t InitialHeapSize                          = 67108864                                  {product} {ergonomic}
   size_t MarkStackSize                            = 4194304                                   {product} {ergonomic}
   size_t MaxHeapSize                              = 1052770304                                {product} {ergonomic}
   size_t MaxNewSize                               = 631242752                                 {product} {ergonomic}
   size_t MinHeapDeltaBytes                        = 1048576                                   {product} {ergonomic}
   size_t MinHeapSize                              = 8388608                                   {product} {ergonomic}
    uintx NonNMethodCodeHeapSize                   = 5832780                                {pd product} {ergonomic}
    uintx NonProfiledCodeHeapSize                  = 122912730                              {pd product} {ergonomic}
    uintx ProfiledCodeHeapSize                     = 122912730                              {pd product} {ergonomic}
    uintx ReservedCodeCacheSize                    = 251658240                              {pd product} {ergonomic}
     bool SegmentedCodeCache                       = true                                      {product} {ergonomic}
   size_t SoftMaxHeapSize                          = 1052770304                             {manageable} {ergonomic}
     bool UseCompressedOops                        = true                           {product lp64_product} {ergonomic}
     bool UseG1GC                                  = true                                      {product} {ergonomic}
     bool UseLargePagesIndividualAllocation        = false                                  {pd product} {ergonomic}

Logging:
Log output configuration:
 #0: stdout all=warning uptime,level,tags foldmultilines=false
 #1: stderr all=off uptime,level,tags foldmultilines=false

Environment Variables:
JAVA_HOME=C:\Users\Armero\AppData\Roaming\Code\User\globalStorage\pleiades.java-extension-pack-jdk\java\21
JAVA_TOOL_OPTIONS=-Dstdout.encoding=UTF-8 -Dstderr.encoding=UTF-8
PATH=C:\Users\Armero\AppData\Roaming\Code\User\globalStorage\pleiades.java-extension-pack-jdk\gradle\latest\bin;C:\Users\Armero\AppData\Roaming\Code\User\globalStorage\pleiades.java-extension-pack-jdk\maven\latest\bin;C:\Users\Armero\AppData\Roaming\Code\User\globalStorage\pleiades.java-extension-pack-jdk\java\21\bin;C:\Program Files (x86)\VMware\VMware Workstation\bin\;C:\Program Files\BellSoft\LibericaJDK-17\bin\;C:\msys64\mingw64\bin;C:\Program Files\Common Files\Oracle\Java\javapath;C:\Windows\system32;C:\Windows;C:\Windows\System32\Wbem;C:\Windows\System32\WindowsPowerShell\v1.0\;C:\Windows\System32\OpenSSH\;C:\Program Files\Git\cmd;C:\Program Files\Microsoft SQL Server\150\Tools\Binn\;C:\Program Files\Microsoft SQL Server\Client SDK\ODBC\170\Tools\Binn\;C:\Program Files\dotnet\;C:\Program Files (x86)\Windows Kits\10\Windows Performance Toolkit\;C:\maven\bin;C:\Users\Armero\AppData\Local\Microsoft\WindowsApps;C:\Users\Armero\AppData\Local\Programs\Microsoft VS Code\bin;C:\Users\Armero\.dotnet\tools;C:\Program Files\JetBrains\IntelliJ IDEA 2024.2.1\bin;
USERNAME=Armero
LANG=en_US.UTF-8
OS=Windows_NT
PROCESSOR_IDENTIFIER=Intel64 Family 6 Model 42 Stepping 7, GenuineIntel
TMP=C:\Users\Armero\AppData\Local\Temp
TEMP=C:\Users\Armero\AppData\Local\Temp




Periodic native trim disabled

---------------  S Y S T E M  ---------------

OS:
 Windows 10 , 64 bit Build 19041 (10.0.19041.5794)
OS uptime: 0 days 4:13 hours

CPU: total 4 (initial active 4) (2 cores per cpu, 2 threads per core) family 6 model 42 stepping 7 microcode 0x2f, cx8, cmov, fxsr, ht, mmx, sse, sse2, sse3, ssse3, sse4.1, sse4.2, popcnt, tsc, tscinvbit, avx, clmul, vzeroupper, clflush, rdtscp
Processor Information for the first 4 processors :
  Max Mhz: 3300, Current Mhz: 3300, Mhz Limit: 3300

Memory: 4k page, system-wide physical 4008M (318M free)
TotalPageFile size 12200M (AvailPageFile size 3M)
current process WorkingSet (physical memory assigned to process): 246M, peak: 246M
current process commit charge ("private bytes"): 318M, peak: 325M

vm_info: OpenJDK 64-Bit Server VM (21.0.7+6-LTS) for windows-amd64 JRE (21.0.7+6-LTS), built on 2025-04-15T00:00:00Z by "admin" with MS VC++ 17.7 (VS2022)

END.
