#
# There is insufficient memory for the Java Runtime Environment to continue.
# Native memory allocation (malloc) failed to allocate 923936 bytes. Error detail: Chunk::new
# Possible reasons:
#   The system is out of physical RAM or swap space
#   This process is running with CompressedOops enabled, and the Java Heap may be blocking the growth of the native heap
# Possible solutions:
#   Reduce memory load on the system
#   Increase physical memory or swap space
#   Check if swap backing store is full
#   Decrease Java heap size (-Xmx/-Xms)
#   Decrease number of Java threads
#   Decrease Java thread stack sizes (-Xss)
#   Set larger code cache with -XX:ReservedCodeCacheSize=
#   JVM is running with Unscaled Compressed Oops mode in which the Java heap is
#     placed in the first 4GB address space. The Java Heap base address is the
#     maximum limit for the native heap growth. Please use -XX:HeapBaseMinAddress
#     to set the Java Heap base and to place the Java Heap above 4GB virtual address.
# This output file may be truncated or incomplete.
#
#  Out of Memory Error (arena.cpp:168), pid=10268, tid=2004
#
# JRE version: OpenJDK Runtime Environment Temurin-21.0.7+6 (21.0.7+6) (build 21.0.7+6-LTS)
# Java VM: OpenJDK 64-Bit Server VM Temurin-21.0.7+6 (21.0.7+6-LTS, mixed mode, sharing, tiered, compressed oops, compressed class ptrs, parallel gc, windows-amd64)
# No core dump will be written. Minidumps are not enabled by default on client versions of Windows
#

---------------  S U M M A R Y ------------

Command Line: --add-modules=ALL-SYSTEM --add-opens=java.base/java.util=ALL-UNNAMED --add-opens=java.base/java.lang=ALL-UNNAMED --add-opens=java.base/sun.nio.fs=ALL-UNNAMED -Declipse.application=org.eclipse.jdt.ls.core.id1 -Dosgi.bundles.defaultStartLevel=4 -Declipse.product=org.eclipse.jdt.ls.core.product -Djava.import.generatesMetadataFilesAtProjectRoot=false -DDetectVMInstallationsJob.disabled=true -Dfile.encoding=utf8 -XX:+UseParallelGC -XX:GCTimeRatio=4 -XX:AdaptiveSizePolicyWeight=90 -Dsun.zip.disableMemoryMapping=true -Xmx2G -Xms100m -Xlog:disable -javaagent:c:\Users\Armero\.vscode\extensions\redhat.java-1.42.0-win32-x64\lombok\lombok-1.18.36.jar c:\Users\Armero\.vscode\extensions\redhat.java-1.42.0-win32-x64\server\plugins\org.eclipse.equinox.launcher_1.7.0.v20250424-1814.jar -configuration c:\Users\Armero\AppData\Roaming\Code\User\globalStorage\redhat.java\1.42.0\config_ss_win -data c:\Users\Armero\AppData\Roaming\Code\User\workspaceStorage\cc23c8d6aa63d9f1e997b7dfcc43d4fe\redhat.java\ss_ws --pipe=\\.\pipe\lsp-2422e1d6b8362b734c95aae11562a52f-sock

Host: Intel(R) Core(TM) i3-2120 CPU @ 3.30GHz, 4 cores, 3G,  Windows 10 , 64 bit Build 19041 (10.0.19041.5794)
Time: Sun Jun  8 23:42:02 2025 Hora est. Pacífico, Sudamérica elapsed time: 16.231549 seconds (0d 0h 0m 16s)

---------------  T H R E A D  ---------------

Current thread (0x000002ea37c9d8d0):  JavaThread "C2 CompilerThread0" daemon [_thread_in_native, id=2004, stack(0x000000ee39900000,0x000000ee39a00000) (1024K)]


Current CompileTask:
C2:16231 2669       4       org.lombokweb.asm.ClassReader::readMethod (1070 bytes)

Stack: [0x000000ee39900000,0x000000ee39a00000]
Native frames: (J=compiled Java code, j=interpreted, Vv=VM code, C=native code)
V  [jvm.dll+0x6ce119]
V  [jvm.dll+0x8a84a1]
V  [jvm.dll+0x8aa9ce]
V  [jvm.dll+0x8ab0b3]
V  [jvm.dll+0x27f8a6]
V  [jvm.dll+0xc507d]
V  [jvm.dll+0xc55b3]
V  [jvm.dll+0x2f2c6d]
V  [jvm.dll+0x5f6bca]
V  [jvm.dll+0x250cb2]
V  [jvm.dll+0x25106f]
V  [jvm.dll+0x249934]
V  [jvm.dll+0x246fc4]
V  [jvm.dll+0x1c760e]
V  [jvm.dll+0x25695a]
V  [jvm.dll+0x254efa]
V  [jvm.dll+0x3f03f6]
V  [jvm.dll+0x851f6b]
V  [jvm.dll+0x6cc7dd]
C  [ucrtbase.dll+0x21bb2]
C  [KERNEL32.DLL+0x17374]
C  [ntdll.dll+0x4cc91]


---------------  P R O C E S S  ---------------

Threads class SMR info:
_java_thread_list=0x000002ea7e967f40, length=20, elements={
0x000002ea212af860, 0x000002ea37c88780, 0x000002ea37c8af90, 0x000002ea37c8cb10,
0x000002ea37c8da20, 0x000002ea37c9adb0, 0x000002ea37c9b9b0, 0x000002ea37c9d8d0,
0x000002ea37caf520, 0x000002ea213764b0, 0x000002ea79beb6f0, 0x000002ea7e872370,
0x000002ea7e2fa010, 0x000002ea7e8114f0, 0x000002ea37d5b570, 0x000002ea79b8d610,
0x000002ea799c6ef0, 0x000002ea7e6ed510, 0x000002ea7eadd7c0, 0x000002ea79c69420
}

Java Threads: ( => current thread )
  0x000002ea212af860 JavaThread "main"                              [_thread_blocked, id=7632, stack(0x000000ee38f00000,0x000000ee39000000) (1024K)]
  0x000002ea37c88780 JavaThread "Reference Handler"          daemon [_thread_blocked, id=4728, stack(0x000000ee39300000,0x000000ee39400000) (1024K)]
  0x000002ea37c8af90 JavaThread "Finalizer"                  daemon [_thread_blocked, id=11084, stack(0x000000ee39400000,0x000000ee39500000) (1024K)]
  0x000002ea37c8cb10 JavaThread "Signal Dispatcher"          daemon [_thread_blocked, id=6436, stack(0x000000ee39500000,0x000000ee39600000) (1024K)]
  0x000002ea37c8da20 JavaThread "Attach Listener"            daemon [_thread_blocked, id=13172, stack(0x000000ee39600000,0x000000ee39700000) (1024K)]
  0x000002ea37c9adb0 JavaThread "Service Thread"             daemon [_thread_blocked, id=9024, stack(0x000000ee39700000,0x000000ee39800000) (1024K)]
  0x000002ea37c9b9b0 JavaThread "Monitor Deflation Thread"   daemon [_thread_blocked, id=12256, stack(0x000000ee39800000,0x000000ee39900000) (1024K)]
=>0x000002ea37c9d8d0 JavaThread "C2 CompilerThread0"         daemon [_thread_in_native, id=2004, stack(0x000000ee39900000,0x000000ee39a00000) (1024K)]
  0x000002ea37caf520 JavaThread "C1 CompilerThread0"         daemon [_thread_blocked, id=12500, stack(0x000000ee39a00000,0x000000ee39b00000) (1024K)]
  0x000002ea213764b0 JavaThread "Common-Cleaner"             daemon [_thread_blocked, id=8056, stack(0x000000ee39b00000,0x000000ee39c00000) (1024K)]
  0x000002ea79beb6f0 JavaThread "Notification Thread"        daemon [_thread_blocked, id=11052, stack(0x000000ee39c00000,0x000000ee39d00000) (1024K)]
  0x000002ea7e872370 JavaThread "Active Thread: Equinox Container: c0b0ae09-181e-4159-a92c-f89e42900375"        [_thread_blocked, id=11552, stack(0x000000ee3a000000,0x000000ee3a100000) (1024K)]
  0x000002ea7e2fa010 JavaThread "Framework Event Dispatcher: Equinox Container: c0b0ae09-181e-4159-a92c-f89e42900375" daemon [_thread_blocked, id=188, stack(0x000000ee3a100000,0x000000ee3a200000) (1024K)]
  0x000002ea7e8114f0 JavaThread "Start Level: Equinox Container: c0b0ae09-181e-4159-a92c-f89e42900375" daemon [_thread_in_vm, id=10308, stack(0x000000ee3a200000,0x000000ee3a300000) (1024K)]
  0x000002ea37d5b570 JavaThread "SCR Component Actor"        daemon [_thread_blocked, id=10380, stack(0x000000ee3a300000,0x000000ee3a400000) (1024K)]
  0x000002ea79b8d610 JavaThread "Worker-JM"                         [_thread_blocked, id=5132, stack(0x000000ee3a500000,0x000000ee3a600000) (1024K)]
  0x000002ea799c6ef0 JavaThread "JNA Cleaner"                daemon [_thread_blocked, id=11004, stack(0x000000ee3a400000,0x000000ee3a500000) (1024K)]
  0x000002ea7e6ed510 JavaThread "Worker-0"                          [_thread_blocked, id=7468, stack(0x000000ee3a600000,0x000000ee3a700000) (1024K)]
  0x000002ea7eadd7c0 JavaThread "Worker-1"                          [_thread_blocked, id=3280, stack(0x000000ee3a700000,0x000000ee3a800000) (1024K)]
  0x000002ea79c69420 JavaThread "SCR Component Registry"     daemon [_thread_blocked, id=13000, stack(0x000000ee3a800000,0x000000ee3a900000) (1024K)]
Total: 20

Other Threads:
  0x000002ea37c6ca30 VMThread "VM Thread"                           [id=12076, stack(0x000000ee39200000,0x000000ee39300000) (1024K)]
  0x000002ea37be13b0 WatcherThread "VM Periodic Task Thread"        [id=4816, stack(0x000000ee39100000,0x000000ee39200000) (1024K)]
  0x000002ea212cd900 WorkerThread "GC Thread#0"                     [id=10524, stack(0x000000ee39000000,0x000000ee39100000) (1024K)]
  0x000002ea7e1b3640 WorkerThread "GC Thread#1"                     [id=5156, stack(0x000000ee39d00000,0x000000ee39e00000) (1024K)]
  0x000002ea7e58b910 WorkerThread "GC Thread#2"                     [id=3440, stack(0x000000ee39e00000,0x000000ee39f00000) (1024K)]
  0x000002ea7e58bcb0 WorkerThread "GC Thread#3"                     [id=9408, stack(0x000000ee39f00000,0x000000ee3a000000) (1024K)]
Total: 6

Threads with active compile tasks:
C2 CompilerThread0  16310 2669       4       org.lombokweb.asm.ClassReader::readMethod (1070 bytes)
Total: 1

VM state: not at safepoint (normal execution)

VM Mutex/Monitor currently owned by a thread: None

Heap address: 0x0000000080000000, size: 2048 MB, Compressed Oops mode: 32-bit

CDS archive(s) mapped at: [0x000002ea38000000-0x000002ea38ba0000-0x000002ea38ba0000), size 12189696, SharedBaseAddress: 0x000002ea38000000, ArchiveRelocationMode: 1.
Compressed class space mapped at: 0x000002ea39000000-0x000002ea79000000, reserved size: 1073741824
Narrow klass base: 0x000002ea38000000, Narrow klass shift: 0, Narrow klass range: 0x100000000

GC Precious Log:
 CardTable entry size: 512
 CPUs: 4 total, 4 available
 Memory: 4008M
 Large Page Support: Disabled
 NUMA Support: Disabled
 Compressed Oops: Enabled (32-bit)
 Alignments: Space 512K, Generation 512K, Heap 2M
 Heap Min Capacity: 100M
 Heap Initial Capacity: 100M
 Heap Max Capacity: 2G
 Pre-touch: Disabled
 Parallel Workers: 4

Heap:
 PSYoungGen      total 29184K, used 9121K [0x00000000d5580000, 0x00000000d7800000, 0x0000000100000000)
  eden space 25088K, 20% used [0x00000000d5580000,0x00000000d5a6e0a0,0x00000000d6e00000)
  from space 4096K, 99% used [0x00000000d6e80000,0x00000000d727a720,0x00000000d7280000)
  to   space 5120K, 0% used [0x00000000d7300000,0x00000000d7300000,0x00000000d7800000)
 ParOldGen       total 68608K, used 4573K [0x0000000080000000, 0x0000000084300000, 0x00000000d5580000)
  object space 68608K, 6% used [0x0000000080000000,0x0000000080477580,0x0000000084300000)
 Metaspace       used 20571K, committed 21248K, reserved 1114112K
  class space    used 1991K, committed 2304K, reserved 1048576K

Card table byte_map: [0x000002ea20c70000,0x000002ea21080000] _byte_map_base: 0x000002ea20870000

Marking Bits: (ParMarkBitMap*) 0x00007ffcdf8431f0
 Begin Bits: [0x000002ea33760000, 0x000002ea35760000)
 End Bits:   [0x000002ea35760000, 0x000002ea37760000)

Polling page: 0x000002ea1f320000

Metaspace:

Usage:
  Non-class:     18.14 MB used.
      Class:      1.94 MB used.
       Both:     20.09 MB used.

Virtual space:
  Non-class space:       64.00 MB reserved,      18.50 MB ( 29%) committed,  1 nodes.
      Class space:        1.00 GB reserved,       2.25 MB ( <1%) committed,  1 nodes.
             Both:        1.06 GB reserved,      20.75 MB (  2%) committed. 

Chunk freelists:
   Non-Class:  13.06 MB
       Class:  13.77 MB
        Both:  26.83 MB

MaxMetaspaceSize: unlimited
CompressedClassSpaceSize: 1.00 GB
Initial GC threshold: 21.00 MB
Current GC threshold: 21.00 MB
CDS: on
 - commit_granule_bytes: 65536.
 - commit_granule_words: 8192.
 - virtual_space_node_default_size: 8388608.
 - enlarge_chunks_in_place: 1.
 - use_allocation_guard: 0.


Internal statistics:

num_allocs_failed_limit: 0.
num_arena_births: 524.
num_arena_deaths: 0.
num_vsnodes_births: 2.
num_vsnodes_deaths: 0.
num_space_committed: 332.
num_space_uncommitted: 0.
num_chunks_returned_to_freelist: 0.
num_chunks_taken_from_freelist: 1270.
num_chunk_merges: 0.
num_chunk_splits: 847.
num_chunks_enlarged: 559.
num_inconsistent_stats: 0.

CodeHeap 'non-profiled nmethods': size=120000Kb used=1181Kb max_used=1181Kb free=118818Kb
 bounds [0x000002ea2bf80000, 0x000002ea2c1f0000, 0x000002ea334b0000]
CodeHeap 'profiled nmethods': size=120000Kb used=5188Kb max_used=5188Kb free=114811Kb
 bounds [0x000002ea244b0000, 0x000002ea249d0000, 0x000002ea2b9e0000]
CodeHeap 'non-nmethods': size=5760Kb used=1309Kb max_used=1316Kb free=4451Kb
 bounds [0x000002ea2b9e0000, 0x000002ea2bc50000, 0x000002ea2bf80000]
 total_blobs=3274 nmethods=2679 adapters=501
 compilation: enabled
              stopped_count=0, restarted_count=0
 full_count=0

Compilation events (20 events):
Event: 15.976 Thread 0x000002ea37c9d8d0 nmethod 2667 0x000002ea2c0a6b10 code [0x000002ea2c0a6cc0, 0x000002ea2c0a7120]
Event: 15.976 Thread 0x000002ea37c9d8d0 2669       4       org.lombokweb.asm.ClassReader::readMethod (1070 bytes)
Event: 16.061 Thread 0x000002ea37caf520 2670       3       jdk.internal.org.objectweb.asm.Type::getSort (19 bytes)
Event: 16.061 Thread 0x000002ea37caf520 nmethod 2670 0x000002ea249af590 code [0x000002ea249af720, 0x000002ea249af870]
Event: 16.061 Thread 0x000002ea37caf520 2671       3       jdk.internal.org.objectweb.asm.Frame::execute (2305 bytes)
Event: 16.070 Thread 0x000002ea37caf520 nmethod 2671 0x000002ea249af910 code [0x000002ea249b0740, 0x000002ea249b6bc0]
Event: 16.149 Thread 0x000002ea37caf520 2673       3       org.lombokweb.asm.SymbolTable::<init> (536 bytes)
Event: 16.154 Thread 0x000002ea37caf520 nmethod 2673 0x000002ea249b8890 code [0x000002ea249b8e40, 0x000002ea249bb680]
Event: 16.154 Thread 0x000002ea37caf520 2676       3       org.lombokweb.asm.MethodWriter::visitLabel (332 bytes)
Event: 16.155 Thread 0x000002ea37caf520 nmethod 2676 0x000002ea249bc790 code [0x000002ea249bc9e0, 0x000002ea249bd2d8]
Event: 16.155 Thread 0x000002ea37caf520 2675       3       org.lombokweb.asm.ByteVector::put11 (52 bytes)
Event: 16.156 Thread 0x000002ea37caf520 nmethod 2675 0x000002ea249bd510 code [0x000002ea249bd6c0, 0x000002ea249bd8c8]
Event: 16.156 Thread 0x000002ea37caf520 2678       3       org.lombokweb.asm.Symbol::getArgumentsAndReturnSizes (23 bytes)
Event: 16.156 Thread 0x000002ea37caf520 nmethod 2678 0x000002ea249bda10 code [0x000002ea249bdbc0, 0x000002ea249bdd40]
Event: 16.156 Thread 0x000002ea37caf520 2677       1       lombok.patcher.MethodLogistics::getReturnOpcode (5 bytes)
Event: 16.156 Thread 0x000002ea37caf520 nmethod 2677 0x000002ea2c0a7410 code [0x000002ea2c0a75a0, 0x000002ea2c0a7668]
Event: 16.156 Thread 0x000002ea37caf520 2674       3       java.util.regex.Pattern$BranchConn::match (11 bytes)
Event: 16.156 Thread 0x000002ea37caf520 nmethod 2674 0x000002ea249bde10 code [0x000002ea249bdfc0, 0x000002ea249be198]
Event: 16.206 Thread 0x000002ea37caf520 2679       3       java.util.concurrent.ConcurrentHashMap::remove (32 bytes)
Event: 16.207 Thread 0x000002ea37caf520 nmethod 2679 0x000002ea249be290 code [0x000002ea249be460, 0x000002ea249be728]

GC Heap History (10 events):
Event: 3.799 GC heap before
{Heap before GC invocations=1 (full 0):
 PSYoungGen      total 29696K, used 25600K [0x00000000d5580000, 0x00000000d7680000, 0x0000000100000000)
  eden space 25600K, 100% used [0x00000000d5580000,0x00000000d6e80000,0x00000000d6e80000)
  from space 4096K, 0% used [0x00000000d7280000,0x00000000d7280000,0x00000000d7680000)
  to   space 4096K, 0% used [0x00000000d6e80000,0x00000000d6e80000,0x00000000d7280000)
 ParOldGen       total 68608K, used 0K [0x0000000080000000, 0x0000000084300000, 0x00000000d5580000)
  object space 68608K, 0% used [0x0000000080000000,0x0000000080000000,0x0000000084300000)
 Metaspace       used 4373K, committed 4736K, reserved 1114112K
  class space    used 462K, committed 640K, reserved 1048576K
}
Event: 3.840 GC heap after
{Heap after GC invocations=1 (full 0):
 PSYoungGen      total 29696K, used 3238K [0x00000000d5580000, 0x00000000d7680000, 0x0000000100000000)
  eden space 25600K, 0% used [0x00000000d5580000,0x00000000d5580000,0x00000000d6e80000)
  from space 4096K, 79% used [0x00000000d6e80000,0x00000000d71a9870,0x00000000d7280000)
  to   space 4096K, 0% used [0x00000000d7280000,0x00000000d7280000,0x00000000d7680000)
 ParOldGen       total 68608K, used 0K [0x0000000080000000, 0x0000000084300000, 0x00000000d5580000)
  object space 68608K, 0% used [0x0000000080000000,0x0000000080000000,0x0000000084300000)
 Metaspace       used 4373K, committed 4736K, reserved 1114112K
  class space    used 462K, committed 640K, reserved 1048576K
}
Event: 6.927 GC heap before
{Heap before GC invocations=2 (full 0):
 PSYoungGen      total 29696K, used 28838K [0x00000000d5580000, 0x00000000d7680000, 0x0000000100000000)
  eden space 25600K, 100% used [0x00000000d5580000,0x00000000d6e80000,0x00000000d6e80000)
  from space 4096K, 79% used [0x00000000d6e80000,0x00000000d71a9870,0x00000000d7280000)
  to   space 4096K, 0% used [0x00000000d7280000,0x00000000d7280000,0x00000000d7680000)
 ParOldGen       total 68608K, used 0K [0x0000000080000000, 0x0000000084300000, 0x00000000d5580000)
  object space 68608K, 0% used [0x0000000080000000,0x0000000080000000,0x0000000084300000)
 Metaspace       used 8251K, committed 8640K, reserved 1114112K
  class space    used 846K, committed 1024K, reserved 1048576K
}
Event: 6.936 GC heap after
{Heap after GC invocations=2 (full 0):
 PSYoungGen      total 29696K, used 4078K [0x00000000d5580000, 0x00000000d7680000, 0x0000000100000000)
  eden space 25600K, 0% used [0x00000000d5580000,0x00000000d5580000,0x00000000d6e80000)
  from space 4096K, 99% used [0x00000000d7280000,0x00000000d767b818,0x00000000d7680000)
  to   space 4096K, 0% used [0x00000000d6e80000,0x00000000d6e80000,0x00000000d7280000)
 ParOldGen       total 68608K, used 895K [0x0000000080000000, 0x0000000084300000, 0x00000000d5580000)
  object space 68608K, 1% used [0x0000000080000000,0x00000000800dfe98,0x0000000084300000)
 Metaspace       used 8251K, committed 8640K, reserved 1114112K
  class space    used 846K, committed 1024K, reserved 1048576K
}
Event: 9.001 GC heap before
{Heap before GC invocations=3 (full 0):
 PSYoungGen      total 29696K, used 29678K [0x00000000d5580000, 0x00000000d7680000, 0x0000000100000000)
  eden space 25600K, 100% used [0x00000000d5580000,0x00000000d6e80000,0x00000000d6e80000)
  from space 4096K, 99% used [0x00000000d7280000,0x00000000d767b818,0x00000000d7680000)
  to   space 4096K, 0% used [0x00000000d6e80000,0x00000000d6e80000,0x00000000d7280000)
 ParOldGen       total 68608K, used 895K [0x0000000080000000, 0x0000000084300000, 0x00000000d5580000)
  object space 68608K, 1% used [0x0000000080000000,0x00000000800dfe98,0x0000000084300000)
 Metaspace       used 13070K, committed 13568K, reserved 1114112K
  class space    used 1334K, committed 1600K, reserved 1048576K
}
Event: 9.015 GC heap after
{Heap after GC invocations=3 (full 0):
 PSYoungGen      total 29696K, used 4083K [0x00000000d5580000, 0x00000000d7680000, 0x0000000100000000)
  eden space 25600K, 0% used [0x00000000d5580000,0x00000000d5580000,0x00000000d6e80000)
  from space 4096K, 99% used [0x00000000d6e80000,0x00000000d727cf38,0x00000000d7280000)
  to   space 4096K, 0% used [0x00000000d7280000,0x00000000d7280000,0x00000000d7680000)
 ParOldGen       total 68608K, used 2762K [0x0000000080000000, 0x0000000084300000, 0x00000000d5580000)
  object space 68608K, 4% used [0x0000000080000000,0x00000000802b2bb0,0x0000000084300000)
 Metaspace       used 13070K, committed 13568K, reserved 1114112K
  class space    used 1334K, committed 1600K, reserved 1048576K
}
Event: 15.049 GC heap before
{Heap before GC invocations=4 (full 0):
 PSYoungGen      total 29696K, used 29683K [0x00000000d5580000, 0x00000000d7680000, 0x0000000100000000)
  eden space 25600K, 100% used [0x00000000d5580000,0x00000000d6e80000,0x00000000d6e80000)
  from space 4096K, 99% used [0x00000000d6e80000,0x00000000d727cf38,0x00000000d7280000)
  to   space 4096K, 0% used [0x00000000d7280000,0x00000000d7280000,0x00000000d7680000)
 ParOldGen       total 68608K, used 2762K [0x0000000080000000, 0x0000000084300000, 0x00000000d5580000)
  object space 68608K, 4% used [0x0000000080000000,0x00000000802b2bb0,0x0000000084300000)
 Metaspace       used 17191K, committed 17920K, reserved 1114112K
  class space    used 1747K, committed 2048K, reserved 1048576K
}
Event: 15.056 GC heap after
{Heap after GC invocations=4 (full 0):
 PSYoungGen      total 29696K, used 4087K [0x00000000d5580000, 0x00000000d7680000, 0x0000000100000000)
  eden space 25600K, 0% used [0x00000000d5580000,0x00000000d5580000,0x00000000d6e80000)
  from space 4096K, 99% used [0x00000000d7280000,0x00000000d767dff8,0x00000000d7680000)
  to   space 4096K, 0% used [0x00000000d6e80000,0x00000000d6e80000,0x00000000d7280000)
 ParOldGen       total 68608K, used 4471K [0x0000000080000000, 0x0000000084300000, 0x00000000d5580000)
  object space 68608K, 6% used [0x0000000080000000,0x000000008045dc18,0x0000000084300000)
 Metaspace       used 17191K, committed 17920K, reserved 1114112K
  class space    used 1747K, committed 2048K, reserved 1048576K
}
Event: 16.198 GC heap before
{Heap before GC invocations=5 (full 0):
 PSYoungGen      total 29696K, used 29687K [0x00000000d5580000, 0x00000000d7680000, 0x0000000100000000)
  eden space 25600K, 100% used [0x00000000d5580000,0x00000000d6e80000,0x00000000d6e80000)
  from space 4096K, 99% used [0x00000000d7280000,0x00000000d767dff8,0x00000000d7680000)
  to   space 4096K, 0% used [0x00000000d6e80000,0x00000000d6e80000,0x00000000d7280000)
 ParOldGen       total 68608K, used 4471K [0x0000000080000000, 0x0000000084300000, 0x00000000d5580000)
  object space 68608K, 6% used [0x0000000080000000,0x000000008045dc18,0x0000000084300000)
 Metaspace       used 20383K, committed 21120K, reserved 1114112K
  class space    used 1967K, committed 2304K, reserved 1048576K
}
Event: 16.206 GC heap after
{Heap after GC invocations=5 (full 0):
 PSYoungGen      total 29184K, used 4073K [0x00000000d5580000, 0x00000000d7800000, 0x0000000100000000)
  eden space 25088K, 0% used [0x00000000d5580000,0x00000000d5580000,0x00000000d6e00000)
  from space 4096K, 99% used [0x00000000d6e80000,0x00000000d727a720,0x00000000d7280000)
  to   space 5120K, 0% used [0x00000000d7300000,0x00000000d7300000,0x00000000d7800000)
 ParOldGen       total 68608K, used 4573K [0x0000000080000000, 0x0000000084300000, 0x00000000d5580000)
  object space 68608K, 6% used [0x0000000080000000,0x0000000080477580,0x0000000084300000)
 Metaspace       used 20383K, committed 21120K, reserved 1114112K
  class space    used 1967K, committed 2304K, reserved 1048576K
}

Dll operation events (10 events):
Event: 0.013 Loaded shared library c:\Users\Armero\.vscode\extensions\redhat.java-1.42.0-win32-x64\jre\21.0.7-win32-x86_64\bin\java.dll
Event: 0.658 Loaded shared library c:\Users\Armero\.vscode\extensions\redhat.java-1.42.0-win32-x64\jre\21.0.7-win32-x86_64\bin\zip.dll
Event: 0.839 Loaded shared library C:\Users\Armero\.vscode\extensions\redhat.java-1.42.0-win32-x64\jre\21.0.7-win32-x86_64\bin\instrument.dll
Event: 0.863 Loaded shared library C:\Users\Armero\.vscode\extensions\redhat.java-1.42.0-win32-x64\jre\21.0.7-win32-x86_64\bin\net.dll
Event: 0.866 Loaded shared library C:\Users\Armero\.vscode\extensions\redhat.java-1.42.0-win32-x64\jre\21.0.7-win32-x86_64\bin\nio.dll
Event: 0.872 Loaded shared library C:\Users\Armero\.vscode\extensions\redhat.java-1.42.0-win32-x64\jre\21.0.7-win32-x86_64\bin\zip.dll
Event: 1.000 Loaded shared library C:\Users\Armero\.vscode\extensions\redhat.java-1.42.0-win32-x64\jre\21.0.7-win32-x86_64\bin\jimage.dll
Event: 1.242 Loaded shared library c:\Users\Armero\.vscode\extensions\redhat.java-1.42.0-win32-x64\jre\21.0.7-win32-x86_64\bin\verify.dll
Event: 6.788 Loaded shared library C:\Users\Armero\AppData\Roaming\Code\User\globalStorage\redhat.java\1.42.0\config_ss_win\org.eclipse.equinox.launcher\org.eclipse.equinox.launcher.win32.win32.x86_64_1.2.1300.v20250331-1702\eclipse_11911.dll
Event: 13.953 Loaded shared library C:\Users\Armero\AppData\Local\Temp\jna-1969524134\jna14321684806960881584.dll

Deoptimization events (20 events):
Event: 14.839 Thread 0x000002ea7e8114f0 Uncommon trap: trap_request=0xffffffde fr.pc=0x000002ea2c074914 relative=0x00000000000003b4
Event: 14.839 Thread 0x000002ea7e8114f0 Uncommon trap: reason=class_check action=maybe_recompile pc=0x000002ea2c074914 method=java.util.regex.Pattern$BmpCharPropertyGreedy.match(Ljava/util/regex/Matcher;ILjava/lang/CharSequence;)Z @ 70 c2
Event: 14.839 Thread 0x000002ea7e8114f0 DEOPT PACKING pc=0x000002ea2c074914 sp=0x000000ee3a2ef330
Event: 14.839 Thread 0x000002ea7e8114f0 DEOPT UNPACKING pc=0x000002ea2ba33aa2 sp=0x000000ee3a2ef2d8 mode 2
Event: 14.839 Thread 0x000002ea7e8114f0 Uncommon trap: trap_request=0xffffffde fr.pc=0x000002ea2c074914 relative=0x00000000000003b4
Event: 14.839 Thread 0x000002ea7e8114f0 Uncommon trap: reason=class_check action=maybe_recompile pc=0x000002ea2c074914 method=java.util.regex.Pattern$BmpCharPropertyGreedy.match(Ljava/util/regex/Matcher;ILjava/lang/CharSequence;)Z @ 70 c2
Event: 14.839 Thread 0x000002ea7e8114f0 DEOPT PACKING pc=0x000002ea2c074914 sp=0x000000ee3a2ef4f0
Event: 14.839 Thread 0x000002ea7e8114f0 DEOPT UNPACKING pc=0x000002ea2ba33aa2 sp=0x000000ee3a2ef498 mode 2
Event: 14.839 Thread 0x000002ea7e8114f0 Uncommon trap: trap_request=0xffffffde fr.pc=0x000002ea2c074914 relative=0x00000000000003b4
Event: 14.839 Thread 0x000002ea7e8114f0 Uncommon trap: reason=class_check action=maybe_recompile pc=0x000002ea2c074914 method=java.util.regex.Pattern$BmpCharPropertyGreedy.match(Ljava/util/regex/Matcher;ILjava/lang/CharSequence;)Z @ 70 c2
Event: 14.839 Thread 0x000002ea7e8114f0 DEOPT PACKING pc=0x000002ea2c074914 sp=0x000000ee3a2ef340
Event: 14.839 Thread 0x000002ea7e8114f0 DEOPT UNPACKING pc=0x000002ea2ba33aa2 sp=0x000000ee3a2ef2e8 mode 2
Event: 16.151 Thread 0x000002ea7e8114f0 Uncommon trap: trap_request=0xffffff45 fr.pc=0x000002ea2c0a695c relative=0x000000000000013c
Event: 16.151 Thread 0x000002ea7e8114f0 Uncommon trap: reason=unstable_if action=reinterpret pc=0x000002ea2c0a695c method=org.lombokweb.asm.ByteVector.putByteArray([BII)Lorg/lombokweb/asm/ByteVector; @ 20 c2
Event: 16.151 Thread 0x000002ea7e8114f0 DEOPT PACKING pc=0x000002ea2c0a695c sp=0x000000ee3a2f2690
Event: 16.151 Thread 0x000002ea7e8114f0 DEOPT UNPACKING pc=0x000002ea2ba33aa2 sp=0x000000ee3a2f2660 mode 2
Event: 16.151 Thread 0x000002ea7e8114f0 Uncommon trap: trap_request=0xffffff45 fr.pc=0x000002ea2c0a7024 relative=0x0000000000000364
Event: 16.151 Thread 0x000002ea7e8114f0 Uncommon trap: reason=unstable_if action=reinterpret pc=0x000002ea2c0a7024 method=org.lombokweb.asm.Label.resolve([BLorg/lombokweb/asm/ByteVector;I)Z @ 81 c2
Event: 16.151 Thread 0x000002ea7e8114f0 DEOPT PACKING pc=0x000002ea2c0a7024 sp=0x000000ee3a2f2720
Event: 16.151 Thread 0x000002ea7e8114f0 DEOPT UNPACKING pc=0x000002ea2ba33aa2 sp=0x000000ee3a2f2628 mode 2

Classes loaded (20 events):
Event: 14.823 Loading class java/util/zip/GZIPOutputStream
Event: 14.824 Loading class java/util/zip/GZIPOutputStream done
Event: 14.898 Loading class java/io/StringReader
Event: 14.898 Loading class java/io/StringReader done
Event: 14.929 Loading class java/net/SocketTimeoutException
Event: 14.929 Loading class java/io/InterruptedIOException
Event: 14.929 Loading class java/io/InterruptedIOException done
Event: 14.929 Loading class java/net/SocketTimeoutException done
Event: 14.929 Loading class java/net/SocketException
Event: 14.930 Loading class java/net/SocketException done
Event: 14.931 Loading class java/net/UnknownHostException
Event: 14.931 Loading class java/net/UnknownHostException done
Event: 14.931 Loading class java/net/ProtocolException
Event: 14.931 Loading class java/net/ProtocolException done
Event: 14.993 Loading class java/lang/ThreadLocal$SuppliedThreadLocal
Event: 14.993 Loading class java/lang/ThreadLocal$SuppliedThreadLocal done
Event: 15.024 Loading class java/io/FileWriter
Event: 15.024 Loading class java/io/FileWriter done
Event: 15.024 Loading class java/lang/NegativeArraySizeException
Event: 15.025 Loading class java/lang/NegativeArraySizeException done

Classes unloaded (0 events):
No events

Classes redefined (0 events):
No events

Internal exceptions (20 events):
Event: 9.996 Thread 0x000002ea7e8114f0 Exception <a 'java/lang/NoSuchMethodError'{0x00000000d60fb3e0}: 'java.lang.Object java.lang.invoke.DirectMethodHandle$Holder.invokeStaticInit(java.lang.Object, int, int, int, int)'> (0x00000000d60fb3e0) 
thrown [s\src\hotspot\share\interpreter\linkResolver.cpp, line 773]
Event: 10.106 Thread 0x000002ea7e8114f0 Exception <a 'java/lang/NoSuchMethodError'{0x00000000d6251028}: 'java.lang.Object java.lang.invoke.DirectMethodHandle$Holder.invokeStaticInit(java.lang.Object, java.lang.Object, int, int, int, int)'> (0x00000000d6251028) 
thrown [s\src\hotspot\share\interpreter\linkResolver.cpp, line 773]
Event: 14.079 Thread 0x000002ea7e8114f0 Exception <a 'java/lang/NoSuchMethodError'{0x00000000d6373b58}: 'void java.lang.invoke.DirectMethodHandle$Holder.invokeSpecial(java.lang.Object, java.lang.Object, java.lang.Object, int)'> (0x00000000d6373b58) 
thrown [s\src\hotspot\share\interpreter\linkResolver.cpp, line 773]
Event: 14.080 Thread 0x000002ea7e8114f0 Exception <a 'java/lang/NoSuchMethodError'{0x00000000d63777c0}: 'void java.lang.invoke.DelegatingMethodHandle$Holder.reinvoke_L(java.lang.Object, java.lang.Object, int)'> (0x00000000d63777c0) 
thrown [s\src\hotspot\share\interpreter\linkResolver.cpp, line 773]
Event: 14.082 Thread 0x000002ea7e8114f0 Exception <a 'java/lang/NoSuchMethodError'{0x00000000d637e4a8}: 'int java.lang.invoke.Invokers$Holder.invokeExact_MT(java.lang.Object, java.lang.Object, java.lang.Object)'> (0x00000000d637e4a8) 
thrown [s\src\hotspot\share\interpreter\linkResolver.cpp, line 773]
Event: 14.170 Thread 0x000002ea7e8114f0 Exception <a 'java/lang/NoSuchMethodError'{0x00000000d64871d0}: 'void java.lang.invoke.Invokers$Holder.invokeExact_MT(java.lang.Object, java.lang.Object, int, java.lang.Object)'> (0x00000000d64871d0) 
thrown [s\src\hotspot\share\interpreter\linkResolver.cpp, line 773]
Event: 14.234 Thread 0x000002ea7e8114f0 Exception <a 'java/lang/NoSuchMethodError'{0x00000000d656fe50}: 'java.lang.Object java.lang.invoke.DirectMethodHandle$Holder.invokeSpecial(java.lang.Object, java.lang.Object, java.lang.Object, long, java.lang.Object)'> (0x00000000d656fe50) 
thrown [s\src\hotspot\share\interpreter\linkResolver.cpp, line 773]
Event: 14.235 Thread 0x000002ea7e8114f0 Exception <a 'java/lang/NoSuchMethodError'{0x00000000d65775e0}: 'java.lang.Object java.lang.invoke.DirectMethodHandle$Holder.newInvokeSpecial(java.lang.Object, java.lang.Object, java.lang.Object, long)'> (0x00000000d65775e0) 
thrown [s\src\hotspot\share\interpreter\linkResolver.cpp, line 773]
Event: 14.236 Thread 0x000002ea7e8114f0 Exception <a 'java/lang/NoSuchMethodError'{0x00000000d657b440}: 'java.lang.Object java.lang.invoke.Invokers$Holder.linkToTargetMethod(java.lang.Object, java.lang.Object, long, java.lang.Object)'> (0x00000000d657b440) 
thrown [s\src\hotspot\share\interpreter\linkResolver.cpp, line 773]
Event: 14.289 Thread 0x000002ea7e8114f0 Exception <a 'java/lang/NoSuchMethodError'{0x00000000d65d3838}: 'int java.lang.invoke.DirectMethodHandle$Holder.invokeStaticInit(java.lang.Object, java.lang.Object, java.lang.Object)'> (0x00000000d65d3838) 
thrown [s\src\hotspot\share\interpreter\linkResolver.cpp, line 773]
Event: 14.354 Thread 0x000002ea7e8114f0 Exception <a 'java/lang/IncompatibleClassChangeError'{0x00000000d666f5b0}: Found class java.lang.Object, but interface was expected> (0x00000000d666f5b0) 
thrown [s\src\hotspot\share\interpreter\linkResolver.cpp, line 840]
Event: 14.366 Thread 0x000002ea7e8114f0 Exception <a 'java/lang/NoSuchMethodError'{0x00000000d6685800}: 'java.lang.Object java.lang.invoke.DirectMethodHandle$Holder.invokeSpecial(java.lang.Object, java.lang.Object, java.lang.Object, int, java.lang.Object, java.lang.Object)'> (0x00000000d6685800) 
thrown [s\src\hotspot\share\interpreter\linkResolver.cpp, line 773]
Event: 14.367 Thread 0x000002ea7e8114f0 Exception <a 'java/lang/NoSuchMethodError'{0x00000000d668d098}: 'java.lang.Object java.lang.invoke.DirectMethodHandle$Holder.newInvokeSpecial(java.lang.Object, java.lang.Object, java.lang.Object, int, java.lang.Object)'> (0x00000000d668d098) 
thrown [s\src\hotspot\share\interpreter\linkResolver.cpp, line 773]
Event: 14.367 Thread 0x000002ea7e8114f0 Exception <a 'java/lang/NoSuchMethodError'{0x00000000d6690b88}: 'java.lang.Object java.lang.invoke.Invokers$Holder.linkToTargetMethod(java.lang.Object, java.lang.Object, int, java.lang.Object, java.lang.Object)'> (0x00000000d6690b88) 
thrown [s\src\hotspot\share\interpreter\linkResolver.cpp, line 773]
Event: 14.370 Thread 0x000002ea7e6ed510 Exception <a 'java/lang/NoSuchMethodError'{0x00000000d65e8708}: 'java.lang.Object java.lang.invoke.DirectMethodHandle$Holder.invokeSpecial(java.lang.Object, java.lang.Object, int, java.lang.Object, java.lang.Object)'> (0x00000000d65e8708) 
thrown [s\src\hotspot\share\interpreter\linkResolver.cpp, line 773]
Event: 14.371 Thread 0x000002ea7e6ed510 Exception <a 'java/lang/NoSuchMethodError'{0x00000000d65ef440}: 'java.lang.Object java.lang.invoke.DirectMethodHandle$Holder.newInvokeSpecial(java.lang.Object, java.lang.Object, int, java.lang.Object)'> (0x00000000d65ef440) 
thrown [s\src\hotspot\share\interpreter\linkResolver.cpp, line 773]
Event: 14.517 Thread 0x000002ea7e8114f0 Exception <a 'java/lang/NoSuchMethodError'{0x00000000d679be00}: 'void java.lang.invoke.DirectMethodHandle$Holder.invokeSpecial(java.lang.Object, java.lang.Object, java.lang.Object, java.lang.Object, java.lang.Object)'> (0x00000000d679be00) 
thrown [s\src\hotspot\share\interpreter\linkResolver.cpp, line 773]
Event: 14.783 Thread 0x000002ea7e8114f0 Exception <a 'java/lang/NoSuchMethodError'{0x00000000d69df4e0}: 'double java.lang.invoke.DirectMethodHandle$Holder.invokeStatic(java.lang.Object, java.lang.Object)'> (0x00000000d69df4e0) 
thrown [s\src\hotspot\share\interpreter\linkResolver.cpp, line 773]
Event: 14.784 Thread 0x000002ea7e8114f0 Exception <a 'java/lang/NoSuchMethodError'{0x00000000d69e2ba0}: 'double java.lang.invoke.DirectMethodHandle$Holder.invokeStaticInit(java.lang.Object, java.lang.Object)'> (0x00000000d69e2ba0) 
thrown [s\src\hotspot\share\interpreter\linkResolver.cpp, line 773]
Event: 16.151 Thread 0x000002ea7e8114f0 Implicit null exception at 0x000002ea2c0a6875 to 0x000002ea2c0a6944

ZGC Phase Switch (0 events):
No events

VM Operations (20 events):
Event: 8.226 Executing VM operation: Cleanup
Event: 8.226 Executing VM operation: Cleanup done
Event: 9.001 Executing VM operation: ParallelGCFailedAllocation (Allocation Failure)
Event: 9.015 Executing VM operation: ParallelGCFailedAllocation (Allocation Failure) done
Event: 9.195 Executing VM operation: HandshakeAllThreads (Deoptimize)
Event: 9.195 Executing VM operation: HandshakeAllThreads (Deoptimize) done
Event: 9.214 Executing VM operation: HandshakeAllThreads (Deoptimize)
Event: 9.214 Executing VM operation: HandshakeAllThreads (Deoptimize) done
Event: 9.256 Executing VM operation: HandshakeAllThreads (Deoptimize)
Event: 9.256 Executing VM operation: HandshakeAllThreads (Deoptimize) done
Event: 10.256 Executing VM operation: Cleanup
Event: 10.256 Executing VM operation: Cleanup done
Event: 13.980 Executing VM operation: HandshakeAllThreads (Deoptimize)
Event: 13.980 Executing VM operation: HandshakeAllThreads (Deoptimize) done
Event: 14.994 Executing VM operation: Cleanup
Event: 14.994 Executing VM operation: Cleanup done
Event: 15.049 Executing VM operation: ParallelGCFailedAllocation (Allocation Failure)
Event: 15.056 Executing VM operation: ParallelGCFailedAllocation (Allocation Failure) done
Event: 16.197 Executing VM operation: ParallelGCFailedAllocation (Allocation Failure)
Event: 16.206 Executing VM operation: ParallelGCFailedAllocation (Allocation Failure) done

Memory protections (0 events):
No events

Nmethod flushes (0 events):
No events

Events (20 events):
Event: 0.151 Thread 0x000002ea212af860 Thread added: 0x000002ea37c8af90
Event: 0.161 Thread 0x000002ea212af860 Thread added: 0x000002ea37c8cb10
Event: 0.161 Thread 0x000002ea212af860 Thread added: 0x000002ea37c8da20
Event: 0.169 Thread 0x000002ea212af860 Thread added: 0x000002ea37c9adb0
Event: 0.169 Thread 0x000002ea212af860 Thread added: 0x000002ea37c9b9b0
Event: 0.181 Thread 0x000002ea212af860 Thread added: 0x000002ea37c9d8d0
Event: 0.182 Thread 0x000002ea212af860 Thread added: 0x000002ea37caf520
Event: 0.305 Thread 0x000002ea212af860 Thread added: 0x000002ea213764b0
Event: 1.677 Thread 0x000002ea212af860 Thread added: 0x000002ea79beb6f0
Event: 5.816 Thread 0x000002ea212af860 Thread added: 0x000002ea7e872370
Event: 6.762 Thread 0x000002ea212af860 Thread added: 0x000002ea7e2fa010
Event: 6.774 Thread 0x000002ea212af860 Thread added: 0x000002ea7e8114f0
Event: 6.959 Thread 0x000002ea7e8114f0 Thread added: 0x000002ea37d5b570
Event: 7.374 Thread 0x000002ea7e8114f0 Thread added: 0x000002ea7e112470
Event: 8.346 Thread 0x000002ea7e8114f0 Thread added: 0x000002ea79b8d610
Event: 13.000 Thread 0x000002ea7e112470 Thread exited: 0x000002ea7e112470
Event: 14.115 Thread 0x000002ea7e8114f0 Thread added: 0x000002ea799c6ef0
Event: 14.250 Thread 0x000002ea7e8114f0 Thread added: 0x000002ea7e6ed510
Event: 14.369 Thread 0x000002ea7e8114f0 Thread added: 0x000002ea7eadd7c0
Event: 14.370 Thread 0x000002ea7e8114f0 Thread added: 0x000002ea79c69420


Dynamic libraries:
0x00007ff69c930000 - 0x00007ff69c93e000 	c:\Users\Armero\.vscode\extensions\redhat.java-1.42.0-win32-x64\jre\21.0.7-win32-x86_64\bin\java.exe
0x00007ffd23410000 - 0x00007ffd23608000 	C:\Windows\SYSTEM32\ntdll.dll
0x00007ffd21ac0000 - 0x00007ffd21b82000 	C:\Windows\System32\KERNEL32.DLL
0x00007ffd20d30000 - 0x00007ffd21026000 	C:\Windows\System32\KERNELBASE.dll
0x00007ffd21340000 - 0x00007ffd21440000 	C:\Windows\System32\ucrtbase.dll
0x00007ffd04b70000 - 0x00007ffd04b88000 	c:\Users\Armero\.vscode\extensions\redhat.java-1.42.0-win32-x64\jre\21.0.7-win32-x86_64\bin\jli.dll
0x00007ffd215a0000 - 0x00007ffd2173d000 	C:\Windows\System32\USER32.dll
0x00007ffd21220000 - 0x00007ffd21242000 	C:\Windows\System32\win32u.dll
0x00007ffd22b40000 - 0x00007ffd22b6b000 	C:\Windows\System32\GDI32.dll
0x00007ffd20ab0000 - 0x00007ffd20bca000 	C:\Windows\System32\gdi32full.dll
0x00007ffd21250000 - 0x00007ffd212ed000 	C:\Windows\System32\msvcp_win.dll
0x00007ffd04950000 - 0x00007ffd0496e000 	c:\Users\Armero\.vscode\extensions\redhat.java-1.42.0-win32-x64\jre\21.0.7-win32-x86_64\bin\VCRUNTIME140.dll
0x00007ffd13050000 - 0x00007ffd132ea000 	C:\Windows\WinSxS\amd64_microsoft.windows.common-controls_6595b64144ccf1df_6.0.19041.5794_none_60bcd33171f2783c\COMCTL32.dll
0x00007ffd22df0000 - 0x00007ffd22e8e000 	C:\Windows\System32\msvcrt.dll
0x00007ffd22b00000 - 0x00007ffd22b2f000 	C:\Windows\System32\IMM32.DLL
0x00007ffd197a0000 - 0x00007ffd197ac000 	c:\Users\Armero\.vscode\extensions\redhat.java-1.42.0-win32-x64\jre\21.0.7-win32-x86_64\bin\vcruntime140_1.dll
0x00007ffd04d70000 - 0x00007ffd04dfd000 	c:\Users\Armero\.vscode\extensions\redhat.java-1.42.0-win32-x64\jre\21.0.7-win32-x86_64\bin\msvcp140.dll
0x00007ffcdeb90000 - 0x00007ffcdf920000 	c:\Users\Armero\.vscode\extensions\redhat.java-1.42.0-win32-x64\jre\21.0.7-win32-x86_64\bin\server\jvm.dll
0x00007ffd22cb0000 - 0x00007ffd22d5f000 	C:\Windows\System32\ADVAPI32.dll
0x00007ffd21500000 - 0x00007ffd2159f000 	C:\Windows\System32\sechost.dll
0x00007ffd22150000 - 0x00007ffd22273000 	C:\Windows\System32\RPCRT4.dll
0x00007ffd20bd0000 - 0x00007ffd20bf7000 	C:\Windows\System32\bcrypt.dll
0x00007ffd23300000 - 0x00007ffd2336b000 	C:\Windows\System32\WS2_32.dll
0x00007ffd20910000 - 0x00007ffd2095b000 	C:\Windows\SYSTEM32\POWRPROF.dll
0x00007ffd1b260000 - 0x00007ffd1b287000 	C:\Windows\SYSTEM32\WINMM.dll
0x00007ffd14250000 - 0x00007ffd1425a000 	C:\Windows\SYSTEM32\VERSION.dll
0x00007ffd208f0000 - 0x00007ffd20902000 	C:\Windows\SYSTEM32\UMPDC.dll
0x00007ffd1e950000 - 0x00007ffd1e962000 	C:\Windows\SYSTEM32\kernel.appcore.dll
0x00007ffd0f3b0000 - 0x00007ffd0f3ba000 	c:\Users\Armero\.vscode\extensions\redhat.java-1.42.0-win32-x64\jre\21.0.7-win32-x86_64\bin\jimage.dll
0x00007ffd13520000 - 0x00007ffd13721000 	C:\Windows\SYSTEM32\DBGHELP.DLL
0x00007ffd0ee20000 - 0x00007ffd0ee54000 	C:\Windows\SYSTEM32\dbgcore.DLL
0x00007ffd21190000 - 0x00007ffd21212000 	C:\Windows\System32\bcryptPrimitives.dll
0x00007ffd0f3a0000 - 0x00007ffd0f3af000 	c:\Users\Armero\.vscode\extensions\redhat.java-1.42.0-win32-x64\jre\21.0.7-win32-x86_64\bin\instrument.dll
0x00007ffd0f380000 - 0x00007ffd0f39f000 	c:\Users\Armero\.vscode\extensions\redhat.java-1.42.0-win32-x64\jre\21.0.7-win32-x86_64\bin\java.dll
0x00007ffd22280000 - 0x00007ffd229ee000 	C:\Windows\System32\SHELL32.dll
0x00007ffd1eb50000 - 0x00007ffd1f2f3000 	C:\Windows\SYSTEM32\windows.storage.dll
0x00007ffd21c70000 - 0x00007ffd21fc3000 	C:\Windows\System32\combase.dll
0x00007ffd20410000 - 0x00007ffd2043b000 	C:\Windows\SYSTEM32\Wldp.dll
0x00007ffd22080000 - 0x00007ffd2214d000 	C:\Windows\System32\OLEAUT32.dll
0x00007ffd229f0000 - 0x00007ffd22a9d000 	C:\Windows\System32\SHCORE.dll
0x00007ffd22aa0000 - 0x00007ffd22af5000 	C:\Windows\System32\shlwapi.dll
0x00007ffd209e0000 - 0x00007ffd20a05000 	C:\Windows\SYSTEM32\profapi.dll
0x00007ffd091c0000 - 0x00007ffd091d8000 	c:\Users\Armero\.vscode\extensions\redhat.java-1.42.0-win32-x64\jre\21.0.7-win32-x86_64\bin\zip.dll
0x00007ffd091b0000 - 0x00007ffd091c0000 	C:\Users\Armero\.vscode\extensions\redhat.java-1.42.0-win32-x64\jre\21.0.7-win32-x86_64\bin\net.dll
0x00007ffd19b40000 - 0x00007ffd19c4a000 	C:\Windows\SYSTEM32\WINHTTP.dll
0x00007ffd20170000 - 0x00007ffd201dc000 	C:\Windows\system32\mswsock.dll
0x00007ffd04d50000 - 0x00007ffd04d66000 	C:\Users\Armero\.vscode\extensions\redhat.java-1.42.0-win32-x64\jre\21.0.7-win32-x86_64\bin\nio.dll
0x00007ffd08870000 - 0x00007ffd08880000 	c:\Users\Armero\.vscode\extensions\redhat.java-1.42.0-win32-x64\jre\21.0.7-win32-x86_64\bin\verify.dll
0x00007ffd144d0000 - 0x00007ffd14515000 	C:\Users\Armero\AppData\Roaming\Code\User\globalStorage\redhat.java\1.42.0\config_ss_win\org.eclipse.equinox.launcher\org.eclipse.equinox.launcher.win32.win32.x86_64_1.2.1300.v20250331-1702\eclipse_11911.dll
0x00007ffd22b80000 - 0x00007ffd22cab000 	C:\Windows\System32\ole32.dll
0x00007ffd20370000 - 0x00007ffd20388000 	C:\Windows\SYSTEM32\CRYPTSP.dll
0x00007ffd1fa90000 - 0x00007ffd1fac8000 	C:\Windows\system32\rsaenh.dll
0x00007ffd209a0000 - 0x00007ffd209ce000 	C:\Windows\SYSTEM32\USERENV.dll
0x00007ffd20360000 - 0x00007ffd2036c000 	C:\Windows\SYSTEM32\CRYPTBASE.dll
0x00007ffd1fe50000 - 0x00007ffd1fe8b000 	C:\Windows\SYSTEM32\IPHLPAPI.DLL
0x00007ffd22b70000 - 0x00007ffd22b78000 	C:\Windows\System32\NSI.dll
0x00007ffd14480000 - 0x00007ffd144c9000 	C:\Users\Armero\AppData\Local\Temp\jna-1969524134\jna14321684806960881584.dll
0x00007ffd21990000 - 0x00007ffd21998000 	C:\Windows\System32\PSAPI.DLL

dbghelp: loaded successfully - version: 4.0.5 - missing functions: none
symbol engine: initialized successfully - sym options: 0x614 - pdb path: .;c:\Users\Armero\.vscode\extensions\redhat.java-1.42.0-win32-x64\jre\21.0.7-win32-x86_64\bin;C:\Windows\SYSTEM32;C:\Windows\WinSxS\amd64_microsoft.windows.common-controls_6595b64144ccf1df_6.0.19041.5794_none_60bcd33171f2783c;c:\Users\Armero\.vscode\extensions\redhat.java-1.42.0-win32-x64\jre\21.0.7-win32-x86_64\bin\server;C:\Users\Armero\AppData\Roaming\Code\User\globalStorage\redhat.java\1.42.0\config_ss_win\org.eclipse.equinox.launcher\org.eclipse.equinox.launcher.win32.win32.x86_64_1.2.1300.v20250331-1702;C:\Users\Armero\AppData\Local\Temp\jna-1969524134

VM Arguments:
jvm_args: --add-modules=ALL-SYSTEM --add-opens=java.base/java.util=ALL-UNNAMED --add-opens=java.base/java.lang=ALL-UNNAMED --add-opens=java.base/sun.nio.fs=ALL-UNNAMED -Declipse.application=org.eclipse.jdt.ls.core.id1 -Dosgi.bundles.defaultStartLevel=4 -Declipse.product=org.eclipse.jdt.ls.core.product -Djava.import.generatesMetadataFilesAtProjectRoot=false -DDetectVMInstallationsJob.disabled=true -Dfile.encoding=utf8 -XX:+UseParallelGC -XX:GCTimeRatio=4 -XX:AdaptiveSizePolicyWeight=90 -Dsun.zip.disableMemoryMapping=true -Xmx2G -Xms100m -Xlog:disable -javaagent:c:\Users\Armero\.vscode\extensions\redhat.java-1.42.0-win32-x64\lombok\lombok-1.18.36.jar 
java_command: c:\Users\Armero\.vscode\extensions\redhat.java-1.42.0-win32-x64\server\plugins\org.eclipse.equinox.launcher_1.7.0.v20250424-1814.jar -configuration c:\Users\Armero\AppData\Roaming\Code\User\globalStorage\redhat.java\1.42.0\config_ss_win -data c:\Users\Armero\AppData\Roaming\Code\User\workspaceStorage\cc23c8d6aa63d9f1e997b7dfcc43d4fe\redhat.java\ss_ws --pipe=\\.\pipe\lsp-2422e1d6b8362b734c95aae11562a52f-sock
java_class_path (initial): c:\Users\Armero\.vscode\extensions\redhat.java-1.42.0-win32-x64\server\plugins\org.eclipse.equinox.launcher_1.7.0.v20250424-1814.jar
Launcher Type: SUN_STANDARD

[Global flags]
    uintx AdaptiveSizePolicyWeight                 = 90                                        {product} {command line}
     intx CICompilerCount                          = 3                                         {product} {ergonomic}
    uintx GCTimeRatio                              = 4                                         {product} {command line}
   size_t InitialHeapSize                          = 104857600                                 {product} {command line}
   size_t MaxHeapSize                              = 2147483648                                {product} {command line}
   size_t MaxNewSize                               = 715653120                                 {product} {ergonomic}
   size_t MinHeapDeltaBytes                        = 524288                                    {product} {ergonomic}
   size_t MinHeapSize                              = 104857600                                 {product} {command line}
   size_t NewSize                                  = 34603008                                  {product} {ergonomic}
    uintx NonNMethodCodeHeapSize                   = 5832780                                {pd product} {ergonomic}
    uintx NonProfiledCodeHeapSize                  = 122912730                              {pd product} {ergonomic}
   size_t OldSize                                  = 70254592                                  {product} {ergonomic}
    uintx ProfiledCodeHeapSize                     = 122912730                              {pd product} {ergonomic}
    uintx ReservedCodeCacheSize                    = 251658240                              {pd product} {ergonomic}
     bool SegmentedCodeCache                       = true                                      {product} {ergonomic}
   size_t SoftMaxHeapSize                          = 2147483648                             {manageable} {ergonomic}
     bool UseCompressedOops                        = true                           {product lp64_product} {ergonomic}
     bool UseLargePagesIndividualAllocation        = false                                  {pd product} {ergonomic}
     bool UseParallelGC                            = true                                      {product} {command line}

Logging:
Log output configuration:
 #0: stdout all=off uptime,level,tags foldmultilines=false
 #1: stderr all=off uptime,level,tags foldmultilines=false

Environment Variables:
JAVA_HOME=C:\Program Files\BellSoft\LibericaJDK-17\
PATH=C:\Program Files (x86)\VMware\VMware Workstation\bin\;C:\Program Files\BellSoft\LibericaJDK-17\bin\;C:\msys64\mingw64\bin;C:\Program Files\Common Files\Oracle\Java\javapath;C:\Windows\system32;C:\Windows;C:\Windows\System32\Wbem;C:\Windows\System32\WindowsPowerShell\v1.0\;C:\Windows\System32\OpenSSH\;C:\Program Files\Git\cmd;C:\Program Files\Microsoft SQL Server\150\Tools\Binn\;C:\Program Files\Microsoft SQL Server\Client SDK\ODBC\170\Tools\Binn\;C:\Program Files\dotnet\;C:\Program Files (x86)\Windows Kits\10\Windows Performance Toolkit\;C:\maven\bin;C:\Users\Armero\AppData\Local\Microsoft\WindowsApps;C:\Users\Armero\AppData\Local\Programs\Microsoft VS Code\bin;C:\Users\Armero\.dotnet\tools;C:\Program Files\JetBrains\IntelliJ IDEA 2024.2.1\bin;
USERNAME=Armero
OS=Windows_NT
PROCESSOR_IDENTIFIER=Intel64 Family 6 Model 42 Stepping 7, GenuineIntel
TMP=C:\Users\Armero\AppData\Local\Temp
TEMP=C:\Users\Armero\AppData\Local\Temp




Periodic native trim disabled

---------------  S Y S T E M  ---------------

OS:
 Windows 10 , 64 bit Build 19041 (10.0.19041.5794)
OS uptime: 0 days 4:51 hours

CPU: total 4 (initial active 4) (2 cores per cpu, 2 threads per core) family 6 model 42 stepping 7 microcode 0x2f, cx8, cmov, fxsr, ht, mmx, sse, sse2, sse3, ssse3, sse4.1, sse4.2, popcnt, tsc, tscinvbit, avx, clmul, vzeroupper, clflush, rdtscp
Processor Information for the first 4 processors :
  Max Mhz: 3300, Current Mhz: 3300, Mhz Limit: 3300

Memory: 4k page, system-wide physical 4008M (188M free)
TotalPageFile size 12200M (AvailPageFile size 2M)
current process WorkingSet (physical memory assigned to process): 131M, peak: 131M
current process commit charge ("private bytes"): 261M, peak: 261M

vm_info: OpenJDK 64-Bit Server VM (21.0.7+6-LTS) for windows-amd64 JRE (21.0.7+6-LTS), built on 2025-04-15T00:00:00Z by "admin" with MS VC++ 17.7 (VS2022)

END.
